[2023-05-14T15:44:01.214+0000] {processor.py:156} INFO - Started process (PID=41) to work on /opt/airflow/dags/add_dagbags.py
[2023-05-14T15:44:01.218+0000] {processor.py:799} INFO - Processing file /opt/airflow/dags/add_dagbags.py for tasks to queue
[2023-05-14T15:44:01.223+0000] {logging_mixin.py:149} INFO - [2023-05-14T15:44:01.222+0000] {dagbag.py:541} INFO - Filling up the DagBag from /opt/airflow/dags/add_dagbags.py
[2023-05-14T15:44:01.287+0000] {processor.py:811} WARNING - No viable dags retrieved from /opt/airflow/dags/add_dagbags.py
[2023-05-14T15:44:01.410+0000] {processor.py:178} INFO - Processing /opt/airflow/dags/add_dagbags.py took 0.202 seconds
[2023-05-14T15:46:17.623+0000] {processor.py:156} INFO - Started process (PID=35) to work on /opt/airflow/dags/add_dagbags.py
[2023-05-14T15:46:17.628+0000] {processor.py:799} INFO - Processing file /opt/airflow/dags/add_dagbags.py for tasks to queue
[2023-05-14T15:46:17.632+0000] {logging_mixin.py:149} INFO - [2023-05-14T15:46:17.631+0000] {dagbag.py:541} INFO - Filling up the DagBag from /opt/airflow/dags/add_dagbags.py
[2023-05-14T15:46:17.643+0000] {processor.py:811} WARNING - No viable dags retrieved from /opt/airflow/dags/add_dagbags.py
[2023-05-14T15:46:17.675+0000] {processor.py:178} INFO - Processing /opt/airflow/dags/add_dagbags.py took 0.060 seconds
[2023-05-14T15:46:48.799+0000] {processor.py:156} INFO - Started process (PID=100) to work on /opt/airflow/dags/add_dagbags.py
[2023-05-14T15:46:48.802+0000] {processor.py:799} INFO - Processing file /opt/airflow/dags/add_dagbags.py for tasks to queue
[2023-05-14T15:46:48.805+0000] {logging_mixin.py:149} INFO - [2023-05-14T15:46:48.805+0000] {dagbag.py:541} INFO - Filling up the DagBag from /opt/airflow/dags/add_dagbags.py
[2023-05-14T15:46:48.813+0000] {processor.py:811} WARNING - No viable dags retrieved from /opt/airflow/dags/add_dagbags.py
[2023-05-14T15:46:48.838+0000] {processor.py:178} INFO - Processing /opt/airflow/dags/add_dagbags.py took 0.045 seconds
[2023-05-14T15:47:21.235+0000] {processor.py:156} INFO - Started process (PID=170) to work on /opt/airflow/dags/add_dagbags.py
[2023-05-14T15:47:21.243+0000] {processor.py:799} INFO - Processing file /opt/airflow/dags/add_dagbags.py for tasks to queue
[2023-05-14T15:47:21.249+0000] {logging_mixin.py:149} INFO - [2023-05-14T15:47:21.247+0000] {dagbag.py:541} INFO - Filling up the DagBag from /opt/airflow/dags/add_dagbags.py
[2023-05-14T15:47:21.275+0000] {processor.py:811} WARNING - No viable dags retrieved from /opt/airflow/dags/add_dagbags.py
[2023-05-14T15:47:21.365+0000] {processor.py:178} INFO - Processing /opt/airflow/dags/add_dagbags.py took 0.199 seconds
[2023-05-14T15:47:51.769+0000] {processor.py:156} INFO - Started process (PID=236) to work on /opt/airflow/dags/add_dagbags.py
[2023-05-14T15:47:51.773+0000] {processor.py:799} INFO - Processing file /opt/airflow/dags/add_dagbags.py for tasks to queue
[2023-05-14T15:47:51.775+0000] {logging_mixin.py:149} INFO - [2023-05-14T15:47:51.775+0000] {dagbag.py:541} INFO - Filling up the DagBag from /opt/airflow/dags/add_dagbags.py
[2023-05-14T15:47:51.793+0000] {processor.py:811} WARNING - No viable dags retrieved from /opt/airflow/dags/add_dagbags.py
[2023-05-14T15:47:51.849+0000] {processor.py:178} INFO - Processing /opt/airflow/dags/add_dagbags.py took 0.098 seconds
[2023-05-14T15:48:22.096+0000] {processor.py:156} INFO - Started process (PID=302) to work on /opt/airflow/dags/add_dagbags.py
[2023-05-14T15:48:22.106+0000] {processor.py:799} INFO - Processing file /opt/airflow/dags/add_dagbags.py for tasks to queue
[2023-05-14T15:48:22.113+0000] {logging_mixin.py:149} INFO - [2023-05-14T15:48:22.111+0000] {dagbag.py:541} INFO - Filling up the DagBag from /opt/airflow/dags/add_dagbags.py
[2023-05-14T15:48:22.130+0000] {processor.py:811} WARNING - No viable dags retrieved from /opt/airflow/dags/add_dagbags.py
[2023-05-14T15:48:22.188+0000] {processor.py:178} INFO - Processing /opt/airflow/dags/add_dagbags.py took 0.128 seconds
[2023-05-14T15:48:52.570+0000] {processor.py:156} INFO - Started process (PID=368) to work on /opt/airflow/dags/add_dagbags.py
[2023-05-14T15:48:52.577+0000] {processor.py:799} INFO - Processing file /opt/airflow/dags/add_dagbags.py for tasks to queue
[2023-05-14T15:48:52.584+0000] {logging_mixin.py:149} INFO - [2023-05-14T15:48:52.584+0000] {dagbag.py:541} INFO - Filling up the DagBag from /opt/airflow/dags/add_dagbags.py
[2023-05-14T15:48:52.599+0000] {processor.py:811} WARNING - No viable dags retrieved from /opt/airflow/dags/add_dagbags.py
[2023-05-14T15:48:52.635+0000] {processor.py:178} INFO - Processing /opt/airflow/dags/add_dagbags.py took 0.084 seconds
[2023-05-14T15:49:23.411+0000] {processor.py:156} INFO - Started process (PID=434) to work on /opt/airflow/dags/add_dagbags.py
[2023-05-14T15:49:23.418+0000] {processor.py:799} INFO - Processing file /opt/airflow/dags/add_dagbags.py for tasks to queue
[2023-05-14T15:49:23.423+0000] {logging_mixin.py:149} INFO - [2023-05-14T15:49:23.422+0000] {dagbag.py:541} INFO - Filling up the DagBag from /opt/airflow/dags/add_dagbags.py
[2023-05-14T15:49:23.463+0000] {processor.py:811} WARNING - No viable dags retrieved from /opt/airflow/dags/add_dagbags.py
[2023-05-14T15:49:23.516+0000] {processor.py:178} INFO - Processing /opt/airflow/dags/add_dagbags.py took 0.116 seconds
[2023-05-14T15:49:53.967+0000] {processor.py:156} INFO - Started process (PID=500) to work on /opt/airflow/dags/add_dagbags.py
[2023-05-14T15:49:53.974+0000] {processor.py:799} INFO - Processing file /opt/airflow/dags/add_dagbags.py for tasks to queue
[2023-05-14T15:49:53.980+0000] {logging_mixin.py:149} INFO - [2023-05-14T15:49:53.979+0000] {dagbag.py:541} INFO - Filling up the DagBag from /opt/airflow/dags/add_dagbags.py
[2023-05-14T15:49:53.994+0000] {processor.py:811} WARNING - No viable dags retrieved from /opt/airflow/dags/add_dagbags.py
[2023-05-14T15:49:54.032+0000] {processor.py:178} INFO - Processing /opt/airflow/dags/add_dagbags.py took 0.077 seconds
[2023-05-14T15:50:25.654+0000] {processor.py:156} INFO - Started process (PID=565) to work on /opt/airflow/dags/add_dagbags.py
[2023-05-14T15:50:25.659+0000] {processor.py:799} INFO - Processing file /opt/airflow/dags/add_dagbags.py for tasks to queue
[2023-05-14T15:50:25.663+0000] {logging_mixin.py:149} INFO - [2023-05-14T15:50:25.663+0000] {dagbag.py:541} INFO - Filling up the DagBag from /opt/airflow/dags/add_dagbags.py
[2023-05-14T15:50:25.673+0000] {processor.py:811} WARNING - No viable dags retrieved from /opt/airflow/dags/add_dagbags.py
[2023-05-14T15:50:25.742+0000] {processor.py:178} INFO - Processing /opt/airflow/dags/add_dagbags.py took 0.095 seconds
[2023-05-14T15:50:58.986+0000] {processor.py:156} INFO - Started process (PID=636) to work on /opt/airflow/dags/add_dagbags.py
[2023-05-14T15:50:58.990+0000] {processor.py:799} INFO - Processing file /opt/airflow/dags/add_dagbags.py for tasks to queue
[2023-05-14T15:50:58.994+0000] {logging_mixin.py:149} INFO - [2023-05-14T15:50:58.993+0000] {dagbag.py:541} INFO - Filling up the DagBag from /opt/airflow/dags/add_dagbags.py
[2023-05-14T15:50:59.005+0000] {processor.py:811} WARNING - No viable dags retrieved from /opt/airflow/dags/add_dagbags.py
[2023-05-14T15:50:59.057+0000] {processor.py:178} INFO - Processing /opt/airflow/dags/add_dagbags.py took 0.082 seconds
