[2023-05-14T15:44:00.842+0000] {processor.py:156} INFO - Started process (PID=40) to work on /opt/airflow/dags/alert_dag.py
[2023-05-14T15:44:00.849+0000] {processor.py:799} INFO - Processing file /opt/airflow/dags/alert_dag.py for tasks to queue
[2023-05-14T15:44:00.853+0000] {logging_mixin.py:149} INFO - [2023-05-14T15:44:00.852+0000] {dagbag.py:541} INFO - Filling up the DagBag from /opt/airflow/dags/alert_dag.py
[2023-05-14T15:44:01.254+0000] {processor.py:809} INFO - DAG(s) dict_keys(['alert_dag']) retrieved from /opt/airflow/dags/alert_dag.py
[2023-05-14T15:44:01.816+0000] {logging_mixin.py:149} INFO - [2023-05-14T15:44:01.816+0000] {manager.py:504} INFO - Created Permission View: can read on DAG:alert_dag
[2023-05-14T15:44:01.858+0000] {logging_mixin.py:149} INFO - [2023-05-14T15:44:01.857+0000] {manager.py:504} INFO - Created Permission View: can delete on DAG:alert_dag
[2023-05-14T15:44:01.878+0000] {logging_mixin.py:149} INFO - [2023-05-14T15:44:01.878+0000] {manager.py:504} INFO - Created Permission View: can edit on DAG:alert_dag
[2023-05-14T15:44:01.881+0000] {logging_mixin.py:149} INFO - [2023-05-14T15:44:01.881+0000] {dag.py:2726} INFO - Sync 1 DAGs
[2023-05-14T15:44:01.916+0000] {logging_mixin.py:149} INFO - [2023-05-14T15:44:01.915+0000] {dag.py:2747} INFO - Creating ORM DAG for alert_dag
[2023-05-14T15:44:01.947+0000] {logging_mixin.py:149} INFO - [2023-05-14T15:44:01.947+0000] {dag.py:3490} INFO - Setting next_dagrun for alert_dag to 2019-01-01T00:00:00+00:00, run_after=2019-01-02T00:00:00+00:00
[2023-05-14T15:44:01.998+0000] {processor.py:178} INFO - Processing /opt/airflow/dags/alert_dag.py took 1.196 seconds
[2023-05-14T15:46:17.592+0000] {processor.py:156} INFO - Started process (PID=34) to work on /opt/airflow/dags/alert_dag.py
[2023-05-14T15:46:17.596+0000] {processor.py:799} INFO - Processing file /opt/airflow/dags/alert_dag.py for tasks to queue
[2023-05-14T15:46:17.599+0000] {logging_mixin.py:149} INFO - [2023-05-14T15:46:17.598+0000] {dagbag.py:541} INFO - Filling up the DagBag from /opt/airflow/dags/alert_dag.py
[2023-05-14T15:46:17.806+0000] {processor.py:809} INFO - DAG(s) dict_keys(['alert_dag']) retrieved from /opt/airflow/dags/alert_dag.py
[2023-05-14T15:46:17.900+0000] {logging_mixin.py:149} INFO - [2023-05-14T15:46:17.899+0000] {dag.py:2726} INFO - Sync 1 DAGs
[2023-05-14T15:46:17.940+0000] {logging_mixin.py:149} INFO - [2023-05-14T15:46:17.939+0000] {dag.py:3490} INFO - Setting next_dagrun for alert_dag to 2019-01-01T00:00:00+00:00, run_after=2019-01-02T00:00:00+00:00
[2023-05-14T15:46:17.977+0000] {processor.py:178} INFO - Processing /opt/airflow/dags/alert_dag.py took 0.391 seconds
[2023-05-14T15:46:48.634+0000] {processor.py:156} INFO - Started process (PID=99) to work on /opt/airflow/dags/alert_dag.py
[2023-05-14T15:46:48.638+0000] {processor.py:799} INFO - Processing file /opt/airflow/dags/alert_dag.py for tasks to queue
[2023-05-14T15:46:48.641+0000] {logging_mixin.py:149} INFO - [2023-05-14T15:46:48.641+0000] {dagbag.py:541} INFO - Filling up the DagBag from /opt/airflow/dags/alert_dag.py
[2023-05-14T15:46:48.665+0000] {processor.py:809} INFO - DAG(s) dict_keys(['alert_dag']) retrieved from /opt/airflow/dags/alert_dag.py
[2023-05-14T15:46:48.701+0000] {logging_mixin.py:149} INFO - [2023-05-14T15:46:48.700+0000] {dag.py:2726} INFO - Sync 1 DAGs
[2023-05-14T15:46:48.734+0000] {logging_mixin.py:149} INFO - [2023-05-14T15:46:48.734+0000] {dag.py:3490} INFO - Setting next_dagrun for alert_dag to 2019-01-01T00:00:00+00:00, run_after=2019-01-02T00:00:00+00:00
[2023-05-14T15:46:48.760+0000] {processor.py:178} INFO - Processing /opt/airflow/dags/alert_dag.py took 0.131 seconds
[2023-05-14T15:47:21.209+0000] {processor.py:156} INFO - Started process (PID=169) to work on /opt/airflow/dags/alert_dag.py
[2023-05-14T15:47:21.218+0000] {processor.py:799} INFO - Processing file /opt/airflow/dags/alert_dag.py for tasks to queue
[2023-05-14T15:47:21.226+0000] {logging_mixin.py:149} INFO - [2023-05-14T15:47:21.225+0000] {dagbag.py:541} INFO - Filling up the DagBag from /opt/airflow/dags/alert_dag.py
[2023-05-14T15:47:21.342+0000] {processor.py:809} INFO - DAG(s) dict_keys(['alert_dag']) retrieved from /opt/airflow/dags/alert_dag.py
[2023-05-14T15:47:21.474+0000] {logging_mixin.py:149} INFO - [2023-05-14T15:47:21.473+0000] {dag.py:2726} INFO - Sync 1 DAGs
[2023-05-14T15:47:21.944+0000] {processor.py:178} INFO - Processing /opt/airflow/dags/alert_dag.py took 0.788 seconds
[2023-05-14T15:47:52.920+0000] {processor.py:156} INFO - Started process (PID=237) to work on /opt/airflow/dags/alert_dag.py
[2023-05-14T15:47:52.923+0000] {processor.py:799} INFO - Processing file /opt/airflow/dags/alert_dag.py for tasks to queue
[2023-05-14T15:47:52.926+0000] {logging_mixin.py:149} INFO - [2023-05-14T15:47:52.926+0000] {dagbag.py:541} INFO - Filling up the DagBag from /opt/airflow/dags/alert_dag.py
[2023-05-14T15:47:52.954+0000] {processor.py:809} INFO - DAG(s) dict_keys(['alert_dag']) retrieved from /opt/airflow/dags/alert_dag.py
[2023-05-14T15:47:53.001+0000] {logging_mixin.py:149} INFO - [2023-05-14T15:47:53.001+0000] {dag.py:2726} INFO - Sync 1 DAGs
[2023-05-14T15:47:53.077+0000] {logging_mixin.py:149} INFO - [2023-05-14T15:47:53.076+0000] {dag.py:3490} INFO - Setting next_dagrun for alert_dag to 2019-01-30T00:00:00+00:00, run_after=2019-01-31T00:00:00+00:00
[2023-05-14T15:47:53.128+0000] {processor.py:178} INFO - Processing /opt/airflow/dags/alert_dag.py took 0.216 seconds
[2023-05-14T15:48:23.291+0000] {processor.py:156} INFO - Started process (PID=303) to work on /opt/airflow/dags/alert_dag.py
[2023-05-14T15:48:23.300+0000] {processor.py:799} INFO - Processing file /opt/airflow/dags/alert_dag.py for tasks to queue
[2023-05-14T15:48:23.305+0000] {logging_mixin.py:149} INFO - [2023-05-14T15:48:23.305+0000] {dagbag.py:541} INFO - Filling up the DagBag from /opt/airflow/dags/alert_dag.py
[2023-05-14T15:48:23.343+0000] {processor.py:809} INFO - DAG(s) dict_keys(['alert_dag']) retrieved from /opt/airflow/dags/alert_dag.py
[2023-05-14T15:48:23.399+0000] {logging_mixin.py:149} INFO - [2023-05-14T15:48:23.398+0000] {dag.py:2726} INFO - Sync 1 DAGs
[2023-05-14T15:48:23.464+0000] {logging_mixin.py:149} INFO - [2023-05-14T15:48:23.464+0000] {dag.py:3490} INFO - Setting next_dagrun for alert_dag to 2019-03-04T00:00:00+00:00, run_after=2019-03-05T00:00:00+00:00
[2023-05-14T15:48:23.505+0000] {processor.py:178} INFO - Processing /opt/airflow/dags/alert_dag.py took 0.228 seconds
[2023-05-14T15:48:53.734+0000] {processor.py:156} INFO - Started process (PID=369) to work on /opt/airflow/dags/alert_dag.py
[2023-05-14T15:48:53.740+0000] {processor.py:799} INFO - Processing file /opt/airflow/dags/alert_dag.py for tasks to queue
[2023-05-14T15:48:53.744+0000] {logging_mixin.py:149} INFO - [2023-05-14T15:48:53.744+0000] {dagbag.py:541} INFO - Filling up the DagBag from /opt/airflow/dags/alert_dag.py
[2023-05-14T15:48:53.784+0000] {processor.py:809} INFO - DAG(s) dict_keys(['alert_dag']) retrieved from /opt/airflow/dags/alert_dag.py
[2023-05-14T15:48:53.874+0000] {logging_mixin.py:149} INFO - [2023-05-14T15:48:53.874+0000] {dag.py:2726} INFO - Sync 1 DAGs
[2023-05-14T15:48:53.948+0000] {logging_mixin.py:149} INFO - [2023-05-14T15:48:53.948+0000] {dag.py:3490} INFO - Setting next_dagrun for alert_dag to 2019-04-08T00:00:00+00:00, run_after=2019-04-09T00:00:00+00:00
[2023-05-14T15:48:54.004+0000] {processor.py:178} INFO - Processing /opt/airflow/dags/alert_dag.py took 0.278 seconds
[2023-05-14T15:49:24.491+0000] {processor.py:156} INFO - Started process (PID=435) to work on /opt/airflow/dags/alert_dag.py
[2023-05-14T15:49:24.495+0000] {processor.py:799} INFO - Processing file /opt/airflow/dags/alert_dag.py for tasks to queue
[2023-05-14T15:49:24.499+0000] {logging_mixin.py:149} INFO - [2023-05-14T15:49:24.498+0000] {dagbag.py:541} INFO - Filling up the DagBag from /opt/airflow/dags/alert_dag.py
[2023-05-14T15:49:24.520+0000] {processor.py:809} INFO - DAG(s) dict_keys(['alert_dag']) retrieved from /opt/airflow/dags/alert_dag.py
[2023-05-14T15:49:24.566+0000] {logging_mixin.py:149} INFO - [2023-05-14T15:49:24.566+0000] {dag.py:2726} INFO - Sync 1 DAGs
[2023-05-14T15:49:24.620+0000] {logging_mixin.py:149} INFO - [2023-05-14T15:49:24.619+0000] {dag.py:3490} INFO - Setting next_dagrun for alert_dag to 2019-05-03T00:00:00+00:00, run_after=2019-05-04T00:00:00+00:00
[2023-05-14T15:49:24.666+0000] {processor.py:178} INFO - Processing /opt/airflow/dags/alert_dag.py took 0.183 seconds
[2023-05-14T15:49:55.055+0000] {processor.py:156} INFO - Started process (PID=501) to work on /opt/airflow/dags/alert_dag.py
[2023-05-14T15:49:55.059+0000] {processor.py:799} INFO - Processing file /opt/airflow/dags/alert_dag.py for tasks to queue
[2023-05-14T15:49:55.067+0000] {logging_mixin.py:149} INFO - [2023-05-14T15:49:55.066+0000] {dagbag.py:541} INFO - Filling up the DagBag from /opt/airflow/dags/alert_dag.py
[2023-05-14T15:49:55.099+0000] {processor.py:809} INFO - DAG(s) dict_keys(['alert_dag']) retrieved from /opt/airflow/dags/alert_dag.py
[2023-05-14T15:49:55.153+0000] {logging_mixin.py:149} INFO - [2023-05-14T15:49:55.153+0000] {dag.py:2726} INFO - Sync 1 DAGs
[2023-05-14T15:49:55.208+0000] {logging_mixin.py:149} INFO - [2023-05-14T15:49:55.208+0000] {dag.py:3490} INFO - Setting next_dagrun for alert_dag to 2019-06-06T00:00:00+00:00, run_after=2019-06-07T00:00:00+00:00
[2023-05-14T15:49:55.251+0000] {processor.py:178} INFO - Processing /opt/airflow/dags/alert_dag.py took 0.204 seconds
[2023-05-14T15:50:25.750+0000] {processor.py:156} INFO - Started process (PID=566) to work on /opt/airflow/dags/alert_dag.py
[2023-05-14T15:50:25.757+0000] {processor.py:799} INFO - Processing file /opt/airflow/dags/alert_dag.py for tasks to queue
[2023-05-14T15:50:25.767+0000] {logging_mixin.py:149} INFO - [2023-05-14T15:50:25.767+0000] {dagbag.py:541} INFO - Filling up the DagBag from /opt/airflow/dags/alert_dag.py
[2023-05-14T15:50:25.794+0000] {processor.py:809} INFO - DAG(s) dict_keys(['alert_dag']) retrieved from /opt/airflow/dags/alert_dag.py
[2023-05-14T15:50:25.898+0000] {logging_mixin.py:149} INFO - [2023-05-14T15:50:25.897+0000] {dag.py:2726} INFO - Sync 1 DAGs
[2023-05-14T15:50:25.978+0000] {logging_mixin.py:149} INFO - [2023-05-14T15:50:25.978+0000] {dag.py:3490} INFO - Setting next_dagrun for alert_dag to 2019-07-12T00:00:00+00:00, run_after=2019-07-13T00:00:00+00:00
[2023-05-14T15:50:26.045+0000] {processor.py:178} INFO - Processing /opt/airflow/dags/alert_dag.py took 0.305 seconds
[2023-05-14T15:50:58.692+0000] {processor.py:156} INFO - Started process (PID=635) to work on /opt/airflow/dags/alert_dag.py
[2023-05-14T15:50:58.696+0000] {processor.py:799} INFO - Processing file /opt/airflow/dags/alert_dag.py for tasks to queue
[2023-05-14T15:50:58.700+0000] {logging_mixin.py:149} INFO - [2023-05-14T15:50:58.700+0000] {dagbag.py:541} INFO - Filling up the DagBag from /opt/airflow/dags/alert_dag.py
[2023-05-14T15:50:58.732+0000] {processor.py:809} INFO - DAG(s) dict_keys(['alert_dag']) retrieved from /opt/airflow/dags/alert_dag.py
[2023-05-14T15:50:58.801+0000] {logging_mixin.py:149} INFO - [2023-05-14T15:50:58.801+0000] {dag.py:2726} INFO - Sync 1 DAGs
[2023-05-14T15:50:58.871+0000] {logging_mixin.py:149} INFO - [2023-05-14T15:50:58.870+0000] {dag.py:3490} INFO - Setting next_dagrun for alert_dag to 2019-08-15T00:00:00+00:00, run_after=2019-08-16T00:00:00+00:00
[2023-05-14T15:50:58.919+0000] {processor.py:178} INFO - Processing /opt/airflow/dags/alert_dag.py took 0.234 seconds
