[2023-05-14T15:43:59.786+0000] {processor.py:156} INFO - Started process (PID=39) to work on /opt/airflow/dags/backfill.py
[2023-05-14T15:43:59.790+0000] {processor.py:799} INFO - Processing file /opt/airflow/dags/backfill.py for tasks to queue
[2023-05-14T15:43:59.794+0000] {logging_mixin.py:149} INFO - [2023-05-14T15:43:59.793+0000] {dagbag.py:541} INFO - Filling up the DagBag from /opt/airflow/dags/backfill.py
[2023-05-14T15:44:00.124+0000] {processor.py:809} INFO - DAG(s) dict_keys(['backfill']) retrieved from /opt/airflow/dags/backfill.py
[2023-05-14T15:44:00.853+0000] {logging_mixin.py:149} INFO - [2023-05-14T15:44:00.852+0000] {manager.py:504} INFO - Created Permission View: can read on DAG:backfill
[2023-05-14T15:44:00.888+0000] {logging_mixin.py:149} INFO - [2023-05-14T15:44:00.887+0000] {manager.py:504} INFO - Created Permission View: can delete on DAG:backfill
[2023-05-14T15:44:00.921+0000] {logging_mixin.py:149} INFO - [2023-05-14T15:44:00.920+0000] {manager.py:504} INFO - Created Permission View: can edit on DAG:backfill
[2023-05-14T15:44:00.926+0000] {logging_mixin.py:149} INFO - [2023-05-14T15:44:00.925+0000] {dag.py:2726} INFO - Sync 1 DAGs
[2023-05-14T15:44:00.965+0000] {logging_mixin.py:149} INFO - [2023-05-14T15:44:00.964+0000] {dag.py:2747} INFO - Creating ORM DAG for backfill
[2023-05-14T15:44:01.020+0000] {logging_mixin.py:149} INFO - [2023-05-14T15:44:01.020+0000] {dag.py:3490} INFO - Setting next_dagrun for backfill to 2023-05-13T00:00:00+00:00, run_after=2023-05-14T00:00:00+00:00
[2023-05-14T15:44:01.086+0000] {processor.py:178} INFO - Processing /opt/airflow/dags/backfill.py took 1.308 seconds
[2023-05-14T15:46:17.203+0000] {processor.py:156} INFO - Started process (PID=33) to work on /opt/airflow/dags/backfill.py
[2023-05-14T15:46:17.207+0000] {processor.py:799} INFO - Processing file /opt/airflow/dags/backfill.py for tasks to queue
[2023-05-14T15:46:17.210+0000] {logging_mixin.py:149} INFO - [2023-05-14T15:46:17.210+0000] {dagbag.py:541} INFO - Filling up the DagBag from /opt/airflow/dags/backfill.py
[2023-05-14T15:46:17.378+0000] {processor.py:809} INFO - DAG(s) dict_keys(['backfill']) retrieved from /opt/airflow/dags/backfill.py
[2023-05-14T15:46:17.465+0000] {logging_mixin.py:149} INFO - [2023-05-14T15:46:17.465+0000] {dag.py:2726} INFO - Sync 1 DAGs
[2023-05-14T15:46:17.504+0000] {logging_mixin.py:149} INFO - [2023-05-14T15:46:17.503+0000] {dag.py:3490} INFO - Setting next_dagrun for backfill to 2023-05-13T00:00:00+00:00, run_after=2023-05-14T00:00:00+00:00
[2023-05-14T15:46:17.543+0000] {processor.py:178} INFO - Processing /opt/airflow/dags/backfill.py took 0.347 seconds
[2023-05-14T15:46:48.457+0000] {processor.py:156} INFO - Started process (PID=98) to work on /opt/airflow/dags/backfill.py
[2023-05-14T15:46:48.460+0000] {processor.py:799} INFO - Processing file /opt/airflow/dags/backfill.py for tasks to queue
[2023-05-14T15:46:48.463+0000] {logging_mixin.py:149} INFO - [2023-05-14T15:46:48.462+0000] {dagbag.py:541} INFO - Filling up the DagBag from /opt/airflow/dags/backfill.py
[2023-05-14T15:46:48.486+0000] {processor.py:809} INFO - DAG(s) dict_keys(['backfill']) retrieved from /opt/airflow/dags/backfill.py
[2023-05-14T15:46:48.524+0000] {logging_mixin.py:149} INFO - [2023-05-14T15:46:48.524+0000] {dag.py:2726} INFO - Sync 1 DAGs
[2023-05-14T15:46:48.564+0000] {logging_mixin.py:149} INFO - [2023-05-14T15:46:48.564+0000] {dag.py:3490} INFO - Setting next_dagrun for backfill to 2023-05-13T00:00:00+00:00, run_after=2023-05-14T00:00:00+00:00
[2023-05-14T15:46:48.595+0000] {processor.py:178} INFO - Processing /opt/airflow/dags/backfill.py took 0.144 seconds
[2023-05-14T15:47:20.483+0000] {processor.py:156} INFO - Started process (PID=168) to work on /opt/airflow/dags/backfill.py
[2023-05-14T15:47:20.490+0000] {processor.py:799} INFO - Processing file /opt/airflow/dags/backfill.py for tasks to queue
[2023-05-14T15:47:20.505+0000] {logging_mixin.py:149} INFO - [2023-05-14T15:47:20.503+0000] {dagbag.py:541} INFO - Filling up the DagBag from /opt/airflow/dags/backfill.py
[2023-05-14T15:47:20.674+0000] {processor.py:809} INFO - DAG(s) dict_keys(['backfill']) retrieved from /opt/airflow/dags/backfill.py
[2023-05-14T15:47:20.821+0000] {logging_mixin.py:149} INFO - [2023-05-14T15:47:20.820+0000] {dag.py:2726} INFO - Sync 1 DAGs
[2023-05-14T15:47:20.948+0000] {logging_mixin.py:149} INFO - [2023-05-14T15:47:20.948+0000] {dag.py:3490} INFO - Setting next_dagrun for backfill to 2023-05-13T00:00:00+00:00, run_after=2023-05-14T00:00:00+00:00
[2023-05-14T15:47:21.045+0000] {processor.py:178} INFO - Processing /opt/airflow/dags/backfill.py took 0.676 seconds
[2023-05-14T15:47:51.316+0000] {processor.py:156} INFO - Started process (PID=235) to work on /opt/airflow/dags/backfill.py
[2023-05-14T15:47:51.321+0000] {processor.py:799} INFO - Processing file /opt/airflow/dags/backfill.py for tasks to queue
[2023-05-14T15:47:51.324+0000] {logging_mixin.py:149} INFO - [2023-05-14T15:47:51.324+0000] {dagbag.py:541} INFO - Filling up the DagBag from /opt/airflow/dags/backfill.py
[2023-05-14T15:47:51.368+0000] {processor.py:809} INFO - DAG(s) dict_keys(['backfill']) retrieved from /opt/airflow/dags/backfill.py
[2023-05-14T15:47:51.447+0000] {logging_mixin.py:149} INFO - [2023-05-14T15:47:51.446+0000] {dag.py:2726} INFO - Sync 1 DAGs
[2023-05-14T15:47:51.572+0000] {logging_mixin.py:149} INFO - [2023-05-14T15:47:51.571+0000] {dag.py:3490} INFO - Setting next_dagrun for backfill to 2023-05-13T00:00:00+00:00, run_after=2023-05-14T00:00:00+00:00
[2023-05-14T15:47:51.642+0000] {processor.py:178} INFO - Processing /opt/airflow/dags/backfill.py took 0.340 seconds
[2023-05-14T15:48:21.749+0000] {processor.py:156} INFO - Started process (PID=300) to work on /opt/airflow/dags/backfill.py
[2023-05-14T15:48:21.752+0000] {processor.py:799} INFO - Processing file /opt/airflow/dags/backfill.py for tasks to queue
[2023-05-14T15:48:21.756+0000] {logging_mixin.py:149} INFO - [2023-05-14T15:48:21.756+0000] {dagbag.py:541} INFO - Filling up the DagBag from /opt/airflow/dags/backfill.py
[2023-05-14T15:48:21.785+0000] {processor.py:809} INFO - DAG(s) dict_keys(['backfill']) retrieved from /opt/airflow/dags/backfill.py
[2023-05-14T15:48:21.864+0000] {logging_mixin.py:149} INFO - [2023-05-14T15:48:21.864+0000] {dag.py:2726} INFO - Sync 1 DAGs
[2023-05-14T15:48:21.925+0000] {logging_mixin.py:149} INFO - [2023-05-14T15:48:21.924+0000] {dag.py:3490} INFO - Setting next_dagrun for backfill to 2023-05-13T00:00:00+00:00, run_after=2023-05-14T00:00:00+00:00
[2023-05-14T15:48:21.965+0000] {processor.py:178} INFO - Processing /opt/airflow/dags/backfill.py took 0.221 seconds
[2023-05-14T15:48:52.237+0000] {processor.py:156} INFO - Started process (PID=366) to work on /opt/airflow/dags/backfill.py
[2023-05-14T15:48:52.241+0000] {processor.py:799} INFO - Processing file /opt/airflow/dags/backfill.py for tasks to queue
[2023-05-14T15:48:52.245+0000] {logging_mixin.py:149} INFO - [2023-05-14T15:48:52.244+0000] {dagbag.py:541} INFO - Filling up the DagBag from /opt/airflow/dags/backfill.py
[2023-05-14T15:48:52.268+0000] {processor.py:809} INFO - DAG(s) dict_keys(['backfill']) retrieved from /opt/airflow/dags/backfill.py
[2023-05-14T15:48:52.328+0000] {logging_mixin.py:149} INFO - [2023-05-14T15:48:52.328+0000] {dag.py:2726} INFO - Sync 1 DAGs
[2023-05-14T15:48:52.416+0000] {logging_mixin.py:149} INFO - [2023-05-14T15:48:52.416+0000] {dag.py:3490} INFO - Setting next_dagrun for backfill to 2023-05-13T00:00:00+00:00, run_after=2023-05-14T00:00:00+00:00
[2023-05-14T15:48:52.463+0000] {processor.py:178} INFO - Processing /opt/airflow/dags/backfill.py took 0.236 seconds
[2023-05-14T15:49:23.030+0000] {processor.py:156} INFO - Started process (PID=433) to work on /opt/airflow/dags/backfill.py
[2023-05-14T15:49:23.036+0000] {processor.py:799} INFO - Processing file /opt/airflow/dags/backfill.py for tasks to queue
[2023-05-14T15:49:23.043+0000] {logging_mixin.py:149} INFO - [2023-05-14T15:49:23.043+0000] {dagbag.py:541} INFO - Filling up the DagBag from /opt/airflow/dags/backfill.py
[2023-05-14T15:49:23.090+0000] {processor.py:809} INFO - DAG(s) dict_keys(['backfill']) retrieved from /opt/airflow/dags/backfill.py
[2023-05-14T15:49:23.176+0000] {logging_mixin.py:149} INFO - [2023-05-14T15:49:23.175+0000] {dag.py:2726} INFO - Sync 1 DAGs
[2023-05-14T15:49:23.296+0000] {logging_mixin.py:149} INFO - [2023-05-14T15:49:23.296+0000] {dag.py:3490} INFO - Setting next_dagrun for backfill to 2023-05-14T00:00:00+00:00, run_after=2023-05-15T00:00:00+00:00
[2023-05-14T15:49:23.384+0000] {processor.py:178} INFO - Processing /opt/airflow/dags/backfill.py took 0.369 seconds
[2023-05-14T15:49:53.690+0000] {processor.py:156} INFO - Started process (PID=499) to work on /opt/airflow/dags/backfill.py
[2023-05-14T15:49:53.701+0000] {processor.py:799} INFO - Processing file /opt/airflow/dags/backfill.py for tasks to queue
[2023-05-14T15:49:53.711+0000] {logging_mixin.py:149} INFO - [2023-05-14T15:49:53.711+0000] {dagbag.py:541} INFO - Filling up the DagBag from /opt/airflow/dags/backfill.py
[2023-05-14T15:49:53.755+0000] {processor.py:809} INFO - DAG(s) dict_keys(['backfill']) retrieved from /opt/airflow/dags/backfill.py
[2023-05-14T15:49:53.820+0000] {logging_mixin.py:149} INFO - [2023-05-14T15:49:53.820+0000] {dag.py:2726} INFO - Sync 1 DAGs
[2023-05-14T15:49:53.884+0000] {logging_mixin.py:149} INFO - [2023-05-14T15:49:53.884+0000] {dag.py:3490} INFO - Setting next_dagrun for backfill to 2023-05-14T00:00:00+00:00, run_after=2023-05-15T00:00:00+00:00
[2023-05-14T15:49:53.965+0000] {processor.py:178} INFO - Processing /opt/airflow/dags/backfill.py took 0.296 seconds
[2023-05-14T15:50:25.383+0000] {processor.py:156} INFO - Started process (PID=564) to work on /opt/airflow/dags/backfill.py
[2023-05-14T15:50:25.388+0000] {processor.py:799} INFO - Processing file /opt/airflow/dags/backfill.py for tasks to queue
[2023-05-14T15:50:25.393+0000] {logging_mixin.py:149} INFO - [2023-05-14T15:50:25.392+0000] {dagbag.py:541} INFO - Filling up the DagBag from /opt/airflow/dags/backfill.py
[2023-05-14T15:50:25.420+0000] {processor.py:809} INFO - DAG(s) dict_keys(['backfill']) retrieved from /opt/airflow/dags/backfill.py
[2023-05-14T15:50:25.489+0000] {logging_mixin.py:149} INFO - [2023-05-14T15:50:25.488+0000] {dag.py:2726} INFO - Sync 1 DAGs
[2023-05-14T15:50:25.589+0000] {logging_mixin.py:149} INFO - [2023-05-14T15:50:25.589+0000] {dag.py:3490} INFO - Setting next_dagrun for backfill to 2023-05-14T00:00:00+00:00, run_after=2023-05-15T00:00:00+00:00
[2023-05-14T15:50:25.661+0000] {processor.py:178} INFO - Processing /opt/airflow/dags/backfill.py took 0.294 seconds
[2023-05-14T15:50:58.223+0000] {processor.py:156} INFO - Started process (PID=634) to work on /opt/airflow/dags/backfill.py
[2023-05-14T15:50:58.229+0000] {processor.py:799} INFO - Processing file /opt/airflow/dags/backfill.py for tasks to queue
[2023-05-14T15:50:58.233+0000] {logging_mixin.py:149} INFO - [2023-05-14T15:50:58.232+0000] {dagbag.py:541} INFO - Filling up the DagBag from /opt/airflow/dags/backfill.py
[2023-05-14T15:50:58.270+0000] {processor.py:809} INFO - DAG(s) dict_keys(['backfill']) retrieved from /opt/airflow/dags/backfill.py
[2023-05-14T15:50:58.417+0000] {logging_mixin.py:149} INFO - [2023-05-14T15:50:58.416+0000] {dag.py:2726} INFO - Sync 1 DAGs
[2023-05-14T15:50:58.539+0000] {logging_mixin.py:149} INFO - [2023-05-14T15:50:58.539+0000] {dag.py:3490} INFO - Setting next_dagrun for backfill to 2023-05-14T00:00:00+00:00, run_after=2023-05-15T00:00:00+00:00
[2023-05-14T15:50:58.618+0000] {processor.py:178} INFO - Processing /opt/airflow/dags/backfill.py took 0.417 seconds
