[2023-05-14T15:43:57.627+0000] {processor.py:156} INFO - Started process (PID=36) to work on /opt/airflow/dags/depends_dag.py
[2023-05-14T15:43:57.631+0000] {processor.py:799} INFO - Processing file /opt/airflow/dags/depends_dag.py for tasks to queue
[2023-05-14T15:43:57.635+0000] {logging_mixin.py:149} INFO - [2023-05-14T15:43:57.635+0000] {dagbag.py:541} INFO - Filling up the DagBag from /opt/airflow/dags/depends_dag.py
[2023-05-14T15:43:57.795+0000] {processor.py:809} INFO - DAG(s) dict_keys(['depends_task']) retrieved from /opt/airflow/dags/depends_dag.py
[2023-05-14T15:43:58.965+0000] {logging_mixin.py:149} INFO - [2023-05-14T15:43:58.965+0000] {manager.py:504} INFO - Created Permission View: can read on DAG:depends_task
[2023-05-14T15:43:59.001+0000] {logging_mixin.py:149} INFO - [2023-05-14T15:43:59.001+0000] {manager.py:504} INFO - Created Permission View: can delete on DAG:depends_task
[2023-05-14T15:43:59.042+0000] {logging_mixin.py:149} INFO - [2023-05-14T15:43:59.041+0000] {manager.py:504} INFO - Created Permission View: can edit on DAG:depends_task
[2023-05-14T15:43:59.047+0000] {logging_mixin.py:149} INFO - [2023-05-14T15:43:59.045+0000] {dag.py:2726} INFO - Sync 1 DAGs
[2023-05-14T15:43:59.150+0000] {logging_mixin.py:149} INFO - [2023-05-14T15:43:59.149+0000] {dag.py:2747} INFO - Creating ORM DAG for depends_task
[2023-05-14T15:43:59.200+0000] {logging_mixin.py:149} INFO - [2023-05-14T15:43:59.199+0000] {dag.py:3490} INFO - Setting next_dagrun for depends_task to 2019-01-01T00:00:00+00:00, run_after=2019-01-02T00:00:00+00:00
[2023-05-14T15:43:59.256+0000] {processor.py:178} INFO - Processing /opt/airflow/dags/depends_dag.py took 1.650 seconds
[2023-05-14T15:46:16.688+0000] {processor.py:156} INFO - Started process (PID=30) to work on /opt/airflow/dags/depends_dag.py
[2023-05-14T15:46:16.692+0000] {processor.py:799} INFO - Processing file /opt/airflow/dags/depends_dag.py for tasks to queue
[2023-05-14T15:46:16.695+0000] {logging_mixin.py:149} INFO - [2023-05-14T15:46:16.694+0000] {dagbag.py:541} INFO - Filling up the DagBag from /opt/airflow/dags/depends_dag.py
[2023-05-14T15:46:16.747+0000] {processor.py:809} INFO - DAG(s) dict_keys(['depends_task']) retrieved from /opt/airflow/dags/depends_dag.py
[2023-05-14T15:46:17.027+0000] {logging_mixin.py:149} INFO - [2023-05-14T15:46:17.027+0000] {dag.py:2726} INFO - Sync 1 DAGs
[2023-05-14T15:46:17.072+0000] {logging_mixin.py:149} INFO - [2023-05-14T15:46:17.071+0000] {dag.py:3490} INFO - Setting next_dagrun for depends_task to 2019-01-01T00:00:00+00:00, run_after=2019-01-02T00:00:00+00:00
[2023-05-14T15:46:17.112+0000] {processor.py:178} INFO - Processing /opt/airflow/dags/depends_dag.py took 0.432 seconds
[2023-05-14T15:46:47.391+0000] {processor.py:156} INFO - Started process (PID=95) to work on /opt/airflow/dags/depends_dag.py
[2023-05-14T15:46:47.394+0000] {processor.py:799} INFO - Processing file /opt/airflow/dags/depends_dag.py for tasks to queue
[2023-05-14T15:46:47.399+0000] {logging_mixin.py:149} INFO - [2023-05-14T15:46:47.399+0000] {dagbag.py:541} INFO - Filling up the DagBag from /opt/airflow/dags/depends_dag.py
[2023-05-14T15:46:47.422+0000] {processor.py:809} INFO - DAG(s) dict_keys(['depends_task']) retrieved from /opt/airflow/dags/depends_dag.py
[2023-05-14T15:46:47.457+0000] {logging_mixin.py:149} INFO - [2023-05-14T15:46:47.456+0000] {dag.py:2726} INFO - Sync 1 DAGs
[2023-05-14T15:46:47.491+0000] {logging_mixin.py:149} INFO - [2023-05-14T15:46:47.490+0000] {dag.py:3490} INFO - Setting next_dagrun for depends_task to 2019-01-01T00:00:00+00:00, run_after=2019-01-02T00:00:00+00:00
[2023-05-14T15:46:47.519+0000] {processor.py:178} INFO - Processing /opt/airflow/dags/depends_dag.py took 0.133 seconds
[2023-05-14T15:47:18.051+0000] {processor.py:156} INFO - Started process (PID=165) to work on /opt/airflow/dags/depends_dag.py
[2023-05-14T15:47:18.130+0000] {processor.py:799} INFO - Processing file /opt/airflow/dags/depends_dag.py for tasks to queue
[2023-05-14T15:47:18.137+0000] {logging_mixin.py:149} INFO - [2023-05-14T15:47:18.136+0000] {dagbag.py:541} INFO - Filling up the DagBag from /opt/airflow/dags/depends_dag.py
[2023-05-14T15:47:18.397+0000] {processor.py:809} INFO - DAG(s) dict_keys(['depends_task']) retrieved from /opt/airflow/dags/depends_dag.py
[2023-05-14T15:47:18.727+0000] {logging_mixin.py:149} INFO - [2023-05-14T15:47:18.726+0000] {dag.py:2726} INFO - Sync 1 DAGs
[2023-05-14T15:47:19.000+0000] {logging_mixin.py:149} INFO - [2023-05-14T15:47:18.999+0000] {dag.py:3490} INFO - Setting next_dagrun for depends_task to 2019-01-01T00:00:00+00:00, run_after=2019-01-02T00:00:00+00:00
[2023-05-14T15:47:19.158+0000] {processor.py:178} INFO - Processing /opt/airflow/dags/depends_dag.py took 1.215 seconds
[2023-05-14T15:47:49.881+0000] {processor.py:156} INFO - Started process (PID=232) to work on /opt/airflow/dags/depends_dag.py
[2023-05-14T15:47:49.886+0000] {processor.py:799} INFO - Processing file /opt/airflow/dags/depends_dag.py for tasks to queue
[2023-05-14T15:47:49.893+0000] {logging_mixin.py:149} INFO - [2023-05-14T15:47:49.892+0000] {dagbag.py:541} INFO - Filling up the DagBag from /opt/airflow/dags/depends_dag.py
[2023-05-14T15:47:49.937+0000] {processor.py:809} INFO - DAG(s) dict_keys(['depends_task']) retrieved from /opt/airflow/dags/depends_dag.py
[2023-05-14T15:47:50.029+0000] {logging_mixin.py:149} INFO - [2023-05-14T15:47:50.028+0000] {dag.py:2726} INFO - Sync 1 DAGs
[2023-05-14T15:47:50.127+0000] {logging_mixin.py:149} INFO - [2023-05-14T15:47:50.127+0000] {dag.py:3490} INFO - Setting next_dagrun for depends_task to 2019-01-01T00:00:00+00:00, run_after=2019-01-02T00:00:00+00:00
[2023-05-14T15:47:50.182+0000] {processor.py:178} INFO - Processing /opt/airflow/dags/depends_dag.py took 0.307 seconds
[2023-05-14T15:48:21.239+0000] {processor.py:156} INFO - Started process (PID=298) to work on /opt/airflow/dags/depends_dag.py
[2023-05-14T15:48:21.250+0000] {processor.py:799} INFO - Processing file /opt/airflow/dags/depends_dag.py for tasks to queue
[2023-05-14T15:48:21.257+0000] {logging_mixin.py:149} INFO - [2023-05-14T15:48:21.255+0000] {dagbag.py:541} INFO - Filling up the DagBag from /opt/airflow/dags/depends_dag.py
[2023-05-14T15:48:21.313+0000] {processor.py:809} INFO - DAG(s) dict_keys(['depends_task']) retrieved from /opt/airflow/dags/depends_dag.py
[2023-05-14T15:48:21.491+0000] {logging_mixin.py:149} INFO - [2023-05-14T15:48:21.491+0000] {dag.py:2726} INFO - Sync 1 DAGs
[2023-05-14T15:48:21.568+0000] {logging_mixin.py:149} INFO - [2023-05-14T15:48:21.568+0000] {dag.py:3490} INFO - Setting next_dagrun for depends_task to 2019-01-01T00:00:00+00:00, run_after=2019-01-02T00:00:00+00:00
[2023-05-14T15:48:21.625+0000] {processor.py:178} INFO - Processing /opt/airflow/dags/depends_dag.py took 0.402 seconds
[2023-05-14T15:48:51.926+0000] {processor.py:156} INFO - Started process (PID=364) to work on /opt/airflow/dags/depends_dag.py
[2023-05-14T15:48:51.930+0000] {processor.py:799} INFO - Processing file /opt/airflow/dags/depends_dag.py for tasks to queue
[2023-05-14T15:48:51.935+0000] {logging_mixin.py:149} INFO - [2023-05-14T15:48:51.934+0000] {dagbag.py:541} INFO - Filling up the DagBag from /opt/airflow/dags/depends_dag.py
[2023-05-14T15:48:51.977+0000] {processor.py:809} INFO - DAG(s) dict_keys(['depends_task']) retrieved from /opt/airflow/dags/depends_dag.py
[2023-05-14T15:48:52.058+0000] {logging_mixin.py:149} INFO - [2023-05-14T15:48:52.057+0000] {dag.py:2726} INFO - Sync 1 DAGs
[2023-05-14T15:48:52.125+0000] {logging_mixin.py:149} INFO - [2023-05-14T15:48:52.125+0000] {dag.py:3490} INFO - Setting next_dagrun for depends_task to 2019-01-01T00:00:00+00:00, run_after=2019-01-02T00:00:00+00:00
[2023-05-14T15:48:52.167+0000] {processor.py:178} INFO - Processing /opt/airflow/dags/depends_dag.py took 0.248 seconds
[2023-05-14T15:49:22.440+0000] {processor.py:156} INFO - Started process (PID=430) to work on /opt/airflow/dags/depends_dag.py
[2023-05-14T15:49:22.450+0000] {processor.py:799} INFO - Processing file /opt/airflow/dags/depends_dag.py for tasks to queue
[2023-05-14T15:49:22.459+0000] {logging_mixin.py:149} INFO - [2023-05-14T15:49:22.458+0000] {dagbag.py:541} INFO - Filling up the DagBag from /opt/airflow/dags/depends_dag.py
[2023-05-14T15:49:22.565+0000] {processor.py:809} INFO - DAG(s) dict_keys(['depends_task']) retrieved from /opt/airflow/dags/depends_dag.py
[2023-05-14T15:49:22.701+0000] {logging_mixin.py:149} INFO - [2023-05-14T15:49:22.700+0000] {dag.py:2726} INFO - Sync 1 DAGs
[2023-05-14T15:49:22.822+0000] {logging_mixin.py:149} INFO - [2023-05-14T15:49:22.822+0000] {dag.py:3490} INFO - Setting next_dagrun for depends_task to 2019-01-01T00:00:00+00:00, run_after=2019-01-02T00:00:00+00:00
[2023-05-14T15:49:22.912+0000] {processor.py:178} INFO - Processing /opt/airflow/dags/depends_dag.py took 0.480 seconds
[2023-05-14T15:49:53.121+0000] {processor.py:156} INFO - Started process (PID=497) to work on /opt/airflow/dags/depends_dag.py
[2023-05-14T15:49:53.129+0000] {processor.py:799} INFO - Processing file /opt/airflow/dags/depends_dag.py for tasks to queue
[2023-05-14T15:49:53.142+0000] {logging_mixin.py:149} INFO - [2023-05-14T15:49:53.142+0000] {dagbag.py:541} INFO - Filling up the DagBag from /opt/airflow/dags/depends_dag.py
[2023-05-14T15:49:53.284+0000] {processor.py:809} INFO - DAG(s) dict_keys(['depends_task']) retrieved from /opt/airflow/dags/depends_dag.py
[2023-05-14T15:49:53.395+0000] {logging_mixin.py:149} INFO - [2023-05-14T15:49:53.394+0000] {dag.py:2726} INFO - Sync 1 DAGs
[2023-05-14T15:49:53.499+0000] {logging_mixin.py:149} INFO - [2023-05-14T15:49:53.498+0000] {dag.py:3490} INFO - Setting next_dagrun for depends_task to 2019-01-01T00:00:00+00:00, run_after=2019-01-02T00:00:00+00:00
[2023-05-14T15:49:53.556+0000] {processor.py:178} INFO - Processing /opt/airflow/dags/depends_dag.py took 0.441 seconds
[2023-05-14T15:50:24.954+0000] {processor.py:156} INFO - Started process (PID=562) to work on /opt/airflow/dags/depends_dag.py
[2023-05-14T15:50:24.958+0000] {processor.py:799} INFO - Processing file /opt/airflow/dags/depends_dag.py for tasks to queue
[2023-05-14T15:50:24.965+0000] {logging_mixin.py:149} INFO - [2023-05-14T15:50:24.962+0000] {dagbag.py:541} INFO - Filling up the DagBag from /opt/airflow/dags/depends_dag.py
[2023-05-14T15:50:25.040+0000] {processor.py:809} INFO - DAG(s) dict_keys(['depends_task']) retrieved from /opt/airflow/dags/depends_dag.py
[2023-05-14T15:50:25.105+0000] {logging_mixin.py:149} INFO - [2023-05-14T15:50:25.105+0000] {dag.py:2726} INFO - Sync 1 DAGs
[2023-05-14T15:50:25.183+0000] {logging_mixin.py:149} INFO - [2023-05-14T15:50:25.183+0000] {dag.py:3490} INFO - Setting next_dagrun for depends_task to 2019-01-01T00:00:00+00:00, run_after=2019-01-02T00:00:00+00:00
[2023-05-14T15:50:25.264+0000] {processor.py:178} INFO - Processing /opt/airflow/dags/depends_dag.py took 0.325 seconds
[2023-05-14T15:50:55.753+0000] {processor.py:156} INFO - Started process (PID=624) to work on /opt/airflow/dags/depends_dag.py
[2023-05-14T15:50:55.756+0000] {processor.py:799} INFO - Processing file /opt/airflow/dags/depends_dag.py for tasks to queue
[2023-05-14T15:50:55.761+0000] {logging_mixin.py:149} INFO - [2023-05-14T15:50:55.760+0000] {dagbag.py:541} INFO - Filling up the DagBag from /opt/airflow/dags/depends_dag.py
[2023-05-14T15:50:55.809+0000] {processor.py:809} INFO - DAG(s) dict_keys(['depends_task']) retrieved from /opt/airflow/dags/depends_dag.py
[2023-05-14T15:50:55.883+0000] {logging_mixin.py:149} INFO - [2023-05-14T15:50:55.883+0000] {dag.py:2726} INFO - Sync 1 DAGs
[2023-05-14T15:50:55.952+0000] {logging_mixin.py:149} INFO - [2023-05-14T15:50:55.951+0000] {dag.py:3490} INFO - Setting next_dagrun for depends_task to 2019-01-01T00:00:00+00:00, run_after=2019-01-02T00:00:00+00:00
[2023-05-14T15:50:56.004+0000] {processor.py:178} INFO - Processing /opt/airflow/dags/depends_dag.py took 0.288 seconds
