[2023-05-14T15:43:59.351+0000] {processor.py:156} INFO - Started process (PID=38) to work on /opt/airflow/dags/packaged_dag.py
[2023-05-14T15:43:59.356+0000] {processor.py:799} INFO - Processing file /opt/airflow/dags/packaged_dag.py for tasks to queue
[2023-05-14T15:43:59.360+0000] {logging_mixin.py:149} INFO - [2023-05-14T15:43:59.359+0000] {dagbag.py:541} INFO - Filling up the DagBag from /opt/airflow/dags/packaged_dag.py
[2023-05-14T15:43:59.640+0000] {processor.py:809} INFO - DAG(s) dict_keys(['packaged_dag']) retrieved from /opt/airflow/dags/packaged_dag.py
[2023-05-14T15:43:59.988+0000] {logging_mixin.py:149} INFO - [2023-05-14T15:43:59.988+0000] {manager.py:504} INFO - Created Permission View: can read on DAG:packaged_dag
[2023-05-14T15:44:00.056+0000] {logging_mixin.py:149} INFO - [2023-05-14T15:44:00.056+0000] {manager.py:504} INFO - Created Permission View: can delete on DAG:packaged_dag
[2023-05-14T15:44:00.080+0000] {logging_mixin.py:149} INFO - [2023-05-14T15:44:00.080+0000] {manager.py:504} INFO - Created Permission View: can edit on DAG:packaged_dag
[2023-05-14T15:44:00.111+0000] {logging_mixin.py:149} INFO - [2023-05-14T15:44:00.111+0000] {dag.py:2726} INFO - Sync 1 DAGs
[2023-05-14T15:44:00.154+0000] {logging_mixin.py:149} INFO - [2023-05-14T15:44:00.154+0000] {dag.py:2747} INFO - Creating ORM DAG for packaged_dag
[2023-05-14T15:44:00.372+0000] {logging_mixin.py:149} INFO - [2023-05-14T15:44:00.371+0000] {dag.py:3490} INFO - Setting next_dagrun for packaged_dag to 2019-01-01T00:00:00+00:00, run_after=2019-01-02T00:00:00+00:00
[2023-05-14T15:44:00.461+0000] {processor.py:178} INFO - Processing /opt/airflow/dags/packaged_dag.py took 1.118 seconds
[2023-05-14T15:46:17.173+0000] {processor.py:156} INFO - Started process (PID=32) to work on /opt/airflow/dags/packaged_dag.py
[2023-05-14T15:46:17.177+0000] {processor.py:799} INFO - Processing file /opt/airflow/dags/packaged_dag.py for tasks to queue
[2023-05-14T15:46:17.180+0000] {logging_mixin.py:149} INFO - [2023-05-14T15:46:17.179+0000] {dagbag.py:541} INFO - Filling up the DagBag from /opt/airflow/dags/packaged_dag.py
[2023-05-14T15:46:17.362+0000] {processor.py:809} INFO - DAG(s) dict_keys(['packaged_dag']) retrieved from /opt/airflow/dags/packaged_dag.py
[2023-05-14T15:46:17.456+0000] {logging_mixin.py:149} INFO - [2023-05-14T15:46:17.455+0000] {dag.py:2726} INFO - Sync 1 DAGs
[2023-05-14T15:46:17.491+0000] {logging_mixin.py:149} INFO - [2023-05-14T15:46:17.491+0000] {dag.py:3490} INFO - Setting next_dagrun for packaged_dag to 2019-01-01T00:00:00+00:00, run_after=2019-01-02T00:00:00+00:00
[2023-05-14T15:46:17.527+0000] {processor.py:178} INFO - Processing /opt/airflow/dags/packaged_dag.py took 0.359 seconds
[2023-05-14T15:46:48.449+0000] {processor.py:156} INFO - Started process (PID=97) to work on /opt/airflow/dags/packaged_dag.py
[2023-05-14T15:46:48.451+0000] {processor.py:799} INFO - Processing file /opt/airflow/dags/packaged_dag.py for tasks to queue
[2023-05-14T15:46:48.454+0000] {logging_mixin.py:149} INFO - [2023-05-14T15:46:48.454+0000] {dagbag.py:541} INFO - Filling up the DagBag from /opt/airflow/dags/packaged_dag.py
[2023-05-14T15:46:48.476+0000] {processor.py:809} INFO - DAG(s) dict_keys(['packaged_dag']) retrieved from /opt/airflow/dags/packaged_dag.py
[2023-05-14T15:46:48.516+0000] {logging_mixin.py:149} INFO - [2023-05-14T15:46:48.515+0000] {dag.py:2726} INFO - Sync 1 DAGs
[2023-05-14T15:46:48.557+0000] {logging_mixin.py:149} INFO - [2023-05-14T15:46:48.556+0000] {dag.py:3490} INFO - Setting next_dagrun for packaged_dag to 2019-01-01T00:00:00+00:00, run_after=2019-01-02T00:00:00+00:00
[2023-05-14T15:46:48.591+0000] {processor.py:178} INFO - Processing /opt/airflow/dags/packaged_dag.py took 0.149 seconds
[2023-05-14T15:47:19.313+0000] {processor.py:156} INFO - Started process (PID=167) to work on /opt/airflow/dags/packaged_dag.py
[2023-05-14T15:47:19.322+0000] {processor.py:799} INFO - Processing file /opt/airflow/dags/packaged_dag.py for tasks to queue
[2023-05-14T15:47:19.332+0000] {logging_mixin.py:149} INFO - [2023-05-14T15:47:19.332+0000] {dagbag.py:541} INFO - Filling up the DagBag from /opt/airflow/dags/packaged_dag.py
[2023-05-14T15:47:19.457+0000] {processor.py:809} INFO - DAG(s) dict_keys(['packaged_dag']) retrieved from /opt/airflow/dags/packaged_dag.py
[2023-05-14T15:47:19.705+0000] {logging_mixin.py:149} INFO - [2023-05-14T15:47:19.705+0000] {dag.py:2726} INFO - Sync 1 DAGs
[2023-05-14T15:47:20.166+0000] {logging_mixin.py:149} INFO - [2023-05-14T15:47:20.090+0000] {dag.py:3490} INFO - Setting next_dagrun for packaged_dag to 2019-01-01T00:00:00+00:00, run_after=2019-01-02T00:00:00+00:00
[2023-05-14T15:47:20.530+0000] {processor.py:178} INFO - Processing /opt/airflow/dags/packaged_dag.py took 1.227 seconds
[2023-05-14T15:47:51.298+0000] {processor.py:156} INFO - Started process (PID=234) to work on /opt/airflow/dags/packaged_dag.py
[2023-05-14T15:47:51.313+0000] {processor.py:799} INFO - Processing file /opt/airflow/dags/packaged_dag.py for tasks to queue
[2023-05-14T15:47:51.326+0000] {logging_mixin.py:149} INFO - [2023-05-14T15:47:51.326+0000] {dagbag.py:541} INFO - Filling up the DagBag from /opt/airflow/dags/packaged_dag.py
[2023-05-14T15:47:51.412+0000] {processor.py:809} INFO - DAG(s) dict_keys(['packaged_dag']) retrieved from /opt/airflow/dags/packaged_dag.py
[2023-05-14T15:47:51.575+0000] {logging_mixin.py:149} INFO - [2023-05-14T15:47:51.575+0000] {dag.py:2726} INFO - Sync 1 DAGs
[2023-05-14T15:47:51.768+0000] {logging_mixin.py:149} INFO - [2023-05-14T15:47:51.768+0000] {dag.py:3490} INFO - Setting next_dagrun for packaged_dag to 2019-01-01T00:00:00+00:00, run_after=2019-01-02T00:00:00+00:00
[2023-05-14T15:47:51.890+0000] {processor.py:178} INFO - Processing /opt/airflow/dags/packaged_dag.py took 0.615 seconds
[2023-05-14T15:48:22.057+0000] {processor.py:156} INFO - Started process (PID=301) to work on /opt/airflow/dags/packaged_dag.py
[2023-05-14T15:48:22.062+0000] {processor.py:799} INFO - Processing file /opt/airflow/dags/packaged_dag.py for tasks to queue
[2023-05-14T15:48:22.065+0000] {logging_mixin.py:149} INFO - [2023-05-14T15:48:22.064+0000] {dagbag.py:541} INFO - Filling up the DagBag from /opt/airflow/dags/packaged_dag.py
[2023-05-14T15:48:22.117+0000] {processor.py:809} INFO - DAG(s) dict_keys(['packaged_dag']) retrieved from /opt/airflow/dags/packaged_dag.py
[2023-05-14T15:48:22.174+0000] {logging_mixin.py:149} INFO - [2023-05-14T15:48:22.173+0000] {dag.py:2726} INFO - Sync 1 DAGs
[2023-05-14T15:48:22.238+0000] {logging_mixin.py:149} INFO - [2023-05-14T15:48:22.238+0000] {dag.py:3490} INFO - Setting next_dagrun for packaged_dag to 2019-01-01T00:00:00+00:00, run_after=2019-01-02T00:00:00+00:00
[2023-05-14T15:48:22.276+0000] {processor.py:178} INFO - Processing /opt/airflow/dags/packaged_dag.py took 0.233 seconds
[2023-05-14T15:48:52.535+0000] {processor.py:156} INFO - Started process (PID=367) to work on /opt/airflow/dags/packaged_dag.py
[2023-05-14T15:48:52.539+0000] {processor.py:799} INFO - Processing file /opt/airflow/dags/packaged_dag.py for tasks to queue
[2023-05-14T15:48:52.543+0000] {logging_mixin.py:149} INFO - [2023-05-14T15:48:52.543+0000] {dagbag.py:541} INFO - Filling up the DagBag from /opt/airflow/dags/packaged_dag.py
[2023-05-14T15:48:52.596+0000] {processor.py:809} INFO - DAG(s) dict_keys(['packaged_dag']) retrieved from /opt/airflow/dags/packaged_dag.py
[2023-05-14T15:48:52.709+0000] {logging_mixin.py:149} INFO - [2023-05-14T15:48:52.708+0000] {dag.py:2726} INFO - Sync 1 DAGs
[2023-05-14T15:48:52.783+0000] {logging_mixin.py:149} INFO - [2023-05-14T15:48:52.782+0000] {dag.py:3490} INFO - Setting next_dagrun for packaged_dag to 2019-01-01T00:00:00+00:00, run_after=2019-01-02T00:00:00+00:00
[2023-05-14T15:48:52.826+0000] {processor.py:178} INFO - Processing /opt/airflow/dags/packaged_dag.py took 0.299 seconds
[2023-05-14T15:49:22.945+0000] {processor.py:156} INFO - Started process (PID=432) to work on /opt/airflow/dags/packaged_dag.py
[2023-05-14T15:49:22.953+0000] {processor.py:799} INFO - Processing file /opt/airflow/dags/packaged_dag.py for tasks to queue
[2023-05-14T15:49:22.960+0000] {logging_mixin.py:149} INFO - [2023-05-14T15:49:22.960+0000] {dagbag.py:541} INFO - Filling up the DagBag from /opt/airflow/dags/packaged_dag.py
[2023-05-14T15:49:23.022+0000] {processor.py:809} INFO - DAG(s) dict_keys(['packaged_dag']) retrieved from /opt/airflow/dags/packaged_dag.py
[2023-05-14T15:49:23.120+0000] {logging_mixin.py:149} INFO - [2023-05-14T15:49:23.120+0000] {dag.py:2726} INFO - Sync 1 DAGs
[2023-05-14T15:49:23.225+0000] {logging_mixin.py:149} INFO - [2023-05-14T15:49:23.225+0000] {dag.py:3490} INFO - Setting next_dagrun for packaged_dag to 2019-01-01T00:00:00+00:00, run_after=2019-01-02T00:00:00+00:00
[2023-05-14T15:49:23.310+0000] {processor.py:178} INFO - Processing /opt/airflow/dags/packaged_dag.py took 0.388 seconds
[2023-05-14T15:49:53.561+0000] {processor.py:156} INFO - Started process (PID=498) to work on /opt/airflow/dags/packaged_dag.py
[2023-05-14T15:49:53.565+0000] {processor.py:799} INFO - Processing file /opt/airflow/dags/packaged_dag.py for tasks to queue
[2023-05-14T15:49:53.568+0000] {logging_mixin.py:149} INFO - [2023-05-14T15:49:53.568+0000] {dagbag.py:541} INFO - Filling up the DagBag from /opt/airflow/dags/packaged_dag.py
[2023-05-14T15:49:53.623+0000] {processor.py:809} INFO - DAG(s) dict_keys(['packaged_dag']) retrieved from /opt/airflow/dags/packaged_dag.py
[2023-05-14T15:49:53.730+0000] {logging_mixin.py:149} INFO - [2023-05-14T15:49:53.730+0000] {dag.py:2726} INFO - Sync 1 DAGs
[2023-05-14T15:49:53.803+0000] {logging_mixin.py:149} INFO - [2023-05-14T15:49:53.803+0000] {dag.py:3490} INFO - Setting next_dagrun for packaged_dag to 2019-01-01T00:00:00+00:00, run_after=2019-01-02T00:00:00+00:00
[2023-05-14T15:49:53.869+0000] {processor.py:178} INFO - Processing /opt/airflow/dags/packaged_dag.py took 0.323 seconds
[2023-05-14T15:50:25.317+0000] {processor.py:156} INFO - Started process (PID=563) to work on /opt/airflow/dags/packaged_dag.py
[2023-05-14T15:50:25.321+0000] {processor.py:799} INFO - Processing file /opt/airflow/dags/packaged_dag.py for tasks to queue
[2023-05-14T15:50:25.325+0000] {logging_mixin.py:149} INFO - [2023-05-14T15:50:25.324+0000] {dagbag.py:541} INFO - Filling up the DagBag from /opt/airflow/dags/packaged_dag.py
[2023-05-14T15:50:25.371+0000] {processor.py:809} INFO - DAG(s) dict_keys(['packaged_dag']) retrieved from /opt/airflow/dags/packaged_dag.py
[2023-05-14T15:50:25.445+0000] {logging_mixin.py:149} INFO - [2023-05-14T15:50:25.444+0000] {dag.py:2726} INFO - Sync 1 DAGs
[2023-05-14T15:50:25.522+0000] {logging_mixin.py:149} INFO - [2023-05-14T15:50:25.519+0000] {dag.py:3490} INFO - Setting next_dagrun for packaged_dag to 2019-01-01T00:00:00+00:00, run_after=2019-01-02T00:00:00+00:00
[2023-05-14T15:50:25.584+0000] {processor.py:178} INFO - Processing /opt/airflow/dags/packaged_dag.py took 0.277 seconds
[2023-05-14T15:50:55.764+0000] {processor.py:156} INFO - Started process (PID=625) to work on /opt/airflow/dags/packaged_dag.py
[2023-05-14T15:50:55.775+0000] {processor.py:799} INFO - Processing file /opt/airflow/dags/packaged_dag.py for tasks to queue
[2023-05-14T15:50:55.778+0000] {logging_mixin.py:149} INFO - [2023-05-14T15:50:55.778+0000] {dagbag.py:541} INFO - Filling up the DagBag from /opt/airflow/dags/packaged_dag.py
[2023-05-14T15:50:55.829+0000] {processor.py:809} INFO - DAG(s) dict_keys(['packaged_dag']) retrieved from /opt/airflow/dags/packaged_dag.py
[2023-05-14T15:50:55.899+0000] {logging_mixin.py:149} INFO - [2023-05-14T15:50:55.898+0000] {dag.py:2726} INFO - Sync 1 DAGs
[2023-05-14T15:50:55.966+0000] {logging_mixin.py:149} INFO - [2023-05-14T15:50:55.966+0000] {dag.py:3490} INFO - Setting next_dagrun for packaged_dag to 2019-01-01T00:00:00+00:00, run_after=2019-01-02T00:00:00+00:00
[2023-05-14T15:50:56.037+0000] {processor.py:178} INFO - Processing /opt/airflow/dags/packaged_dag.py took 0.285 seconds
