[2023-05-14T15:43:57.638+0000] {processor.py:156} INFO - Started process (PID=37) to work on /opt/airflow/dags/start_and_schedule_dag.py
[2023-05-14T15:43:57.644+0000] {processor.py:799} INFO - Processing file /opt/airflow/dags/start_and_schedule_dag.py for tasks to queue
[2023-05-14T15:43:57.650+0000] {logging_mixin.py:149} INFO - [2023-05-14T15:43:57.649+0000] {dagbag.py:541} INFO - Filling up the DagBag from /opt/airflow/dags/start_and_schedule_dag.py
[2023-05-14T15:43:57.800+0000] {processor.py:809} INFO - DAG(s) dict_keys(['start_and_schedule_dag']) retrieved from /opt/airflow/dags/start_and_schedule_dag.py
[2023-05-14T15:43:58.926+0000] {logging_mixin.py:149} INFO - [2023-05-14T15:43:58.926+0000] {manager.py:504} INFO - Created Permission View: can read on DAG:start_and_schedule_dag
[2023-05-14T15:43:58.966+0000] {logging_mixin.py:149} INFO - [2023-05-14T15:43:58.966+0000] {manager.py:504} INFO - Created Permission View: can delete on DAG:start_and_schedule_dag
[2023-05-14T15:43:59.016+0000] {logging_mixin.py:149} INFO - [2023-05-14T15:43:59.015+0000] {manager.py:504} INFO - Created Permission View: can edit on DAG:start_and_schedule_dag
[2023-05-14T15:43:59.023+0000] {logging_mixin.py:149} INFO - [2023-05-14T15:43:59.022+0000] {dag.py:2726} INFO - Sync 1 DAGs
[2023-05-14T15:43:59.140+0000] {logging_mixin.py:149} INFO - [2023-05-14T15:43:59.140+0000] {dag.py:2747} INFO - Creating ORM DAG for start_and_schedule_dag
[2023-05-14T15:43:59.183+0000] {logging_mixin.py:149} INFO - [2023-05-14T15:43:59.183+0000] {dag.py:3490} INFO - Setting next_dagrun for start_and_schedule_dag to 2019-03-29T01:00:00+00:00, run_after=2019-03-29T02:00:00+00:00
[2023-05-14T15:43:59.260+0000] {processor.py:178} INFO - Processing /opt/airflow/dags/start_and_schedule_dag.py took 1.640 seconds
[2023-05-14T15:46:16.699+0000] {processor.py:156} INFO - Started process (PID=31) to work on /opt/airflow/dags/start_and_schedule_dag.py
[2023-05-14T15:46:16.702+0000] {processor.py:799} INFO - Processing file /opt/airflow/dags/start_and_schedule_dag.py for tasks to queue
[2023-05-14T15:46:16.705+0000] {logging_mixin.py:149} INFO - [2023-05-14T15:46:16.705+0000] {dagbag.py:541} INFO - Filling up the DagBag from /opt/airflow/dags/start_and_schedule_dag.py
[2023-05-14T15:46:16.748+0000] {processor.py:809} INFO - DAG(s) dict_keys(['start_and_schedule_dag']) retrieved from /opt/airflow/dags/start_and_schedule_dag.py
[2023-05-14T15:46:17.058+0000] {logging_mixin.py:149} INFO - [2023-05-14T15:46:17.057+0000] {dag.py:2726} INFO - Sync 1 DAGs
[2023-05-14T15:46:17.097+0000] {logging_mixin.py:149} INFO - [2023-05-14T15:46:17.097+0000] {dag.py:3490} INFO - Setting next_dagrun for start_and_schedule_dag to 2019-03-29T01:00:00+00:00, run_after=2019-03-29T02:00:00+00:00
[2023-05-14T15:46:17.137+0000] {processor.py:178} INFO - Processing /opt/airflow/dags/start_and_schedule_dag.py took 0.444 seconds
[2023-05-14T15:46:47.403+0000] {processor.py:156} INFO - Started process (PID=96) to work on /opt/airflow/dags/start_and_schedule_dag.py
[2023-05-14T15:46:47.406+0000] {processor.py:799} INFO - Processing file /opt/airflow/dags/start_and_schedule_dag.py for tasks to queue
[2023-05-14T15:46:47.408+0000] {logging_mixin.py:149} INFO - [2023-05-14T15:46:47.408+0000] {dagbag.py:541} INFO - Filling up the DagBag from /opt/airflow/dags/start_and_schedule_dag.py
[2023-05-14T15:46:47.425+0000] {processor.py:809} INFO - DAG(s) dict_keys(['start_and_schedule_dag']) retrieved from /opt/airflow/dags/start_and_schedule_dag.py
[2023-05-14T15:46:47.458+0000] {logging_mixin.py:149} INFO - [2023-05-14T15:46:47.458+0000] {dag.py:2726} INFO - Sync 1 DAGs
[2023-05-14T15:46:47.491+0000] {logging_mixin.py:149} INFO - [2023-05-14T15:46:47.490+0000] {dag.py:3490} INFO - Setting next_dagrun for start_and_schedule_dag to 2019-03-29T01:00:00+00:00, run_after=2019-03-29T02:00:00+00:00
[2023-05-14T15:46:47.519+0000] {processor.py:178} INFO - Processing /opt/airflow/dags/start_and_schedule_dag.py took 0.123 seconds
[2023-05-14T15:47:18.138+0000] {processor.py:156} INFO - Started process (PID=166) to work on /opt/airflow/dags/start_and_schedule_dag.py
[2023-05-14T15:47:18.144+0000] {processor.py:799} INFO - Processing file /opt/airflow/dags/start_and_schedule_dag.py for tasks to queue
[2023-05-14T15:47:18.149+0000] {logging_mixin.py:149} INFO - [2023-05-14T15:47:18.149+0000] {dagbag.py:541} INFO - Filling up the DagBag from /opt/airflow/dags/start_and_schedule_dag.py
[2023-05-14T15:47:18.352+0000] {processor.py:809} INFO - DAG(s) dict_keys(['start_and_schedule_dag']) retrieved from /opt/airflow/dags/start_and_schedule_dag.py
[2023-05-14T15:47:18.686+0000] {logging_mixin.py:149} INFO - [2023-05-14T15:47:18.684+0000] {dag.py:2726} INFO - Sync 1 DAGs
[2023-05-14T15:47:18.969+0000] {logging_mixin.py:149} INFO - [2023-05-14T15:47:18.969+0000] {dag.py:3490} INFO - Setting next_dagrun for start_and_schedule_dag to 2019-03-29T01:00:00+00:00, run_after=2019-03-29T02:00:00+00:00
[2023-05-14T15:47:19.155+0000] {processor.py:178} INFO - Processing /opt/airflow/dags/start_and_schedule_dag.py took 1.040 seconds
[2023-05-14T15:47:49.909+0000] {processor.py:156} INFO - Started process (PID=233) to work on /opt/airflow/dags/start_and_schedule_dag.py
[2023-05-14T15:47:49.913+0000] {processor.py:799} INFO - Processing file /opt/airflow/dags/start_and_schedule_dag.py for tasks to queue
[2023-05-14T15:47:49.917+0000] {logging_mixin.py:149} INFO - [2023-05-14T15:47:49.916+0000] {dagbag.py:541} INFO - Filling up the DagBag from /opt/airflow/dags/start_and_schedule_dag.py
[2023-05-14T15:47:49.953+0000] {processor.py:809} INFO - DAG(s) dict_keys(['start_and_schedule_dag']) retrieved from /opt/airflow/dags/start_and_schedule_dag.py
[2023-05-14T15:47:50.050+0000] {logging_mixin.py:149} INFO - [2023-05-14T15:47:50.049+0000] {dag.py:2726} INFO - Sync 1 DAGs
[2023-05-14T15:47:50.146+0000] {logging_mixin.py:149} INFO - [2023-05-14T15:47:50.144+0000] {dag.py:3490} INFO - Setting next_dagrun for start_and_schedule_dag to 2019-03-29T01:00:00+00:00, run_after=2019-03-29T02:00:00+00:00
[2023-05-14T15:47:50.212+0000] {processor.py:178} INFO - Processing /opt/airflow/dags/start_and_schedule_dag.py took 0.312 seconds
[2023-05-14T15:48:21.243+0000] {processor.py:156} INFO - Started process (PID=299) to work on /opt/airflow/dags/start_and_schedule_dag.py
[2023-05-14T15:48:21.249+0000] {processor.py:799} INFO - Processing file /opt/airflow/dags/start_and_schedule_dag.py for tasks to queue
[2023-05-14T15:48:21.253+0000] {logging_mixin.py:149} INFO - [2023-05-14T15:48:21.253+0000] {dagbag.py:541} INFO - Filling up the DagBag from /opt/airflow/dags/start_and_schedule_dag.py
[2023-05-14T15:48:21.305+0000] {processor.py:809} INFO - DAG(s) dict_keys(['start_and_schedule_dag']) retrieved from /opt/airflow/dags/start_and_schedule_dag.py
[2023-05-14T15:48:21.520+0000] {logging_mixin.py:149} INFO - [2023-05-14T15:48:21.520+0000] {dag.py:2726} INFO - Sync 1 DAGs
[2023-05-14T15:48:21.613+0000] {logging_mixin.py:149} INFO - [2023-05-14T15:48:21.613+0000] {dag.py:3490} INFO - Setting next_dagrun for start_and_schedule_dag to 2019-03-29T01:00:00+00:00, run_after=2019-03-29T02:00:00+00:00
[2023-05-14T15:48:21.682+0000] {processor.py:178} INFO - Processing /opt/airflow/dags/start_and_schedule_dag.py took 0.444 seconds
[2023-05-14T15:48:51.968+0000] {processor.py:156} INFO - Started process (PID=365) to work on /opt/airflow/dags/start_and_schedule_dag.py
[2023-05-14T15:48:51.974+0000] {processor.py:799} INFO - Processing file /opt/airflow/dags/start_and_schedule_dag.py for tasks to queue
[2023-05-14T15:48:51.978+0000] {logging_mixin.py:149} INFO - [2023-05-14T15:48:51.978+0000] {dagbag.py:541} INFO - Filling up the DagBag from /opt/airflow/dags/start_and_schedule_dag.py
[2023-05-14T15:48:52.015+0000] {processor.py:809} INFO - DAG(s) dict_keys(['start_and_schedule_dag']) retrieved from /opt/airflow/dags/start_and_schedule_dag.py
[2023-05-14T15:48:52.064+0000] {logging_mixin.py:149} INFO - [2023-05-14T15:48:52.064+0000] {dag.py:2726} INFO - Sync 1 DAGs
[2023-05-14T15:48:52.111+0000] {logging_mixin.py:149} INFO - [2023-05-14T15:48:52.111+0000] {dag.py:3490} INFO - Setting next_dagrun for start_and_schedule_dag to 2019-03-29T01:00:00+00:00, run_after=2019-03-29T02:00:00+00:00
[2023-05-14T15:48:52.165+0000] {processor.py:178} INFO - Processing /opt/airflow/dags/start_and_schedule_dag.py took 0.205 seconds
[2023-05-14T15:49:22.476+0000] {processor.py:156} INFO - Started process (PID=431) to work on /opt/airflow/dags/start_and_schedule_dag.py
[2023-05-14T15:49:22.480+0000] {processor.py:799} INFO - Processing file /opt/airflow/dags/start_and_schedule_dag.py for tasks to queue
[2023-05-14T15:49:22.486+0000] {logging_mixin.py:149} INFO - [2023-05-14T15:49:22.486+0000] {dagbag.py:541} INFO - Filling up the DagBag from /opt/airflow/dags/start_and_schedule_dag.py
[2023-05-14T15:49:22.544+0000] {processor.py:809} INFO - DAG(s) dict_keys(['start_and_schedule_dag']) retrieved from /opt/airflow/dags/start_and_schedule_dag.py
[2023-05-14T15:49:22.632+0000] {logging_mixin.py:149} INFO - [2023-05-14T15:49:22.632+0000] {dag.py:2726} INFO - Sync 1 DAGs
[2023-05-14T15:49:22.733+0000] {logging_mixin.py:149} INFO - [2023-05-14T15:49:22.733+0000] {dag.py:3490} INFO - Setting next_dagrun for start_and_schedule_dag to 2019-03-29T01:00:00+00:00, run_after=2019-03-29T02:00:00+00:00
[2023-05-14T15:49:22.826+0000] {processor.py:178} INFO - Processing /opt/airflow/dags/start_and_schedule_dag.py took 0.365 seconds
[2023-05-14T15:49:52.972+0000] {processor.py:156} INFO - Started process (PID=496) to work on /opt/airflow/dags/start_and_schedule_dag.py
[2023-05-14T15:49:52.985+0000] {processor.py:799} INFO - Processing file /opt/airflow/dags/start_and_schedule_dag.py for tasks to queue
[2023-05-14T15:49:53.029+0000] {logging_mixin.py:149} INFO - [2023-05-14T15:49:53.029+0000] {dagbag.py:541} INFO - Filling up the DagBag from /opt/airflow/dags/start_and_schedule_dag.py
[2023-05-14T15:49:53.118+0000] {processor.py:809} INFO - DAG(s) dict_keys(['start_and_schedule_dag']) retrieved from /opt/airflow/dags/start_and_schedule_dag.py
[2023-05-14T15:49:53.272+0000] {logging_mixin.py:149} INFO - [2023-05-14T15:49:53.272+0000] {dag.py:2726} INFO - Sync 1 DAGs
[2023-05-14T15:49:53.402+0000] {logging_mixin.py:149} INFO - [2023-05-14T15:49:53.398+0000] {dag.py:3490} INFO - Setting next_dagrun for start_and_schedule_dag to 2019-03-29T01:00:00+00:00, run_after=2019-03-29T02:00:00+00:00
[2023-05-14T15:49:53.460+0000] {processor.py:178} INFO - Processing /opt/airflow/dags/start_and_schedule_dag.py took 0.495 seconds
[2023-05-14T15:50:23.624+0000] {processor.py:156} INFO - Started process (PID=554) to work on /opt/airflow/dags/start_and_schedule_dag.py
[2023-05-14T15:50:23.628+0000] {processor.py:799} INFO - Processing file /opt/airflow/dags/start_and_schedule_dag.py for tasks to queue
[2023-05-14T15:50:23.632+0000] {logging_mixin.py:149} INFO - [2023-05-14T15:50:23.632+0000] {dagbag.py:541} INFO - Filling up the DagBag from /opt/airflow/dags/start_and_schedule_dag.py
[2023-05-14T15:50:23.682+0000] {processor.py:809} INFO - DAG(s) dict_keys(['start_and_schedule_dag']) retrieved from /opt/airflow/dags/start_and_schedule_dag.py
[2023-05-14T15:50:23.750+0000] {logging_mixin.py:149} INFO - [2023-05-14T15:50:23.749+0000] {dag.py:2726} INFO - Sync 1 DAGs
[2023-05-14T15:50:23.871+0000] {logging_mixin.py:149} INFO - [2023-05-14T15:50:23.870+0000] {dag.py:3490} INFO - Setting next_dagrun for start_and_schedule_dag to 2019-03-29T01:00:00+00:00, run_after=2019-03-29T02:00:00+00:00
[2023-05-14T15:50:23.921+0000] {processor.py:178} INFO - Processing /opt/airflow/dags/start_and_schedule_dag.py took 0.311 seconds
[2023-05-14T15:50:54.549+0000] {processor.py:156} INFO - Started process (PID=622) to work on /opt/airflow/dags/start_and_schedule_dag.py
[2023-05-14T15:50:54.553+0000] {processor.py:799} INFO - Processing file /opt/airflow/dags/start_and_schedule_dag.py for tasks to queue
[2023-05-14T15:50:54.557+0000] {logging_mixin.py:149} INFO - [2023-05-14T15:50:54.556+0000] {dagbag.py:541} INFO - Filling up the DagBag from /opt/airflow/dags/start_and_schedule_dag.py
[2023-05-14T15:50:54.606+0000] {processor.py:809} INFO - DAG(s) dict_keys(['start_and_schedule_dag']) retrieved from /opt/airflow/dags/start_and_schedule_dag.py
[2023-05-14T15:50:54.675+0000] {logging_mixin.py:149} INFO - [2023-05-14T15:50:54.674+0000] {dag.py:2726} INFO - Sync 1 DAGs
[2023-05-14T15:50:54.756+0000] {logging_mixin.py:149} INFO - [2023-05-14T15:50:54.755+0000] {dag.py:3490} INFO - Setting next_dagrun for start_and_schedule_dag to 2019-03-29T01:00:00+00:00, run_after=2019-03-29T02:00:00+00:00
[2023-05-14T15:50:54.812+0000] {processor.py:178} INFO - Processing /opt/airflow/dags/start_and_schedule_dag.py took 0.272 seconds
