[2023-05-14T15:44:02.093+0000] {processor.py:156} INFO - Started process (PID=43) to work on /opt/airflow/dags/tst_dag.py
[2023-05-14T15:44:02.097+0000] {processor.py:799} INFO - Processing file /opt/airflow/dags/tst_dag.py for tasks to queue
[2023-05-14T15:44:02.100+0000] {logging_mixin.py:149} INFO - [2023-05-14T15:44:02.100+0000] {dagbag.py:541} INFO - Filling up the DagBag from /opt/airflow/dags/tst_dag.py
[2023-05-14T15:44:02.374+0000] {processor.py:809} INFO - DAG(s) dict_keys(['tst_dag']) retrieved from /opt/airflow/dags/tst_dag.py
[2023-05-14T15:44:02.738+0000] {logging_mixin.py:149} INFO - [2023-05-14T15:44:02.738+0000] {manager.py:504} INFO - Created Permission View: can read on DAG:tst_dag
[2023-05-14T15:44:02.760+0000] {logging_mixin.py:149} INFO - [2023-05-14T15:44:02.760+0000] {manager.py:504} INFO - Created Permission View: can delete on DAG:tst_dag
[2023-05-14T15:44:02.781+0000] {logging_mixin.py:149} INFO - [2023-05-14T15:44:02.781+0000] {manager.py:504} INFO - Created Permission View: can edit on DAG:tst_dag
[2023-05-14T15:44:02.784+0000] {logging_mixin.py:149} INFO - [2023-05-14T15:44:02.783+0000] {dag.py:2726} INFO - Sync 1 DAGs
[2023-05-14T15:44:02.808+0000] {logging_mixin.py:149} INFO - [2023-05-14T15:44:02.808+0000] {dag.py:2747} INFO - Creating ORM DAG for tst_dag
[2023-05-14T15:44:02.836+0000] {logging_mixin.py:149} INFO - [2023-05-14T15:44:02.835+0000] {dag.py:3490} INFO - Setting next_dagrun for tst_dag to 2023-05-13T00:00:00+00:00, run_after=2023-05-14T00:00:00+00:00
[2023-05-14T15:44:02.878+0000] {processor.py:178} INFO - Processing /opt/airflow/dags/tst_dag.py took 0.795 seconds
[2023-05-14T15:46:18.040+0000] {processor.py:156} INFO - Started process (PID=37) to work on /opt/airflow/dags/tst_dag.py
[2023-05-14T15:46:18.044+0000] {processor.py:799} INFO - Processing file /opt/airflow/dags/tst_dag.py for tasks to queue
[2023-05-14T15:46:18.047+0000] {logging_mixin.py:149} INFO - [2023-05-14T15:46:18.046+0000] {dagbag.py:541} INFO - Filling up the DagBag from /opt/airflow/dags/tst_dag.py
[2023-05-14T15:46:18.225+0000] {processor.py:809} INFO - DAG(s) dict_keys(['tst_dag']) retrieved from /opt/airflow/dags/tst_dag.py
[2023-05-14T15:46:18.316+0000] {logging_mixin.py:149} INFO - [2023-05-14T15:46:18.316+0000] {dag.py:2726} INFO - Sync 1 DAGs
[2023-05-14T15:46:18.352+0000] {logging_mixin.py:149} INFO - [2023-05-14T15:46:18.352+0000] {dag.py:3490} INFO - Setting next_dagrun for tst_dag to 2023-05-13T00:00:00+00:00, run_after=2023-05-14T00:00:00+00:00
[2023-05-14T15:46:18.389+0000] {processor.py:178} INFO - Processing /opt/airflow/dags/tst_dag.py took 0.355 seconds
[2023-05-14T15:46:48.810+0000] {processor.py:156} INFO - Started process (PID=101) to work on /opt/airflow/dags/tst_dag.py
[2023-05-14T15:46:48.812+0000] {processor.py:799} INFO - Processing file /opt/airflow/dags/tst_dag.py for tasks to queue
[2023-05-14T15:46:48.815+0000] {logging_mixin.py:149} INFO - [2023-05-14T15:46:48.815+0000] {dagbag.py:541} INFO - Filling up the DagBag from /opt/airflow/dags/tst_dag.py
[2023-05-14T15:46:48.834+0000] {processor.py:809} INFO - DAG(s) dict_keys(['tst_dag']) retrieved from /opt/airflow/dags/tst_dag.py
[2023-05-14T15:46:48.872+0000] {logging_mixin.py:149} INFO - [2023-05-14T15:46:48.872+0000] {dag.py:2726} INFO - Sync 1 DAGs
[2023-05-14T15:46:48.913+0000] {logging_mixin.py:149} INFO - [2023-05-14T15:46:48.912+0000] {dag.py:3490} INFO - Setting next_dagrun for tst_dag to 2023-05-13T00:00:00+00:00, run_after=2023-05-14T00:00:00+00:00
[2023-05-14T15:46:48.941+0000] {processor.py:178} INFO - Processing /opt/airflow/dags/tst_dag.py took 0.136 seconds
[2023-05-14T15:47:21.605+0000] {processor.py:156} INFO - Started process (PID=171) to work on /opt/airflow/dags/tst_dag.py
[2023-05-14T15:47:21.680+0000] {processor.py:799} INFO - Processing file /opt/airflow/dags/tst_dag.py for tasks to queue
[2023-05-14T15:47:21.695+0000] {logging_mixin.py:149} INFO - [2023-05-14T15:47:21.695+0000] {dagbag.py:541} INFO - Filling up the DagBag from /opt/airflow/dags/tst_dag.py
[2023-05-14T15:47:21.918+0000] {processor.py:809} INFO - DAG(s) dict_keys(['tst_dag']) retrieved from /opt/airflow/dags/tst_dag.py
[2023-05-14T15:47:22.289+0000] {logging_mixin.py:149} INFO - [2023-05-14T15:47:22.288+0000] {dag.py:2726} INFO - Sync 1 DAGs
[2023-05-14T15:47:22.661+0000] {logging_mixin.py:149} INFO - [2023-05-14T15:47:22.661+0000] {dag.py:3490} INFO - Setting next_dagrun for tst_dag to 2023-05-13T00:00:00+00:00, run_after=2023-05-14T00:00:00+00:00
[2023-05-14T15:47:22.874+0000] {processor.py:178} INFO - Processing /opt/airflow/dags/tst_dag.py took 1.293 seconds
[2023-05-14T15:47:53.999+0000] {processor.py:156} INFO - Started process (PID=238) to work on /opt/airflow/dags/tst_dag.py
[2023-05-14T15:47:54.003+0000] {processor.py:799} INFO - Processing file /opt/airflow/dags/tst_dag.py for tasks to queue
[2023-05-14T15:47:54.007+0000] {logging_mixin.py:149} INFO - [2023-05-14T15:47:54.007+0000] {dagbag.py:541} INFO - Filling up the DagBag from /opt/airflow/dags/tst_dag.py
[2023-05-14T15:47:54.056+0000] {processor.py:809} INFO - DAG(s) dict_keys(['tst_dag']) retrieved from /opt/airflow/dags/tst_dag.py
[2023-05-14T15:47:54.133+0000] {logging_mixin.py:149} INFO - [2023-05-14T15:47:54.132+0000] {dag.py:2726} INFO - Sync 1 DAGs
[2023-05-14T15:47:54.228+0000] {logging_mixin.py:149} INFO - [2023-05-14T15:47:54.227+0000] {dag.py:3490} INFO - Setting next_dagrun for tst_dag to 2023-05-13T00:00:00+00:00, run_after=2023-05-14T00:00:00+00:00
[2023-05-14T15:47:54.286+0000] {processor.py:178} INFO - Processing /opt/airflow/dags/tst_dag.py took 0.304 seconds
[2023-05-14T15:48:24.365+0000] {processor.py:156} INFO - Started process (PID=304) to work on /opt/airflow/dags/tst_dag.py
[2023-05-14T15:48:24.368+0000] {processor.py:799} INFO - Processing file /opt/airflow/dags/tst_dag.py for tasks to queue
[2023-05-14T15:48:24.371+0000] {logging_mixin.py:149} INFO - [2023-05-14T15:48:24.371+0000] {dagbag.py:541} INFO - Filling up the DagBag from /opt/airflow/dags/tst_dag.py
[2023-05-14T15:48:24.397+0000] {processor.py:809} INFO - DAG(s) dict_keys(['tst_dag']) retrieved from /opt/airflow/dags/tst_dag.py
[2023-05-14T15:48:24.449+0000] {logging_mixin.py:149} INFO - [2023-05-14T15:48:24.449+0000] {dag.py:2726} INFO - Sync 1 DAGs
[2023-05-14T15:48:24.520+0000] {logging_mixin.py:149} INFO - [2023-05-14T15:48:24.520+0000] {dag.py:3490} INFO - Setting next_dagrun for tst_dag to 2023-05-13T00:00:00+00:00, run_after=2023-05-14T00:00:00+00:00
[2023-05-14T15:48:24.566+0000] {processor.py:178} INFO - Processing /opt/airflow/dags/tst_dag.py took 0.207 seconds
[2023-05-14T15:48:54.955+0000] {processor.py:156} INFO - Started process (PID=370) to work on /opt/airflow/dags/tst_dag.py
[2023-05-14T15:48:54.959+0000] {processor.py:799} INFO - Processing file /opt/airflow/dags/tst_dag.py for tasks to queue
[2023-05-14T15:48:54.962+0000] {logging_mixin.py:149} INFO - [2023-05-14T15:48:54.962+0000] {dagbag.py:541} INFO - Filling up the DagBag from /opt/airflow/dags/tst_dag.py
[2023-05-14T15:48:55.022+0000] {processor.py:809} INFO - DAG(s) dict_keys(['tst_dag']) retrieved from /opt/airflow/dags/tst_dag.py
[2023-05-14T15:48:55.115+0000] {logging_mixin.py:149} INFO - [2023-05-14T15:48:55.115+0000] {dag.py:2726} INFO - Sync 1 DAGs
[2023-05-14T15:48:55.194+0000] {logging_mixin.py:149} INFO - [2023-05-14T15:48:55.193+0000] {dag.py:3490} INFO - Setting next_dagrun for tst_dag to 2023-05-13T00:00:00+00:00, run_after=2023-05-14T00:00:00+00:00
[2023-05-14T15:48:55.270+0000] {processor.py:178} INFO - Processing /opt/airflow/dags/tst_dag.py took 0.343 seconds
[2023-05-14T15:49:25.602+0000] {processor.py:156} INFO - Started process (PID=436) to work on /opt/airflow/dags/tst_dag.py
[2023-05-14T15:49:25.607+0000] {processor.py:799} INFO - Processing file /opt/airflow/dags/tst_dag.py for tasks to queue
[2023-05-14T15:49:25.611+0000] {logging_mixin.py:149} INFO - [2023-05-14T15:49:25.610+0000] {dagbag.py:541} INFO - Filling up the DagBag from /opt/airflow/dags/tst_dag.py
[2023-05-14T15:49:25.643+0000] {processor.py:809} INFO - DAG(s) dict_keys(['tst_dag']) retrieved from /opt/airflow/dags/tst_dag.py
[2023-05-14T15:49:25.694+0000] {logging_mixin.py:149} INFO - [2023-05-14T15:49:25.694+0000] {dag.py:2726} INFO - Sync 1 DAGs
[2023-05-14T15:49:25.754+0000] {logging_mixin.py:149} INFO - [2023-05-14T15:49:25.753+0000] {dag.py:3490} INFO - Setting next_dagrun for tst_dag to 2023-05-13T00:00:00+00:00, run_after=2023-05-14T00:00:00+00:00
[2023-05-14T15:49:25.798+0000] {processor.py:178} INFO - Processing /opt/airflow/dags/tst_dag.py took 0.203 seconds
[2023-05-14T15:49:56.115+0000] {processor.py:156} INFO - Started process (PID=502) to work on /opt/airflow/dags/tst_dag.py
[2023-05-14T15:49:56.120+0000] {processor.py:799} INFO - Processing file /opt/airflow/dags/tst_dag.py for tasks to queue
[2023-05-14T15:49:56.123+0000] {logging_mixin.py:149} INFO - [2023-05-14T15:49:56.123+0000] {dagbag.py:541} INFO - Filling up the DagBag from /opt/airflow/dags/tst_dag.py
[2023-05-14T15:49:56.154+0000] {processor.py:809} INFO - DAG(s) dict_keys(['tst_dag']) retrieved from /opt/airflow/dags/tst_dag.py
[2023-05-14T15:49:56.208+0000] {logging_mixin.py:149} INFO - [2023-05-14T15:49:56.208+0000] {dag.py:2726} INFO - Sync 1 DAGs
[2023-05-14T15:49:56.253+0000] {logging_mixin.py:149} INFO - [2023-05-14T15:49:56.253+0000] {dag.py:3490} INFO - Setting next_dagrun for tst_dag to 2023-05-13T00:00:00+00:00, run_after=2023-05-14T00:00:00+00:00
[2023-05-14T15:49:56.291+0000] {processor.py:178} INFO - Processing /opt/airflow/dags/tst_dag.py took 0.182 seconds
[2023-05-14T15:50:26.817+0000] {processor.py:156} INFO - Started process (PID=567) to work on /opt/airflow/dags/tst_dag.py
[2023-05-14T15:50:26.823+0000] {processor.py:799} INFO - Processing file /opt/airflow/dags/tst_dag.py for tasks to queue
[2023-05-14T15:50:26.828+0000] {logging_mixin.py:149} INFO - [2023-05-14T15:50:26.827+0000] {dagbag.py:541} INFO - Filling up the DagBag from /opt/airflow/dags/tst_dag.py
[2023-05-14T15:50:26.865+0000] {processor.py:809} INFO - DAG(s) dict_keys(['tst_dag']) retrieved from /opt/airflow/dags/tst_dag.py
[2023-05-14T15:50:26.943+0000] {logging_mixin.py:149} INFO - [2023-05-14T15:50:26.942+0000] {dag.py:2726} INFO - Sync 1 DAGs
[2023-05-14T15:50:27.020+0000] {logging_mixin.py:149} INFO - [2023-05-14T15:50:27.020+0000] {dag.py:3490} INFO - Setting next_dagrun for tst_dag to 2023-05-13T00:00:00+00:00, run_after=2023-05-14T00:00:00+00:00
[2023-05-14T15:50:27.082+0000] {processor.py:178} INFO - Processing /opt/airflow/dags/tst_dag.py took 0.280 seconds
[2023-05-14T15:50:59.153+0000] {processor.py:156} INFO - Started process (PID=637) to work on /opt/airflow/dags/tst_dag.py
[2023-05-14T15:50:59.161+0000] {processor.py:799} INFO - Processing file /opt/airflow/dags/tst_dag.py for tasks to queue
[2023-05-14T15:50:59.164+0000] {logging_mixin.py:149} INFO - [2023-05-14T15:50:59.164+0000] {dagbag.py:541} INFO - Filling up the DagBag from /opt/airflow/dags/tst_dag.py
[2023-05-14T15:50:59.196+0000] {processor.py:809} INFO - DAG(s) dict_keys(['tst_dag']) retrieved from /opt/airflow/dags/tst_dag.py
[2023-05-14T15:50:59.294+0000] {logging_mixin.py:149} INFO - [2023-05-14T15:50:59.294+0000] {dag.py:2726} INFO - Sync 1 DAGs
[2023-05-14T15:50:59.375+0000] {logging_mixin.py:149} INFO - [2023-05-14T15:50:59.375+0000] {dag.py:3490} INFO - Setting next_dagrun for tst_dag to 2023-05-13T00:00:00+00:00, run_after=2023-05-14T00:00:00+00:00
[2023-05-14T15:50:59.448+0000] {processor.py:178} INFO - Processing /opt/airflow/dags/tst_dag.py took 0.308 seconds
