[2023-05-14T15:48:40.069+0000] {taskinstance.py:1125} INFO - Dependencies all met for dep_context=non-requeueable deps ti=<TaskInstance: alert_dag.t1 scheduled__2019-03-17T00:00:00+00:00 [queued]>
[2023-05-14T15:48:40.147+0000] {taskinstance.py:1125} INFO - Dependencies all met for dep_context=requeueable deps ti=<TaskInstance: alert_dag.t1 scheduled__2019-03-17T00:00:00+00:00 [queued]>
[2023-05-14T15:48:40.149+0000] {taskinstance.py:1331} INFO - Starting attempt 1 of 1
[2023-05-14T15:48:40.412+0000] {taskinstance.py:1350} INFO - Executing <Task(BashOperator): t1> on 2019-03-17 00:00:00+00:00
[2023-05-14T15:48:40.440+0000] {standard_task_runner.py:57} INFO - Started process 400 to run task
[2023-05-14T15:48:40.500+0000] {standard_task_runner.py:84} INFO - Running: ['***', 'tasks', 'run', 'alert_dag', 't1', 'scheduled__2019-03-17T00:00:00+00:00', '--job-id', '81', '--raw', '--subdir', 'DAGS_FOLDER/alert_dag.py', '--cfg-path', '/tmp/tmpl6galf_s']
[2023-05-14T15:48:40.510+0000] {standard_task_runner.py:85} INFO - Job 81: Subtask t1
[2023-05-14T15:48:40.884+0000] {task_command.py:410} INFO - Running <TaskInstance: alert_dag.t1 scheduled__2019-03-17T00:00:00+00:00 [running]> on host ccd7d24ea349
[2023-05-14T15:48:41.283+0000] {taskinstance.py:1570} INFO - Exporting env vars: AIRFLOW_CTX_DAG_OWNER='Airflow' AIRFLOW_CTX_DAG_ID='alert_dag' AIRFLOW_CTX_TASK_ID='t1' AIRFLOW_CTX_EXECUTION_DATE='2019-03-17T00:00:00+00:00' AIRFLOW_CTX_TRY_NUMBER='1' AIRFLOW_CTX_DAG_RUN_ID='scheduled__2019-03-17T00:00:00+00:00'
[2023-05-14T15:48:41.288+0000] {subprocess.py:63} INFO - Tmp dir root location: 
 /tmp
[2023-05-14T15:48:41.295+0000] {subprocess.py:75} INFO - Running command: ['/bin/bash', '-c', 'exit 1']
[2023-05-14T15:48:41.359+0000] {subprocess.py:86} INFO - Output:
[2023-05-14T15:48:41.385+0000] {subprocess.py:97} INFO - Command exited with return code 1
[2023-05-14T15:48:41.432+0000] {taskinstance.py:1847} ERROR - Task failed with exception
Traceback (most recent call last):
  File "/home/airflow/.local/lib/python3.7/site-packages/airflow/operators/bash.py", line 211, in execute
    f"Bash command failed. The command returned a non-zero exit code {result.exit_code}."
airflow.exceptions.AirflowException: Bash command failed. The command returned a non-zero exit code 1.
[2023-05-14T15:48:41.471+0000] {taskinstance.py:1373} INFO - Marking task as FAILED. dag_id=alert_dag, task_id=t1, execution_date=20190317T000000, start_date=20230514T154840, end_date=20230514T154841
[2023-05-14T15:48:41.554+0000] {standard_task_runner.py:109} ERROR - Failed to execute job 81 for task t1 (Bash command failed. The command returned a non-zero exit code 1.; 400)
[2023-05-14T15:48:41.641+0000] {local_task_job_runner.py:232} INFO - Task exited with return code 1
[2023-05-14T15:48:41.719+0000] {taskinstance.py:2674} INFO - 0 downstream tasks scheduled from follow-on schedule check
