[2023-05-15T07:51:33.538+0000] {processor.py:156} INFO - Started process (PID=86) to work on /home/airflow/.local/lib/python3.7/site-packages/airflow/example_dags/example_sensors.py
[2023-05-15T07:51:33.541+0000] {processor.py:799} INFO - Processing file /home/airflow/.local/lib/python3.7/site-packages/airflow/example_dags/example_sensors.py for tasks to queue
[2023-05-15T07:51:33.544+0000] {logging_mixin.py:149} INFO - [2023-05-15T07:51:33.544+0000] {dagbag.py:541} INFO - Filling up the DagBag from /home/airflow/.local/lib/python3.7/site-packages/airflow/example_dags/example_sensors.py
[2023-05-15T07:51:33.567+0000] {processor.py:809} INFO - DAG(s) dict_keys(['example_sensors']) retrieved from /home/airflow/.local/lib/python3.7/site-packages/airflow/example_dags/example_sensors.py
[2023-05-15T07:51:33.789+0000] {logging_mixin.py:149} INFO - [2023-05-15T07:51:33.789+0000] {manager.py:504} INFO - Created Permission View: can edit on DAG:example_sensors
[2023-05-15T07:51:33.809+0000] {logging_mixin.py:149} INFO - [2023-05-15T07:51:33.809+0000] {manager.py:504} INFO - Created Permission View: can read on DAG:example_sensors
[2023-05-15T07:51:33.828+0000] {logging_mixin.py:149} INFO - [2023-05-15T07:51:33.827+0000] {manager.py:504} INFO - Created Permission View: can delete on DAG:example_sensors
[2023-05-15T07:51:33.830+0000] {logging_mixin.py:149} INFO - [2023-05-15T07:51:33.830+0000] {dag.py:2726} INFO - Sync 1 DAGs
[2023-05-15T07:51:33.855+0000] {logging_mixin.py:149} INFO - [2023-05-15T07:51:33.855+0000] {dag.py:2747} INFO - Creating ORM DAG for example_sensors
[2023-05-15T07:51:33.881+0000] {logging_mixin.py:149} INFO - [2023-05-15T07:51:33.881+0000] {dag.py:3490} INFO - Setting next_dagrun for example_sensors to None, run_after=None
[2023-05-15T07:51:33.918+0000] {processor.py:178} INFO - Processing /home/airflow/.local/lib/python3.7/site-packages/airflow/example_dags/example_sensors.py took 0.387 seconds
[2023-05-15T07:52:04.424+0000] {processor.py:156} INFO - Started process (PID=153) to work on /home/airflow/.local/lib/python3.7/site-packages/airflow/example_dags/example_sensors.py
[2023-05-15T07:52:04.433+0000] {processor.py:799} INFO - Processing file /home/airflow/.local/lib/python3.7/site-packages/airflow/example_dags/example_sensors.py for tasks to queue
[2023-05-15T07:52:04.439+0000] {logging_mixin.py:149} INFO - [2023-05-15T07:52:04.439+0000] {dagbag.py:541} INFO - Filling up the DagBag from /home/airflow/.local/lib/python3.7/site-packages/airflow/example_dags/example_sensors.py
[2023-05-15T07:52:04.473+0000] {processor.py:809} INFO - DAG(s) dict_keys(['example_sensors']) retrieved from /home/airflow/.local/lib/python3.7/site-packages/airflow/example_dags/example_sensors.py
[2023-05-15T07:52:04.576+0000] {logging_mixin.py:149} INFO - [2023-05-15T07:52:04.575+0000] {dag.py:2726} INFO - Sync 1 DAGs
[2023-05-15T07:52:04.661+0000] {logging_mixin.py:149} INFO - [2023-05-15T07:52:04.661+0000] {dag.py:3490} INFO - Setting next_dagrun for example_sensors to None, run_after=None
[2023-05-15T07:52:04.728+0000] {processor.py:178} INFO - Processing /home/airflow/.local/lib/python3.7/site-packages/airflow/example_dags/example_sensors.py took 0.317 seconds
[2023-05-15T07:52:35.245+0000] {processor.py:156} INFO - Started process (PID=220) to work on /home/airflow/.local/lib/python3.7/site-packages/airflow/example_dags/example_sensors.py
[2023-05-15T07:52:35.251+0000] {processor.py:799} INFO - Processing file /home/airflow/.local/lib/python3.7/site-packages/airflow/example_dags/example_sensors.py for tasks to queue
[2023-05-15T07:52:35.255+0000] {logging_mixin.py:149} INFO - [2023-05-15T07:52:35.254+0000] {dagbag.py:541} INFO - Filling up the DagBag from /home/airflow/.local/lib/python3.7/site-packages/airflow/example_dags/example_sensors.py
[2023-05-15T07:52:35.277+0000] {processor.py:809} INFO - DAG(s) dict_keys(['example_sensors']) retrieved from /home/airflow/.local/lib/python3.7/site-packages/airflow/example_dags/example_sensors.py
[2023-05-15T07:52:35.347+0000] {logging_mixin.py:149} INFO - [2023-05-15T07:52:35.347+0000] {dag.py:2726} INFO - Sync 1 DAGs
[2023-05-15T07:52:35.409+0000] {logging_mixin.py:149} INFO - [2023-05-15T07:52:35.409+0000] {dag.py:3490} INFO - Setting next_dagrun for example_sensors to None, run_after=None
[2023-05-15T07:52:35.449+0000] {processor.py:178} INFO - Processing /home/airflow/.local/lib/python3.7/site-packages/airflow/example_dags/example_sensors.py took 0.211 seconds
[2023-05-15T07:53:06.076+0000] {processor.py:156} INFO - Started process (PID=288) to work on /home/airflow/.local/lib/python3.7/site-packages/airflow/example_dags/example_sensors.py
[2023-05-15T07:53:06.080+0000] {processor.py:799} INFO - Processing file /home/airflow/.local/lib/python3.7/site-packages/airflow/example_dags/example_sensors.py for tasks to queue
[2023-05-15T07:53:06.083+0000] {logging_mixin.py:149} INFO - [2023-05-15T07:53:06.082+0000] {dagbag.py:541} INFO - Filling up the DagBag from /home/airflow/.local/lib/python3.7/site-packages/airflow/example_dags/example_sensors.py
[2023-05-15T07:53:06.112+0000] {processor.py:809} INFO - DAG(s) dict_keys(['example_sensors']) retrieved from /home/airflow/.local/lib/python3.7/site-packages/airflow/example_dags/example_sensors.py
[2023-05-15T07:53:06.194+0000] {logging_mixin.py:149} INFO - [2023-05-15T07:53:06.194+0000] {dag.py:2726} INFO - Sync 1 DAGs
[2023-05-15T07:53:06.245+0000] {logging_mixin.py:149} INFO - [2023-05-15T07:53:06.245+0000] {dag.py:3490} INFO - Setting next_dagrun for example_sensors to None, run_after=None
[2023-05-15T07:53:06.287+0000] {processor.py:178} INFO - Processing /home/airflow/.local/lib/python3.7/site-packages/airflow/example_dags/example_sensors.py took 0.219 seconds
[2023-05-15T07:53:36.566+0000] {processor.py:156} INFO - Started process (PID=356) to work on /home/airflow/.local/lib/python3.7/site-packages/airflow/example_dags/example_sensors.py
[2023-05-15T07:53:36.569+0000] {processor.py:799} INFO - Processing file /home/airflow/.local/lib/python3.7/site-packages/airflow/example_dags/example_sensors.py for tasks to queue
[2023-05-15T07:53:36.573+0000] {logging_mixin.py:149} INFO - [2023-05-15T07:53:36.572+0000] {dagbag.py:541} INFO - Filling up the DagBag from /home/airflow/.local/lib/python3.7/site-packages/airflow/example_dags/example_sensors.py
[2023-05-15T07:53:36.590+0000] {processor.py:809} INFO - DAG(s) dict_keys(['example_sensors']) retrieved from /home/airflow/.local/lib/python3.7/site-packages/airflow/example_dags/example_sensors.py
[2023-05-15T07:53:36.630+0000] {logging_mixin.py:149} INFO - [2023-05-15T07:53:36.630+0000] {dag.py:2726} INFO - Sync 1 DAGs
[2023-05-15T07:53:36.664+0000] {logging_mixin.py:149} INFO - [2023-05-15T07:53:36.663+0000] {dag.py:3490} INFO - Setting next_dagrun for example_sensors to None, run_after=None
[2023-05-15T07:53:36.700+0000] {processor.py:178} INFO - Processing /home/airflow/.local/lib/python3.7/site-packages/airflow/example_dags/example_sensors.py took 0.140 seconds
[2023-05-15T07:54:07.243+0000] {processor.py:156} INFO - Started process (PID=422) to work on /home/airflow/.local/lib/python3.7/site-packages/airflow/example_dags/example_sensors.py
[2023-05-15T07:54:07.246+0000] {processor.py:799} INFO - Processing file /home/airflow/.local/lib/python3.7/site-packages/airflow/example_dags/example_sensors.py for tasks to queue
[2023-05-15T07:54:07.249+0000] {logging_mixin.py:149} INFO - [2023-05-15T07:54:07.249+0000] {dagbag.py:541} INFO - Filling up the DagBag from /home/airflow/.local/lib/python3.7/site-packages/airflow/example_dags/example_sensors.py
[2023-05-15T07:54:07.269+0000] {processor.py:809} INFO - DAG(s) dict_keys(['example_sensors']) retrieved from /home/airflow/.local/lib/python3.7/site-packages/airflow/example_dags/example_sensors.py
[2023-05-15T07:54:07.307+0000] {logging_mixin.py:149} INFO - [2023-05-15T07:54:07.307+0000] {dag.py:2726} INFO - Sync 1 DAGs
[2023-05-15T07:54:07.351+0000] {logging_mixin.py:149} INFO - [2023-05-15T07:54:07.350+0000] {dag.py:3490} INFO - Setting next_dagrun for example_sensors to None, run_after=None
[2023-05-15T07:54:07.385+0000] {processor.py:178} INFO - Processing /home/airflow/.local/lib/python3.7/site-packages/airflow/example_dags/example_sensors.py took 0.148 seconds
