[2023-05-15T07:51:27.111+0000] {processor.py:156} INFO - Started process (PID=68) to work on /home/airflow/.local/lib/python3.7/site-packages/airflow/example_dags/example_trigger_target_dag.py
[2023-05-15T07:51:27.115+0000] {processor.py:799} INFO - Processing file /home/airflow/.local/lib/python3.7/site-packages/airflow/example_dags/example_trigger_target_dag.py for tasks to queue
[2023-05-15T07:51:27.120+0000] {logging_mixin.py:149} INFO - [2023-05-15T07:51:27.119+0000] {dagbag.py:541} INFO - Filling up the DagBag from /home/airflow/.local/lib/python3.7/site-packages/airflow/example_dags/example_trigger_target_dag.py
[2023-05-15T07:51:27.138+0000] {processor.py:809} INFO - DAG(s) dict_keys(['example_trigger_target_dag']) retrieved from /home/airflow/.local/lib/python3.7/site-packages/airflow/example_dags/example_trigger_target_dag.py
[2023-05-15T07:51:27.357+0000] {logging_mixin.py:149} INFO - [2023-05-15T07:51:27.357+0000] {manager.py:504} INFO - Created Permission View: can edit on DAG:example_trigger_target_dag
[2023-05-15T07:51:27.389+0000] {logging_mixin.py:149} INFO - [2023-05-15T07:51:27.388+0000] {manager.py:504} INFO - Created Permission View: can read on DAG:example_trigger_target_dag
[2023-05-15T07:51:27.412+0000] {logging_mixin.py:149} INFO - [2023-05-15T07:51:27.411+0000] {manager.py:504} INFO - Created Permission View: can delete on DAG:example_trigger_target_dag
[2023-05-15T07:51:27.416+0000] {logging_mixin.py:149} INFO - [2023-05-15T07:51:27.416+0000] {dag.py:2726} INFO - Sync 1 DAGs
[2023-05-15T07:51:27.448+0000] {logging_mixin.py:149} INFO - [2023-05-15T07:51:27.447+0000] {dag.py:2747} INFO - Creating ORM DAG for example_trigger_target_dag
[2023-05-15T07:51:27.475+0000] {logging_mixin.py:149} INFO - [2023-05-15T07:51:27.474+0000] {dag.py:3490} INFO - Setting next_dagrun for example_trigger_target_dag to None, run_after=None
[2023-05-15T07:51:27.519+0000] {processor.py:178} INFO - Processing /home/airflow/.local/lib/python3.7/site-packages/airflow/example_dags/example_trigger_target_dag.py took 0.416 seconds
[2023-05-15T07:51:58.341+0000] {processor.py:156} INFO - Started process (PID=134) to work on /home/airflow/.local/lib/python3.7/site-packages/airflow/example_dags/example_trigger_target_dag.py
[2023-05-15T07:51:58.344+0000] {processor.py:799} INFO - Processing file /home/airflow/.local/lib/python3.7/site-packages/airflow/example_dags/example_trigger_target_dag.py for tasks to queue
[2023-05-15T07:51:58.347+0000] {logging_mixin.py:149} INFO - [2023-05-15T07:51:58.347+0000] {dagbag.py:541} INFO - Filling up the DagBag from /home/airflow/.local/lib/python3.7/site-packages/airflow/example_dags/example_trigger_target_dag.py
[2023-05-15T07:51:58.359+0000] {processor.py:809} INFO - DAG(s) dict_keys(['example_trigger_target_dag']) retrieved from /home/airflow/.local/lib/python3.7/site-packages/airflow/example_dags/example_trigger_target_dag.py
[2023-05-15T07:51:58.680+0000] {logging_mixin.py:149} INFO - [2023-05-15T07:51:58.679+0000] {dag.py:2726} INFO - Sync 1 DAGs
[2023-05-15T07:51:58.770+0000] {logging_mixin.py:149} INFO - [2023-05-15T07:51:58.770+0000] {dag.py:3490} INFO - Setting next_dagrun for example_trigger_target_dag to None, run_after=None
[2023-05-15T07:51:58.953+0000] {processor.py:178} INFO - Processing /home/airflow/.local/lib/python3.7/site-packages/airflow/example_dags/example_trigger_target_dag.py took 0.618 seconds
[2023-05-15T07:52:29.551+0000] {processor.py:156} INFO - Started process (PID=200) to work on /home/airflow/.local/lib/python3.7/site-packages/airflow/example_dags/example_trigger_target_dag.py
[2023-05-15T07:52:29.556+0000] {processor.py:799} INFO - Processing file /home/airflow/.local/lib/python3.7/site-packages/airflow/example_dags/example_trigger_target_dag.py for tasks to queue
[2023-05-15T07:52:29.559+0000] {logging_mixin.py:149} INFO - [2023-05-15T07:52:29.559+0000] {dagbag.py:541} INFO - Filling up the DagBag from /home/airflow/.local/lib/python3.7/site-packages/airflow/example_dags/example_trigger_target_dag.py
[2023-05-15T07:52:29.570+0000] {processor.py:809} INFO - DAG(s) dict_keys(['example_trigger_target_dag']) retrieved from /home/airflow/.local/lib/python3.7/site-packages/airflow/example_dags/example_trigger_target_dag.py
[2023-05-15T07:52:29.619+0000] {logging_mixin.py:149} INFO - [2023-05-15T07:52:29.619+0000] {dag.py:2726} INFO - Sync 1 DAGs
[2023-05-15T07:52:29.664+0000] {logging_mixin.py:149} INFO - [2023-05-15T07:52:29.664+0000] {dag.py:3490} INFO - Setting next_dagrun for example_trigger_target_dag to None, run_after=None
[2023-05-15T07:52:29.703+0000] {processor.py:178} INFO - Processing /home/airflow/.local/lib/python3.7/site-packages/airflow/example_dags/example_trigger_target_dag.py took 0.159 seconds
[2023-05-15T07:52:59.873+0000] {processor.py:156} INFO - Started process (PID=268) to work on /home/airflow/.local/lib/python3.7/site-packages/airflow/example_dags/example_trigger_target_dag.py
[2023-05-15T07:52:59.877+0000] {processor.py:799} INFO - Processing file /home/airflow/.local/lib/python3.7/site-packages/airflow/example_dags/example_trigger_target_dag.py for tasks to queue
[2023-05-15T07:52:59.880+0000] {logging_mixin.py:149} INFO - [2023-05-15T07:52:59.879+0000] {dagbag.py:541} INFO - Filling up the DagBag from /home/airflow/.local/lib/python3.7/site-packages/airflow/example_dags/example_trigger_target_dag.py
[2023-05-15T07:52:59.891+0000] {processor.py:809} INFO - DAG(s) dict_keys(['example_trigger_target_dag']) retrieved from /home/airflow/.local/lib/python3.7/site-packages/airflow/example_dags/example_trigger_target_dag.py
[2023-05-15T07:52:59.937+0000] {logging_mixin.py:149} INFO - [2023-05-15T07:52:59.937+0000] {dag.py:2726} INFO - Sync 1 DAGs
[2023-05-15T07:52:59.985+0000] {logging_mixin.py:149} INFO - [2023-05-15T07:52:59.984+0000] {dag.py:3490} INFO - Setting next_dagrun for example_trigger_target_dag to None, run_after=None
[2023-05-15T07:53:00.029+0000] {processor.py:178} INFO - Processing /home/airflow/.local/lib/python3.7/site-packages/airflow/example_dags/example_trigger_target_dag.py took 0.164 seconds
[2023-05-15T07:53:30.308+0000] {processor.py:156} INFO - Started process (PID=335) to work on /home/airflow/.local/lib/python3.7/site-packages/airflow/example_dags/example_trigger_target_dag.py
[2023-05-15T07:53:30.314+0000] {processor.py:799} INFO - Processing file /home/airflow/.local/lib/python3.7/site-packages/airflow/example_dags/example_trigger_target_dag.py for tasks to queue
[2023-05-15T07:53:30.318+0000] {logging_mixin.py:149} INFO - [2023-05-15T07:53:30.317+0000] {dagbag.py:541} INFO - Filling up the DagBag from /home/airflow/.local/lib/python3.7/site-packages/airflow/example_dags/example_trigger_target_dag.py
[2023-05-15T07:53:30.339+0000] {processor.py:809} INFO - DAG(s) dict_keys(['example_trigger_target_dag']) retrieved from /home/airflow/.local/lib/python3.7/site-packages/airflow/example_dags/example_trigger_target_dag.py
[2023-05-15T07:53:30.388+0000] {logging_mixin.py:149} INFO - [2023-05-15T07:53:30.388+0000] {dag.py:2726} INFO - Sync 1 DAGs
[2023-05-15T07:53:30.446+0000] {logging_mixin.py:149} INFO - [2023-05-15T07:53:30.446+0000] {dag.py:3490} INFO - Setting next_dagrun for example_trigger_target_dag to None, run_after=None
[2023-05-15T07:53:30.500+0000] {processor.py:178} INFO - Processing /home/airflow/.local/lib/python3.7/site-packages/airflow/example_dags/example_trigger_target_dag.py took 0.200 seconds
[2023-05-15T07:54:01.104+0000] {processor.py:156} INFO - Started process (PID=401) to work on /home/airflow/.local/lib/python3.7/site-packages/airflow/example_dags/example_trigger_target_dag.py
[2023-05-15T07:54:01.107+0000] {processor.py:799} INFO - Processing file /home/airflow/.local/lib/python3.7/site-packages/airflow/example_dags/example_trigger_target_dag.py for tasks to queue
[2023-05-15T07:54:01.110+0000] {logging_mixin.py:149} INFO - [2023-05-15T07:54:01.110+0000] {dagbag.py:541} INFO - Filling up the DagBag from /home/airflow/.local/lib/python3.7/site-packages/airflow/example_dags/example_trigger_target_dag.py
[2023-05-15T07:54:01.121+0000] {processor.py:809} INFO - DAG(s) dict_keys(['example_trigger_target_dag']) retrieved from /home/airflow/.local/lib/python3.7/site-packages/airflow/example_dags/example_trigger_target_dag.py
[2023-05-15T07:54:01.170+0000] {logging_mixin.py:149} INFO - [2023-05-15T07:54:01.169+0000] {dag.py:2726} INFO - Sync 1 DAGs
[2023-05-15T07:54:01.207+0000] {logging_mixin.py:149} INFO - [2023-05-15T07:54:01.207+0000] {dag.py:3490} INFO - Setting next_dagrun for example_trigger_target_dag to None, run_after=None
[2023-05-15T07:54:01.239+0000] {processor.py:178} INFO - Processing /home/airflow/.local/lib/python3.7/site-packages/airflow/example_dags/example_trigger_target_dag.py took 0.142 seconds
