[2023-05-15T07:51:23.212+0000] {processor.py:156} INFO - Started process (PID=59) to work on /home/airflow/.local/lib/python3.7/site-packages/airflow/example_dags/example_complex.py
[2023-05-15T07:51:23.217+0000] {processor.py:799} INFO - Processing file /home/airflow/.local/lib/python3.7/site-packages/airflow/example_dags/example_complex.py for tasks to queue
[2023-05-15T07:51:23.224+0000] {logging_mixin.py:149} INFO - [2023-05-15T07:51:23.223+0000] {dagbag.py:541} INFO - Filling up the DagBag from /home/airflow/.local/lib/python3.7/site-packages/airflow/example_dags/example_complex.py
[2023-05-15T07:51:23.268+0000] {logging_mixin.py:149} INFO - [2023-05-15T07:51:23.268+0000] {taskmixin.py:211} WARNING - Dependency <Task(BashOperator): create_entry_group>, delete_entry_group already registered for DAG: example_complex
[2023-05-15T07:51:23.272+0000] {logging_mixin.py:149} INFO - [2023-05-15T07:51:23.271+0000] {taskmixin.py:211} WARNING - Dependency <Task(BashOperator): delete_entry_group>, create_entry_group already registered for DAG: example_complex
[2023-05-15T07:51:23.280+0000] {logging_mixin.py:149} INFO - [2023-05-15T07:51:23.280+0000] {taskmixin.py:211} WARNING - Dependency <Task(BashOperator): create_entry_gcs>, delete_entry already registered for DAG: example_complex
[2023-05-15T07:51:23.283+0000] {logging_mixin.py:149} INFO - [2023-05-15T07:51:23.282+0000] {taskmixin.py:211} WARNING - Dependency <Task(BashOperator): delete_entry>, create_entry_gcs already registered for DAG: example_complex
[2023-05-15T07:51:23.287+0000] {logging_mixin.py:149} INFO - [2023-05-15T07:51:23.287+0000] {taskmixin.py:211} WARNING - Dependency <Task(BashOperator): create_tag>, delete_tag already registered for DAG: example_complex
[2023-05-15T07:51:23.305+0000] {logging_mixin.py:149} INFO - [2023-05-15T07:51:23.304+0000] {taskmixin.py:211} WARNING - Dependency <Task(BashOperator): delete_tag>, create_tag already registered for DAG: example_complex
[2023-05-15T07:51:23.315+0000] {processor.py:809} INFO - DAG(s) dict_keys(['example_complex']) retrieved from /home/airflow/.local/lib/python3.7/site-packages/airflow/example_dags/example_complex.py
[2023-05-15T07:51:24.016+0000] {logging_mixin.py:149} INFO - [2023-05-15T07:51:24.015+0000] {manager.py:504} INFO - Created Permission View: can edit on DAG:example_complex
[2023-05-15T07:51:24.050+0000] {logging_mixin.py:149} INFO - [2023-05-15T07:51:24.050+0000] {manager.py:504} INFO - Created Permission View: can read on DAG:example_complex
[2023-05-15T07:51:24.121+0000] {logging_mixin.py:149} INFO - [2023-05-15T07:51:24.120+0000] {manager.py:504} INFO - Created Permission View: can delete on DAG:example_complex
[2023-05-15T07:51:24.133+0000] {logging_mixin.py:149} INFO - [2023-05-15T07:51:24.133+0000] {dag.py:2726} INFO - Sync 1 DAGs
[2023-05-15T07:51:24.199+0000] {logging_mixin.py:149} INFO - [2023-05-15T07:51:24.199+0000] {dag.py:2747} INFO - Creating ORM DAG for example_complex
[2023-05-15T07:51:24.348+0000] {logging_mixin.py:149} INFO - [2023-05-15T07:51:24.348+0000] {dag.py:3490} INFO - Setting next_dagrun for example_complex to None, run_after=None
[2023-05-15T07:51:24.439+0000] {processor.py:178} INFO - Processing /home/airflow/.local/lib/python3.7/site-packages/airflow/example_dags/example_complex.py took 1.238 seconds
[2023-05-15T07:51:54.984+0000] {processor.py:156} INFO - Started process (PID=125) to work on /home/airflow/.local/lib/python3.7/site-packages/airflow/example_dags/example_complex.py
[2023-05-15T07:51:54.988+0000] {processor.py:799} INFO - Processing file /home/airflow/.local/lib/python3.7/site-packages/airflow/example_dags/example_complex.py for tasks to queue
[2023-05-15T07:51:54.992+0000] {logging_mixin.py:149} INFO - [2023-05-15T07:51:54.991+0000] {dagbag.py:541} INFO - Filling up the DagBag from /home/airflow/.local/lib/python3.7/site-packages/airflow/example_dags/example_complex.py
[2023-05-15T07:51:55.020+0000] {logging_mixin.py:149} INFO - [2023-05-15T07:51:55.020+0000] {taskmixin.py:211} WARNING - Dependency <Task(BashOperator): create_entry_group>, delete_entry_group already registered for DAG: example_complex
[2023-05-15T07:51:55.026+0000] {logging_mixin.py:149} INFO - [2023-05-15T07:51:55.026+0000] {taskmixin.py:211} WARNING - Dependency <Task(BashOperator): delete_entry_group>, create_entry_group already registered for DAG: example_complex
[2023-05-15T07:51:55.031+0000] {logging_mixin.py:149} INFO - [2023-05-15T07:51:55.031+0000] {taskmixin.py:211} WARNING - Dependency <Task(BashOperator): create_entry_gcs>, delete_entry already registered for DAG: example_complex
[2023-05-15T07:51:55.036+0000] {logging_mixin.py:149} INFO - [2023-05-15T07:51:55.035+0000] {taskmixin.py:211} WARNING - Dependency <Task(BashOperator): delete_entry>, create_entry_gcs already registered for DAG: example_complex
[2023-05-15T07:51:55.039+0000] {logging_mixin.py:149} INFO - [2023-05-15T07:51:55.039+0000] {taskmixin.py:211} WARNING - Dependency <Task(BashOperator): create_tag>, delete_tag already registered for DAG: example_complex
[2023-05-15T07:51:55.043+0000] {logging_mixin.py:149} INFO - [2023-05-15T07:51:55.042+0000] {taskmixin.py:211} WARNING - Dependency <Task(BashOperator): delete_tag>, create_tag already registered for DAG: example_complex
[2023-05-15T07:51:55.049+0000] {processor.py:809} INFO - DAG(s) dict_keys(['example_complex']) retrieved from /home/airflow/.local/lib/python3.7/site-packages/airflow/example_dags/example_complex.py
[2023-05-15T07:51:55.131+0000] {logging_mixin.py:149} INFO - [2023-05-15T07:51:55.130+0000] {dag.py:2726} INFO - Sync 1 DAGs
[2023-05-15T07:51:55.195+0000] {logging_mixin.py:149} INFO - [2023-05-15T07:51:55.195+0000] {dag.py:3490} INFO - Setting next_dagrun for example_complex to None, run_after=None
[2023-05-15T07:51:55.251+0000] {processor.py:178} INFO - Processing /home/airflow/.local/lib/python3.7/site-packages/airflow/example_dags/example_complex.py took 0.272 seconds
[2023-05-15T07:52:25.496+0000] {processor.py:156} INFO - Started process (PID=191) to work on /home/airflow/.local/lib/python3.7/site-packages/airflow/example_dags/example_complex.py
[2023-05-15T07:52:25.499+0000] {processor.py:799} INFO - Processing file /home/airflow/.local/lib/python3.7/site-packages/airflow/example_dags/example_complex.py for tasks to queue
[2023-05-15T07:52:25.503+0000] {logging_mixin.py:149} INFO - [2023-05-15T07:52:25.503+0000] {dagbag.py:541} INFO - Filling up the DagBag from /home/airflow/.local/lib/python3.7/site-packages/airflow/example_dags/example_complex.py
[2023-05-15T07:52:25.523+0000] {logging_mixin.py:149} INFO - [2023-05-15T07:52:25.522+0000] {taskmixin.py:211} WARNING - Dependency <Task(BashOperator): create_entry_group>, delete_entry_group already registered for DAG: example_complex
[2023-05-15T07:52:25.525+0000] {logging_mixin.py:149} INFO - [2023-05-15T07:52:25.525+0000] {taskmixin.py:211} WARNING - Dependency <Task(BashOperator): delete_entry_group>, create_entry_group already registered for DAG: example_complex
[2023-05-15T07:52:25.527+0000] {logging_mixin.py:149} INFO - [2023-05-15T07:52:25.527+0000] {taskmixin.py:211} WARNING - Dependency <Task(BashOperator): create_entry_gcs>, delete_entry already registered for DAG: example_complex
[2023-05-15T07:52:25.529+0000] {logging_mixin.py:149} INFO - [2023-05-15T07:52:25.528+0000] {taskmixin.py:211} WARNING - Dependency <Task(BashOperator): delete_entry>, create_entry_gcs already registered for DAG: example_complex
[2023-05-15T07:52:25.531+0000] {logging_mixin.py:149} INFO - [2023-05-15T07:52:25.531+0000] {taskmixin.py:211} WARNING - Dependency <Task(BashOperator): create_tag>, delete_tag already registered for DAG: example_complex
[2023-05-15T07:52:25.533+0000] {logging_mixin.py:149} INFO - [2023-05-15T07:52:25.533+0000] {taskmixin.py:211} WARNING - Dependency <Task(BashOperator): delete_tag>, create_tag already registered for DAG: example_complex
[2023-05-15T07:52:25.536+0000] {processor.py:809} INFO - DAG(s) dict_keys(['example_complex']) retrieved from /home/airflow/.local/lib/python3.7/site-packages/airflow/example_dags/example_complex.py
[2023-05-15T07:52:25.586+0000] {logging_mixin.py:149} INFO - [2023-05-15T07:52:25.586+0000] {dag.py:2726} INFO - Sync 1 DAGs
[2023-05-15T07:52:25.627+0000] {logging_mixin.py:149} INFO - [2023-05-15T07:52:25.627+0000] {dag.py:3490} INFO - Setting next_dagrun for example_complex to None, run_after=None
[2023-05-15T07:52:25.664+0000] {processor.py:178} INFO - Processing /home/airflow/.local/lib/python3.7/site-packages/airflow/example_dags/example_complex.py took 0.173 seconds
[2023-05-15T07:52:56.391+0000] {processor.py:156} INFO - Started process (PID=259) to work on /home/airflow/.local/lib/python3.7/site-packages/airflow/example_dags/example_complex.py
[2023-05-15T07:52:56.395+0000] {processor.py:799} INFO - Processing file /home/airflow/.local/lib/python3.7/site-packages/airflow/example_dags/example_complex.py for tasks to queue
[2023-05-15T07:52:56.399+0000] {logging_mixin.py:149} INFO - [2023-05-15T07:52:56.399+0000] {dagbag.py:541} INFO - Filling up the DagBag from /home/airflow/.local/lib/python3.7/site-packages/airflow/example_dags/example_complex.py
[2023-05-15T07:52:56.420+0000] {logging_mixin.py:149} INFO - [2023-05-15T07:52:56.420+0000] {taskmixin.py:211} WARNING - Dependency <Task(BashOperator): create_entry_group>, delete_entry_group already registered for DAG: example_complex
[2023-05-15T07:52:56.423+0000] {logging_mixin.py:149} INFO - [2023-05-15T07:52:56.422+0000] {taskmixin.py:211} WARNING - Dependency <Task(BashOperator): delete_entry_group>, create_entry_group already registered for DAG: example_complex
[2023-05-15T07:52:56.425+0000] {logging_mixin.py:149} INFO - [2023-05-15T07:52:56.425+0000] {taskmixin.py:211} WARNING - Dependency <Task(BashOperator): create_entry_gcs>, delete_entry already registered for DAG: example_complex
[2023-05-15T07:52:56.428+0000] {logging_mixin.py:149} INFO - [2023-05-15T07:52:56.428+0000] {taskmixin.py:211} WARNING - Dependency <Task(BashOperator): delete_entry>, create_entry_gcs already registered for DAG: example_complex
[2023-05-15T07:52:56.432+0000] {logging_mixin.py:149} INFO - [2023-05-15T07:52:56.431+0000] {taskmixin.py:211} WARNING - Dependency <Task(BashOperator): create_tag>, delete_tag already registered for DAG: example_complex
[2023-05-15T07:52:56.434+0000] {logging_mixin.py:149} INFO - [2023-05-15T07:52:56.434+0000] {taskmixin.py:211} WARNING - Dependency <Task(BashOperator): delete_tag>, create_tag already registered for DAG: example_complex
[2023-05-15T07:52:56.438+0000] {processor.py:809} INFO - DAG(s) dict_keys(['example_complex']) retrieved from /home/airflow/.local/lib/python3.7/site-packages/airflow/example_dags/example_complex.py
[2023-05-15T07:52:56.497+0000] {logging_mixin.py:149} INFO - [2023-05-15T07:52:56.496+0000] {dag.py:2726} INFO - Sync 1 DAGs
[2023-05-15T07:52:56.544+0000] {logging_mixin.py:149} INFO - [2023-05-15T07:52:56.544+0000] {dag.py:3490} INFO - Setting next_dagrun for example_complex to None, run_after=None
[2023-05-15T07:52:56.589+0000] {processor.py:178} INFO - Processing /home/airflow/.local/lib/python3.7/site-packages/airflow/example_dags/example_complex.py took 0.204 seconds
[2023-05-15T07:53:26.982+0000] {processor.py:156} INFO - Started process (PID=326) to work on /home/airflow/.local/lib/python3.7/site-packages/airflow/example_dags/example_complex.py
[2023-05-15T07:53:26.985+0000] {processor.py:799} INFO - Processing file /home/airflow/.local/lib/python3.7/site-packages/airflow/example_dags/example_complex.py for tasks to queue
[2023-05-15T07:53:26.988+0000] {logging_mixin.py:149} INFO - [2023-05-15T07:53:26.988+0000] {dagbag.py:541} INFO - Filling up the DagBag from /home/airflow/.local/lib/python3.7/site-packages/airflow/example_dags/example_complex.py
[2023-05-15T07:53:27.003+0000] {logging_mixin.py:149} INFO - [2023-05-15T07:53:27.003+0000] {taskmixin.py:211} WARNING - Dependency <Task(BashOperator): create_entry_group>, delete_entry_group already registered for DAG: example_complex
[2023-05-15T07:53:27.005+0000] {logging_mixin.py:149} INFO - [2023-05-15T07:53:27.005+0000] {taskmixin.py:211} WARNING - Dependency <Task(BashOperator): delete_entry_group>, create_entry_group already registered for DAG: example_complex
[2023-05-15T07:53:27.009+0000] {logging_mixin.py:149} INFO - [2023-05-15T07:53:27.009+0000] {taskmixin.py:211} WARNING - Dependency <Task(BashOperator): create_entry_gcs>, delete_entry already registered for DAG: example_complex
[2023-05-15T07:53:27.011+0000] {logging_mixin.py:149} INFO - [2023-05-15T07:53:27.011+0000] {taskmixin.py:211} WARNING - Dependency <Task(BashOperator): delete_entry>, create_entry_gcs already registered for DAG: example_complex
[2023-05-15T07:53:27.013+0000] {logging_mixin.py:149} INFO - [2023-05-15T07:53:27.013+0000] {taskmixin.py:211} WARNING - Dependency <Task(BashOperator): create_tag>, delete_tag already registered for DAG: example_complex
[2023-05-15T07:53:27.015+0000] {logging_mixin.py:149} INFO - [2023-05-15T07:53:27.015+0000] {taskmixin.py:211} WARNING - Dependency <Task(BashOperator): delete_tag>, create_tag already registered for DAG: example_complex
[2023-05-15T07:53:27.019+0000] {processor.py:809} INFO - DAG(s) dict_keys(['example_complex']) retrieved from /home/airflow/.local/lib/python3.7/site-packages/airflow/example_dags/example_complex.py
[2023-05-15T07:53:27.068+0000] {logging_mixin.py:149} INFO - [2023-05-15T07:53:27.067+0000] {dag.py:2726} INFO - Sync 1 DAGs
[2023-05-15T07:53:27.110+0000] {logging_mixin.py:149} INFO - [2023-05-15T07:53:27.109+0000] {dag.py:3490} INFO - Setting next_dagrun for example_complex to None, run_after=None
[2023-05-15T07:53:27.168+0000] {processor.py:178} INFO - Processing /home/airflow/.local/lib/python3.7/site-packages/airflow/example_dags/example_complex.py took 0.191 seconds
[2023-05-15T07:53:57.242+0000] {processor.py:156} INFO - Started process (PID=392) to work on /home/airflow/.local/lib/python3.7/site-packages/airflow/example_dags/example_complex.py
[2023-05-15T07:53:57.246+0000] {processor.py:799} INFO - Processing file /home/airflow/.local/lib/python3.7/site-packages/airflow/example_dags/example_complex.py for tasks to queue
[2023-05-15T07:53:57.249+0000] {logging_mixin.py:149} INFO - [2023-05-15T07:53:57.249+0000] {dagbag.py:541} INFO - Filling up the DagBag from /home/airflow/.local/lib/python3.7/site-packages/airflow/example_dags/example_complex.py
[2023-05-15T07:53:57.269+0000] {logging_mixin.py:149} INFO - [2023-05-15T07:53:57.268+0000] {taskmixin.py:211} WARNING - Dependency <Task(BashOperator): create_entry_group>, delete_entry_group already registered for DAG: example_complex
[2023-05-15T07:53:57.271+0000] {logging_mixin.py:149} INFO - [2023-05-15T07:53:57.270+0000] {taskmixin.py:211} WARNING - Dependency <Task(BashOperator): delete_entry_group>, create_entry_group already registered for DAG: example_complex
[2023-05-15T07:53:57.273+0000] {logging_mixin.py:149} INFO - [2023-05-15T07:53:57.273+0000] {taskmixin.py:211} WARNING - Dependency <Task(BashOperator): create_entry_gcs>, delete_entry already registered for DAG: example_complex
[2023-05-15T07:53:57.276+0000] {logging_mixin.py:149} INFO - [2023-05-15T07:53:57.275+0000] {taskmixin.py:211} WARNING - Dependency <Task(BashOperator): delete_entry>, create_entry_gcs already registered for DAG: example_complex
[2023-05-15T07:53:57.278+0000] {logging_mixin.py:149} INFO - [2023-05-15T07:53:57.278+0000] {taskmixin.py:211} WARNING - Dependency <Task(BashOperator): create_tag>, delete_tag already registered for DAG: example_complex
[2023-05-15T07:53:57.280+0000] {logging_mixin.py:149} INFO - [2023-05-15T07:53:57.280+0000] {taskmixin.py:211} WARNING - Dependency <Task(BashOperator): delete_tag>, create_tag already registered for DAG: example_complex
[2023-05-15T07:53:57.284+0000] {processor.py:809} INFO - DAG(s) dict_keys(['example_complex']) retrieved from /home/airflow/.local/lib/python3.7/site-packages/airflow/example_dags/example_complex.py
[2023-05-15T07:53:57.330+0000] {logging_mixin.py:149} INFO - [2023-05-15T07:53:57.330+0000] {dag.py:2726} INFO - Sync 1 DAGs
[2023-05-15T07:53:57.365+0000] {logging_mixin.py:149} INFO - [2023-05-15T07:53:57.365+0000] {dag.py:3490} INFO - Setting next_dagrun for example_complex to None, run_after=None
[2023-05-15T07:53:57.398+0000] {processor.py:178} INFO - Processing /home/airflow/.local/lib/python3.7/site-packages/airflow/example_dags/example_complex.py took 0.162 seconds
