[2023-05-15T07:51:21.393+0000] {processor.py:156} INFO - Started process (PID=57) to work on /home/airflow/.local/lib/python3.7/site-packages/airflow/example_dags/example_bash_operator.py
[2023-05-15T07:51:21.400+0000] {processor.py:799} INFO - Processing file /home/airflow/.local/lib/python3.7/site-packages/airflow/example_dags/example_bash_operator.py for tasks to queue
[2023-05-15T07:51:21.407+0000] {logging_mixin.py:149} INFO - [2023-05-15T07:51:21.406+0000] {dagbag.py:541} INFO - Filling up the DagBag from /home/airflow/.local/lib/python3.7/site-packages/airflow/example_dags/example_bash_operator.py
[2023-05-15T07:51:21.644+0000] {processor.py:809} INFO - DAG(s) dict_keys(['example_bash_operator']) retrieved from /home/airflow/.local/lib/python3.7/site-packages/airflow/example_dags/example_bash_operator.py
[2023-05-15T07:51:22.562+0000] {logging_mixin.py:149} INFO - [2023-05-15T07:51:22.561+0000] {manager.py:504} INFO - Created Permission View: can edit on DAG:example_bash_operator
[2023-05-15T07:51:22.667+0000] {logging_mixin.py:149} INFO - [2023-05-15T07:51:22.666+0000] {manager.py:504} INFO - Created Permission View: can read on DAG:example_bash_operator
[2023-05-15T07:51:22.700+0000] {logging_mixin.py:149} INFO - [2023-05-15T07:51:22.700+0000] {manager.py:504} INFO - Created Permission View: can delete on DAG:example_bash_operator
[2023-05-15T07:51:22.746+0000] {logging_mixin.py:149} INFO - [2023-05-15T07:51:22.746+0000] {dag.py:2726} INFO - Sync 1 DAGs
[2023-05-15T07:51:22.830+0000] {logging_mixin.py:149} INFO - [2023-05-15T07:51:22.829+0000] {dag.py:2747} INFO - Creating ORM DAG for example_bash_operator
[2023-05-15T07:51:22.915+0000] {logging_mixin.py:149} INFO - [2023-05-15T07:51:22.914+0000] {dag.py:3490} INFO - Setting next_dagrun for example_bash_operator to 2023-05-14T00:00:00+00:00, run_after=2023-05-15T00:00:00+00:00
[2023-05-15T07:51:23.107+0000] {processor.py:178} INFO - Processing /home/airflow/.local/lib/python3.7/site-packages/airflow/example_dags/example_bash_operator.py took 1.776 seconds
[2023-05-15T07:51:53.752+0000] {processor.py:156} INFO - Started process (PID=123) to work on /home/airflow/.local/lib/python3.7/site-packages/airflow/example_dags/example_bash_operator.py
[2023-05-15T07:51:53.756+0000] {processor.py:799} INFO - Processing file /home/airflow/.local/lib/python3.7/site-packages/airflow/example_dags/example_bash_operator.py for tasks to queue
[2023-05-15T07:51:53.760+0000] {logging_mixin.py:149} INFO - [2023-05-15T07:51:53.759+0000] {dagbag.py:541} INFO - Filling up the DagBag from /home/airflow/.local/lib/python3.7/site-packages/airflow/example_dags/example_bash_operator.py
[2023-05-15T07:51:53.782+0000] {processor.py:809} INFO - DAG(s) dict_keys(['example_bash_operator']) retrieved from /home/airflow/.local/lib/python3.7/site-packages/airflow/example_dags/example_bash_operator.py
[2023-05-15T07:51:53.843+0000] {logging_mixin.py:149} INFO - [2023-05-15T07:51:53.842+0000] {dag.py:2726} INFO - Sync 1 DAGs
[2023-05-15T07:51:53.892+0000] {logging_mixin.py:149} INFO - [2023-05-15T07:51:53.891+0000] {dag.py:3490} INFO - Setting next_dagrun for example_bash_operator to 2023-05-14T00:00:00+00:00, run_after=2023-05-15T00:00:00+00:00
[2023-05-15T07:51:53.927+0000] {processor.py:178} INFO - Processing /home/airflow/.local/lib/python3.7/site-packages/airflow/example_dags/example_bash_operator.py took 0.180 seconds
[2023-05-15T07:52:24.291+0000] {processor.py:156} INFO - Started process (PID=189) to work on /home/airflow/.local/lib/python3.7/site-packages/airflow/example_dags/example_bash_operator.py
[2023-05-15T07:52:24.294+0000] {processor.py:799} INFO - Processing file /home/airflow/.local/lib/python3.7/site-packages/airflow/example_dags/example_bash_operator.py for tasks to queue
[2023-05-15T07:52:24.296+0000] {logging_mixin.py:149} INFO - [2023-05-15T07:52:24.296+0000] {dagbag.py:541} INFO - Filling up the DagBag from /home/airflow/.local/lib/python3.7/site-packages/airflow/example_dags/example_bash_operator.py
[2023-05-15T07:52:24.316+0000] {processor.py:809} INFO - DAG(s) dict_keys(['example_bash_operator']) retrieved from /home/airflow/.local/lib/python3.7/site-packages/airflow/example_dags/example_bash_operator.py
[2023-05-15T07:52:24.371+0000] {logging_mixin.py:149} INFO - [2023-05-15T07:52:24.371+0000] {dag.py:2726} INFO - Sync 1 DAGs
[2023-05-15T07:52:24.410+0000] {logging_mixin.py:149} INFO - [2023-05-15T07:52:24.410+0000] {dag.py:3490} INFO - Setting next_dagrun for example_bash_operator to 2023-05-14T00:00:00+00:00, run_after=2023-05-15T00:00:00+00:00
[2023-05-15T07:52:24.445+0000] {processor.py:178} INFO - Processing /home/airflow/.local/lib/python3.7/site-packages/airflow/example_dags/example_bash_operator.py took 0.160 seconds
[2023-05-15T07:52:55.149+0000] {processor.py:156} INFO - Started process (PID=257) to work on /home/airflow/.local/lib/python3.7/site-packages/airflow/example_dags/example_bash_operator.py
[2023-05-15T07:52:55.154+0000] {processor.py:799} INFO - Processing file /home/airflow/.local/lib/python3.7/site-packages/airflow/example_dags/example_bash_operator.py for tasks to queue
[2023-05-15T07:52:55.158+0000] {logging_mixin.py:149} INFO - [2023-05-15T07:52:55.158+0000] {dagbag.py:541} INFO - Filling up the DagBag from /home/airflow/.local/lib/python3.7/site-packages/airflow/example_dags/example_bash_operator.py
[2023-05-15T07:52:55.195+0000] {processor.py:809} INFO - DAG(s) dict_keys(['example_bash_operator']) retrieved from /home/airflow/.local/lib/python3.7/site-packages/airflow/example_dags/example_bash_operator.py
[2023-05-15T07:52:55.267+0000] {logging_mixin.py:149} INFO - [2023-05-15T07:52:55.267+0000] {dag.py:2726} INFO - Sync 1 DAGs
[2023-05-15T07:52:55.314+0000] {logging_mixin.py:149} INFO - [2023-05-15T07:52:55.314+0000] {dag.py:3490} INFO - Setting next_dagrun for example_bash_operator to 2023-05-14T00:00:00+00:00, run_after=2023-05-15T00:00:00+00:00
[2023-05-15T07:52:55.353+0000] {processor.py:178} INFO - Processing /home/airflow/.local/lib/python3.7/site-packages/airflow/example_dags/example_bash_operator.py took 0.211 seconds
[2023-05-15T07:53:25.800+0000] {processor.py:156} INFO - Started process (PID=324) to work on /home/airflow/.local/lib/python3.7/site-packages/airflow/example_dags/example_bash_operator.py
[2023-05-15T07:53:25.804+0000] {processor.py:799} INFO - Processing file /home/airflow/.local/lib/python3.7/site-packages/airflow/example_dags/example_bash_operator.py for tasks to queue
[2023-05-15T07:53:25.807+0000] {logging_mixin.py:149} INFO - [2023-05-15T07:53:25.806+0000] {dagbag.py:541} INFO - Filling up the DagBag from /home/airflow/.local/lib/python3.7/site-packages/airflow/example_dags/example_bash_operator.py
[2023-05-15T07:53:25.831+0000] {processor.py:809} INFO - DAG(s) dict_keys(['example_bash_operator']) retrieved from /home/airflow/.local/lib/python3.7/site-packages/airflow/example_dags/example_bash_operator.py
[2023-05-15T07:53:25.881+0000] {logging_mixin.py:149} INFO - [2023-05-15T07:53:25.880+0000] {dag.py:2726} INFO - Sync 1 DAGs
[2023-05-15T07:53:25.919+0000] {logging_mixin.py:149} INFO - [2023-05-15T07:53:25.918+0000] {dag.py:3490} INFO - Setting next_dagrun for example_bash_operator to 2023-05-14T00:00:00+00:00, run_after=2023-05-15T00:00:00+00:00
[2023-05-15T07:53:25.951+0000] {processor.py:178} INFO - Processing /home/airflow/.local/lib/python3.7/site-packages/airflow/example_dags/example_bash_operator.py took 0.156 seconds
[2023-05-15T07:53:56.051+0000] {processor.py:156} INFO - Started process (PID=390) to work on /home/airflow/.local/lib/python3.7/site-packages/airflow/example_dags/example_bash_operator.py
[2023-05-15T07:53:56.054+0000] {processor.py:799} INFO - Processing file /home/airflow/.local/lib/python3.7/site-packages/airflow/example_dags/example_bash_operator.py for tasks to queue
[2023-05-15T07:53:56.057+0000] {logging_mixin.py:149} INFO - [2023-05-15T07:53:56.056+0000] {dagbag.py:541} INFO - Filling up the DagBag from /home/airflow/.local/lib/python3.7/site-packages/airflow/example_dags/example_bash_operator.py
[2023-05-15T07:53:56.084+0000] {processor.py:809} INFO - DAG(s) dict_keys(['example_bash_operator']) retrieved from /home/airflow/.local/lib/python3.7/site-packages/airflow/example_dags/example_bash_operator.py
[2023-05-15T07:53:56.145+0000] {logging_mixin.py:149} INFO - [2023-05-15T07:53:56.144+0000] {dag.py:2726} INFO - Sync 1 DAGs
[2023-05-15T07:53:56.178+0000] {logging_mixin.py:149} INFO - [2023-05-15T07:53:56.178+0000] {dag.py:3490} INFO - Setting next_dagrun for example_bash_operator to 2023-05-14T00:00:00+00:00, run_after=2023-05-15T00:00:00+00:00
[2023-05-15T07:53:56.205+0000] {processor.py:178} INFO - Processing /home/airflow/.local/lib/python3.7/site-packages/airflow/example_dags/example_bash_operator.py took 0.162 seconds
