[2023-05-15T07:51:23.107+0000] {processor.py:156} INFO - Started process (PID=58) to work on /home/airflow/.local/lib/python3.7/site-packages/airflow/example_dags/example_sensor_decorator.py
[2023-05-15T07:51:23.113+0000] {processor.py:799} INFO - Processing file /home/airflow/.local/lib/python3.7/site-packages/airflow/example_dags/example_sensor_decorator.py for tasks to queue
[2023-05-15T07:51:23.119+0000] {logging_mixin.py:149} INFO - [2023-05-15T07:51:23.118+0000] {dagbag.py:541} INFO - Filling up the DagBag from /home/airflow/.local/lib/python3.7/site-packages/airflow/example_dags/example_sensor_decorator.py
[2023-05-15T07:51:23.174+0000] {processor.py:809} INFO - DAG(s) dict_keys(['example_sensor_decorator']) retrieved from /home/airflow/.local/lib/python3.7/site-packages/airflow/example_dags/example_sensor_decorator.py
[2023-05-15T07:51:23.586+0000] {logging_mixin.py:149} INFO - [2023-05-15T07:51:23.585+0000] {manager.py:504} INFO - Created Permission View: can edit on DAG:example_sensor_decorator
[2023-05-15T07:51:23.630+0000] {logging_mixin.py:149} INFO - [2023-05-15T07:51:23.619+0000] {manager.py:504} INFO - Created Permission View: can read on DAG:example_sensor_decorator
[2023-05-15T07:51:23.715+0000] {logging_mixin.py:149} INFO - [2023-05-15T07:51:23.714+0000] {manager.py:504} INFO - Created Permission View: can delete on DAG:example_sensor_decorator
[2023-05-15T07:51:23.754+0000] {logging_mixin.py:149} INFO - [2023-05-15T07:51:23.754+0000] {dag.py:2726} INFO - Sync 1 DAGs
[2023-05-15T07:51:23.802+0000] {logging_mixin.py:149} INFO - [2023-05-15T07:51:23.802+0000] {dag.py:2747} INFO - Creating ORM DAG for example_sensor_decorator
[2023-05-15T07:51:23.898+0000] {logging_mixin.py:149} INFO - [2023-05-15T07:51:23.898+0000] {dag.py:3490} INFO - Setting next_dagrun for example_sensor_decorator to None, run_after=None
[2023-05-15T07:51:24.172+0000] {processor.py:178} INFO - Processing /home/airflow/.local/lib/python3.7/site-packages/airflow/example_dags/example_sensor_decorator.py took 1.094 seconds
[2023-05-15T07:51:54.966+0000] {processor.py:156} INFO - Started process (PID=124) to work on /home/airflow/.local/lib/python3.7/site-packages/airflow/example_dags/example_sensor_decorator.py
[2023-05-15T07:51:54.972+0000] {processor.py:799} INFO - Processing file /home/airflow/.local/lib/python3.7/site-packages/airflow/example_dags/example_sensor_decorator.py for tasks to queue
[2023-05-15T07:51:54.977+0000] {logging_mixin.py:149} INFO - [2023-05-15T07:51:54.977+0000] {dagbag.py:541} INFO - Filling up the DagBag from /home/airflow/.local/lib/python3.7/site-packages/airflow/example_dags/example_sensor_decorator.py
[2023-05-15T07:51:54.998+0000] {processor.py:809} INFO - DAG(s) dict_keys(['example_sensor_decorator']) retrieved from /home/airflow/.local/lib/python3.7/site-packages/airflow/example_dags/example_sensor_decorator.py
[2023-05-15T07:51:55.073+0000] {logging_mixin.py:149} INFO - [2023-05-15T07:51:55.072+0000] {dag.py:2726} INFO - Sync 1 DAGs
[2023-05-15T07:51:55.131+0000] {logging_mixin.py:149} INFO - [2023-05-15T07:51:55.130+0000] {dag.py:3490} INFO - Setting next_dagrun for example_sensor_decorator to None, run_after=None
[2023-05-15T07:51:55.182+0000] {processor.py:178} INFO - Processing /home/airflow/.local/lib/python3.7/site-packages/airflow/example_dags/example_sensor_decorator.py took 0.225 seconds
[2023-05-15T07:52:25.485+0000] {processor.py:156} INFO - Started process (PID=190) to work on /home/airflow/.local/lib/python3.7/site-packages/airflow/example_dags/example_sensor_decorator.py
[2023-05-15T07:52:25.490+0000] {processor.py:799} INFO - Processing file /home/airflow/.local/lib/python3.7/site-packages/airflow/example_dags/example_sensor_decorator.py for tasks to queue
[2023-05-15T07:52:25.493+0000] {logging_mixin.py:149} INFO - [2023-05-15T07:52:25.493+0000] {dagbag.py:541} INFO - Filling up the DagBag from /home/airflow/.local/lib/python3.7/site-packages/airflow/example_dags/example_sensor_decorator.py
[2023-05-15T07:52:25.505+0000] {processor.py:809} INFO - DAG(s) dict_keys(['example_sensor_decorator']) retrieved from /home/airflow/.local/lib/python3.7/site-packages/airflow/example_dags/example_sensor_decorator.py
[2023-05-15T07:52:25.549+0000] {logging_mixin.py:149} INFO - [2023-05-15T07:52:25.548+0000] {dag.py:2726} INFO - Sync 1 DAGs
[2023-05-15T07:52:25.588+0000] {logging_mixin.py:149} INFO - [2023-05-15T07:52:25.588+0000] {dag.py:3490} INFO - Setting next_dagrun for example_sensor_decorator to None, run_after=None
[2023-05-15T07:52:25.622+0000] {processor.py:178} INFO - Processing /home/airflow/.local/lib/python3.7/site-packages/airflow/example_dags/example_sensor_decorator.py took 0.143 seconds
[2023-05-15T07:52:56.377+0000] {processor.py:156} INFO - Started process (PID=258) to work on /home/airflow/.local/lib/python3.7/site-packages/airflow/example_dags/example_sensor_decorator.py
[2023-05-15T07:52:56.382+0000] {processor.py:799} INFO - Processing file /home/airflow/.local/lib/python3.7/site-packages/airflow/example_dags/example_sensor_decorator.py for tasks to queue
[2023-05-15T07:52:56.386+0000] {logging_mixin.py:149} INFO - [2023-05-15T07:52:56.385+0000] {dagbag.py:541} INFO - Filling up the DagBag from /home/airflow/.local/lib/python3.7/site-packages/airflow/example_dags/example_sensor_decorator.py
[2023-05-15T07:52:56.400+0000] {processor.py:809} INFO - DAG(s) dict_keys(['example_sensor_decorator']) retrieved from /home/airflow/.local/lib/python3.7/site-packages/airflow/example_dags/example_sensor_decorator.py
[2023-05-15T07:52:56.455+0000] {logging_mixin.py:149} INFO - [2023-05-15T07:52:56.455+0000] {dag.py:2726} INFO - Sync 1 DAGs
[2023-05-15T07:52:56.500+0000] {logging_mixin.py:149} INFO - [2023-05-15T07:52:56.500+0000] {dag.py:3490} INFO - Setting next_dagrun for example_sensor_decorator to None, run_after=None
[2023-05-15T07:52:56.539+0000] {processor.py:178} INFO - Processing /home/airflow/.local/lib/python3.7/site-packages/airflow/example_dags/example_sensor_decorator.py took 0.168 seconds
[2023-05-15T07:53:26.973+0000] {processor.py:156} INFO - Started process (PID=325) to work on /home/airflow/.local/lib/python3.7/site-packages/airflow/example_dags/example_sensor_decorator.py
[2023-05-15T07:53:26.976+0000] {processor.py:799} INFO - Processing file /home/airflow/.local/lib/python3.7/site-packages/airflow/example_dags/example_sensor_decorator.py for tasks to queue
[2023-05-15T07:53:26.979+0000] {logging_mixin.py:149} INFO - [2023-05-15T07:53:26.979+0000] {dagbag.py:541} INFO - Filling up the DagBag from /home/airflow/.local/lib/python3.7/site-packages/airflow/example_dags/example_sensor_decorator.py
[2023-05-15T07:53:26.990+0000] {processor.py:809} INFO - DAG(s) dict_keys(['example_sensor_decorator']) retrieved from /home/airflow/.local/lib/python3.7/site-packages/airflow/example_dags/example_sensor_decorator.py
[2023-05-15T07:53:27.030+0000] {logging_mixin.py:149} INFO - [2023-05-15T07:53:27.030+0000] {dag.py:2726} INFO - Sync 1 DAGs
[2023-05-15T07:53:27.065+0000] {logging_mixin.py:149} INFO - [2023-05-15T07:53:27.064+0000] {dag.py:3490} INFO - Setting next_dagrun for example_sensor_decorator to None, run_after=None
[2023-05-15T07:53:27.103+0000] {processor.py:178} INFO - Processing /home/airflow/.local/lib/python3.7/site-packages/airflow/example_dags/example_sensor_decorator.py took 0.136 seconds
[2023-05-15T07:53:57.231+0000] {processor.py:156} INFO - Started process (PID=391) to work on /home/airflow/.local/lib/python3.7/site-packages/airflow/example_dags/example_sensor_decorator.py
[2023-05-15T07:53:57.235+0000] {processor.py:799} INFO - Processing file /home/airflow/.local/lib/python3.7/site-packages/airflow/example_dags/example_sensor_decorator.py for tasks to queue
[2023-05-15T07:53:57.238+0000] {logging_mixin.py:149} INFO - [2023-05-15T07:53:57.238+0000] {dagbag.py:541} INFO - Filling up the DagBag from /home/airflow/.local/lib/python3.7/site-packages/airflow/example_dags/example_sensor_decorator.py
[2023-05-15T07:53:57.251+0000] {processor.py:809} INFO - DAG(s) dict_keys(['example_sensor_decorator']) retrieved from /home/airflow/.local/lib/python3.7/site-packages/airflow/example_dags/example_sensor_decorator.py
[2023-05-15T07:53:57.295+0000] {logging_mixin.py:149} INFO - [2023-05-15T07:53:57.295+0000] {dag.py:2726} INFO - Sync 1 DAGs
[2023-05-15T07:53:57.329+0000] {logging_mixin.py:149} INFO - [2023-05-15T07:53:57.329+0000] {dag.py:3490} INFO - Setting next_dagrun for example_sensor_decorator to None, run_after=None
[2023-05-15T07:53:57.359+0000] {processor.py:178} INFO - Processing /home/airflow/.local/lib/python3.7/site-packages/airflow/example_dags/example_sensor_decorator.py took 0.135 seconds
