[2023-05-15T07:51:07.881+0000] {processor.py:156} INFO - Started process (PID=39) to work on /home/airflow/.local/lib/python3.7/site-packages/airflow/example_dags/example_branch_day_of_week_operator.py
[2023-05-15T07:51:07.885+0000] {processor.py:799} INFO - Processing file /home/airflow/.local/lib/python3.7/site-packages/airflow/example_dags/example_branch_day_of_week_operator.py for tasks to queue
[2023-05-15T07:51:07.893+0000] {logging_mixin.py:149} INFO - [2023-05-15T07:51:07.892+0000] {dagbag.py:541} INFO - Filling up the DagBag from /home/airflow/.local/lib/python3.7/site-packages/airflow/example_dags/example_branch_day_of_week_operator.py
[2023-05-15T07:51:08.124+0000] {processor.py:809} INFO - DAG(s) dict_keys(['example_weekday_branch_operator']) retrieved from /home/airflow/.local/lib/python3.7/site-packages/airflow/example_dags/example_branch_day_of_week_operator.py
[2023-05-15T07:51:08.425+0000] {logging_mixin.py:149} INFO - [2023-05-15T07:51:08.424+0000] {manager.py:504} INFO - Created Permission View: can edit on DAG:example_weekday_branch_operator
[2023-05-15T07:51:08.462+0000] {logging_mixin.py:149} INFO - [2023-05-15T07:51:08.462+0000] {manager.py:504} INFO - Created Permission View: can read on DAG:example_weekday_branch_operator
[2023-05-15T07:51:08.484+0000] {logging_mixin.py:149} INFO - [2023-05-15T07:51:08.483+0000] {manager.py:504} INFO - Created Permission View: can delete on DAG:example_weekday_branch_operator
[2023-05-15T07:51:08.486+0000] {logging_mixin.py:149} INFO - [2023-05-15T07:51:08.486+0000] {dag.py:2726} INFO - Sync 1 DAGs
[2023-05-15T07:51:08.524+0000] {logging_mixin.py:149} INFO - [2023-05-15T07:51:08.523+0000] {dag.py:2747} INFO - Creating ORM DAG for example_weekday_branch_operator
[2023-05-15T07:51:08.584+0000] {logging_mixin.py:149} INFO - [2023-05-15T07:51:08.583+0000] {dag.py:3490} INFO - Setting next_dagrun for example_weekday_branch_operator to 2023-05-14T00:00:00+00:00, run_after=2023-05-15T00:00:00+00:00
[2023-05-15T07:51:08.643+0000] {processor.py:178} INFO - Processing /home/airflow/.local/lib/python3.7/site-packages/airflow/example_dags/example_branch_day_of_week_operator.py took 0.771 seconds
[2023-05-15T07:51:39.202+0000] {processor.py:156} INFO - Started process (PID=105) to work on /home/airflow/.local/lib/python3.7/site-packages/airflow/example_dags/example_branch_day_of_week_operator.py
[2023-05-15T07:51:39.205+0000] {processor.py:799} INFO - Processing file /home/airflow/.local/lib/python3.7/site-packages/airflow/example_dags/example_branch_day_of_week_operator.py for tasks to queue
[2023-05-15T07:51:39.208+0000] {logging_mixin.py:149} INFO - [2023-05-15T07:51:39.208+0000] {dagbag.py:541} INFO - Filling up the DagBag from /home/airflow/.local/lib/python3.7/site-packages/airflow/example_dags/example_branch_day_of_week_operator.py
[2023-05-15T07:51:39.233+0000] {processor.py:809} INFO - DAG(s) dict_keys(['example_weekday_branch_operator']) retrieved from /home/airflow/.local/lib/python3.7/site-packages/airflow/example_dags/example_branch_day_of_week_operator.py
[2023-05-15T07:51:39.333+0000] {logging_mixin.py:149} INFO - [2023-05-15T07:51:39.332+0000] {dag.py:2726} INFO - Sync 1 DAGs
[2023-05-15T07:51:39.703+0000] {logging_mixin.py:149} INFO - [2023-05-15T07:51:39.703+0000] {dag.py:3490} INFO - Setting next_dagrun for example_weekday_branch_operator to 2023-05-14T00:00:00+00:00, run_after=2023-05-15T00:00:00+00:00
[2023-05-15T07:51:39.821+0000] {processor.py:178} INFO - Processing /home/airflow/.local/lib/python3.7/site-packages/airflow/example_dags/example_branch_day_of_week_operator.py took 0.627 seconds
[2023-05-15T07:52:10.276+0000] {processor.py:156} INFO - Started process (PID=171) to work on /home/airflow/.local/lib/python3.7/site-packages/airflow/example_dags/example_branch_day_of_week_operator.py
[2023-05-15T07:52:10.281+0000] {processor.py:799} INFO - Processing file /home/airflow/.local/lib/python3.7/site-packages/airflow/example_dags/example_branch_day_of_week_operator.py for tasks to queue
[2023-05-15T07:52:10.284+0000] {logging_mixin.py:149} INFO - [2023-05-15T07:52:10.283+0000] {dagbag.py:541} INFO - Filling up the DagBag from /home/airflow/.local/lib/python3.7/site-packages/airflow/example_dags/example_branch_day_of_week_operator.py
[2023-05-15T07:52:10.303+0000] {processor.py:809} INFO - DAG(s) dict_keys(['example_weekday_branch_operator']) retrieved from /home/airflow/.local/lib/python3.7/site-packages/airflow/example_dags/example_branch_day_of_week_operator.py
[2023-05-15T07:52:10.353+0000] {logging_mixin.py:149} INFO - [2023-05-15T07:52:10.353+0000] {dag.py:2726} INFO - Sync 1 DAGs
[2023-05-15T07:52:10.391+0000] {logging_mixin.py:149} INFO - [2023-05-15T07:52:10.391+0000] {dag.py:3490} INFO - Setting next_dagrun for example_weekday_branch_operator to 2023-05-14T00:00:00+00:00, run_after=2023-05-15T00:00:00+00:00
[2023-05-15T07:52:10.434+0000] {processor.py:178} INFO - Processing /home/airflow/.local/lib/python3.7/site-packages/airflow/example_dags/example_branch_day_of_week_operator.py took 0.163 seconds
[2023-05-15T07:52:40.767+0000] {processor.py:156} INFO - Started process (PID=238) to work on /home/airflow/.local/lib/python3.7/site-packages/airflow/example_dags/example_branch_day_of_week_operator.py
[2023-05-15T07:52:40.770+0000] {processor.py:799} INFO - Processing file /home/airflow/.local/lib/python3.7/site-packages/airflow/example_dags/example_branch_day_of_week_operator.py for tasks to queue
[2023-05-15T07:52:40.773+0000] {logging_mixin.py:149} INFO - [2023-05-15T07:52:40.773+0000] {dagbag.py:541} INFO - Filling up the DagBag from /home/airflow/.local/lib/python3.7/site-packages/airflow/example_dags/example_branch_day_of_week_operator.py
[2023-05-15T07:52:40.785+0000] {processor.py:809} INFO - DAG(s) dict_keys(['example_weekday_branch_operator']) retrieved from /home/airflow/.local/lib/python3.7/site-packages/airflow/example_dags/example_branch_day_of_week_operator.py
[2023-05-15T07:52:40.828+0000] {logging_mixin.py:149} INFO - [2023-05-15T07:52:40.828+0000] {dag.py:2726} INFO - Sync 1 DAGs
[2023-05-15T07:52:40.877+0000] {logging_mixin.py:149} INFO - [2023-05-15T07:52:40.877+0000] {dag.py:3490} INFO - Setting next_dagrun for example_weekday_branch_operator to 2023-05-14T00:00:00+00:00, run_after=2023-05-15T00:00:00+00:00
[2023-05-15T07:52:40.920+0000] {processor.py:178} INFO - Processing /home/airflow/.local/lib/python3.7/site-packages/airflow/example_dags/example_branch_day_of_week_operator.py took 0.160 seconds
[2023-05-15T07:53:11.111+0000] {processor.py:156} INFO - Started process (PID=304) to work on /home/airflow/.local/lib/python3.7/site-packages/airflow/example_dags/example_branch_day_of_week_operator.py
[2023-05-15T07:53:11.115+0000] {processor.py:799} INFO - Processing file /home/airflow/.local/lib/python3.7/site-packages/airflow/example_dags/example_branch_day_of_week_operator.py for tasks to queue
[2023-05-15T07:53:11.118+0000] {logging_mixin.py:149} INFO - [2023-05-15T07:53:11.118+0000] {dagbag.py:541} INFO - Filling up the DagBag from /home/airflow/.local/lib/python3.7/site-packages/airflow/example_dags/example_branch_day_of_week_operator.py
[2023-05-15T07:53:11.136+0000] {processor.py:809} INFO - DAG(s) dict_keys(['example_weekday_branch_operator']) retrieved from /home/airflow/.local/lib/python3.7/site-packages/airflow/example_dags/example_branch_day_of_week_operator.py
[2023-05-15T07:53:11.186+0000] {logging_mixin.py:149} INFO - [2023-05-15T07:53:11.186+0000] {dag.py:2726} INFO - Sync 1 DAGs
[2023-05-15T07:53:11.235+0000] {logging_mixin.py:149} INFO - [2023-05-15T07:53:11.235+0000] {dag.py:3490} INFO - Setting next_dagrun for example_weekday_branch_operator to 2023-05-14T00:00:00+00:00, run_after=2023-05-15T00:00:00+00:00
[2023-05-15T07:53:11.270+0000] {processor.py:178} INFO - Processing /home/airflow/.local/lib/python3.7/site-packages/airflow/example_dags/example_branch_day_of_week_operator.py took 0.167 seconds
[2023-05-15T07:53:41.608+0000] {processor.py:156} INFO - Started process (PID=372) to work on /home/airflow/.local/lib/python3.7/site-packages/airflow/example_dags/example_branch_day_of_week_operator.py
[2023-05-15T07:53:41.611+0000] {processor.py:799} INFO - Processing file /home/airflow/.local/lib/python3.7/site-packages/airflow/example_dags/example_branch_day_of_week_operator.py for tasks to queue
[2023-05-15T07:53:41.616+0000] {logging_mixin.py:149} INFO - [2023-05-15T07:53:41.616+0000] {dagbag.py:541} INFO - Filling up the DagBag from /home/airflow/.local/lib/python3.7/site-packages/airflow/example_dags/example_branch_day_of_week_operator.py
[2023-05-15T07:53:41.640+0000] {processor.py:809} INFO - DAG(s) dict_keys(['example_weekday_branch_operator']) retrieved from /home/airflow/.local/lib/python3.7/site-packages/airflow/example_dags/example_branch_day_of_week_operator.py
[2023-05-15T07:53:41.719+0000] {logging_mixin.py:149} INFO - [2023-05-15T07:53:41.718+0000] {dag.py:2726} INFO - Sync 1 DAGs
[2023-05-15T07:53:41.783+0000] {logging_mixin.py:149} INFO - [2023-05-15T07:53:41.782+0000] {dag.py:3490} INFO - Setting next_dagrun for example_weekday_branch_operator to 2023-05-14T00:00:00+00:00, run_after=2023-05-15T00:00:00+00:00
[2023-05-15T07:53:41.823+0000] {processor.py:178} INFO - Processing /home/airflow/.local/lib/python3.7/site-packages/airflow/example_dags/example_branch_day_of_week_operator.py took 0.222 seconds
