[2023-05-15T07:51:26.612+0000] {processor.py:156} INFO - Started process (PID=67) to work on /home/airflow/.local/lib/python3.7/site-packages/airflow/example_dags/example_python_operator.py
[2023-05-15T07:51:26.621+0000] {processor.py:799} INFO - Processing file /home/airflow/.local/lib/python3.7/site-packages/airflow/example_dags/example_python_operator.py for tasks to queue
[2023-05-15T07:51:26.627+0000] {logging_mixin.py:149} INFO - [2023-05-15T07:51:26.627+0000] {dagbag.py:541} INFO - Filling up the DagBag from /home/airflow/.local/lib/python3.7/site-packages/airflow/example_dags/example_python_operator.py
[2023-05-15T07:51:26.657+0000] {logging_mixin.py:149} INFO - [2023-05-15T07:51:26.657+0000] {taskmixin.py:211} WARNING - Dependency <Task(_PythonDecoratedOperator): print_the_context>, log_sql_query already registered for DAG: example_python_operator
[2023-05-15T07:51:26.662+0000] {logging_mixin.py:149} INFO - [2023-05-15T07:51:26.661+0000] {taskmixin.py:211} WARNING - Dependency <Task(_PythonDecoratedOperator): log_sql_query>, print_the_context already registered for DAG: example_python_operator
[2023-05-15T07:51:26.672+0000] {logging_mixin.py:149} INFO - [2023-05-15T07:51:26.672+0000] {taskmixin.py:211} WARNING - Dependency <Task(_PythonDecoratedOperator): print_the_context>, log_sql_query already registered for DAG: example_python_operator
[2023-05-15T07:51:26.677+0000] {logging_mixin.py:149} INFO - [2023-05-15T07:51:26.676+0000] {taskmixin.py:211} WARNING - Dependency <Task(_PythonDecoratedOperator): log_sql_query>, print_the_context already registered for DAG: example_python_operator
[2023-05-15T07:51:26.683+0000] {logging_mixin.py:149} INFO - [2023-05-15T07:51:26.683+0000] {taskmixin.py:211} WARNING - Dependency <Task(_PythonDecoratedOperator): print_the_context>, log_sql_query already registered for DAG: example_python_operator
[2023-05-15T07:51:26.687+0000] {logging_mixin.py:149} INFO - [2023-05-15T07:51:26.685+0000] {taskmixin.py:211} WARNING - Dependency <Task(_PythonDecoratedOperator): log_sql_query>, print_the_context already registered for DAG: example_python_operator
[2023-05-15T07:51:26.691+0000] {logging_mixin.py:149} INFO - [2023-05-15T07:51:26.691+0000] {taskmixin.py:211} WARNING - Dependency <Task(_PythonDecoratedOperator): print_the_context>, log_sql_query already registered for DAG: example_python_operator
[2023-05-15T07:51:26.695+0000] {logging_mixin.py:149} INFO - [2023-05-15T07:51:26.695+0000] {taskmixin.py:211} WARNING - Dependency <Task(_PythonDecoratedOperator): log_sql_query>, print_the_context already registered for DAG: example_python_operator
[2023-05-15T07:51:26.713+0000] {processor.py:809} INFO - DAG(s) dict_keys(['example_python_operator']) retrieved from /home/airflow/.local/lib/python3.7/site-packages/airflow/example_dags/example_python_operator.py
[2023-05-15T07:51:26.963+0000] {logging_mixin.py:149} INFO - [2023-05-15T07:51:26.962+0000] {manager.py:504} INFO - Created Permission View: can edit on DAG:example_python_operator
[2023-05-15T07:51:26.994+0000] {logging_mixin.py:149} INFO - [2023-05-15T07:51:26.994+0000] {manager.py:504} INFO - Created Permission View: can read on DAG:example_python_operator
[2023-05-15T07:51:27.022+0000] {logging_mixin.py:149} INFO - [2023-05-15T07:51:27.022+0000] {manager.py:504} INFO - Created Permission View: can delete on DAG:example_python_operator
[2023-05-15T07:51:27.025+0000] {logging_mixin.py:149} INFO - [2023-05-15T07:51:27.025+0000] {dag.py:2726} INFO - Sync 1 DAGs
[2023-05-15T07:51:27.062+0000] {logging_mixin.py:149} INFO - [2023-05-15T07:51:27.062+0000] {dag.py:2747} INFO - Creating ORM DAG for example_python_operator
[2023-05-15T07:51:27.089+0000] {logging_mixin.py:149} INFO - [2023-05-15T07:51:27.089+0000] {dag.py:3490} INFO - Setting next_dagrun for example_python_operator to None, run_after=None
[2023-05-15T07:51:27.147+0000] {processor.py:178} INFO - Processing /home/airflow/.local/lib/python3.7/site-packages/airflow/example_dags/example_python_operator.py took 0.546 seconds
[2023-05-15T07:51:57.329+0000] {processor.py:156} INFO - Started process (PID=133) to work on /home/airflow/.local/lib/python3.7/site-packages/airflow/example_dags/example_python_operator.py
[2023-05-15T07:51:57.334+0000] {processor.py:799} INFO - Processing file /home/airflow/.local/lib/python3.7/site-packages/airflow/example_dags/example_python_operator.py for tasks to queue
[2023-05-15T07:51:57.336+0000] {logging_mixin.py:149} INFO - [2023-05-15T07:51:57.336+0000] {dagbag.py:541} INFO - Filling up the DagBag from /home/airflow/.local/lib/python3.7/site-packages/airflow/example_dags/example_python_operator.py
[2023-05-15T07:51:57.346+0000] {logging_mixin.py:149} INFO - [2023-05-15T07:51:57.346+0000] {taskmixin.py:211} WARNING - Dependency <Task(_PythonDecoratedOperator): print_the_context>, log_sql_query already registered for DAG: example_python_operator
[2023-05-15T07:51:57.348+0000] {logging_mixin.py:149} INFO - [2023-05-15T07:51:57.348+0000] {taskmixin.py:211} WARNING - Dependency <Task(_PythonDecoratedOperator): log_sql_query>, print_the_context already registered for DAG: example_python_operator
[2023-05-15T07:51:57.351+0000] {logging_mixin.py:149} INFO - [2023-05-15T07:51:57.351+0000] {taskmixin.py:211} WARNING - Dependency <Task(_PythonDecoratedOperator): print_the_context>, log_sql_query already registered for DAG: example_python_operator
[2023-05-15T07:51:57.354+0000] {logging_mixin.py:149} INFO - [2023-05-15T07:51:57.353+0000] {taskmixin.py:211} WARNING - Dependency <Task(_PythonDecoratedOperator): log_sql_query>, print_the_context already registered for DAG: example_python_operator
[2023-05-15T07:51:57.358+0000] {logging_mixin.py:149} INFO - [2023-05-15T07:51:57.357+0000] {taskmixin.py:211} WARNING - Dependency <Task(_PythonDecoratedOperator): print_the_context>, log_sql_query already registered for DAG: example_python_operator
[2023-05-15T07:51:57.360+0000] {logging_mixin.py:149} INFO - [2023-05-15T07:51:57.360+0000] {taskmixin.py:211} WARNING - Dependency <Task(_PythonDecoratedOperator): log_sql_query>, print_the_context already registered for DAG: example_python_operator
[2023-05-15T07:51:57.363+0000] {logging_mixin.py:149} INFO - [2023-05-15T07:51:57.363+0000] {taskmixin.py:211} WARNING - Dependency <Task(_PythonDecoratedOperator): print_the_context>, log_sql_query already registered for DAG: example_python_operator
[2023-05-15T07:51:57.365+0000] {logging_mixin.py:149} INFO - [2023-05-15T07:51:57.365+0000] {taskmixin.py:211} WARNING - Dependency <Task(_PythonDecoratedOperator): log_sql_query>, print_the_context already registered for DAG: example_python_operator
[2023-05-15T07:51:57.370+0000] {processor.py:809} INFO - DAG(s) dict_keys(['example_python_operator']) retrieved from /home/airflow/.local/lib/python3.7/site-packages/airflow/example_dags/example_python_operator.py
[2023-05-15T07:51:57.409+0000] {logging_mixin.py:149} INFO - [2023-05-15T07:51:57.408+0000] {dag.py:2726} INFO - Sync 1 DAGs
[2023-05-15T07:51:57.445+0000] {logging_mixin.py:149} INFO - [2023-05-15T07:51:57.445+0000] {dag.py:3490} INFO - Setting next_dagrun for example_python_operator to None, run_after=None
[2023-05-15T07:51:57.478+0000] {processor.py:178} INFO - Processing /home/airflow/.local/lib/python3.7/site-packages/airflow/example_dags/example_python_operator.py took 0.153 seconds
[2023-05-15T07:52:27.527+0000] {processor.py:156} INFO - Started process (PID=199) to work on /home/airflow/.local/lib/python3.7/site-packages/airflow/example_dags/example_python_operator.py
[2023-05-15T07:52:27.530+0000] {processor.py:799} INFO - Processing file /home/airflow/.local/lib/python3.7/site-packages/airflow/example_dags/example_python_operator.py for tasks to queue
[2023-05-15T07:52:27.532+0000] {logging_mixin.py:149} INFO - [2023-05-15T07:52:27.532+0000] {dagbag.py:541} INFO - Filling up the DagBag from /home/airflow/.local/lib/python3.7/site-packages/airflow/example_dags/example_python_operator.py
[2023-05-15T07:52:27.543+0000] {logging_mixin.py:149} INFO - [2023-05-15T07:52:27.542+0000] {taskmixin.py:211} WARNING - Dependency <Task(_PythonDecoratedOperator): print_the_context>, log_sql_query already registered for DAG: example_python_operator
[2023-05-15T07:52:27.546+0000] {logging_mixin.py:149} INFO - [2023-05-15T07:52:27.546+0000] {taskmixin.py:211} WARNING - Dependency <Task(_PythonDecoratedOperator): log_sql_query>, print_the_context already registered for DAG: example_python_operator
[2023-05-15T07:52:27.550+0000] {logging_mixin.py:149} INFO - [2023-05-15T07:52:27.549+0000] {taskmixin.py:211} WARNING - Dependency <Task(_PythonDecoratedOperator): print_the_context>, log_sql_query already registered for DAG: example_python_operator
[2023-05-15T07:52:27.552+0000] {logging_mixin.py:149} INFO - [2023-05-15T07:52:27.552+0000] {taskmixin.py:211} WARNING - Dependency <Task(_PythonDecoratedOperator): log_sql_query>, print_the_context already registered for DAG: example_python_operator
[2023-05-15T07:52:27.556+0000] {logging_mixin.py:149} INFO - [2023-05-15T07:52:27.555+0000] {taskmixin.py:211} WARNING - Dependency <Task(_PythonDecoratedOperator): print_the_context>, log_sql_query already registered for DAG: example_python_operator
[2023-05-15T07:52:27.558+0000] {logging_mixin.py:149} INFO - [2023-05-15T07:52:27.558+0000] {taskmixin.py:211} WARNING - Dependency <Task(_PythonDecoratedOperator): log_sql_query>, print_the_context already registered for DAG: example_python_operator
[2023-05-15T07:52:27.562+0000] {logging_mixin.py:149} INFO - [2023-05-15T07:52:27.561+0000] {taskmixin.py:211} WARNING - Dependency <Task(_PythonDecoratedOperator): print_the_context>, log_sql_query already registered for DAG: example_python_operator
[2023-05-15T07:52:27.564+0000] {logging_mixin.py:149} INFO - [2023-05-15T07:52:27.564+0000] {taskmixin.py:211} WARNING - Dependency <Task(_PythonDecoratedOperator): log_sql_query>, print_the_context already registered for DAG: example_python_operator
[2023-05-15T07:52:27.570+0000] {processor.py:809} INFO - DAG(s) dict_keys(['example_python_operator']) retrieved from /home/airflow/.local/lib/python3.7/site-packages/airflow/example_dags/example_python_operator.py
[2023-05-15T07:52:27.610+0000] {logging_mixin.py:149} INFO - [2023-05-15T07:52:27.610+0000] {dag.py:2726} INFO - Sync 1 DAGs
[2023-05-15T07:52:27.644+0000] {logging_mixin.py:149} INFO - [2023-05-15T07:52:27.644+0000] {dag.py:3490} INFO - Setting next_dagrun for example_python_operator to None, run_after=None
[2023-05-15T07:52:27.675+0000] {processor.py:178} INFO - Processing /home/airflow/.local/lib/python3.7/site-packages/airflow/example_dags/example_python_operator.py took 0.152 seconds
[2023-05-15T07:52:58.716+0000] {processor.py:156} INFO - Started process (PID=267) to work on /home/airflow/.local/lib/python3.7/site-packages/airflow/example_dags/example_python_operator.py
[2023-05-15T07:52:58.720+0000] {processor.py:799} INFO - Processing file /home/airflow/.local/lib/python3.7/site-packages/airflow/example_dags/example_python_operator.py for tasks to queue
[2023-05-15T07:52:58.723+0000] {logging_mixin.py:149} INFO - [2023-05-15T07:52:58.723+0000] {dagbag.py:541} INFO - Filling up the DagBag from /home/airflow/.local/lib/python3.7/site-packages/airflow/example_dags/example_python_operator.py
[2023-05-15T07:52:58.735+0000] {logging_mixin.py:149} INFO - [2023-05-15T07:52:58.735+0000] {taskmixin.py:211} WARNING - Dependency <Task(_PythonDecoratedOperator): print_the_context>, log_sql_query already registered for DAG: example_python_operator
[2023-05-15T07:52:58.738+0000] {logging_mixin.py:149} INFO - [2023-05-15T07:52:58.737+0000] {taskmixin.py:211} WARNING - Dependency <Task(_PythonDecoratedOperator): log_sql_query>, print_the_context already registered for DAG: example_python_operator
[2023-05-15T07:52:58.741+0000] {logging_mixin.py:149} INFO - [2023-05-15T07:52:58.741+0000] {taskmixin.py:211} WARNING - Dependency <Task(_PythonDecoratedOperator): print_the_context>, log_sql_query already registered for DAG: example_python_operator
[2023-05-15T07:52:58.744+0000] {logging_mixin.py:149} INFO - [2023-05-15T07:52:58.743+0000] {taskmixin.py:211} WARNING - Dependency <Task(_PythonDecoratedOperator): log_sql_query>, print_the_context already registered for DAG: example_python_operator
[2023-05-15T07:52:58.749+0000] {logging_mixin.py:149} INFO - [2023-05-15T07:52:58.749+0000] {taskmixin.py:211} WARNING - Dependency <Task(_PythonDecoratedOperator): print_the_context>, log_sql_query already registered for DAG: example_python_operator
[2023-05-15T07:52:58.751+0000] {logging_mixin.py:149} INFO - [2023-05-15T07:52:58.751+0000] {taskmixin.py:211} WARNING - Dependency <Task(_PythonDecoratedOperator): log_sql_query>, print_the_context already registered for DAG: example_python_operator
[2023-05-15T07:52:58.755+0000] {logging_mixin.py:149} INFO - [2023-05-15T07:52:58.755+0000] {taskmixin.py:211} WARNING - Dependency <Task(_PythonDecoratedOperator): print_the_context>, log_sql_query already registered for DAG: example_python_operator
[2023-05-15T07:52:58.757+0000] {logging_mixin.py:149} INFO - [2023-05-15T07:52:58.757+0000] {taskmixin.py:211} WARNING - Dependency <Task(_PythonDecoratedOperator): log_sql_query>, print_the_context already registered for DAG: example_python_operator
[2023-05-15T07:52:58.762+0000] {processor.py:809} INFO - DAG(s) dict_keys(['example_python_operator']) retrieved from /home/airflow/.local/lib/python3.7/site-packages/airflow/example_dags/example_python_operator.py
[2023-05-15T07:52:58.810+0000] {logging_mixin.py:149} INFO - [2023-05-15T07:52:58.810+0000] {dag.py:2726} INFO - Sync 1 DAGs
[2023-05-15T07:52:58.856+0000] {logging_mixin.py:149} INFO - [2023-05-15T07:52:58.855+0000] {dag.py:3490} INFO - Setting next_dagrun for example_python_operator to None, run_after=None
[2023-05-15T07:52:58.889+0000] {processor.py:178} INFO - Processing /home/airflow/.local/lib/python3.7/site-packages/airflow/example_dags/example_python_operator.py took 0.180 seconds
[2023-05-15T07:53:29.296+0000] {processor.py:156} INFO - Started process (PID=334) to work on /home/airflow/.local/lib/python3.7/site-packages/airflow/example_dags/example_python_operator.py
[2023-05-15T07:53:29.301+0000] {processor.py:799} INFO - Processing file /home/airflow/.local/lib/python3.7/site-packages/airflow/example_dags/example_python_operator.py for tasks to queue
[2023-05-15T07:53:29.306+0000] {logging_mixin.py:149} INFO - [2023-05-15T07:53:29.305+0000] {dagbag.py:541} INFO - Filling up the DagBag from /home/airflow/.local/lib/python3.7/site-packages/airflow/example_dags/example_python_operator.py
[2023-05-15T07:53:29.326+0000] {logging_mixin.py:149} INFO - [2023-05-15T07:53:29.325+0000] {taskmixin.py:211} WARNING - Dependency <Task(_PythonDecoratedOperator): print_the_context>, log_sql_query already registered for DAG: example_python_operator
[2023-05-15T07:53:29.328+0000] {logging_mixin.py:149} INFO - [2023-05-15T07:53:29.328+0000] {taskmixin.py:211} WARNING - Dependency <Task(_PythonDecoratedOperator): log_sql_query>, print_the_context already registered for DAG: example_python_operator
[2023-05-15T07:53:29.334+0000] {logging_mixin.py:149} INFO - [2023-05-15T07:53:29.333+0000] {taskmixin.py:211} WARNING - Dependency <Task(_PythonDecoratedOperator): print_the_context>, log_sql_query already registered for DAG: example_python_operator
[2023-05-15T07:53:29.337+0000] {logging_mixin.py:149} INFO - [2023-05-15T07:53:29.336+0000] {taskmixin.py:211} WARNING - Dependency <Task(_PythonDecoratedOperator): log_sql_query>, print_the_context already registered for DAG: example_python_operator
[2023-05-15T07:53:29.341+0000] {logging_mixin.py:149} INFO - [2023-05-15T07:53:29.341+0000] {taskmixin.py:211} WARNING - Dependency <Task(_PythonDecoratedOperator): print_the_context>, log_sql_query already registered for DAG: example_python_operator
[2023-05-15T07:53:29.344+0000] {logging_mixin.py:149} INFO - [2023-05-15T07:53:29.343+0000] {taskmixin.py:211} WARNING - Dependency <Task(_PythonDecoratedOperator): log_sql_query>, print_the_context already registered for DAG: example_python_operator
[2023-05-15T07:53:29.349+0000] {logging_mixin.py:149} INFO - [2023-05-15T07:53:29.349+0000] {taskmixin.py:211} WARNING - Dependency <Task(_PythonDecoratedOperator): print_the_context>, log_sql_query already registered for DAG: example_python_operator
[2023-05-15T07:53:29.354+0000] {logging_mixin.py:149} INFO - [2023-05-15T07:53:29.353+0000] {taskmixin.py:211} WARNING - Dependency <Task(_PythonDecoratedOperator): log_sql_query>, print_the_context already registered for DAG: example_python_operator
[2023-05-15T07:53:29.362+0000] {processor.py:809} INFO - DAG(s) dict_keys(['example_python_operator']) retrieved from /home/airflow/.local/lib/python3.7/site-packages/airflow/example_dags/example_python_operator.py
[2023-05-15T07:53:29.429+0000] {logging_mixin.py:149} INFO - [2023-05-15T07:53:29.429+0000] {dag.py:2726} INFO - Sync 1 DAGs
[2023-05-15T07:53:29.482+0000] {logging_mixin.py:149} INFO - [2023-05-15T07:53:29.482+0000] {dag.py:3490} INFO - Setting next_dagrun for example_python_operator to None, run_after=None
[2023-05-15T07:53:29.538+0000] {processor.py:178} INFO - Processing /home/airflow/.local/lib/python3.7/site-packages/airflow/example_dags/example_python_operator.py took 0.250 seconds
[2023-05-15T07:54:00.074+0000] {processor.py:156} INFO - Started process (PID=400) to work on /home/airflow/.local/lib/python3.7/site-packages/airflow/example_dags/example_python_operator.py
[2023-05-15T07:54:00.078+0000] {processor.py:799} INFO - Processing file /home/airflow/.local/lib/python3.7/site-packages/airflow/example_dags/example_python_operator.py for tasks to queue
[2023-05-15T07:54:00.082+0000] {logging_mixin.py:149} INFO - [2023-05-15T07:54:00.081+0000] {dagbag.py:541} INFO - Filling up the DagBag from /home/airflow/.local/lib/python3.7/site-packages/airflow/example_dags/example_python_operator.py
[2023-05-15T07:54:00.097+0000] {logging_mixin.py:149} INFO - [2023-05-15T07:54:00.097+0000] {taskmixin.py:211} WARNING - Dependency <Task(_PythonDecoratedOperator): print_the_context>, log_sql_query already registered for DAG: example_python_operator
[2023-05-15T07:54:00.100+0000] {logging_mixin.py:149} INFO - [2023-05-15T07:54:00.100+0000] {taskmixin.py:211} WARNING - Dependency <Task(_PythonDecoratedOperator): log_sql_query>, print_the_context already registered for DAG: example_python_operator
[2023-05-15T07:54:00.103+0000] {logging_mixin.py:149} INFO - [2023-05-15T07:54:00.102+0000] {taskmixin.py:211} WARNING - Dependency <Task(_PythonDecoratedOperator): print_the_context>, log_sql_query already registered for DAG: example_python_operator
[2023-05-15T07:54:00.106+0000] {logging_mixin.py:149} INFO - [2023-05-15T07:54:00.105+0000] {taskmixin.py:211} WARNING - Dependency <Task(_PythonDecoratedOperator): log_sql_query>, print_the_context already registered for DAG: example_python_operator
[2023-05-15T07:54:00.109+0000] {logging_mixin.py:149} INFO - [2023-05-15T07:54:00.109+0000] {taskmixin.py:211} WARNING - Dependency <Task(_PythonDecoratedOperator): print_the_context>, log_sql_query already registered for DAG: example_python_operator
[2023-05-15T07:54:00.112+0000] {logging_mixin.py:149} INFO - [2023-05-15T07:54:00.112+0000] {taskmixin.py:211} WARNING - Dependency <Task(_PythonDecoratedOperator): log_sql_query>, print_the_context already registered for DAG: example_python_operator
[2023-05-15T07:54:00.115+0000] {logging_mixin.py:149} INFO - [2023-05-15T07:54:00.115+0000] {taskmixin.py:211} WARNING - Dependency <Task(_PythonDecoratedOperator): print_the_context>, log_sql_query already registered for DAG: example_python_operator
[2023-05-15T07:54:00.117+0000] {logging_mixin.py:149} INFO - [2023-05-15T07:54:00.117+0000] {taskmixin.py:211} WARNING - Dependency <Task(_PythonDecoratedOperator): log_sql_query>, print_the_context already registered for DAG: example_python_operator
[2023-05-15T07:54:00.122+0000] {processor.py:809} INFO - DAG(s) dict_keys(['example_python_operator']) retrieved from /home/airflow/.local/lib/python3.7/site-packages/airflow/example_dags/example_python_operator.py
[2023-05-15T07:54:00.160+0000] {logging_mixin.py:149} INFO - [2023-05-15T07:54:00.160+0000] {dag.py:2726} INFO - Sync 1 DAGs
[2023-05-15T07:54:00.195+0000] {logging_mixin.py:149} INFO - [2023-05-15T07:54:00.195+0000] {dag.py:3490} INFO - Setting next_dagrun for example_python_operator to None, run_after=None
[2023-05-15T07:54:00.229+0000] {processor.py:178} INFO - Processing /home/airflow/.local/lib/python3.7/site-packages/airflow/example_dags/example_python_operator.py took 0.159 seconds
