[2023-05-15T07:51:31.163+0000] {processor.py:156} INFO - Started process (PID=77) to work on /home/airflow/.local/lib/python3.7/site-packages/airflow/example_dags/example_subdag_operator.py
[2023-05-15T07:51:31.165+0000] {processor.py:799} INFO - Processing file /home/airflow/.local/lib/python3.7/site-packages/airflow/example_dags/example_subdag_operator.py for tasks to queue
[2023-05-15T07:51:31.168+0000] {logging_mixin.py:149} INFO - [2023-05-15T07:51:31.168+0000] {dagbag.py:541} INFO - Filling up the DagBag from /home/airflow/.local/lib/python3.7/site-packages/airflow/example_dags/example_subdag_operator.py
[2023-05-15T07:51:31.212+0000] {processor.py:809} INFO - DAG(s) dict_keys(['example_subdag_operator.section-1', 'example_subdag_operator.section-2', 'example_subdag_operator']) retrieved from /home/airflow/.local/lib/python3.7/site-packages/airflow/example_dags/example_subdag_operator.py
[2023-05-15T07:51:31.375+0000] {logging_mixin.py:149} INFO - [2023-05-15T07:51:31.375+0000] {manager.py:504} INFO - Created Permission View: can edit on DAG:example_subdag_operator
[2023-05-15T07:51:31.392+0000] {logging_mixin.py:149} INFO - [2023-05-15T07:51:31.392+0000] {manager.py:504} INFO - Created Permission View: can read on DAG:example_subdag_operator
[2023-05-15T07:51:31.406+0000] {logging_mixin.py:149} INFO - [2023-05-15T07:51:31.406+0000] {manager.py:504} INFO - Created Permission View: can delete on DAG:example_subdag_operator
[2023-05-15T07:51:31.409+0000] {logging_mixin.py:149} INFO - [2023-05-15T07:51:31.408+0000] {dag.py:2726} INFO - Sync 3 DAGs
[2023-05-15T07:51:31.430+0000] {logging_mixin.py:149} INFO - [2023-05-15T07:51:31.430+0000] {dag.py:2747} INFO - Creating ORM DAG for example_subdag_operator
[2023-05-15T07:51:31.434+0000] {logging_mixin.py:149} INFO - [2023-05-15T07:51:31.433+0000] {dag.py:2747} INFO - Creating ORM DAG for example_subdag_operator.section-1
[2023-05-15T07:51:31.437+0000] {logging_mixin.py:149} INFO - [2023-05-15T07:51:31.436+0000] {dag.py:2747} INFO - Creating ORM DAG for example_subdag_operator.section-2
[2023-05-15T07:51:31.458+0000] {logging_mixin.py:149} INFO - [2023-05-15T07:51:31.457+0000] {dag.py:3490} INFO - Setting next_dagrun for example_subdag_operator to 2022-01-01T00:00:00+00:00, run_after=2022-01-01T00:00:00+00:00
[2023-05-15T07:51:31.461+0000] {logging_mixin.py:149} INFO - [2023-05-15T07:51:31.461+0000] {dag.py:3490} INFO - Setting next_dagrun for example_subdag_operator.section-1 to None, run_after=None
[2023-05-15T07:51:31.464+0000] {logging_mixin.py:149} INFO - [2023-05-15T07:51:31.463+0000] {dag.py:3490} INFO - Setting next_dagrun for example_subdag_operator.section-2 to None, run_after=None
[2023-05-15T07:51:31.484+0000] {logging_mixin.py:149} INFO - [2023-05-15T07:51:31.484+0000] {dag.py:2726} INFO - Sync 2 DAGs
[2023-05-15T07:51:31.499+0000] {logging_mixin.py:149} INFO - [2023-05-15T07:51:31.499+0000] {dag.py:3490} INFO - Setting next_dagrun for example_subdag_operator.section-1 to None, run_after=None
[2023-05-15T07:51:31.548+0000] {logging_mixin.py:149} INFO - [2023-05-15T07:51:31.548+0000] {dag.py:3490} INFO - Setting next_dagrun for example_subdag_operator.section-2 to None, run_after=None
[2023-05-15T07:51:31.577+0000] {processor.py:178} INFO - Processing /home/airflow/.local/lib/python3.7/site-packages/airflow/example_dags/example_subdag_operator.py took 0.421 seconds
[2023-05-15T07:52:01.981+0000] {processor.py:156} INFO - Started process (PID=143) to work on /home/airflow/.local/lib/python3.7/site-packages/airflow/example_dags/example_subdag_operator.py
[2023-05-15T07:52:01.994+0000] {processor.py:799} INFO - Processing file /home/airflow/.local/lib/python3.7/site-packages/airflow/example_dags/example_subdag_operator.py for tasks to queue
[2023-05-15T07:52:02.002+0000] {logging_mixin.py:149} INFO - [2023-05-15T07:52:02.002+0000] {dagbag.py:541} INFO - Filling up the DagBag from /home/airflow/.local/lib/python3.7/site-packages/airflow/example_dags/example_subdag_operator.py
[2023-05-15T07:52:02.058+0000] {processor.py:809} INFO - DAG(s) dict_keys(['example_subdag_operator.section-1', 'example_subdag_operator.section-2', 'example_subdag_operator']) retrieved from /home/airflow/.local/lib/python3.7/site-packages/airflow/example_dags/example_subdag_operator.py
[2023-05-15T07:52:02.092+0000] {logging_mixin.py:149} INFO - [2023-05-15T07:52:02.092+0000] {dag.py:2726} INFO - Sync 3 DAGs
[2023-05-15T07:52:02.139+0000] {logging_mixin.py:149} INFO - [2023-05-15T07:52:02.139+0000] {dag.py:3490} INFO - Setting next_dagrun for example_subdag_operator to 2022-01-01T00:00:00+00:00, run_after=2022-01-01T00:00:00+00:00
[2023-05-15T07:52:02.145+0000] {logging_mixin.py:149} INFO - [2023-05-15T07:52:02.145+0000] {dag.py:3490} INFO - Setting next_dagrun for example_subdag_operator.section-1 to None, run_after=None
[2023-05-15T07:52:02.149+0000] {logging_mixin.py:149} INFO - [2023-05-15T07:52:02.148+0000] {dag.py:3490} INFO - Setting next_dagrun for example_subdag_operator.section-2 to None, run_after=None
[2023-05-15T07:52:02.168+0000] {logging_mixin.py:149} INFO - [2023-05-15T07:52:02.168+0000] {dag.py:2726} INFO - Sync 2 DAGs
[2023-05-15T07:52:02.180+0000] {logging_mixin.py:149} INFO - [2023-05-15T07:52:02.180+0000] {dag.py:3490} INFO - Setting next_dagrun for example_subdag_operator.section-1 to None, run_after=None
[2023-05-15T07:52:02.182+0000] {logging_mixin.py:149} INFO - [2023-05-15T07:52:02.182+0000] {dag.py:3490} INFO - Setting next_dagrun for example_subdag_operator.section-2 to None, run_after=None
[2023-05-15T07:52:02.206+0000] {processor.py:178} INFO - Processing /home/airflow/.local/lib/python3.7/site-packages/airflow/example_dags/example_subdag_operator.py took 0.233 seconds
[2023-05-15T07:52:32.936+0000] {processor.py:156} INFO - Started process (PID=210) to work on /home/airflow/.local/lib/python3.7/site-packages/airflow/example_dags/example_subdag_operator.py
[2023-05-15T07:52:32.940+0000] {processor.py:799} INFO - Processing file /home/airflow/.local/lib/python3.7/site-packages/airflow/example_dags/example_subdag_operator.py for tasks to queue
[2023-05-15T07:52:32.943+0000] {logging_mixin.py:149} INFO - [2023-05-15T07:52:32.943+0000] {dagbag.py:541} INFO - Filling up the DagBag from /home/airflow/.local/lib/python3.7/site-packages/airflow/example_dags/example_subdag_operator.py
[2023-05-15T07:52:32.991+0000] {processor.py:809} INFO - DAG(s) dict_keys(['example_subdag_operator.section-1', 'example_subdag_operator.section-2', 'example_subdag_operator']) retrieved from /home/airflow/.local/lib/python3.7/site-packages/airflow/example_dags/example_subdag_operator.py
[2023-05-15T07:52:33.022+0000] {logging_mixin.py:149} INFO - [2023-05-15T07:52:33.022+0000] {dag.py:2726} INFO - Sync 3 DAGs
[2023-05-15T07:52:33.072+0000] {logging_mixin.py:149} INFO - [2023-05-15T07:52:33.072+0000] {dag.py:3490} INFO - Setting next_dagrun for example_subdag_operator to 2022-01-01T00:00:00+00:00, run_after=2022-01-01T00:00:00+00:00
[2023-05-15T07:52:33.081+0000] {logging_mixin.py:149} INFO - [2023-05-15T07:52:33.080+0000] {dag.py:3490} INFO - Setting next_dagrun for example_subdag_operator.section-1 to None, run_after=None
[2023-05-15T07:52:33.086+0000] {logging_mixin.py:149} INFO - [2023-05-15T07:52:33.085+0000] {dag.py:3490} INFO - Setting next_dagrun for example_subdag_operator.section-2 to None, run_after=None
[2023-05-15T07:52:33.102+0000] {logging_mixin.py:149} INFO - [2023-05-15T07:52:33.102+0000] {dag.py:2726} INFO - Sync 2 DAGs
[2023-05-15T07:52:33.118+0000] {logging_mixin.py:149} INFO - [2023-05-15T07:52:33.118+0000] {dag.py:3490} INFO - Setting next_dagrun for example_subdag_operator.section-1 to None, run_after=None
[2023-05-15T07:52:33.122+0000] {logging_mixin.py:149} INFO - [2023-05-15T07:52:33.122+0000] {dag.py:3490} INFO - Setting next_dagrun for example_subdag_operator.section-2 to None, run_after=None
[2023-05-15T07:52:33.159+0000] {processor.py:178} INFO - Processing /home/airflow/.local/lib/python3.7/site-packages/airflow/example_dags/example_subdag_operator.py took 0.230 seconds
[2023-05-15T07:53:03.565+0000] {processor.py:156} INFO - Started process (PID=277) to work on /home/airflow/.local/lib/python3.7/site-packages/airflow/example_dags/example_subdag_operator.py
[2023-05-15T07:53:03.571+0000] {processor.py:799} INFO - Processing file /home/airflow/.local/lib/python3.7/site-packages/airflow/example_dags/example_subdag_operator.py for tasks to queue
[2023-05-15T07:53:03.575+0000] {logging_mixin.py:149} INFO - [2023-05-15T07:53:03.574+0000] {dagbag.py:541} INFO - Filling up the DagBag from /home/airflow/.local/lib/python3.7/site-packages/airflow/example_dags/example_subdag_operator.py
[2023-05-15T07:53:03.644+0000] {processor.py:809} INFO - DAG(s) dict_keys(['example_subdag_operator.section-1', 'example_subdag_operator.section-2', 'example_subdag_operator']) retrieved from /home/airflow/.local/lib/python3.7/site-packages/airflow/example_dags/example_subdag_operator.py
[2023-05-15T07:53:03.695+0000] {logging_mixin.py:149} INFO - [2023-05-15T07:53:03.694+0000] {dag.py:2726} INFO - Sync 3 DAGs
[2023-05-15T07:53:03.746+0000] {logging_mixin.py:149} INFO - [2023-05-15T07:53:03.746+0000] {dag.py:3490} INFO - Setting next_dagrun for example_subdag_operator to 2022-01-01T00:00:00+00:00, run_after=2022-01-01T00:00:00+00:00
[2023-05-15T07:53:03.755+0000] {logging_mixin.py:149} INFO - [2023-05-15T07:53:03.754+0000] {dag.py:3490} INFO - Setting next_dagrun for example_subdag_operator.section-1 to None, run_after=None
[2023-05-15T07:53:03.759+0000] {logging_mixin.py:149} INFO - [2023-05-15T07:53:03.759+0000] {dag.py:3490} INFO - Setting next_dagrun for example_subdag_operator.section-2 to None, run_after=None
[2023-05-15T07:53:03.779+0000] {logging_mixin.py:149} INFO - [2023-05-15T07:53:03.779+0000] {dag.py:2726} INFO - Sync 2 DAGs
[2023-05-15T07:53:03.796+0000] {logging_mixin.py:149} INFO - [2023-05-15T07:53:03.795+0000] {dag.py:3490} INFO - Setting next_dagrun for example_subdag_operator.section-1 to None, run_after=None
[2023-05-15T07:53:03.798+0000] {logging_mixin.py:149} INFO - [2023-05-15T07:53:03.798+0000] {dag.py:3490} INFO - Setting next_dagrun for example_subdag_operator.section-2 to None, run_after=None
[2023-05-15T07:53:03.831+0000] {processor.py:178} INFO - Processing /home/airflow/.local/lib/python3.7/site-packages/airflow/example_dags/example_subdag_operator.py took 0.274 seconds
[2023-05-15T07:53:34.327+0000] {processor.py:156} INFO - Started process (PID=344) to work on /home/airflow/.local/lib/python3.7/site-packages/airflow/example_dags/example_subdag_operator.py
[2023-05-15T07:53:34.330+0000] {processor.py:799} INFO - Processing file /home/airflow/.local/lib/python3.7/site-packages/airflow/example_dags/example_subdag_operator.py for tasks to queue
[2023-05-15T07:53:34.332+0000] {logging_mixin.py:149} INFO - [2023-05-15T07:53:34.332+0000] {dagbag.py:541} INFO - Filling up the DagBag from /home/airflow/.local/lib/python3.7/site-packages/airflow/example_dags/example_subdag_operator.py
[2023-05-15T07:53:34.372+0000] {processor.py:809} INFO - DAG(s) dict_keys(['example_subdag_operator.section-1', 'example_subdag_operator.section-2', 'example_subdag_operator']) retrieved from /home/airflow/.local/lib/python3.7/site-packages/airflow/example_dags/example_subdag_operator.py
[2023-05-15T07:53:34.402+0000] {logging_mixin.py:149} INFO - [2023-05-15T07:53:34.402+0000] {dag.py:2726} INFO - Sync 3 DAGs
[2023-05-15T07:53:34.437+0000] {logging_mixin.py:149} INFO - [2023-05-15T07:53:34.437+0000] {dag.py:3490} INFO - Setting next_dagrun for example_subdag_operator to 2022-01-01T00:00:00+00:00, run_after=2022-01-01T00:00:00+00:00
[2023-05-15T07:53:34.444+0000] {logging_mixin.py:149} INFO - [2023-05-15T07:53:34.444+0000] {dag.py:3490} INFO - Setting next_dagrun for example_subdag_operator.section-1 to None, run_after=None
[2023-05-15T07:53:34.447+0000] {logging_mixin.py:149} INFO - [2023-05-15T07:53:34.447+0000] {dag.py:3490} INFO - Setting next_dagrun for example_subdag_operator.section-2 to None, run_after=None
[2023-05-15T07:53:34.459+0000] {logging_mixin.py:149} INFO - [2023-05-15T07:53:34.459+0000] {dag.py:2726} INFO - Sync 2 DAGs
[2023-05-15T07:53:34.469+0000] {logging_mixin.py:149} INFO - [2023-05-15T07:53:34.469+0000] {dag.py:3490} INFO - Setting next_dagrun for example_subdag_operator.section-1 to None, run_after=None
[2023-05-15T07:53:34.472+0000] {logging_mixin.py:149} INFO - [2023-05-15T07:53:34.472+0000] {dag.py:3490} INFO - Setting next_dagrun for example_subdag_operator.section-2 to None, run_after=None
[2023-05-15T07:53:34.493+0000] {processor.py:178} INFO - Processing /home/airflow/.local/lib/python3.7/site-packages/airflow/example_dags/example_subdag_operator.py took 0.171 seconds
[2023-05-15T07:54:04.996+0000] {processor.py:156} INFO - Started process (PID=410) to work on /home/airflow/.local/lib/python3.7/site-packages/airflow/example_dags/example_subdag_operator.py
[2023-05-15T07:54:04.999+0000] {processor.py:799} INFO - Processing file /home/airflow/.local/lib/python3.7/site-packages/airflow/example_dags/example_subdag_operator.py for tasks to queue
[2023-05-15T07:54:05.001+0000] {logging_mixin.py:149} INFO - [2023-05-15T07:54:05.001+0000] {dagbag.py:541} INFO - Filling up the DagBag from /home/airflow/.local/lib/python3.7/site-packages/airflow/example_dags/example_subdag_operator.py
[2023-05-15T07:54:05.041+0000] {processor.py:809} INFO - DAG(s) dict_keys(['example_subdag_operator.section-1', 'example_subdag_operator.section-2', 'example_subdag_operator']) retrieved from /home/airflow/.local/lib/python3.7/site-packages/airflow/example_dags/example_subdag_operator.py
[2023-05-15T07:54:05.080+0000] {logging_mixin.py:149} INFO - [2023-05-15T07:54:05.079+0000] {dag.py:2726} INFO - Sync 3 DAGs
[2023-05-15T07:54:05.134+0000] {logging_mixin.py:149} INFO - [2023-05-15T07:54:05.134+0000] {dag.py:3490} INFO - Setting next_dagrun for example_subdag_operator to 2022-01-01T00:00:00+00:00, run_after=2022-01-01T00:00:00+00:00
[2023-05-15T07:54:05.147+0000] {logging_mixin.py:149} INFO - [2023-05-15T07:54:05.147+0000] {dag.py:3490} INFO - Setting next_dagrun for example_subdag_operator.section-1 to None, run_after=None
[2023-05-15T07:54:05.186+0000] {logging_mixin.py:149} INFO - [2023-05-15T07:54:05.185+0000] {dag.py:3490} INFO - Setting next_dagrun for example_subdag_operator.section-2 to None, run_after=None
[2023-05-15T07:54:05.201+0000] {logging_mixin.py:149} INFO - [2023-05-15T07:54:05.200+0000] {dag.py:2726} INFO - Sync 2 DAGs
[2023-05-15T07:54:05.213+0000] {logging_mixin.py:149} INFO - [2023-05-15T07:54:05.213+0000] {dag.py:3490} INFO - Setting next_dagrun for example_subdag_operator.section-1 to None, run_after=None
[2023-05-15T07:54:05.215+0000] {logging_mixin.py:149} INFO - [2023-05-15T07:54:05.215+0000] {dag.py:3490} INFO - Setting next_dagrun for example_subdag_operator.section-2 to None, run_after=None
[2023-05-15T07:54:05.241+0000] {processor.py:178} INFO - Processing /home/airflow/.local/lib/python3.7/site-packages/airflow/example_dags/example_subdag_operator.py took 0.250 seconds
