[2023-05-15T07:51:09.348+0000] {processor.py:156} INFO - Started process (PID=42) to work on /home/airflow/.local/lib/python3.7/site-packages/airflow/example_dags/example_trigger_controller_dag.py
[2023-05-15T07:51:09.381+0000] {processor.py:799} INFO - Processing file /home/airflow/.local/lib/python3.7/site-packages/airflow/example_dags/example_trigger_controller_dag.py for tasks to queue
[2023-05-15T07:51:09.385+0000] {logging_mixin.py:149} INFO - [2023-05-15T07:51:09.384+0000] {dagbag.py:541} INFO - Filling up the DagBag from /home/airflow/.local/lib/python3.7/site-packages/airflow/example_dags/example_trigger_controller_dag.py
[2023-05-15T07:51:09.594+0000] {processor.py:809} INFO - DAG(s) dict_keys(['example_trigger_controller_dag']) retrieved from /home/airflow/.local/lib/python3.7/site-packages/airflow/example_dags/example_trigger_controller_dag.py
[2023-05-15T07:51:11.062+0000] {logging_mixin.py:149} INFO - [2023-05-15T07:51:11.062+0000] {manager.py:504} INFO - Created Permission View: can edit on DAG:example_trigger_controller_dag
[2023-05-15T07:51:11.114+0000] {logging_mixin.py:149} INFO - [2023-05-15T07:51:11.114+0000] {manager.py:504} INFO - Created Permission View: can read on DAG:example_trigger_controller_dag
[2023-05-15T07:51:11.140+0000] {logging_mixin.py:149} INFO - [2023-05-15T07:51:11.139+0000] {manager.py:504} INFO - Created Permission View: can delete on DAG:example_trigger_controller_dag
[2023-05-15T07:51:11.144+0000] {logging_mixin.py:149} INFO - [2023-05-15T07:51:11.144+0000] {dag.py:2726} INFO - Sync 1 DAGs
[2023-05-15T07:51:11.182+0000] {logging_mixin.py:149} INFO - [2023-05-15T07:51:11.181+0000] {dag.py:2747} INFO - Creating ORM DAG for example_trigger_controller_dag
[2023-05-15T07:51:11.228+0000] {logging_mixin.py:149} INFO - [2023-05-15T07:51:11.228+0000] {dag.py:3490} INFO - Setting next_dagrun for example_trigger_controller_dag to 2021-01-01T00:00:00+00:00, run_after=2021-01-01T00:00:00+00:00
[2023-05-15T07:51:11.411+0000] {processor.py:178} INFO - Processing /home/airflow/.local/lib/python3.7/site-packages/airflow/example_dags/example_trigger_controller_dag.py took 2.077 seconds
[2023-05-15T07:51:41.967+0000] {processor.py:156} INFO - Started process (PID=108) to work on /home/airflow/.local/lib/python3.7/site-packages/airflow/example_dags/example_trigger_controller_dag.py
[2023-05-15T07:51:41.970+0000] {processor.py:799} INFO - Processing file /home/airflow/.local/lib/python3.7/site-packages/airflow/example_dags/example_trigger_controller_dag.py for tasks to queue
[2023-05-15T07:51:41.974+0000] {logging_mixin.py:149} INFO - [2023-05-15T07:51:41.973+0000] {dagbag.py:541} INFO - Filling up the DagBag from /home/airflow/.local/lib/python3.7/site-packages/airflow/example_dags/example_trigger_controller_dag.py
[2023-05-15T07:51:41.982+0000] {processor.py:809} INFO - DAG(s) dict_keys(['example_trigger_controller_dag']) retrieved from /home/airflow/.local/lib/python3.7/site-packages/airflow/example_dags/example_trigger_controller_dag.py
[2023-05-15T07:51:42.041+0000] {logging_mixin.py:149} INFO - [2023-05-15T07:51:42.041+0000] {dag.py:2726} INFO - Sync 1 DAGs
[2023-05-15T07:51:42.090+0000] {logging_mixin.py:149} INFO - [2023-05-15T07:51:42.090+0000] {dag.py:3490} INFO - Setting next_dagrun for example_trigger_controller_dag to 2021-01-01T00:00:00+00:00, run_after=2021-01-01T00:00:00+00:00
[2023-05-15T07:51:42.127+0000] {processor.py:178} INFO - Processing /home/airflow/.local/lib/python3.7/site-packages/airflow/example_dags/example_trigger_controller_dag.py took 0.166 seconds
[2023-05-15T07:52:12.520+0000] {processor.py:156} INFO - Started process (PID=174) to work on /home/airflow/.local/lib/python3.7/site-packages/airflow/example_dags/example_trigger_controller_dag.py
[2023-05-15T07:52:12.522+0000] {processor.py:799} INFO - Processing file /home/airflow/.local/lib/python3.7/site-packages/airflow/example_dags/example_trigger_controller_dag.py for tasks to queue
[2023-05-15T07:52:12.524+0000] {logging_mixin.py:149} INFO - [2023-05-15T07:52:12.524+0000] {dagbag.py:541} INFO - Filling up the DagBag from /home/airflow/.local/lib/python3.7/site-packages/airflow/example_dags/example_trigger_controller_dag.py
[2023-05-15T07:52:12.532+0000] {processor.py:809} INFO - DAG(s) dict_keys(['example_trigger_controller_dag']) retrieved from /home/airflow/.local/lib/python3.7/site-packages/airflow/example_dags/example_trigger_controller_dag.py
[2023-05-15T07:52:12.568+0000] {logging_mixin.py:149} INFO - [2023-05-15T07:52:12.568+0000] {dag.py:2726} INFO - Sync 1 DAGs
[2023-05-15T07:52:12.603+0000] {logging_mixin.py:149} INFO - [2023-05-15T07:52:12.603+0000] {dag.py:3490} INFO - Setting next_dagrun for example_trigger_controller_dag to 2021-01-01T00:00:00+00:00, run_after=2021-01-01T00:00:00+00:00
[2023-05-15T07:52:12.633+0000] {processor.py:178} INFO - Processing /home/airflow/.local/lib/python3.7/site-packages/airflow/example_dags/example_trigger_controller_dag.py took 0.118 seconds
[2023-05-15T07:52:43.148+0000] {processor.py:156} INFO - Started process (PID=242) to work on /home/airflow/.local/lib/python3.7/site-packages/airflow/example_dags/example_trigger_controller_dag.py
[2023-05-15T07:52:43.152+0000] {processor.py:799} INFO - Processing file /home/airflow/.local/lib/python3.7/site-packages/airflow/example_dags/example_trigger_controller_dag.py for tasks to queue
[2023-05-15T07:52:43.155+0000] {logging_mixin.py:149} INFO - [2023-05-15T07:52:43.155+0000] {dagbag.py:541} INFO - Filling up the DagBag from /home/airflow/.local/lib/python3.7/site-packages/airflow/example_dags/example_trigger_controller_dag.py
[2023-05-15T07:52:43.165+0000] {processor.py:809} INFO - DAG(s) dict_keys(['example_trigger_controller_dag']) retrieved from /home/airflow/.local/lib/python3.7/site-packages/airflow/example_dags/example_trigger_controller_dag.py
[2023-05-15T07:52:43.207+0000] {logging_mixin.py:149} INFO - [2023-05-15T07:52:43.207+0000] {dag.py:2726} INFO - Sync 1 DAGs
[2023-05-15T07:52:43.250+0000] {logging_mixin.py:149} INFO - [2023-05-15T07:52:43.250+0000] {dag.py:3490} INFO - Setting next_dagrun for example_trigger_controller_dag to 2021-01-01T00:00:00+00:00, run_after=2021-01-01T00:00:00+00:00
[2023-05-15T07:52:43.286+0000] {processor.py:178} INFO - Processing /home/airflow/.local/lib/python3.7/site-packages/airflow/example_dags/example_trigger_controller_dag.py took 0.146 seconds
[2023-05-15T07:53:13.332+0000] {processor.py:156} INFO - Started process (PID=307) to work on /home/airflow/.local/lib/python3.7/site-packages/airflow/example_dags/example_trigger_controller_dag.py
[2023-05-15T07:53:13.335+0000] {processor.py:799} INFO - Processing file /home/airflow/.local/lib/python3.7/site-packages/airflow/example_dags/example_trigger_controller_dag.py for tasks to queue
[2023-05-15T07:53:13.338+0000] {logging_mixin.py:149} INFO - [2023-05-15T07:53:13.337+0000] {dagbag.py:541} INFO - Filling up the DagBag from /home/airflow/.local/lib/python3.7/site-packages/airflow/example_dags/example_trigger_controller_dag.py
[2023-05-15T07:53:13.346+0000] {processor.py:809} INFO - DAG(s) dict_keys(['example_trigger_controller_dag']) retrieved from /home/airflow/.local/lib/python3.7/site-packages/airflow/example_dags/example_trigger_controller_dag.py
[2023-05-15T07:53:13.385+0000] {logging_mixin.py:149} INFO - [2023-05-15T07:53:13.385+0000] {dag.py:2726} INFO - Sync 1 DAGs
[2023-05-15T07:53:13.419+0000] {logging_mixin.py:149} INFO - [2023-05-15T07:53:13.419+0000] {dag.py:3490} INFO - Setting next_dagrun for example_trigger_controller_dag to 2021-01-01T00:00:00+00:00, run_after=2021-01-01T00:00:00+00:00
[2023-05-15T07:53:13.448+0000] {processor.py:178} INFO - Processing /home/airflow/.local/lib/python3.7/site-packages/airflow/example_dags/example_trigger_controller_dag.py took 0.121 seconds
[2023-05-15T07:53:43.898+0000] {processor.py:156} INFO - Started process (PID=374) to work on /home/airflow/.local/lib/python3.7/site-packages/airflow/example_dags/example_trigger_controller_dag.py
[2023-05-15T07:53:43.901+0000] {processor.py:799} INFO - Processing file /home/airflow/.local/lib/python3.7/site-packages/airflow/example_dags/example_trigger_controller_dag.py for tasks to queue
[2023-05-15T07:53:43.906+0000] {logging_mixin.py:149} INFO - [2023-05-15T07:53:43.905+0000] {dagbag.py:541} INFO - Filling up the DagBag from /home/airflow/.local/lib/python3.7/site-packages/airflow/example_dags/example_trigger_controller_dag.py
[2023-05-15T07:53:43.916+0000] {processor.py:809} INFO - DAG(s) dict_keys(['example_trigger_controller_dag']) retrieved from /home/airflow/.local/lib/python3.7/site-packages/airflow/example_dags/example_trigger_controller_dag.py
[2023-05-15T07:53:43.959+0000] {logging_mixin.py:149} INFO - [2023-05-15T07:53:43.959+0000] {dag.py:2726} INFO - Sync 1 DAGs
[2023-05-15T07:53:44.007+0000] {logging_mixin.py:149} INFO - [2023-05-15T07:53:44.007+0000] {dag.py:3490} INFO - Setting next_dagrun for example_trigger_controller_dag to 2021-01-01T00:00:00+00:00, run_after=2021-01-01T00:00:00+00:00
[2023-05-15T07:53:44.047+0000] {processor.py:178} INFO - Processing /home/airflow/.local/lib/python3.7/site-packages/airflow/example_dags/example_trigger_controller_dag.py took 0.154 seconds
