[2023-05-15T07:51:31.630+0000] {processor.py:156} INFO - Started process (PID=79) to work on /home/airflow/.local/lib/python3.7/site-packages/airflow/example_dags/example_xcom.py
[2023-05-15T07:51:31.633+0000] {processor.py:799} INFO - Processing file /home/airflow/.local/lib/python3.7/site-packages/airflow/example_dags/example_xcom.py for tasks to queue
[2023-05-15T07:51:31.635+0000] {logging_mixin.py:149} INFO - [2023-05-15T07:51:31.635+0000] {dagbag.py:541} INFO - Filling up the DagBag from /home/airflow/.local/lib/python3.7/site-packages/airflow/example_dags/example_xcom.py
[2023-05-15T07:51:31.648+0000] {processor.py:809} INFO - DAG(s) dict_keys(['example_xcom']) retrieved from /home/airflow/.local/lib/python3.7/site-packages/airflow/example_dags/example_xcom.py
[2023-05-15T07:51:31.890+0000] {logging_mixin.py:149} INFO - [2023-05-15T07:51:31.890+0000] {manager.py:504} INFO - Created Permission View: can edit on DAG:example_xcom
[2023-05-15T07:51:31.908+0000] {logging_mixin.py:149} INFO - [2023-05-15T07:51:31.908+0000] {manager.py:504} INFO - Created Permission View: can read on DAG:example_xcom
[2023-05-15T07:51:31.928+0000] {logging_mixin.py:149} INFO - [2023-05-15T07:51:31.927+0000] {manager.py:504} INFO - Created Permission View: can delete on DAG:example_xcom
[2023-05-15T07:51:31.930+0000] {logging_mixin.py:149} INFO - [2023-05-15T07:51:31.930+0000] {dag.py:2726} INFO - Sync 1 DAGs
[2023-05-15T07:51:31.954+0000] {logging_mixin.py:149} INFO - [2023-05-15T07:51:31.953+0000] {dag.py:2747} INFO - Creating ORM DAG for example_xcom
[2023-05-15T07:51:31.976+0000] {logging_mixin.py:149} INFO - [2023-05-15T07:51:31.976+0000] {dag.py:3490} INFO - Setting next_dagrun for example_xcom to 2021-01-01T00:00:00+00:00, run_after=2021-01-01T00:00:00+00:00
[2023-05-15T07:51:32.024+0000] {processor.py:178} INFO - Processing /home/airflow/.local/lib/python3.7/site-packages/airflow/example_dags/example_xcom.py took 0.399 seconds
[2023-05-15T07:52:02.112+0000] {processor.py:156} INFO - Started process (PID=144) to work on /home/airflow/.local/lib/python3.7/site-packages/airflow/example_dags/example_xcom.py
[2023-05-15T07:52:02.116+0000] {processor.py:799} INFO - Processing file /home/airflow/.local/lib/python3.7/site-packages/airflow/example_dags/example_xcom.py for tasks to queue
[2023-05-15T07:52:02.120+0000] {logging_mixin.py:149} INFO - [2023-05-15T07:52:02.119+0000] {dagbag.py:541} INFO - Filling up the DagBag from /home/airflow/.local/lib/python3.7/site-packages/airflow/example_dags/example_xcom.py
[2023-05-15T07:52:02.132+0000] {processor.py:809} INFO - DAG(s) dict_keys(['example_xcom']) retrieved from /home/airflow/.local/lib/python3.7/site-packages/airflow/example_dags/example_xcom.py
[2023-05-15T07:52:02.184+0000] {logging_mixin.py:149} INFO - [2023-05-15T07:52:02.184+0000] {dag.py:2726} INFO - Sync 1 DAGs
[2023-05-15T07:52:02.235+0000] {logging_mixin.py:149} INFO - [2023-05-15T07:52:02.234+0000] {dag.py:3490} INFO - Setting next_dagrun for example_xcom to 2021-01-01T00:00:00+00:00, run_after=2021-01-01T00:00:00+00:00
[2023-05-15T07:52:02.278+0000] {processor.py:178} INFO - Processing /home/airflow/.local/lib/python3.7/site-packages/airflow/example_dags/example_xcom.py took 0.174 seconds
[2023-05-15T07:52:33.168+0000] {processor.py:156} INFO - Started process (PID=211) to work on /home/airflow/.local/lib/python3.7/site-packages/airflow/example_dags/example_xcom.py
[2023-05-15T07:52:33.174+0000] {processor.py:799} INFO - Processing file /home/airflow/.local/lib/python3.7/site-packages/airflow/example_dags/example_xcom.py for tasks to queue
[2023-05-15T07:52:33.178+0000] {logging_mixin.py:149} INFO - [2023-05-15T07:52:33.177+0000] {dagbag.py:541} INFO - Filling up the DagBag from /home/airflow/.local/lib/python3.7/site-packages/airflow/example_dags/example_xcom.py
[2023-05-15T07:52:33.196+0000] {processor.py:809} INFO - DAG(s) dict_keys(['example_xcom']) retrieved from /home/airflow/.local/lib/python3.7/site-packages/airflow/example_dags/example_xcom.py
[2023-05-15T07:52:33.256+0000] {logging_mixin.py:149} INFO - [2023-05-15T07:52:33.255+0000] {dag.py:2726} INFO - Sync 1 DAGs
[2023-05-15T07:52:33.309+0000] {logging_mixin.py:149} INFO - [2023-05-15T07:52:33.308+0000] {dag.py:3490} INFO - Setting next_dagrun for example_xcom to 2021-01-01T00:00:00+00:00, run_after=2021-01-01T00:00:00+00:00
[2023-05-15T07:52:33.351+0000] {processor.py:178} INFO - Processing /home/airflow/.local/lib/python3.7/site-packages/airflow/example_dags/example_xcom.py took 0.191 seconds
[2023-05-15T07:53:03.896+0000] {processor.py:156} INFO - Started process (PID=279) to work on /home/airflow/.local/lib/python3.7/site-packages/airflow/example_dags/example_xcom.py
[2023-05-15T07:53:03.900+0000] {processor.py:799} INFO - Processing file /home/airflow/.local/lib/python3.7/site-packages/airflow/example_dags/example_xcom.py for tasks to queue
[2023-05-15T07:53:03.904+0000] {logging_mixin.py:149} INFO - [2023-05-15T07:53:03.904+0000] {dagbag.py:541} INFO - Filling up the DagBag from /home/airflow/.local/lib/python3.7/site-packages/airflow/example_dags/example_xcom.py
[2023-05-15T07:53:03.929+0000] {processor.py:809} INFO - DAG(s) dict_keys(['example_xcom']) retrieved from /home/airflow/.local/lib/python3.7/site-packages/airflow/example_dags/example_xcom.py
[2023-05-15T07:53:04.002+0000] {logging_mixin.py:149} INFO - [2023-05-15T07:53:04.001+0000] {dag.py:2726} INFO - Sync 1 DAGs
[2023-05-15T07:53:04.066+0000] {logging_mixin.py:149} INFO - [2023-05-15T07:53:04.066+0000] {dag.py:3490} INFO - Setting next_dagrun for example_xcom to 2021-01-01T00:00:00+00:00, run_after=2021-01-01T00:00:00+00:00
[2023-05-15T07:53:04.130+0000] {processor.py:178} INFO - Processing /home/airflow/.local/lib/python3.7/site-packages/airflow/example_dags/example_xcom.py took 0.241 seconds
[2023-05-15T07:53:34.545+0000] {processor.py:156} INFO - Started process (PID=346) to work on /home/airflow/.local/lib/python3.7/site-packages/airflow/example_dags/example_xcom.py
[2023-05-15T07:53:34.550+0000] {processor.py:799} INFO - Processing file /home/airflow/.local/lib/python3.7/site-packages/airflow/example_dags/example_xcom.py for tasks to queue
[2023-05-15T07:53:34.554+0000] {logging_mixin.py:149} INFO - [2023-05-15T07:53:34.553+0000] {dagbag.py:541} INFO - Filling up the DagBag from /home/airflow/.local/lib/python3.7/site-packages/airflow/example_dags/example_xcom.py
[2023-05-15T07:53:34.580+0000] {processor.py:809} INFO - DAG(s) dict_keys(['example_xcom']) retrieved from /home/airflow/.local/lib/python3.7/site-packages/airflow/example_dags/example_xcom.py
[2023-05-15T07:53:34.641+0000] {logging_mixin.py:149} INFO - [2023-05-15T07:53:34.641+0000] {dag.py:2726} INFO - Sync 1 DAGs
[2023-05-15T07:53:34.683+0000] {logging_mixin.py:149} INFO - [2023-05-15T07:53:34.683+0000] {dag.py:3490} INFO - Setting next_dagrun for example_xcom to 2021-01-01T00:00:00+00:00, run_after=2021-01-01T00:00:00+00:00
[2023-05-15T07:53:34.727+0000] {processor.py:178} INFO - Processing /home/airflow/.local/lib/python3.7/site-packages/airflow/example_dags/example_xcom.py took 0.190 seconds
[2023-05-15T07:54:05.304+0000] {processor.py:156} INFO - Started process (PID=412) to work on /home/airflow/.local/lib/python3.7/site-packages/airflow/example_dags/example_xcom.py
[2023-05-15T07:54:05.309+0000] {processor.py:799} INFO - Processing file /home/airflow/.local/lib/python3.7/site-packages/airflow/example_dags/example_xcom.py for tasks to queue
[2023-05-15T07:54:05.315+0000] {logging_mixin.py:149} INFO - [2023-05-15T07:54:05.314+0000] {dagbag.py:541} INFO - Filling up the DagBag from /home/airflow/.local/lib/python3.7/site-packages/airflow/example_dags/example_xcom.py
[2023-05-15T07:54:05.355+0000] {processor.py:809} INFO - DAG(s) dict_keys(['example_xcom']) retrieved from /home/airflow/.local/lib/python3.7/site-packages/airflow/example_dags/example_xcom.py
[2023-05-15T07:54:05.419+0000] {logging_mixin.py:149} INFO - [2023-05-15T07:54:05.419+0000] {dag.py:2726} INFO - Sync 1 DAGs
[2023-05-15T07:54:05.471+0000] {logging_mixin.py:149} INFO - [2023-05-15T07:54:05.471+0000] {dag.py:3490} INFO - Setting next_dagrun for example_xcom to 2021-01-01T00:00:00+00:00, run_after=2021-01-01T00:00:00+00:00
[2023-05-15T07:54:05.515+0000] {processor.py:178} INFO - Processing /home/airflow/.local/lib/python3.7/site-packages/airflow/example_dags/example_xcom.py took 0.219 seconds
