[2023-05-15T07:51:32.076+0000] {processor.py:156} INFO - Started process (PID=80) to work on /home/airflow/.local/lib/python3.7/site-packages/airflow/example_dags/example_latest_only.py
[2023-05-15T07:51:32.079+0000] {processor.py:799} INFO - Processing file /home/airflow/.local/lib/python3.7/site-packages/airflow/example_dags/example_latest_only.py for tasks to queue
[2023-05-15T07:51:32.082+0000] {logging_mixin.py:149} INFO - [2023-05-15T07:51:32.081+0000] {dagbag.py:541} INFO - Filling up the DagBag from /home/airflow/.local/lib/python3.7/site-packages/airflow/example_dags/example_latest_only.py
[2023-05-15T07:51:32.093+0000] {processor.py:809} INFO - DAG(s) dict_keys(['latest_only']) retrieved from /home/airflow/.local/lib/python3.7/site-packages/airflow/example_dags/example_latest_only.py
[2023-05-15T07:51:32.325+0000] {logging_mixin.py:149} INFO - [2023-05-15T07:51:32.325+0000] {manager.py:504} INFO - Created Permission View: can edit on DAG:latest_only
[2023-05-15T07:51:32.345+0000] {logging_mixin.py:149} INFO - [2023-05-15T07:51:32.344+0000] {manager.py:504} INFO - Created Permission View: can read on DAG:latest_only
[2023-05-15T07:51:32.360+0000] {logging_mixin.py:149} INFO - [2023-05-15T07:51:32.360+0000] {manager.py:504} INFO - Created Permission View: can delete on DAG:latest_only
[2023-05-15T07:51:32.363+0000] {logging_mixin.py:149} INFO - [2023-05-15T07:51:32.363+0000] {dag.py:2726} INFO - Sync 1 DAGs
[2023-05-15T07:51:32.386+0000] {logging_mixin.py:149} INFO - [2023-05-15T07:51:32.385+0000] {dag.py:2747} INFO - Creating ORM DAG for latest_only
[2023-05-15T07:51:32.426+0000] {logging_mixin.py:149} INFO - [2023-05-15T07:51:32.426+0000] {dag.py:3490} INFO - Setting next_dagrun for latest_only to 2023-05-15T03:51:32.425715+00:00, run_after=2023-05-15T07:51:32.425715+00:00
[2023-05-15T07:51:32.463+0000] {processor.py:178} INFO - Processing /home/airflow/.local/lib/python3.7/site-packages/airflow/example_dags/example_latest_only.py took 0.393 seconds
[2023-05-15T07:52:02.548+0000] {processor.py:156} INFO - Started process (PID=146) to work on /home/airflow/.local/lib/python3.7/site-packages/airflow/example_dags/example_latest_only.py
[2023-05-15T07:52:02.552+0000] {processor.py:799} INFO - Processing file /home/airflow/.local/lib/python3.7/site-packages/airflow/example_dags/example_latest_only.py for tasks to queue
[2023-05-15T07:52:02.557+0000] {logging_mixin.py:149} INFO - [2023-05-15T07:52:02.557+0000] {dagbag.py:541} INFO - Filling up the DagBag from /home/airflow/.local/lib/python3.7/site-packages/airflow/example_dags/example_latest_only.py
[2023-05-15T07:52:02.572+0000] {processor.py:809} INFO - DAG(s) dict_keys(['latest_only']) retrieved from /home/airflow/.local/lib/python3.7/site-packages/airflow/example_dags/example_latest_only.py
[2023-05-15T07:52:02.619+0000] {logging_mixin.py:149} INFO - [2023-05-15T07:52:02.619+0000] {dag.py:2726} INFO - Sync 1 DAGs
[2023-05-15T07:52:02.659+0000] {logging_mixin.py:149} INFO - [2023-05-15T07:52:02.659+0000] {dag.py:3490} INFO - Setting next_dagrun for latest_only to 2023-05-15T03:52:02.658690+00:00, run_after=2023-05-15T07:52:02.658690+00:00
[2023-05-15T07:52:02.697+0000] {processor.py:178} INFO - Processing /home/airflow/.local/lib/python3.7/site-packages/airflow/example_dags/example_latest_only.py took 0.153 seconds
[2023-05-15T07:52:33.422+0000] {processor.py:156} INFO - Started process (PID=213) to work on /home/airflow/.local/lib/python3.7/site-packages/airflow/example_dags/example_latest_only.py
[2023-05-15T07:52:33.429+0000] {processor.py:799} INFO - Processing file /home/airflow/.local/lib/python3.7/site-packages/airflow/example_dags/example_latest_only.py for tasks to queue
[2023-05-15T07:52:33.432+0000] {logging_mixin.py:149} INFO - [2023-05-15T07:52:33.431+0000] {dagbag.py:541} INFO - Filling up the DagBag from /home/airflow/.local/lib/python3.7/site-packages/airflow/example_dags/example_latest_only.py
[2023-05-15T07:52:33.457+0000] {processor.py:809} INFO - DAG(s) dict_keys(['latest_only']) retrieved from /home/airflow/.local/lib/python3.7/site-packages/airflow/example_dags/example_latest_only.py
[2023-05-15T07:52:33.510+0000] {logging_mixin.py:149} INFO - [2023-05-15T07:52:33.510+0000] {dag.py:2726} INFO - Sync 1 DAGs
[2023-05-15T07:52:33.561+0000] {logging_mixin.py:149} INFO - [2023-05-15T07:52:33.561+0000] {dag.py:3490} INFO - Setting next_dagrun for latest_only to 2023-05-15T03:52:33.560643+00:00, run_after=2023-05-15T07:52:33.560643+00:00
[2023-05-15T07:52:33.611+0000] {processor.py:178} INFO - Processing /home/airflow/.local/lib/python3.7/site-packages/airflow/example_dags/example_latest_only.py took 0.198 seconds
[2023-05-15T07:53:04.178+0000] {processor.py:156} INFO - Started process (PID=280) to work on /home/airflow/.local/lib/python3.7/site-packages/airflow/example_dags/example_latest_only.py
[2023-05-15T07:53:04.182+0000] {processor.py:799} INFO - Processing file /home/airflow/.local/lib/python3.7/site-packages/airflow/example_dags/example_latest_only.py for tasks to queue
[2023-05-15T07:53:04.185+0000] {logging_mixin.py:149} INFO - [2023-05-15T07:53:04.185+0000] {dagbag.py:541} INFO - Filling up the DagBag from /home/airflow/.local/lib/python3.7/site-packages/airflow/example_dags/example_latest_only.py
[2023-05-15T07:53:04.204+0000] {processor.py:809} INFO - DAG(s) dict_keys(['latest_only']) retrieved from /home/airflow/.local/lib/python3.7/site-packages/airflow/example_dags/example_latest_only.py
[2023-05-15T07:53:04.276+0000] {logging_mixin.py:149} INFO - [2023-05-15T07:53:04.276+0000] {dag.py:2726} INFO - Sync 1 DAGs
[2023-05-15T07:53:04.351+0000] {logging_mixin.py:149} INFO - [2023-05-15T07:53:04.351+0000] {dag.py:3490} INFO - Setting next_dagrun for latest_only to 2023-05-15T03:53:04.350465+00:00, run_after=2023-05-15T07:53:04.350465+00:00
[2023-05-15T07:53:04.416+0000] {processor.py:178} INFO - Processing /home/airflow/.local/lib/python3.7/site-packages/airflow/example_dags/example_latest_only.py took 0.246 seconds
[2023-05-15T07:53:34.724+0000] {processor.py:156} INFO - Started process (PID=347) to work on /home/airflow/.local/lib/python3.7/site-packages/airflow/example_dags/example_latest_only.py
[2023-05-15T07:53:34.729+0000] {processor.py:799} INFO - Processing file /home/airflow/.local/lib/python3.7/site-packages/airflow/example_dags/example_latest_only.py for tasks to queue
[2023-05-15T07:53:34.733+0000] {logging_mixin.py:149} INFO - [2023-05-15T07:53:34.732+0000] {dagbag.py:541} INFO - Filling up the DagBag from /home/airflow/.local/lib/python3.7/site-packages/airflow/example_dags/example_latest_only.py
[2023-05-15T07:53:34.747+0000] {processor.py:809} INFO - DAG(s) dict_keys(['latest_only']) retrieved from /home/airflow/.local/lib/python3.7/site-packages/airflow/example_dags/example_latest_only.py
[2023-05-15T07:53:34.800+0000] {logging_mixin.py:149} INFO - [2023-05-15T07:53:34.799+0000] {dag.py:2726} INFO - Sync 1 DAGs
[2023-05-15T07:53:34.842+0000] {logging_mixin.py:149} INFO - [2023-05-15T07:53:34.842+0000] {dag.py:3490} INFO - Setting next_dagrun for latest_only to 2023-05-15T03:53:34.841853+00:00, run_after=2023-05-15T07:53:34.841853+00:00
[2023-05-15T07:53:34.879+0000] {processor.py:178} INFO - Processing /home/airflow/.local/lib/python3.7/site-packages/airflow/example_dags/example_latest_only.py took 0.162 seconds
[2023-05-15T07:54:05.486+0000] {processor.py:156} INFO - Started process (PID=413) to work on /home/airflow/.local/lib/python3.7/site-packages/airflow/example_dags/example_latest_only.py
[2023-05-15T07:54:05.490+0000] {processor.py:799} INFO - Processing file /home/airflow/.local/lib/python3.7/site-packages/airflow/example_dags/example_latest_only.py for tasks to queue
[2023-05-15T07:54:05.494+0000] {logging_mixin.py:149} INFO - [2023-05-15T07:54:05.494+0000] {dagbag.py:541} INFO - Filling up the DagBag from /home/airflow/.local/lib/python3.7/site-packages/airflow/example_dags/example_latest_only.py
[2023-05-15T07:54:05.507+0000] {processor.py:809} INFO - DAG(s) dict_keys(['latest_only']) retrieved from /home/airflow/.local/lib/python3.7/site-packages/airflow/example_dags/example_latest_only.py
[2023-05-15T07:54:05.549+0000] {logging_mixin.py:149} INFO - [2023-05-15T07:54:05.548+0000] {dag.py:2726} INFO - Sync 1 DAGs
[2023-05-15T07:54:05.587+0000] {logging_mixin.py:149} INFO - [2023-05-15T07:54:05.587+0000] {dag.py:3490} INFO - Setting next_dagrun for latest_only to 2023-05-15T03:54:05.587211+00:00, run_after=2023-05-15T07:54:05.587211+00:00
[2023-05-15T07:54:05.617+0000] {processor.py:178} INFO - Processing /home/airflow/.local/lib/python3.7/site-packages/airflow/example_dags/example_latest_only.py took 0.136 seconds
