[2023-05-15T07:51:25.307+0000] {processor.py:156} INFO - Started process (PID=62) to work on /home/airflow/.local/lib/python3.7/site-packages/airflow/example_dags/example_short_circuit_decorator.py
[2023-05-15T07:51:25.311+0000] {processor.py:799} INFO - Processing file /home/airflow/.local/lib/python3.7/site-packages/airflow/example_dags/example_short_circuit_decorator.py for tasks to queue
[2023-05-15T07:51:25.315+0000] {logging_mixin.py:149} INFO - [2023-05-15T07:51:25.314+0000] {dagbag.py:541} INFO - Filling up the DagBag from /home/airflow/.local/lib/python3.7/site-packages/airflow/example_dags/example_short_circuit_decorator.py
[2023-05-15T07:51:25.345+0000] {processor.py:809} INFO - DAG(s) dict_keys(['example_short_circuit_decorator']) retrieved from /home/airflow/.local/lib/python3.7/site-packages/airflow/example_dags/example_short_circuit_decorator.py
[2023-05-15T07:51:25.588+0000] {logging_mixin.py:149} INFO - [2023-05-15T07:51:25.588+0000] {manager.py:504} INFO - Created Permission View: can edit on DAG:example_short_circuit_decorator
[2023-05-15T07:51:25.618+0000] {logging_mixin.py:149} INFO - [2023-05-15T07:51:25.618+0000] {manager.py:504} INFO - Created Permission View: can read on DAG:example_short_circuit_decorator
[2023-05-15T07:51:25.643+0000] {logging_mixin.py:149} INFO - [2023-05-15T07:51:25.643+0000] {manager.py:504} INFO - Created Permission View: can delete on DAG:example_short_circuit_decorator
[2023-05-15T07:51:25.646+0000] {logging_mixin.py:149} INFO - [2023-05-15T07:51:25.646+0000] {dag.py:2726} INFO - Sync 1 DAGs
[2023-05-15T07:51:25.685+0000] {logging_mixin.py:149} INFO - [2023-05-15T07:51:25.685+0000] {dag.py:2747} INFO - Creating ORM DAG for example_short_circuit_decorator
[2023-05-15T07:51:25.749+0000] {logging_mixin.py:149} INFO - [2023-05-15T07:51:25.749+0000] {dag.py:3490} INFO - Setting next_dagrun for example_short_circuit_decorator to 2023-05-14T07:51:25.748912+00:00, run_after=2023-05-15T07:51:25.748912+00:00
[2023-05-15T07:51:25.816+0000] {processor.py:178} INFO - Processing /home/airflow/.local/lib/python3.7/site-packages/airflow/example_dags/example_short_circuit_decorator.py took 0.515 seconds
[2023-05-15T07:51:56.565+0000] {processor.py:156} INFO - Started process (PID=128) to work on /home/airflow/.local/lib/python3.7/site-packages/airflow/example_dags/example_short_circuit_decorator.py
[2023-05-15T07:51:56.569+0000] {processor.py:799} INFO - Processing file /home/airflow/.local/lib/python3.7/site-packages/airflow/example_dags/example_short_circuit_decorator.py for tasks to queue
[2023-05-15T07:51:56.573+0000] {logging_mixin.py:149} INFO - [2023-05-15T07:51:56.573+0000] {dagbag.py:541} INFO - Filling up the DagBag from /home/airflow/.local/lib/python3.7/site-packages/airflow/example_dags/example_short_circuit_decorator.py
[2023-05-15T07:51:56.603+0000] {processor.py:809} INFO - DAG(s) dict_keys(['example_short_circuit_decorator']) retrieved from /home/airflow/.local/lib/python3.7/site-packages/airflow/example_dags/example_short_circuit_decorator.py
[2023-05-15T07:51:56.693+0000] {logging_mixin.py:149} INFO - [2023-05-15T07:51:56.693+0000] {dag.py:2726} INFO - Sync 1 DAGs
[2023-05-15T07:51:56.759+0000] {logging_mixin.py:149} INFO - [2023-05-15T07:51:56.759+0000] {dag.py:3490} INFO - Setting next_dagrun for example_short_circuit_decorator to 2023-05-14T07:51:56.758829+00:00, run_after=2023-05-15T07:51:56.758829+00:00
[2023-05-15T07:51:56.816+0000] {processor.py:178} INFO - Processing /home/airflow/.local/lib/python3.7/site-packages/airflow/example_dags/example_short_circuit_decorator.py took 0.261 seconds
[2023-05-15T07:52:26.981+0000] {processor.py:156} INFO - Started process (PID=194) to work on /home/airflow/.local/lib/python3.7/site-packages/airflow/example_dags/example_short_circuit_decorator.py
[2023-05-15T07:52:26.984+0000] {processor.py:799} INFO - Processing file /home/airflow/.local/lib/python3.7/site-packages/airflow/example_dags/example_short_circuit_decorator.py for tasks to queue
[2023-05-15T07:52:26.987+0000] {logging_mixin.py:149} INFO - [2023-05-15T07:52:26.987+0000] {dagbag.py:541} INFO - Filling up the DagBag from /home/airflow/.local/lib/python3.7/site-packages/airflow/example_dags/example_short_circuit_decorator.py
[2023-05-15T07:52:27.008+0000] {processor.py:809} INFO - DAG(s) dict_keys(['example_short_circuit_decorator']) retrieved from /home/airflow/.local/lib/python3.7/site-packages/airflow/example_dags/example_short_circuit_decorator.py
[2023-05-15T07:52:27.049+0000] {logging_mixin.py:149} INFO - [2023-05-15T07:52:27.049+0000] {dag.py:2726} INFO - Sync 1 DAGs
[2023-05-15T07:52:27.087+0000] {logging_mixin.py:149} INFO - [2023-05-15T07:52:27.086+0000] {dag.py:3490} INFO - Setting next_dagrun for example_short_circuit_decorator to 2023-05-14T07:52:27.086646+00:00, run_after=2023-05-15T07:52:27.086646+00:00
[2023-05-15T07:52:27.120+0000] {processor.py:178} INFO - Processing /home/airflow/.local/lib/python3.7/site-packages/airflow/example_dags/example_short_circuit_decorator.py took 0.146 seconds
[2023-05-15T07:52:57.830+0000] {processor.py:156} INFO - Started process (PID=262) to work on /home/airflow/.local/lib/python3.7/site-packages/airflow/example_dags/example_short_circuit_decorator.py
[2023-05-15T07:52:57.834+0000] {processor.py:799} INFO - Processing file /home/airflow/.local/lib/python3.7/site-packages/airflow/example_dags/example_short_circuit_decorator.py for tasks to queue
[2023-05-15T07:52:57.838+0000] {logging_mixin.py:149} INFO - [2023-05-15T07:52:57.837+0000] {dagbag.py:541} INFO - Filling up the DagBag from /home/airflow/.local/lib/python3.7/site-packages/airflow/example_dags/example_short_circuit_decorator.py
[2023-05-15T07:52:57.879+0000] {processor.py:809} INFO - DAG(s) dict_keys(['example_short_circuit_decorator']) retrieved from /home/airflow/.local/lib/python3.7/site-packages/airflow/example_dags/example_short_circuit_decorator.py
[2023-05-15T07:52:57.969+0000] {logging_mixin.py:149} INFO - [2023-05-15T07:52:57.969+0000] {dag.py:2726} INFO - Sync 1 DAGs
[2023-05-15T07:52:58.195+0000] {logging_mixin.py:149} INFO - [2023-05-15T07:52:58.195+0000] {dag.py:3490} INFO - Setting next_dagrun for example_short_circuit_decorator to 2023-05-14T07:52:58.194606+00:00, run_after=2023-05-15T07:52:58.194606+00:00
[2023-05-15T07:52:58.258+0000] {processor.py:178} INFO - Processing /home/airflow/.local/lib/python3.7/site-packages/airflow/example_dags/example_short_circuit_decorator.py took 0.437 seconds
[2023-05-15T07:53:28.381+0000] {processor.py:156} INFO - Started process (PID=329) to work on /home/airflow/.local/lib/python3.7/site-packages/airflow/example_dags/example_short_circuit_decorator.py
[2023-05-15T07:53:28.385+0000] {processor.py:799} INFO - Processing file /home/airflow/.local/lib/python3.7/site-packages/airflow/example_dags/example_short_circuit_decorator.py for tasks to queue
[2023-05-15T07:53:28.389+0000] {logging_mixin.py:149} INFO - [2023-05-15T07:53:28.388+0000] {dagbag.py:541} INFO - Filling up the DagBag from /home/airflow/.local/lib/python3.7/site-packages/airflow/example_dags/example_short_circuit_decorator.py
[2023-05-15T07:53:28.427+0000] {processor.py:809} INFO - DAG(s) dict_keys(['example_short_circuit_decorator']) retrieved from /home/airflow/.local/lib/python3.7/site-packages/airflow/example_dags/example_short_circuit_decorator.py
[2023-05-15T07:53:28.487+0000] {logging_mixin.py:149} INFO - [2023-05-15T07:53:28.487+0000] {dag.py:2726} INFO - Sync 1 DAGs
[2023-05-15T07:53:28.573+0000] {logging_mixin.py:149} INFO - [2023-05-15T07:53:28.572+0000] {dag.py:3490} INFO - Setting next_dagrun for example_short_circuit_decorator to 2023-05-14T07:53:28.572485+00:00, run_after=2023-05-15T07:53:28.572485+00:00
[2023-05-15T07:53:28.624+0000] {processor.py:178} INFO - Processing /home/airflow/.local/lib/python3.7/site-packages/airflow/example_dags/example_short_circuit_decorator.py took 0.253 seconds
[2023-05-15T07:53:59.600+0000] {processor.py:156} INFO - Started process (PID=395) to work on /home/airflow/.local/lib/python3.7/site-packages/airflow/example_dags/example_short_circuit_decorator.py
[2023-05-15T07:53:59.603+0000] {processor.py:799} INFO - Processing file /home/airflow/.local/lib/python3.7/site-packages/airflow/example_dags/example_short_circuit_decorator.py for tasks to queue
[2023-05-15T07:53:59.607+0000] {logging_mixin.py:149} INFO - [2023-05-15T07:53:59.606+0000] {dagbag.py:541} INFO - Filling up the DagBag from /home/airflow/.local/lib/python3.7/site-packages/airflow/example_dags/example_short_circuit_decorator.py
[2023-05-15T07:53:59.621+0000] {processor.py:809} INFO - DAG(s) dict_keys(['example_short_circuit_decorator']) retrieved from /home/airflow/.local/lib/python3.7/site-packages/airflow/example_dags/example_short_circuit_decorator.py
[2023-05-15T07:53:59.655+0000] {logging_mixin.py:149} INFO - [2023-05-15T07:53:59.655+0000] {dag.py:2726} INFO - Sync 1 DAGs
[2023-05-15T07:53:59.687+0000] {logging_mixin.py:149} INFO - [2023-05-15T07:53:59.687+0000] {dag.py:3490} INFO - Setting next_dagrun for example_short_circuit_decorator to 2023-05-14T07:53:59.687250+00:00, run_after=2023-05-15T07:53:59.687250+00:00
[2023-05-15T07:53:59.714+0000] {processor.py:178} INFO - Processing /home/airflow/.local/lib/python3.7/site-packages/airflow/example_dags/example_short_circuit_decorator.py took 0.120 seconds
