[2023-05-15T07:51:33.198+0000] {processor.py:156} INFO - Started process (PID=85) to work on /home/airflow/.local/lib/python3.7/site-packages/airflow/example_dags/example_short_circuit_operator.py
[2023-05-15T07:51:33.202+0000] {processor.py:799} INFO - Processing file /home/airflow/.local/lib/python3.7/site-packages/airflow/example_dags/example_short_circuit_operator.py for tasks to queue
[2023-05-15T07:51:33.205+0000] {logging_mixin.py:149} INFO - [2023-05-15T07:51:33.205+0000] {dagbag.py:541} INFO - Filling up the DagBag from /home/airflow/.local/lib/python3.7/site-packages/airflow/example_dags/example_short_circuit_operator.py
[2023-05-15T07:51:33.242+0000] {processor.py:809} INFO - DAG(s) dict_keys(['example_short_circuit_operator']) retrieved from /home/airflow/.local/lib/python3.7/site-packages/airflow/example_dags/example_short_circuit_operator.py
[2023-05-15T07:51:33.477+0000] {logging_mixin.py:149} INFO - [2023-05-15T07:51:33.477+0000] {manager.py:504} INFO - Created Permission View: can edit on DAG:example_short_circuit_operator
[2023-05-15T07:51:33.497+0000] {logging_mixin.py:149} INFO - [2023-05-15T07:51:33.497+0000] {manager.py:504} INFO - Created Permission View: can read on DAG:example_short_circuit_operator
[2023-05-15T07:51:33.519+0000] {logging_mixin.py:149} INFO - [2023-05-15T07:51:33.519+0000] {manager.py:504} INFO - Created Permission View: can delete on DAG:example_short_circuit_operator
[2023-05-15T07:51:33.522+0000] {logging_mixin.py:149} INFO - [2023-05-15T07:51:33.521+0000] {dag.py:2726} INFO - Sync 1 DAGs
[2023-05-15T07:51:33.549+0000] {logging_mixin.py:149} INFO - [2023-05-15T07:51:33.549+0000] {dag.py:2747} INFO - Creating ORM DAG for example_short_circuit_operator
[2023-05-15T07:51:33.572+0000] {logging_mixin.py:149} INFO - [2023-05-15T07:51:33.572+0000] {dag.py:3490} INFO - Setting next_dagrun for example_short_circuit_operator to 2023-05-14T07:51:33.571753+00:00, run_after=2023-05-15T07:51:33.571753+00:00
[2023-05-15T07:51:33.612+0000] {processor.py:178} INFO - Processing /home/airflow/.local/lib/python3.7/site-packages/airflow/example_dags/example_short_circuit_operator.py took 0.422 seconds
[2023-05-15T07:52:04.264+0000] {processor.py:156} INFO - Started process (PID=151) to work on /home/airflow/.local/lib/python3.7/site-packages/airflow/example_dags/example_short_circuit_operator.py
[2023-05-15T07:52:04.270+0000] {processor.py:799} INFO - Processing file /home/airflow/.local/lib/python3.7/site-packages/airflow/example_dags/example_short_circuit_operator.py for tasks to queue
[2023-05-15T07:52:04.274+0000] {logging_mixin.py:149} INFO - [2023-05-15T07:52:04.274+0000] {dagbag.py:541} INFO - Filling up the DagBag from /home/airflow/.local/lib/python3.7/site-packages/airflow/example_dags/example_short_circuit_operator.py
[2023-05-15T07:52:04.306+0000] {processor.py:809} INFO - DAG(s) dict_keys(['example_short_circuit_operator']) retrieved from /home/airflow/.local/lib/python3.7/site-packages/airflow/example_dags/example_short_circuit_operator.py
[2023-05-15T07:52:04.392+0000] {logging_mixin.py:149} INFO - [2023-05-15T07:52:04.392+0000] {dag.py:2726} INFO - Sync 1 DAGs
[2023-05-15T07:52:04.512+0000] {logging_mixin.py:149} INFO - [2023-05-15T07:52:04.512+0000] {dag.py:3490} INFO - Setting next_dagrun for example_short_circuit_operator to 2023-05-14T07:52:04.511472+00:00, run_after=2023-05-15T07:52:04.511472+00:00
[2023-05-15T07:52:04.582+0000] {processor.py:178} INFO - Processing /home/airflow/.local/lib/python3.7/site-packages/airflow/example_dags/example_short_circuit_operator.py took 0.329 seconds
[2023-05-15T07:52:35.138+0000] {processor.py:156} INFO - Started process (PID=218) to work on /home/airflow/.local/lib/python3.7/site-packages/airflow/example_dags/example_short_circuit_operator.py
[2023-05-15T07:52:35.141+0000] {processor.py:799} INFO - Processing file /home/airflow/.local/lib/python3.7/site-packages/airflow/example_dags/example_short_circuit_operator.py for tasks to queue
[2023-05-15T07:52:35.144+0000] {logging_mixin.py:149} INFO - [2023-05-15T07:52:35.144+0000] {dagbag.py:541} INFO - Filling up the DagBag from /home/airflow/.local/lib/python3.7/site-packages/airflow/example_dags/example_short_circuit_operator.py
[2023-05-15T07:52:35.163+0000] {processor.py:809} INFO - DAG(s) dict_keys(['example_short_circuit_operator']) retrieved from /home/airflow/.local/lib/python3.7/site-packages/airflow/example_dags/example_short_circuit_operator.py
[2023-05-15T07:52:35.216+0000] {logging_mixin.py:149} INFO - [2023-05-15T07:52:35.215+0000] {dag.py:2726} INFO - Sync 1 DAGs
[2023-05-15T07:52:35.273+0000] {logging_mixin.py:149} INFO - [2023-05-15T07:52:35.272+0000] {dag.py:3490} INFO - Setting next_dagrun for example_short_circuit_operator to 2023-05-14T07:52:35.272347+00:00, run_after=2023-05-15T07:52:35.272347+00:00
[2023-05-15T07:52:35.324+0000] {processor.py:178} INFO - Processing /home/airflow/.local/lib/python3.7/site-packages/airflow/example_dags/example_short_circuit_operator.py took 0.194 seconds
[2023-05-15T07:53:05.858+0000] {processor.py:156} INFO - Started process (PID=285) to work on /home/airflow/.local/lib/python3.7/site-packages/airflow/example_dags/example_short_circuit_operator.py
[2023-05-15T07:53:05.862+0000] {processor.py:799} INFO - Processing file /home/airflow/.local/lib/python3.7/site-packages/airflow/example_dags/example_short_circuit_operator.py for tasks to queue
[2023-05-15T07:53:05.866+0000] {logging_mixin.py:149} INFO - [2023-05-15T07:53:05.866+0000] {dagbag.py:541} INFO - Filling up the DagBag from /home/airflow/.local/lib/python3.7/site-packages/airflow/example_dags/example_short_circuit_operator.py
[2023-05-15T07:53:05.881+0000] {processor.py:809} INFO - DAG(s) dict_keys(['example_short_circuit_operator']) retrieved from /home/airflow/.local/lib/python3.7/site-packages/airflow/example_dags/example_short_circuit_operator.py
[2023-05-15T07:53:05.935+0000] {logging_mixin.py:149} INFO - [2023-05-15T07:53:05.935+0000] {dag.py:2726} INFO - Sync 1 DAGs
[2023-05-15T07:53:05.997+0000] {logging_mixin.py:149} INFO - [2023-05-15T07:53:05.996+0000] {dag.py:3490} INFO - Setting next_dagrun for example_short_circuit_operator to 2023-05-14T07:53:05.996304+00:00, run_after=2023-05-15T07:53:05.996304+00:00
[2023-05-15T07:53:06.040+0000] {processor.py:178} INFO - Processing /home/airflow/.local/lib/python3.7/site-packages/airflow/example_dags/example_short_circuit_operator.py took 0.189 seconds
[2023-05-15T07:53:36.321+0000] {processor.py:156} INFO - Started process (PID=352) to work on /home/airflow/.local/lib/python3.7/site-packages/airflow/example_dags/example_short_circuit_operator.py
[2023-05-15T07:53:36.324+0000] {processor.py:799} INFO - Processing file /home/airflow/.local/lib/python3.7/site-packages/airflow/example_dags/example_short_circuit_operator.py for tasks to queue
[2023-05-15T07:53:36.326+0000] {logging_mixin.py:149} INFO - [2023-05-15T07:53:36.326+0000] {dagbag.py:541} INFO - Filling up the DagBag from /home/airflow/.local/lib/python3.7/site-packages/airflow/example_dags/example_short_circuit_operator.py
[2023-05-15T07:53:36.347+0000] {processor.py:809} INFO - DAG(s) dict_keys(['example_short_circuit_operator']) retrieved from /home/airflow/.local/lib/python3.7/site-packages/airflow/example_dags/example_short_circuit_operator.py
[2023-05-15T07:53:36.407+0000] {logging_mixin.py:149} INFO - [2023-05-15T07:53:36.406+0000] {dag.py:2726} INFO - Sync 1 DAGs
[2023-05-15T07:53:36.463+0000] {logging_mixin.py:149} INFO - [2023-05-15T07:53:36.462+0000] {dag.py:3490} INFO - Setting next_dagrun for example_short_circuit_operator to 2023-05-14T07:53:36.462532+00:00, run_after=2023-05-15T07:53:36.462532+00:00
[2023-05-15T07:53:36.502+0000] {processor.py:178} INFO - Processing /home/airflow/.local/lib/python3.7/site-packages/airflow/example_dags/example_short_circuit_operator.py took 0.188 seconds
[2023-05-15T07:54:07.028+0000] {processor.py:156} INFO - Started process (PID=418) to work on /home/airflow/.local/lib/python3.7/site-packages/airflow/example_dags/example_short_circuit_operator.py
[2023-05-15T07:54:07.033+0000] {processor.py:799} INFO - Processing file /home/airflow/.local/lib/python3.7/site-packages/airflow/example_dags/example_short_circuit_operator.py for tasks to queue
[2023-05-15T07:54:07.038+0000] {logging_mixin.py:149} INFO - [2023-05-15T07:54:07.037+0000] {dagbag.py:541} INFO - Filling up the DagBag from /home/airflow/.local/lib/python3.7/site-packages/airflow/example_dags/example_short_circuit_operator.py
[2023-05-15T07:54:07.053+0000] {processor.py:809} INFO - DAG(s) dict_keys(['example_short_circuit_operator']) retrieved from /home/airflow/.local/lib/python3.7/site-packages/airflow/example_dags/example_short_circuit_operator.py
[2023-05-15T07:54:07.096+0000] {logging_mixin.py:149} INFO - [2023-05-15T07:54:07.096+0000] {dag.py:2726} INFO - Sync 1 DAGs
[2023-05-15T07:54:07.142+0000] {logging_mixin.py:149} INFO - [2023-05-15T07:54:07.142+0000] {dag.py:3490} INFO - Setting next_dagrun for example_short_circuit_operator to 2023-05-14T07:54:07.141937+00:00, run_after=2023-05-15T07:54:07.141937+00:00
[2023-05-15T07:54:07.180+0000] {processor.py:178} INFO - Processing /home/airflow/.local/lib/python3.7/site-packages/airflow/example_dags/example_short_circuit_operator.py took 0.159 seconds
