[2023-05-15T07:51:24.661+0000] {processor.py:156} INFO - Started process (PID=61) to work on /home/airflow/.local/lib/python3.7/site-packages/airflow/example_dags/example_external_task_marker_dag.py
[2023-05-15T07:51:24.666+0000] {processor.py:799} INFO - Processing file /home/airflow/.local/lib/python3.7/site-packages/airflow/example_dags/example_external_task_marker_dag.py for tasks to queue
[2023-05-15T07:51:24.672+0000] {logging_mixin.py:149} INFO - [2023-05-15T07:51:24.671+0000] {dagbag.py:541} INFO - Filling up the DagBag from /home/airflow/.local/lib/python3.7/site-packages/airflow/example_dags/example_external_task_marker_dag.py
[2023-05-15T07:51:24.717+0000] {processor.py:809} INFO - DAG(s) dict_keys(['example_external_task_marker_child', 'example_external_task_marker_parent']) retrieved from /home/airflow/.local/lib/python3.7/site-packages/airflow/example_dags/example_external_task_marker_dag.py
[2023-05-15T07:51:25.088+0000] {logging_mixin.py:149} INFO - [2023-05-15T07:51:25.088+0000] {manager.py:504} INFO - Created Permission View: can edit on DAG:example_external_task_marker_child
[2023-05-15T07:51:25.127+0000] {logging_mixin.py:149} INFO - [2023-05-15T07:51:25.127+0000] {manager.py:504} INFO - Created Permission View: can read on DAG:example_external_task_marker_child
[2023-05-15T07:51:25.154+0000] {logging_mixin.py:149} INFO - [2023-05-15T07:51:25.154+0000] {manager.py:504} INFO - Created Permission View: can delete on DAG:example_external_task_marker_child
[2023-05-15T07:51:25.194+0000] {logging_mixin.py:149} INFO - [2023-05-15T07:51:25.194+0000] {manager.py:504} INFO - Created Permission View: can edit on DAG:example_external_task_marker_parent
[2023-05-15T07:51:25.210+0000] {logging_mixin.py:149} INFO - [2023-05-15T07:51:25.210+0000] {manager.py:504} INFO - Created Permission View: can read on DAG:example_external_task_marker_parent
[2023-05-15T07:51:25.233+0000] {logging_mixin.py:149} INFO - [2023-05-15T07:51:25.232+0000] {manager.py:504} INFO - Created Permission View: can delete on DAG:example_external_task_marker_parent
[2023-05-15T07:51:25.235+0000] {logging_mixin.py:149} INFO - [2023-05-15T07:51:25.235+0000] {dag.py:2726} INFO - Sync 2 DAGs
[2023-05-15T07:51:25.279+0000] {logging_mixin.py:149} INFO - [2023-05-15T07:51:25.278+0000] {dag.py:2747} INFO - Creating ORM DAG for example_external_task_marker_parent
[2023-05-15T07:51:25.282+0000] {logging_mixin.py:149} INFO - [2023-05-15T07:51:25.282+0000] {dag.py:2747} INFO - Creating ORM DAG for example_external_task_marker_child
[2023-05-15T07:51:25.309+0000] {logging_mixin.py:149} INFO - [2023-05-15T07:51:25.309+0000] {dag.py:3490} INFO - Setting next_dagrun for example_external_task_marker_child to None, run_after=None
[2023-05-15T07:51:25.313+0000] {logging_mixin.py:149} INFO - [2023-05-15T07:51:25.313+0000] {dag.py:3490} INFO - Setting next_dagrun for example_external_task_marker_parent to None, run_after=None
[2023-05-15T07:51:25.361+0000] {processor.py:178} INFO - Processing /home/airflow/.local/lib/python3.7/site-packages/airflow/example_dags/example_external_task_marker_dag.py took 0.709 seconds
[2023-05-15T07:51:55.533+0000] {processor.py:156} INFO - Started process (PID=127) to work on /home/airflow/.local/lib/python3.7/site-packages/airflow/example_dags/example_external_task_marker_dag.py
[2023-05-15T07:51:55.537+0000] {processor.py:799} INFO - Processing file /home/airflow/.local/lib/python3.7/site-packages/airflow/example_dags/example_external_task_marker_dag.py for tasks to queue
[2023-05-15T07:51:55.540+0000] {logging_mixin.py:149} INFO - [2023-05-15T07:51:55.540+0000] {dagbag.py:541} INFO - Filling up the DagBag from /home/airflow/.local/lib/python3.7/site-packages/airflow/example_dags/example_external_task_marker_dag.py
[2023-05-15T07:51:55.554+0000] {processor.py:809} INFO - DAG(s) dict_keys(['example_external_task_marker_parent', 'example_external_task_marker_child']) retrieved from /home/airflow/.local/lib/python3.7/site-packages/airflow/example_dags/example_external_task_marker_dag.py
[2023-05-15T07:51:55.627+0000] {logging_mixin.py:149} INFO - [2023-05-15T07:51:55.627+0000] {dag.py:2726} INFO - Sync 2 DAGs
[2023-05-15T07:51:55.678+0000] {logging_mixin.py:149} INFO - [2023-05-15T07:51:55.677+0000] {dag.py:3490} INFO - Setting next_dagrun for example_external_task_marker_child to None, run_after=None
[2023-05-15T07:51:55.685+0000] {logging_mixin.py:149} INFO - [2023-05-15T07:51:55.685+0000] {dag.py:3490} INFO - Setting next_dagrun for example_external_task_marker_parent to None, run_after=None
[2023-05-15T07:51:55.723+0000] {processor.py:178} INFO - Processing /home/airflow/.local/lib/python3.7/site-packages/airflow/example_dags/example_external_task_marker_dag.py took 0.195 seconds
[2023-05-15T07:52:25.815+0000] {processor.py:156} INFO - Started process (PID=193) to work on /home/airflow/.local/lib/python3.7/site-packages/airflow/example_dags/example_external_task_marker_dag.py
[2023-05-15T07:52:25.818+0000] {processor.py:799} INFO - Processing file /home/airflow/.local/lib/python3.7/site-packages/airflow/example_dags/example_external_task_marker_dag.py for tasks to queue
[2023-05-15T07:52:25.821+0000] {logging_mixin.py:149} INFO - [2023-05-15T07:52:25.820+0000] {dagbag.py:541} INFO - Filling up the DagBag from /home/airflow/.local/lib/python3.7/site-packages/airflow/example_dags/example_external_task_marker_dag.py
[2023-05-15T07:52:25.829+0000] {processor.py:809} INFO - DAG(s) dict_keys(['example_external_task_marker_parent', 'example_external_task_marker_child']) retrieved from /home/airflow/.local/lib/python3.7/site-packages/airflow/example_dags/example_external_task_marker_dag.py
[2023-05-15T07:52:25.868+0000] {logging_mixin.py:149} INFO - [2023-05-15T07:52:25.868+0000] {dag.py:2726} INFO - Sync 2 DAGs
[2023-05-15T07:52:25.898+0000] {logging_mixin.py:149} INFO - [2023-05-15T07:52:25.898+0000] {dag.py:3490} INFO - Setting next_dagrun for example_external_task_marker_child to None, run_after=None
[2023-05-15T07:52:25.905+0000] {logging_mixin.py:149} INFO - [2023-05-15T07:52:25.905+0000] {dag.py:3490} INFO - Setting next_dagrun for example_external_task_marker_parent to None, run_after=None
[2023-05-15T07:52:25.928+0000] {processor.py:178} INFO - Processing /home/airflow/.local/lib/python3.7/site-packages/airflow/example_dags/example_external_task_marker_dag.py took 0.118 seconds
[2023-05-15T07:52:56.644+0000] {processor.py:156} INFO - Started process (PID=261) to work on /home/airflow/.local/lib/python3.7/site-packages/airflow/example_dags/example_external_task_marker_dag.py
[2023-05-15T07:52:56.648+0000] {processor.py:799} INFO - Processing file /home/airflow/.local/lib/python3.7/site-packages/airflow/example_dags/example_external_task_marker_dag.py for tasks to queue
[2023-05-15T07:52:56.651+0000] {logging_mixin.py:149} INFO - [2023-05-15T07:52:56.651+0000] {dagbag.py:541} INFO - Filling up the DagBag from /home/airflow/.local/lib/python3.7/site-packages/airflow/example_dags/example_external_task_marker_dag.py
[2023-05-15T07:52:56.661+0000] {processor.py:809} INFO - DAG(s) dict_keys(['example_external_task_marker_parent', 'example_external_task_marker_child']) retrieved from /home/airflow/.local/lib/python3.7/site-packages/airflow/example_dags/example_external_task_marker_dag.py
[2023-05-15T07:52:56.709+0000] {logging_mixin.py:149} INFO - [2023-05-15T07:52:56.708+0000] {dag.py:2726} INFO - Sync 2 DAGs
[2023-05-15T07:52:56.800+0000] {logging_mixin.py:149} INFO - [2023-05-15T07:52:56.799+0000] {dag.py:3490} INFO - Setting next_dagrun for example_external_task_marker_child to None, run_after=None
[2023-05-15T07:52:56.816+0000] {logging_mixin.py:149} INFO - [2023-05-15T07:52:56.815+0000] {dag.py:3490} INFO - Setting next_dagrun for example_external_task_marker_parent to None, run_after=None
[2023-05-15T07:52:56.857+0000] {processor.py:178} INFO - Processing /home/airflow/.local/lib/python3.7/site-packages/airflow/example_dags/example_external_task_marker_dag.py took 0.218 seconds
[2023-05-15T07:53:27.222+0000] {processor.py:156} INFO - Started process (PID=328) to work on /home/airflow/.local/lib/python3.7/site-packages/airflow/example_dags/example_external_task_marker_dag.py
[2023-05-15T07:53:27.228+0000] {processor.py:799} INFO - Processing file /home/airflow/.local/lib/python3.7/site-packages/airflow/example_dags/example_external_task_marker_dag.py for tasks to queue
[2023-05-15T07:53:27.231+0000] {logging_mixin.py:149} INFO - [2023-05-15T07:53:27.231+0000] {dagbag.py:541} INFO - Filling up the DagBag from /home/airflow/.local/lib/python3.7/site-packages/airflow/example_dags/example_external_task_marker_dag.py
[2023-05-15T07:53:27.242+0000] {processor.py:809} INFO - DAG(s) dict_keys(['example_external_task_marker_child', 'example_external_task_marker_parent']) retrieved from /home/airflow/.local/lib/python3.7/site-packages/airflow/example_dags/example_external_task_marker_dag.py
[2023-05-15T07:53:27.293+0000] {logging_mixin.py:149} INFO - [2023-05-15T07:53:27.293+0000] {dag.py:2726} INFO - Sync 2 DAGs
[2023-05-15T07:53:27.339+0000] {logging_mixin.py:149} INFO - [2023-05-15T07:53:27.339+0000] {dag.py:3490} INFO - Setting next_dagrun for example_external_task_marker_child to None, run_after=None
[2023-05-15T07:53:27.347+0000] {logging_mixin.py:149} INFO - [2023-05-15T07:53:27.347+0000] {dag.py:3490} INFO - Setting next_dagrun for example_external_task_marker_parent to None, run_after=None
[2023-05-15T07:53:27.376+0000] {processor.py:178} INFO - Processing /home/airflow/.local/lib/python3.7/site-packages/airflow/example_dags/example_external_task_marker_dag.py took 0.162 seconds
[2023-05-15T07:53:57.444+0000] {processor.py:156} INFO - Started process (PID=394) to work on /home/airflow/.local/lib/python3.7/site-packages/airflow/example_dags/example_external_task_marker_dag.py
[2023-05-15T07:53:57.446+0000] {processor.py:799} INFO - Processing file /home/airflow/.local/lib/python3.7/site-packages/airflow/example_dags/example_external_task_marker_dag.py for tasks to queue
[2023-05-15T07:53:57.449+0000] {logging_mixin.py:149} INFO - [2023-05-15T07:53:57.448+0000] {dagbag.py:541} INFO - Filling up the DagBag from /home/airflow/.local/lib/python3.7/site-packages/airflow/example_dags/example_external_task_marker_dag.py
[2023-05-15T07:53:57.457+0000] {processor.py:809} INFO - DAG(s) dict_keys(['example_external_task_marker_parent', 'example_external_task_marker_child']) retrieved from /home/airflow/.local/lib/python3.7/site-packages/airflow/example_dags/example_external_task_marker_dag.py
[2023-05-15T07:53:57.503+0000] {logging_mixin.py:149} INFO - [2023-05-15T07:53:57.503+0000] {dag.py:2726} INFO - Sync 2 DAGs
[2023-05-15T07:53:57.543+0000] {logging_mixin.py:149} INFO - [2023-05-15T07:53:57.543+0000] {dag.py:3490} INFO - Setting next_dagrun for example_external_task_marker_child to None, run_after=None
[2023-05-15T07:53:57.551+0000] {logging_mixin.py:149} INFO - [2023-05-15T07:53:57.551+0000] {dag.py:3490} INFO - Setting next_dagrun for example_external_task_marker_parent to None, run_after=None
[2023-05-15T07:53:57.577+0000] {processor.py:178} INFO - Processing /home/airflow/.local/lib/python3.7/site-packages/airflow/example_dags/example_external_task_marker_dag.py took 0.139 seconds
