[2023-05-15T07:51:32.183+0000] {processor.py:156} INFO - Started process (PID=81) to work on /home/airflow/.local/lib/python3.7/site-packages/airflow/example_dags/example_nested_branch_dag.py
[2023-05-15T07:51:32.187+0000] {processor.py:799} INFO - Processing file /home/airflow/.local/lib/python3.7/site-packages/airflow/example_dags/example_nested_branch_dag.py for tasks to queue
[2023-05-15T07:51:32.190+0000] {logging_mixin.py:149} INFO - [2023-05-15T07:51:32.190+0000] {dagbag.py:541} INFO - Filling up the DagBag from /home/airflow/.local/lib/python3.7/site-packages/airflow/example_dags/example_nested_branch_dag.py
[2023-05-15T07:51:32.210+0000] {processor.py:809} INFO - DAG(s) dict_keys(['example_nested_branch_dag']) retrieved from /home/airflow/.local/lib/python3.7/site-packages/airflow/example_dags/example_nested_branch_dag.py
[2023-05-15T07:51:32.481+0000] {logging_mixin.py:149} INFO - [2023-05-15T07:51:32.481+0000] {manager.py:504} INFO - Created Permission View: can edit on DAG:example_nested_branch_dag
[2023-05-15T07:51:32.501+0000] {logging_mixin.py:149} INFO - [2023-05-15T07:51:32.501+0000] {manager.py:504} INFO - Created Permission View: can read on DAG:example_nested_branch_dag
[2023-05-15T07:51:32.523+0000] {logging_mixin.py:149} INFO - [2023-05-15T07:51:32.523+0000] {manager.py:504} INFO - Created Permission View: can delete on DAG:example_nested_branch_dag
[2023-05-15T07:51:32.526+0000] {logging_mixin.py:149} INFO - [2023-05-15T07:51:32.525+0000] {dag.py:2726} INFO - Sync 1 DAGs
[2023-05-15T07:51:32.555+0000] {logging_mixin.py:149} INFO - [2023-05-15T07:51:32.555+0000] {dag.py:2747} INFO - Creating ORM DAG for example_nested_branch_dag
[2023-05-15T07:51:32.585+0000] {logging_mixin.py:149} INFO - [2023-05-15T07:51:32.585+0000] {dag.py:3490} INFO - Setting next_dagrun for example_nested_branch_dag to 2023-05-14T00:00:00+00:00, run_after=2023-05-15T00:00:00+00:00
[2023-05-15T07:51:32.629+0000] {processor.py:178} INFO - Processing /home/airflow/.local/lib/python3.7/site-packages/airflow/example_dags/example_nested_branch_dag.py took 0.452 seconds
[2023-05-15T07:52:02.758+0000] {processor.py:156} INFO - Started process (PID=147) to work on /home/airflow/.local/lib/python3.7/site-packages/airflow/example_dags/example_nested_branch_dag.py
[2023-05-15T07:52:02.762+0000] {processor.py:799} INFO - Processing file /home/airflow/.local/lib/python3.7/site-packages/airflow/example_dags/example_nested_branch_dag.py for tasks to queue
[2023-05-15T07:52:02.766+0000] {logging_mixin.py:149} INFO - [2023-05-15T07:52:02.766+0000] {dagbag.py:541} INFO - Filling up the DagBag from /home/airflow/.local/lib/python3.7/site-packages/airflow/example_dags/example_nested_branch_dag.py
[2023-05-15T07:52:02.789+0000] {processor.py:809} INFO - DAG(s) dict_keys(['example_nested_branch_dag']) retrieved from /home/airflow/.local/lib/python3.7/site-packages/airflow/example_dags/example_nested_branch_dag.py
[2023-05-15T07:52:02.842+0000] {logging_mixin.py:149} INFO - [2023-05-15T07:52:02.841+0000] {dag.py:2726} INFO - Sync 1 DAGs
[2023-05-15T07:52:02.896+0000] {logging_mixin.py:149} INFO - [2023-05-15T07:52:02.895+0000] {dag.py:3490} INFO - Setting next_dagrun for example_nested_branch_dag to 2023-05-14T00:00:00+00:00, run_after=2023-05-15T00:00:00+00:00
[2023-05-15T07:52:02.934+0000] {processor.py:178} INFO - Processing /home/airflow/.local/lib/python3.7/site-packages/airflow/example_dags/example_nested_branch_dag.py took 0.184 seconds
[2023-05-15T07:52:33.604+0000] {processor.py:156} INFO - Started process (PID=214) to work on /home/airflow/.local/lib/python3.7/site-packages/airflow/example_dags/example_nested_branch_dag.py
[2023-05-15T07:52:33.610+0000] {processor.py:799} INFO - Processing file /home/airflow/.local/lib/python3.7/site-packages/airflow/example_dags/example_nested_branch_dag.py for tasks to queue
[2023-05-15T07:52:33.613+0000] {logging_mixin.py:149} INFO - [2023-05-15T07:52:33.613+0000] {dagbag.py:541} INFO - Filling up the DagBag from /home/airflow/.local/lib/python3.7/site-packages/airflow/example_dags/example_nested_branch_dag.py
[2023-05-15T07:52:33.640+0000] {processor.py:809} INFO - DAG(s) dict_keys(['example_nested_branch_dag']) retrieved from /home/airflow/.local/lib/python3.7/site-packages/airflow/example_dags/example_nested_branch_dag.py
[2023-05-15T07:52:33.690+0000] {logging_mixin.py:149} INFO - [2023-05-15T07:52:33.690+0000] {dag.py:2726} INFO - Sync 1 DAGs
[2023-05-15T07:52:33.740+0000] {logging_mixin.py:149} INFO - [2023-05-15T07:52:33.740+0000] {dag.py:3490} INFO - Setting next_dagrun for example_nested_branch_dag to 2023-05-14T00:00:00+00:00, run_after=2023-05-15T00:00:00+00:00
[2023-05-15T07:52:33.783+0000] {processor.py:178} INFO - Processing /home/airflow/.local/lib/python3.7/site-packages/airflow/example_dags/example_nested_branch_dag.py took 0.187 seconds
[2023-05-15T07:53:04.472+0000] {processor.py:156} INFO - Started process (PID=281) to work on /home/airflow/.local/lib/python3.7/site-packages/airflow/example_dags/example_nested_branch_dag.py
[2023-05-15T07:53:04.476+0000] {processor.py:799} INFO - Processing file /home/airflow/.local/lib/python3.7/site-packages/airflow/example_dags/example_nested_branch_dag.py for tasks to queue
[2023-05-15T07:53:04.479+0000] {logging_mixin.py:149} INFO - [2023-05-15T07:53:04.479+0000] {dagbag.py:541} INFO - Filling up the DagBag from /home/airflow/.local/lib/python3.7/site-packages/airflow/example_dags/example_nested_branch_dag.py
[2023-05-15T07:53:04.505+0000] {processor.py:809} INFO - DAG(s) dict_keys(['example_nested_branch_dag']) retrieved from /home/airflow/.local/lib/python3.7/site-packages/airflow/example_dags/example_nested_branch_dag.py
[2023-05-15T07:53:04.564+0000] {logging_mixin.py:149} INFO - [2023-05-15T07:53:04.564+0000] {dag.py:2726} INFO - Sync 1 DAGs
[2023-05-15T07:53:04.614+0000] {logging_mixin.py:149} INFO - [2023-05-15T07:53:04.614+0000] {dag.py:3490} INFO - Setting next_dagrun for example_nested_branch_dag to 2023-05-14T00:00:00+00:00, run_after=2023-05-15T00:00:00+00:00
[2023-05-15T07:53:04.652+0000] {processor.py:178} INFO - Processing /home/airflow/.local/lib/python3.7/site-packages/airflow/example_dags/example_nested_branch_dag.py took 0.188 seconds
[2023-05-15T07:53:34.787+0000] {processor.py:156} INFO - Started process (PID=348) to work on /home/airflow/.local/lib/python3.7/site-packages/airflow/example_dags/example_nested_branch_dag.py
[2023-05-15T07:53:34.791+0000] {processor.py:799} INFO - Processing file /home/airflow/.local/lib/python3.7/site-packages/airflow/example_dags/example_nested_branch_dag.py for tasks to queue
[2023-05-15T07:53:34.794+0000] {logging_mixin.py:149} INFO - [2023-05-15T07:53:34.794+0000] {dagbag.py:541} INFO - Filling up the DagBag from /home/airflow/.local/lib/python3.7/site-packages/airflow/example_dags/example_nested_branch_dag.py
[2023-05-15T07:53:34.812+0000] {processor.py:809} INFO - DAG(s) dict_keys(['example_nested_branch_dag']) retrieved from /home/airflow/.local/lib/python3.7/site-packages/airflow/example_dags/example_nested_branch_dag.py
[2023-05-15T07:53:34.856+0000] {logging_mixin.py:149} INFO - [2023-05-15T07:53:34.856+0000] {dag.py:2726} INFO - Sync 1 DAGs
[2023-05-15T07:53:34.899+0000] {logging_mixin.py:149} INFO - [2023-05-15T07:53:34.898+0000] {dag.py:3490} INFO - Setting next_dagrun for example_nested_branch_dag to 2023-05-14T00:00:00+00:00, run_after=2023-05-15T00:00:00+00:00
[2023-05-15T07:53:34.935+0000] {processor.py:178} INFO - Processing /home/airflow/.local/lib/python3.7/site-packages/airflow/example_dags/example_nested_branch_dag.py took 0.155 seconds
[2023-05-15T07:54:05.560+0000] {processor.py:156} INFO - Started process (PID=414) to work on /home/airflow/.local/lib/python3.7/site-packages/airflow/example_dags/example_nested_branch_dag.py
[2023-05-15T07:54:05.563+0000] {processor.py:799} INFO - Processing file /home/airflow/.local/lib/python3.7/site-packages/airflow/example_dags/example_nested_branch_dag.py for tasks to queue
[2023-05-15T07:54:05.566+0000] {logging_mixin.py:149} INFO - [2023-05-15T07:54:05.565+0000] {dagbag.py:541} INFO - Filling up the DagBag from /home/airflow/.local/lib/python3.7/site-packages/airflow/example_dags/example_nested_branch_dag.py
[2023-05-15T07:54:05.583+0000] {processor.py:809} INFO - DAG(s) dict_keys(['example_nested_branch_dag']) retrieved from /home/airflow/.local/lib/python3.7/site-packages/airflow/example_dags/example_nested_branch_dag.py
[2023-05-15T07:54:05.620+0000] {logging_mixin.py:149} INFO - [2023-05-15T07:54:05.620+0000] {dag.py:2726} INFO - Sync 1 DAGs
[2023-05-15T07:54:05.654+0000] {logging_mixin.py:149} INFO - [2023-05-15T07:54:05.654+0000] {dag.py:3490} INFO - Setting next_dagrun for example_nested_branch_dag to 2023-05-14T00:00:00+00:00, run_after=2023-05-15T00:00:00+00:00
[2023-05-15T07:54:05.691+0000] {processor.py:178} INFO - Processing /home/airflow/.local/lib/python3.7/site-packages/airflow/example_dags/example_nested_branch_dag.py took 0.136 seconds
