[2023-05-15T07:51:25.900+0000] {processor.py:156} INFO - Started process (PID=64) to work on /home/airflow/.local/lib/python3.7/site-packages/airflow/example_dags/example_sla_dag.py
[2023-05-15T07:51:25.904+0000] {processor.py:799} INFO - Processing file /home/airflow/.local/lib/python3.7/site-packages/airflow/example_dags/example_sla_dag.py for tasks to queue
[2023-05-15T07:51:25.908+0000] {logging_mixin.py:149} INFO - [2023-05-15T07:51:25.908+0000] {dagbag.py:541} INFO - Filling up the DagBag from /home/airflow/.local/lib/python3.7/site-packages/airflow/example_dags/example_sla_dag.py
[2023-05-15T07:51:25.939+0000] {processor.py:809} INFO - DAG(s) dict_keys(['example_sla_dag']) retrieved from /home/airflow/.local/lib/python3.7/site-packages/airflow/example_dags/example_sla_dag.py
[2023-05-15T07:51:26.205+0000] {logging_mixin.py:149} INFO - [2023-05-15T07:51:26.204+0000] {manager.py:504} INFO - Created Permission View: can edit on DAG:example_sla_dag
[2023-05-15T07:51:26.234+0000] {logging_mixin.py:149} INFO - [2023-05-15T07:51:26.233+0000] {manager.py:504} INFO - Created Permission View: can read on DAG:example_sla_dag
[2023-05-15T07:51:26.279+0000] {logging_mixin.py:149} INFO - [2023-05-15T07:51:26.278+0000] {manager.py:504} INFO - Created Permission View: can delete on DAG:example_sla_dag
[2023-05-15T07:51:26.283+0000] {logging_mixin.py:149} INFO - [2023-05-15T07:51:26.282+0000] {dag.py:2726} INFO - Sync 1 DAGs
[2023-05-15T07:51:26.322+0000] {logging_mixin.py:149} INFO - [2023-05-15T07:51:26.321+0000] {dag.py:2747} INFO - Creating ORM DAG for example_sla_dag
[2023-05-15T07:51:26.369+0000] {logging_mixin.py:149} INFO - [2023-05-15T07:51:26.369+0000] {dag.py:3490} INFO - Setting next_dagrun for example_sla_dag to 2023-05-15T07:48:00+00:00, run_after=2023-05-15T07:50:00+00:00
[2023-05-15T07:51:26.427+0000] {processor.py:178} INFO - Processing /home/airflow/.local/lib/python3.7/site-packages/airflow/example_dags/example_sla_dag.py took 0.534 seconds
[2023-05-15T07:51:56.862+0000] {processor.py:156} INFO - Started process (PID=130) to work on /home/airflow/.local/lib/python3.7/site-packages/airflow/example_dags/example_sla_dag.py
[2023-05-15T07:51:56.866+0000] {processor.py:799} INFO - Processing file /home/airflow/.local/lib/python3.7/site-packages/airflow/example_dags/example_sla_dag.py for tasks to queue
[2023-05-15T07:51:56.871+0000] {logging_mixin.py:149} INFO - [2023-05-15T07:51:56.871+0000] {dagbag.py:541} INFO - Filling up the DagBag from /home/airflow/.local/lib/python3.7/site-packages/airflow/example_dags/example_sla_dag.py
[2023-05-15T07:51:56.896+0000] {processor.py:809} INFO - DAG(s) dict_keys(['example_sla_dag']) retrieved from /home/airflow/.local/lib/python3.7/site-packages/airflow/example_dags/example_sla_dag.py
[2023-05-15T07:51:56.954+0000] {logging_mixin.py:149} INFO - [2023-05-15T07:51:56.954+0000] {dag.py:2726} INFO - Sync 1 DAGs
[2023-05-15T07:51:57.018+0000] {logging_mixin.py:149} INFO - [2023-05-15T07:51:57.017+0000] {dag.py:3490} INFO - Setting next_dagrun for example_sla_dag to 2023-05-15T07:48:00+00:00, run_after=2023-05-15T07:50:00+00:00
[2023-05-15T07:51:57.066+0000] {processor.py:178} INFO - Processing /home/airflow/.local/lib/python3.7/site-packages/airflow/example_dags/example_sla_dag.py took 0.215 seconds
[2023-05-15T07:52:27.164+0000] {processor.py:156} INFO - Started process (PID=196) to work on /home/airflow/.local/lib/python3.7/site-packages/airflow/example_dags/example_sla_dag.py
[2023-05-15T07:52:27.167+0000] {processor.py:799} INFO - Processing file /home/airflow/.local/lib/python3.7/site-packages/airflow/example_dags/example_sla_dag.py for tasks to queue
[2023-05-15T07:52:27.170+0000] {logging_mixin.py:149} INFO - [2023-05-15T07:52:27.169+0000] {dagbag.py:541} INFO - Filling up the DagBag from /home/airflow/.local/lib/python3.7/site-packages/airflow/example_dags/example_sla_dag.py
[2023-05-15T07:52:27.186+0000] {processor.py:809} INFO - DAG(s) dict_keys(['example_sla_dag']) retrieved from /home/airflow/.local/lib/python3.7/site-packages/airflow/example_dags/example_sla_dag.py
[2023-05-15T07:52:27.225+0000] {logging_mixin.py:149} INFO - [2023-05-15T07:52:27.225+0000] {dag.py:2726} INFO - Sync 1 DAGs
[2023-05-15T07:52:27.273+0000] {logging_mixin.py:149} INFO - [2023-05-15T07:52:27.273+0000] {dag.py:3490} INFO - Setting next_dagrun for example_sla_dag to 2023-05-15T07:50:00+00:00, run_after=2023-05-15T07:52:00+00:00
[2023-05-15T07:52:27.302+0000] {processor.py:178} INFO - Processing /home/airflow/.local/lib/python3.7/site-packages/airflow/example_dags/example_sla_dag.py took 0.147 seconds
[2023-05-15T07:52:58.301+0000] {processor.py:156} INFO - Started process (PID=264) to work on /home/airflow/.local/lib/python3.7/site-packages/airflow/example_dags/example_sla_dag.py
[2023-05-15T07:52:58.311+0000] {processor.py:799} INFO - Processing file /home/airflow/.local/lib/python3.7/site-packages/airflow/example_dags/example_sla_dag.py for tasks to queue
[2023-05-15T07:52:58.319+0000] {logging_mixin.py:149} INFO - [2023-05-15T07:52:58.318+0000] {dagbag.py:541} INFO - Filling up the DagBag from /home/airflow/.local/lib/python3.7/site-packages/airflow/example_dags/example_sla_dag.py
[2023-05-15T07:52:58.346+0000] {processor.py:809} INFO - DAG(s) dict_keys(['example_sla_dag']) retrieved from /home/airflow/.local/lib/python3.7/site-packages/airflow/example_dags/example_sla_dag.py
[2023-05-15T07:52:58.428+0000] {logging_mixin.py:149} INFO - [2023-05-15T07:52:58.428+0000] {dag.py:2726} INFO - Sync 1 DAGs
[2023-05-15T07:52:58.544+0000] {logging_mixin.py:149} INFO - [2023-05-15T07:52:58.543+0000] {dag.py:3490} INFO - Setting next_dagrun for example_sla_dag to 2023-05-15T07:50:00+00:00, run_after=2023-05-15T07:52:00+00:00
[2023-05-15T07:52:58.599+0000] {processor.py:178} INFO - Processing /home/airflow/.local/lib/python3.7/site-packages/airflow/example_dags/example_sla_dag.py took 0.306 seconds
[2023-05-15T07:53:28.684+0000] {processor.py:156} INFO - Started process (PID=331) to work on /home/airflow/.local/lib/python3.7/site-packages/airflow/example_dags/example_sla_dag.py
[2023-05-15T07:53:28.687+0000] {processor.py:799} INFO - Processing file /home/airflow/.local/lib/python3.7/site-packages/airflow/example_dags/example_sla_dag.py for tasks to queue
[2023-05-15T07:53:28.692+0000] {logging_mixin.py:149} INFO - [2023-05-15T07:53:28.691+0000] {dagbag.py:541} INFO - Filling up the DagBag from /home/airflow/.local/lib/python3.7/site-packages/airflow/example_dags/example_sla_dag.py
[2023-05-15T07:53:28.714+0000] {processor.py:809} INFO - DAG(s) dict_keys(['example_sla_dag']) retrieved from /home/airflow/.local/lib/python3.7/site-packages/airflow/example_dags/example_sla_dag.py
[2023-05-15T07:53:28.785+0000] {logging_mixin.py:149} INFO - [2023-05-15T07:53:28.785+0000] {dag.py:2726} INFO - Sync 1 DAGs
[2023-05-15T07:53:28.850+0000] {logging_mixin.py:149} INFO - [2023-05-15T07:53:28.850+0000] {dag.py:3490} INFO - Setting next_dagrun for example_sla_dag to 2023-05-15T07:50:00+00:00, run_after=2023-05-15T07:52:00+00:00
[2023-05-15T07:53:28.897+0000] {processor.py:178} INFO - Processing /home/airflow/.local/lib/python3.7/site-packages/airflow/example_dags/example_sla_dag.py took 0.220 seconds
[2023-05-15T07:53:59.750+0000] {processor.py:156} INFO - Started process (PID=397) to work on /home/airflow/.local/lib/python3.7/site-packages/airflow/example_dags/example_sla_dag.py
[2023-05-15T07:53:59.753+0000] {processor.py:799} INFO - Processing file /home/airflow/.local/lib/python3.7/site-packages/airflow/example_dags/example_sla_dag.py for tasks to queue
[2023-05-15T07:53:59.755+0000] {logging_mixin.py:149} INFO - [2023-05-15T07:53:59.755+0000] {dagbag.py:541} INFO - Filling up the DagBag from /home/airflow/.local/lib/python3.7/site-packages/airflow/example_dags/example_sla_dag.py
[2023-05-15T07:53:59.767+0000] {processor.py:809} INFO - DAG(s) dict_keys(['example_sla_dag']) retrieved from /home/airflow/.local/lib/python3.7/site-packages/airflow/example_dags/example_sla_dag.py
[2023-05-15T07:53:59.803+0000] {logging_mixin.py:149} INFO - [2023-05-15T07:53:59.803+0000] {dag.py:2726} INFO - Sync 1 DAGs
[2023-05-15T07:53:59.843+0000] {logging_mixin.py:149} INFO - [2023-05-15T07:53:59.842+0000] {dag.py:3490} INFO - Setting next_dagrun for example_sla_dag to 2023-05-15T07:50:00+00:00, run_after=2023-05-15T07:52:00+00:00
[2023-05-15T07:53:59.875+0000] {processor.py:178} INFO - Processing /home/airflow/.local/lib/python3.7/site-packages/airflow/example_dags/example_sla_dag.py took 0.130 seconds
