[2023-05-15T07:51:11.582+0000] {processor.py:156} INFO - Started process (PID=44) to work on /home/airflow/.local/lib/python3.7/site-packages/airflow/example_dags/example_params_ui_tutorial.py
[2023-05-15T07:51:11.606+0000] {processor.py:799} INFO - Processing file /home/airflow/.local/lib/python3.7/site-packages/airflow/example_dags/example_params_ui_tutorial.py for tasks to queue
[2023-05-15T07:51:11.611+0000] {logging_mixin.py:149} INFO - [2023-05-15T07:51:11.611+0000] {dagbag.py:541} INFO - Filling up the DagBag from /home/airflow/.local/lib/python3.7/site-packages/airflow/example_dags/example_params_ui_tutorial.py
[2023-05-15T07:51:11.997+0000] {processor.py:809} INFO - DAG(s) dict_keys(['example_params_ui_tutorial']) retrieved from /home/airflow/.local/lib/python3.7/site-packages/airflow/example_dags/example_params_ui_tutorial.py
[2023-05-15T07:51:13.151+0000] {logging_mixin.py:149} INFO - [2023-05-15T07:51:13.151+0000] {manager.py:504} INFO - Created Permission View: can edit on DAG:example_params_ui_tutorial
[2023-05-15T07:51:13.182+0000] {logging_mixin.py:149} INFO - [2023-05-15T07:51:13.181+0000] {manager.py:504} INFO - Created Permission View: can read on DAG:example_params_ui_tutorial
[2023-05-15T07:51:13.220+0000] {logging_mixin.py:149} INFO - [2023-05-15T07:51:13.219+0000] {manager.py:504} INFO - Created Permission View: can delete on DAG:example_params_ui_tutorial
[2023-05-15T07:51:13.225+0000] {logging_mixin.py:149} INFO - [2023-05-15T07:51:13.224+0000] {dag.py:2726} INFO - Sync 1 DAGs
[2023-05-15T07:51:13.315+0000] {logging_mixin.py:149} INFO - [2023-05-15T07:51:13.315+0000] {dag.py:2747} INFO - Creating ORM DAG for example_params_ui_tutorial
[2023-05-15T07:51:13.459+0000] {logging_mixin.py:149} INFO - [2023-05-15T07:51:13.458+0000] {dag.py:3490} INFO - Setting next_dagrun for example_params_ui_tutorial to None, run_after=None
[2023-05-15T07:51:13.716+0000] {processor.py:178} INFO - Processing /home/airflow/.local/lib/python3.7/site-packages/airflow/example_dags/example_params_ui_tutorial.py took 2.147 seconds
[2023-05-15T07:51:44.197+0000] {processor.py:156} INFO - Started process (PID=110) to work on /home/airflow/.local/lib/python3.7/site-packages/airflow/example_dags/example_params_ui_tutorial.py
[2023-05-15T07:51:44.200+0000] {processor.py:799} INFO - Processing file /home/airflow/.local/lib/python3.7/site-packages/airflow/example_dags/example_params_ui_tutorial.py for tasks to queue
[2023-05-15T07:51:44.203+0000] {logging_mixin.py:149} INFO - [2023-05-15T07:51:44.203+0000] {dagbag.py:541} INFO - Filling up the DagBag from /home/airflow/.local/lib/python3.7/site-packages/airflow/example_dags/example_params_ui_tutorial.py
[2023-05-15T07:51:44.277+0000] {processor.py:809} INFO - DAG(s) dict_keys(['example_params_ui_tutorial']) retrieved from /home/airflow/.local/lib/python3.7/site-packages/airflow/example_dags/example_params_ui_tutorial.py
[2023-05-15T07:51:44.356+0000] {logging_mixin.py:149} INFO - [2023-05-15T07:51:44.356+0000] {dag.py:2726} INFO - Sync 1 DAGs
[2023-05-15T07:51:44.396+0000] {logging_mixin.py:149} INFO - [2023-05-15T07:51:44.396+0000] {dag.py:3490} INFO - Setting next_dagrun for example_params_ui_tutorial to None, run_after=None
[2023-05-15T07:51:44.429+0000] {processor.py:178} INFO - Processing /home/airflow/.local/lib/python3.7/site-packages/airflow/example_dags/example_params_ui_tutorial.py took 0.237 seconds
[2023-05-15T07:52:14.621+0000] {processor.py:156} INFO - Started process (PID=176) to work on /home/airflow/.local/lib/python3.7/site-packages/airflow/example_dags/example_params_ui_tutorial.py
[2023-05-15T07:52:14.624+0000] {processor.py:799} INFO - Processing file /home/airflow/.local/lib/python3.7/site-packages/airflow/example_dags/example_params_ui_tutorial.py for tasks to queue
[2023-05-15T07:52:14.626+0000] {logging_mixin.py:149} INFO - [2023-05-15T07:52:14.626+0000] {dagbag.py:541} INFO - Filling up the DagBag from /home/airflow/.local/lib/python3.7/site-packages/airflow/example_dags/example_params_ui_tutorial.py
[2023-05-15T07:52:14.674+0000] {processor.py:809} INFO - DAG(s) dict_keys(['example_params_ui_tutorial']) retrieved from /home/airflow/.local/lib/python3.7/site-packages/airflow/example_dags/example_params_ui_tutorial.py
[2023-05-15T07:52:14.752+0000] {logging_mixin.py:149} INFO - [2023-05-15T07:52:14.752+0000] {dag.py:2726} INFO - Sync 1 DAGs
[2023-05-15T07:52:14.792+0000] {logging_mixin.py:149} INFO - [2023-05-15T07:52:14.791+0000] {dag.py:3490} INFO - Setting next_dagrun for example_params_ui_tutorial to None, run_after=None
[2023-05-15T07:52:14.829+0000] {processor.py:178} INFO - Processing /home/airflow/.local/lib/python3.7/site-packages/airflow/example_dags/example_params_ui_tutorial.py took 0.212 seconds
[2023-05-15T07:52:45.366+0000] {processor.py:156} INFO - Started process (PID=244) to work on /home/airflow/.local/lib/python3.7/site-packages/airflow/example_dags/example_params_ui_tutorial.py
[2023-05-15T07:52:45.369+0000] {processor.py:799} INFO - Processing file /home/airflow/.local/lib/python3.7/site-packages/airflow/example_dags/example_params_ui_tutorial.py for tasks to queue
[2023-05-15T07:52:45.372+0000] {logging_mixin.py:149} INFO - [2023-05-15T07:52:45.372+0000] {dagbag.py:541} INFO - Filling up the DagBag from /home/airflow/.local/lib/python3.7/site-packages/airflow/example_dags/example_params_ui_tutorial.py
[2023-05-15T07:52:45.433+0000] {processor.py:809} INFO - DAG(s) dict_keys(['example_params_ui_tutorial']) retrieved from /home/airflow/.local/lib/python3.7/site-packages/airflow/example_dags/example_params_ui_tutorial.py
[2023-05-15T07:52:45.540+0000] {logging_mixin.py:149} INFO - [2023-05-15T07:52:45.539+0000] {dag.py:2726} INFO - Sync 1 DAGs
[2023-05-15T07:52:45.595+0000] {logging_mixin.py:149} INFO - [2023-05-15T07:52:45.594+0000] {dag.py:3490} INFO - Setting next_dagrun for example_params_ui_tutorial to None, run_after=None
[2023-05-15T07:52:45.637+0000] {processor.py:178} INFO - Processing /home/airflow/.local/lib/python3.7/site-packages/airflow/example_dags/example_params_ui_tutorial.py took 0.278 seconds
[2023-05-15T07:53:16.040+0000] {processor.py:156} INFO - Started process (PID=310) to work on /home/airflow/.local/lib/python3.7/site-packages/airflow/example_dags/example_params_ui_tutorial.py
[2023-05-15T07:53:16.043+0000] {processor.py:799} INFO - Processing file /home/airflow/.local/lib/python3.7/site-packages/airflow/example_dags/example_params_ui_tutorial.py for tasks to queue
[2023-05-15T07:53:16.047+0000] {logging_mixin.py:149} INFO - [2023-05-15T07:53:16.047+0000] {dagbag.py:541} INFO - Filling up the DagBag from /home/airflow/.local/lib/python3.7/site-packages/airflow/example_dags/example_params_ui_tutorial.py
[2023-05-15T07:53:16.116+0000] {processor.py:809} INFO - DAG(s) dict_keys(['example_params_ui_tutorial']) retrieved from /home/airflow/.local/lib/python3.7/site-packages/airflow/example_dags/example_params_ui_tutorial.py
[2023-05-15T07:53:16.207+0000] {logging_mixin.py:149} INFO - [2023-05-15T07:53:16.206+0000] {dag.py:2726} INFO - Sync 1 DAGs
[2023-05-15T07:53:16.245+0000] {logging_mixin.py:149} INFO - [2023-05-15T07:53:16.244+0000] {dag.py:3490} INFO - Setting next_dagrun for example_params_ui_tutorial to None, run_after=None
[2023-05-15T07:53:16.274+0000] {processor.py:178} INFO - Processing /home/airflow/.local/lib/python3.7/site-packages/airflow/example_dags/example_params_ui_tutorial.py took 0.242 seconds
[2023-05-15T07:53:47.146+0000] {processor.py:156} INFO - Started process (PID=376) to work on /home/airflow/.local/lib/python3.7/site-packages/airflow/example_dags/example_params_ui_tutorial.py
[2023-05-15T07:53:47.149+0000] {processor.py:799} INFO - Processing file /home/airflow/.local/lib/python3.7/site-packages/airflow/example_dags/example_params_ui_tutorial.py for tasks to queue
[2023-05-15T07:53:47.152+0000] {logging_mixin.py:149} INFO - [2023-05-15T07:53:47.152+0000] {dagbag.py:541} INFO - Filling up the DagBag from /home/airflow/.local/lib/python3.7/site-packages/airflow/example_dags/example_params_ui_tutorial.py
[2023-05-15T07:53:47.201+0000] {processor.py:809} INFO - DAG(s) dict_keys(['example_params_ui_tutorial']) retrieved from /home/airflow/.local/lib/python3.7/site-packages/airflow/example_dags/example_params_ui_tutorial.py
[2023-05-15T07:53:47.268+0000] {logging_mixin.py:149} INFO - [2023-05-15T07:53:47.268+0000] {dag.py:2726} INFO - Sync 1 DAGs
[2023-05-15T07:53:47.300+0000] {logging_mixin.py:149} INFO - [2023-05-15T07:53:47.300+0000] {dag.py:3490} INFO - Setting next_dagrun for example_params_ui_tutorial to None, run_after=None
[2023-05-15T07:53:47.326+0000] {processor.py:178} INFO - Processing /home/airflow/.local/lib/python3.7/site-packages/airflow/example_dags/example_params_ui_tutorial.py took 0.185 seconds
