[2023-05-15T07:51:16.562+0000] {processor.py:156} INFO - Started process (PID=48) to work on /home/airflow/.local/lib/python3.7/site-packages/airflow/example_dags/example_task_group_decorator.py
[2023-05-15T07:51:16.851+0000] {processor.py:799} INFO - Processing file /home/airflow/.local/lib/python3.7/site-packages/airflow/example_dags/example_task_group_decorator.py for tasks to queue
[2023-05-15T07:51:16.863+0000] {logging_mixin.py:149} INFO - [2023-05-15T07:51:16.862+0000] {dagbag.py:541} INFO - Filling up the DagBag from /home/airflow/.local/lib/python3.7/site-packages/airflow/example_dags/example_task_group_decorator.py
[2023-05-15T07:51:16.982+0000] {processor.py:809} INFO - DAG(s) dict_keys(['example_task_group_decorator']) retrieved from /home/airflow/.local/lib/python3.7/site-packages/airflow/example_dags/example_task_group_decorator.py
[2023-05-15T07:51:19.760+0000] {logging_mixin.py:149} INFO - [2023-05-15T07:51:19.760+0000] {manager.py:504} INFO - Created Permission View: can edit on DAG:example_task_group_decorator
[2023-05-15T07:51:19.815+0000] {logging_mixin.py:149} INFO - [2023-05-15T07:51:19.815+0000] {manager.py:504} INFO - Created Permission View: can read on DAG:example_task_group_decorator
[2023-05-15T07:51:19.880+0000] {logging_mixin.py:149} INFO - [2023-05-15T07:51:19.880+0000] {manager.py:504} INFO - Created Permission View: can delete on DAG:example_task_group_decorator
[2023-05-15T07:51:19.887+0000] {logging_mixin.py:149} INFO - [2023-05-15T07:51:19.887+0000] {dag.py:2726} INFO - Sync 1 DAGs
[2023-05-15T07:51:20.381+0000] {logging_mixin.py:149} INFO - [2023-05-15T07:51:20.381+0000] {dag.py:2747} INFO - Creating ORM DAG for example_task_group_decorator
[2023-05-15T07:51:20.821+0000] {logging_mixin.py:149} INFO - [2023-05-15T07:51:20.821+0000] {dag.py:3490} INFO - Setting next_dagrun for example_task_group_decorator to 2023-05-14T07:51:20.795728+00:00, run_after=2023-05-15T07:51:20.795728+00:00
[2023-05-15T07:51:21.140+0000] {processor.py:178} INFO - Processing /home/airflow/.local/lib/python3.7/site-packages/airflow/example_dags/example_task_group_decorator.py took 4.608 seconds
[2023-05-15T07:51:51.582+0000] {processor.py:156} INFO - Started process (PID=121) to work on /home/airflow/.local/lib/python3.7/site-packages/airflow/example_dags/example_task_group_decorator.py
[2023-05-15T07:51:51.585+0000] {processor.py:799} INFO - Processing file /home/airflow/.local/lib/python3.7/site-packages/airflow/example_dags/example_task_group_decorator.py for tasks to queue
[2023-05-15T07:51:51.587+0000] {logging_mixin.py:149} INFO - [2023-05-15T07:51:51.587+0000] {dagbag.py:541} INFO - Filling up the DagBag from /home/airflow/.local/lib/python3.7/site-packages/airflow/example_dags/example_task_group_decorator.py
[2023-05-15T07:51:51.606+0000] {processor.py:809} INFO - DAG(s) dict_keys(['example_task_group_decorator']) retrieved from /home/airflow/.local/lib/python3.7/site-packages/airflow/example_dags/example_task_group_decorator.py
[2023-05-15T07:51:51.643+0000] {logging_mixin.py:149} INFO - [2023-05-15T07:51:51.643+0000] {dag.py:2726} INFO - Sync 1 DAGs
[2023-05-15T07:51:51.676+0000] {logging_mixin.py:149} INFO - [2023-05-15T07:51:51.675+0000] {dag.py:3490} INFO - Setting next_dagrun for example_task_group_decorator to 2023-05-14T07:51:51.674421+00:00, run_after=2023-05-15T07:51:51.674421+00:00
[2023-05-15T07:51:51.712+0000] {processor.py:178} INFO - Processing /home/airflow/.local/lib/python3.7/site-packages/airflow/example_dags/example_task_group_decorator.py took 0.136 seconds
[2023-05-15T07:52:22.157+0000] {processor.py:156} INFO - Started process (PID=187) to work on /home/airflow/.local/lib/python3.7/site-packages/airflow/example_dags/example_task_group_decorator.py
[2023-05-15T07:52:22.161+0000] {processor.py:799} INFO - Processing file /home/airflow/.local/lib/python3.7/site-packages/airflow/example_dags/example_task_group_decorator.py for tasks to queue
[2023-05-15T07:52:22.164+0000] {logging_mixin.py:149} INFO - [2023-05-15T07:52:22.164+0000] {dagbag.py:541} INFO - Filling up the DagBag from /home/airflow/.local/lib/python3.7/site-packages/airflow/example_dags/example_task_group_decorator.py
[2023-05-15T07:52:22.185+0000] {processor.py:809} INFO - DAG(s) dict_keys(['example_task_group_decorator']) retrieved from /home/airflow/.local/lib/python3.7/site-packages/airflow/example_dags/example_task_group_decorator.py
[2023-05-15T07:52:22.222+0000] {logging_mixin.py:149} INFO - [2023-05-15T07:52:22.222+0000] {dag.py:2726} INFO - Sync 1 DAGs
[2023-05-15T07:52:22.258+0000] {logging_mixin.py:149} INFO - [2023-05-15T07:52:22.258+0000] {dag.py:3490} INFO - Setting next_dagrun for example_task_group_decorator to 2023-05-14T07:52:22.257633+00:00, run_after=2023-05-15T07:52:22.257633+00:00
[2023-05-15T07:52:22.288+0000] {processor.py:178} INFO - Processing /home/airflow/.local/lib/python3.7/site-packages/airflow/example_dags/example_task_group_decorator.py took 0.138 seconds
[2023-05-15T07:52:53.099+0000] {processor.py:156} INFO - Started process (PID=255) to work on /home/airflow/.local/lib/python3.7/site-packages/airflow/example_dags/example_task_group_decorator.py
[2023-05-15T07:52:53.102+0000] {processor.py:799} INFO - Processing file /home/airflow/.local/lib/python3.7/site-packages/airflow/example_dags/example_task_group_decorator.py for tasks to queue
[2023-05-15T07:52:53.104+0000] {logging_mixin.py:149} INFO - [2023-05-15T07:52:53.104+0000] {dagbag.py:541} INFO - Filling up the DagBag from /home/airflow/.local/lib/python3.7/site-packages/airflow/example_dags/example_task_group_decorator.py
[2023-05-15T07:52:53.125+0000] {processor.py:809} INFO - DAG(s) dict_keys(['example_task_group_decorator']) retrieved from /home/airflow/.local/lib/python3.7/site-packages/airflow/example_dags/example_task_group_decorator.py
[2023-05-15T07:52:53.172+0000] {logging_mixin.py:149} INFO - [2023-05-15T07:52:53.171+0000] {dag.py:2726} INFO - Sync 1 DAGs
[2023-05-15T07:52:53.209+0000] {logging_mixin.py:149} INFO - [2023-05-15T07:52:53.209+0000] {dag.py:3490} INFO - Setting next_dagrun for example_task_group_decorator to 2023-05-14T07:52:53.208748+00:00, run_after=2023-05-15T07:52:53.208748+00:00
[2023-05-15T07:52:53.240+0000] {processor.py:178} INFO - Processing /home/airflow/.local/lib/python3.7/site-packages/airflow/example_dags/example_task_group_decorator.py took 0.147 seconds
[2023-05-15T07:53:23.752+0000] {processor.py:156} INFO - Started process (PID=322) to work on /home/airflow/.local/lib/python3.7/site-packages/airflow/example_dags/example_task_group_decorator.py
[2023-05-15T07:53:23.755+0000] {processor.py:799} INFO - Processing file /home/airflow/.local/lib/python3.7/site-packages/airflow/example_dags/example_task_group_decorator.py for tasks to queue
[2023-05-15T07:53:23.757+0000] {logging_mixin.py:149} INFO - [2023-05-15T07:53:23.757+0000] {dagbag.py:541} INFO - Filling up the DagBag from /home/airflow/.local/lib/python3.7/site-packages/airflow/example_dags/example_task_group_decorator.py
[2023-05-15T07:53:23.776+0000] {processor.py:809} INFO - DAG(s) dict_keys(['example_task_group_decorator']) retrieved from /home/airflow/.local/lib/python3.7/site-packages/airflow/example_dags/example_task_group_decorator.py
[2023-05-15T07:53:23.812+0000] {logging_mixin.py:149} INFO - [2023-05-15T07:53:23.812+0000] {dag.py:2726} INFO - Sync 1 DAGs
[2023-05-15T07:53:23.844+0000] {logging_mixin.py:149} INFO - [2023-05-15T07:53:23.844+0000] {dag.py:3490} INFO - Setting next_dagrun for example_task_group_decorator to 2023-05-14T07:53:23.843901+00:00, run_after=2023-05-15T07:53:23.843901+00:00
[2023-05-15T07:53:23.874+0000] {processor.py:178} INFO - Processing /home/airflow/.local/lib/python3.7/site-packages/airflow/example_dags/example_task_group_decorator.py took 0.127 seconds
[2023-05-15T07:53:54.026+0000] {processor.py:156} INFO - Started process (PID=388) to work on /home/airflow/.local/lib/python3.7/site-packages/airflow/example_dags/example_task_group_decorator.py
[2023-05-15T07:53:54.032+0000] {processor.py:799} INFO - Processing file /home/airflow/.local/lib/python3.7/site-packages/airflow/example_dags/example_task_group_decorator.py for tasks to queue
[2023-05-15T07:53:54.037+0000] {logging_mixin.py:149} INFO - [2023-05-15T07:53:54.037+0000] {dagbag.py:541} INFO - Filling up the DagBag from /home/airflow/.local/lib/python3.7/site-packages/airflow/example_dags/example_task_group_decorator.py
[2023-05-15T07:53:54.086+0000] {processor.py:809} INFO - DAG(s) dict_keys(['example_task_group_decorator']) retrieved from /home/airflow/.local/lib/python3.7/site-packages/airflow/example_dags/example_task_group_decorator.py
[2023-05-15T07:53:54.194+0000] {logging_mixin.py:149} INFO - [2023-05-15T07:53:54.194+0000] {dag.py:2726} INFO - Sync 1 DAGs
[2023-05-15T07:53:54.250+0000] {logging_mixin.py:149} INFO - [2023-05-15T07:53:54.249+0000] {dag.py:3490} INFO - Setting next_dagrun for example_task_group_decorator to 2023-05-14T07:53:54.248909+00:00, run_after=2023-05-15T07:53:54.248909+00:00
[2023-05-15T07:53:54.320+0000] {processor.py:178} INFO - Processing /home/airflow/.local/lib/python3.7/site-packages/airflow/example_dags/example_task_group_decorator.py took 0.302 seconds
