[2023-05-15T07:51:11.214+0000] {processor.py:156} INFO - Started process (PID=43) to work on /home/airflow/.local/lib/python3.7/site-packages/airflow/example_dags/example_branch_datetime_operator.py
[2023-05-15T07:51:11.221+0000] {processor.py:799} INFO - Processing file /home/airflow/.local/lib/python3.7/site-packages/airflow/example_dags/example_branch_datetime_operator.py for tasks to queue
[2023-05-15T07:51:11.227+0000] {logging_mixin.py:149} INFO - [2023-05-15T07:51:11.226+0000] {dagbag.py:541} INFO - Filling up the DagBag from /home/airflow/.local/lib/python3.7/site-packages/airflow/example_dags/example_branch_datetime_operator.py
[2023-05-15T07:51:11.324+0000] {processor.py:809} INFO - DAG(s) dict_keys(['example_branch_datetime_operator_2', 'example_branch_datetime_operator_3', 'example_branch_datetime_operator']) retrieved from /home/airflow/.local/lib/python3.7/site-packages/airflow/example_dags/example_branch_datetime_operator.py
[2023-05-15T07:51:12.473+0000] {logging_mixin.py:149} INFO - [2023-05-15T07:51:12.472+0000] {manager.py:504} INFO - Created Permission View: can edit on DAG:example_branch_datetime_operator_2
[2023-05-15T07:51:12.544+0000] {logging_mixin.py:149} INFO - [2023-05-15T07:51:12.544+0000] {manager.py:504} INFO - Created Permission View: can read on DAG:example_branch_datetime_operator_2
[2023-05-15T07:51:12.581+0000] {logging_mixin.py:149} INFO - [2023-05-15T07:51:12.581+0000] {manager.py:504} INFO - Created Permission View: can delete on DAG:example_branch_datetime_operator_2
[2023-05-15T07:51:12.654+0000] {logging_mixin.py:149} INFO - [2023-05-15T07:51:12.654+0000] {manager.py:504} INFO - Created Permission View: can edit on DAG:example_branch_datetime_operator_3
[2023-05-15T07:51:12.705+0000] {logging_mixin.py:149} INFO - [2023-05-15T07:51:12.705+0000] {manager.py:504} INFO - Created Permission View: can read on DAG:example_branch_datetime_operator_3
[2023-05-15T07:51:12.740+0000] {logging_mixin.py:149} INFO - [2023-05-15T07:51:12.740+0000] {manager.py:504} INFO - Created Permission View: can delete on DAG:example_branch_datetime_operator_3
[2023-05-15T07:51:12.792+0000] {logging_mixin.py:149} INFO - [2023-05-15T07:51:12.791+0000] {manager.py:504} INFO - Created Permission View: can edit on DAG:example_branch_datetime_operator
[2023-05-15T07:51:12.831+0000] {logging_mixin.py:149} INFO - [2023-05-15T07:51:12.830+0000] {manager.py:504} INFO - Created Permission View: can read on DAG:example_branch_datetime_operator
[2023-05-15T07:51:12.894+0000] {logging_mixin.py:149} INFO - [2023-05-15T07:51:12.894+0000] {manager.py:504} INFO - Created Permission View: can delete on DAG:example_branch_datetime_operator
[2023-05-15T07:51:12.897+0000] {logging_mixin.py:149} INFO - [2023-05-15T07:51:12.897+0000] {dag.py:2726} INFO - Sync 3 DAGs
[2023-05-15T07:51:13.027+0000] {logging_mixin.py:149} INFO - [2023-05-15T07:51:13.027+0000] {dag.py:2747} INFO - Creating ORM DAG for example_branch_datetime_operator
[2023-05-15T07:51:13.032+0000] {logging_mixin.py:149} INFO - [2023-05-15T07:51:13.031+0000] {dag.py:2747} INFO - Creating ORM DAG for example_branch_datetime_operator_3
[2023-05-15T07:51:13.037+0000] {logging_mixin.py:149} INFO - [2023-05-15T07:51:13.036+0000] {dag.py:2747} INFO - Creating ORM DAG for example_branch_datetime_operator_2
[2023-05-15T07:51:13.089+0000] {logging_mixin.py:149} INFO - [2023-05-15T07:51:13.089+0000] {dag.py:3490} INFO - Setting next_dagrun for example_branch_datetime_operator to 2023-05-14T00:00:00+00:00, run_after=2023-05-15T00:00:00+00:00
[2023-05-15T07:51:13.113+0000] {logging_mixin.py:149} INFO - [2023-05-15T07:51:13.113+0000] {dag.py:3490} INFO - Setting next_dagrun for example_branch_datetime_operator_2 to 2023-05-14T00:00:00+00:00, run_after=2023-05-15T00:00:00+00:00
[2023-05-15T07:51:13.154+0000] {logging_mixin.py:149} INFO - [2023-05-15T07:51:13.128+0000] {dag.py:3490} INFO - Setting next_dagrun for example_branch_datetime_operator_3 to 2023-05-14T00:00:00+00:00, run_after=2023-05-15T00:00:00+00:00
[2023-05-15T07:51:13.214+0000] {processor.py:178} INFO - Processing /home/airflow/.local/lib/python3.7/site-packages/airflow/example_dags/example_branch_datetime_operator.py took 2.012 seconds
[2023-05-15T07:51:44.187+0000] {processor.py:156} INFO - Started process (PID=109) to work on /home/airflow/.local/lib/python3.7/site-packages/airflow/example_dags/example_branch_datetime_operator.py
[2023-05-15T07:51:44.191+0000] {processor.py:799} INFO - Processing file /home/airflow/.local/lib/python3.7/site-packages/airflow/example_dags/example_branch_datetime_operator.py for tasks to queue
[2023-05-15T07:51:44.195+0000] {logging_mixin.py:149} INFO - [2023-05-15T07:51:44.194+0000] {dagbag.py:541} INFO - Filling up the DagBag from /home/airflow/.local/lib/python3.7/site-packages/airflow/example_dags/example_branch_datetime_operator.py
[2023-05-15T07:51:44.215+0000] {processor.py:809} INFO - DAG(s) dict_keys(['example_branch_datetime_operator_2', 'example_branch_datetime_operator', 'example_branch_datetime_operator_3']) retrieved from /home/airflow/.local/lib/python3.7/site-packages/airflow/example_dags/example_branch_datetime_operator.py
[2023-05-15T07:51:44.293+0000] {logging_mixin.py:149} INFO - [2023-05-15T07:51:44.293+0000] {dag.py:2726} INFO - Sync 3 DAGs
[2023-05-15T07:51:44.329+0000] {logging_mixin.py:149} INFO - [2023-05-15T07:51:44.328+0000] {dag.py:3490} INFO - Setting next_dagrun for example_branch_datetime_operator to 2023-05-14T00:00:00+00:00, run_after=2023-05-15T00:00:00+00:00
[2023-05-15T07:51:44.336+0000] {logging_mixin.py:149} INFO - [2023-05-15T07:51:44.336+0000] {dag.py:3490} INFO - Setting next_dagrun for example_branch_datetime_operator_2 to 2023-05-14T00:00:00+00:00, run_after=2023-05-15T00:00:00+00:00
[2023-05-15T07:51:44.342+0000] {logging_mixin.py:149} INFO - [2023-05-15T07:51:44.342+0000] {dag.py:3490} INFO - Setting next_dagrun for example_branch_datetime_operator_3 to 2023-05-14T00:00:00+00:00, run_after=2023-05-15T00:00:00+00:00
[2023-05-15T07:51:44.373+0000] {processor.py:178} INFO - Processing /home/airflow/.local/lib/python3.7/site-packages/airflow/example_dags/example_branch_datetime_operator.py took 0.192 seconds
[2023-05-15T07:52:14.610+0000] {processor.py:156} INFO - Started process (PID=175) to work on /home/airflow/.local/lib/python3.7/site-packages/airflow/example_dags/example_branch_datetime_operator.py
[2023-05-15T07:52:14.614+0000] {processor.py:799} INFO - Processing file /home/airflow/.local/lib/python3.7/site-packages/airflow/example_dags/example_branch_datetime_operator.py for tasks to queue
[2023-05-15T07:52:14.616+0000] {logging_mixin.py:149} INFO - [2023-05-15T07:52:14.616+0000] {dagbag.py:541} INFO - Filling up the DagBag from /home/airflow/.local/lib/python3.7/site-packages/airflow/example_dags/example_branch_datetime_operator.py
[2023-05-15T07:52:14.630+0000] {processor.py:809} INFO - DAG(s) dict_keys(['example_branch_datetime_operator_3', 'example_branch_datetime_operator_2', 'example_branch_datetime_operator']) retrieved from /home/airflow/.local/lib/python3.7/site-packages/airflow/example_dags/example_branch_datetime_operator.py
[2023-05-15T07:52:14.677+0000] {logging_mixin.py:149} INFO - [2023-05-15T07:52:14.677+0000] {dag.py:2726} INFO - Sync 3 DAGs
[2023-05-15T07:52:14.711+0000] {logging_mixin.py:149} INFO - [2023-05-15T07:52:14.711+0000] {dag.py:3490} INFO - Setting next_dagrun for example_branch_datetime_operator to 2023-05-14T00:00:00+00:00, run_after=2023-05-15T00:00:00+00:00
[2023-05-15T07:52:14.719+0000] {logging_mixin.py:149} INFO - [2023-05-15T07:52:14.719+0000] {dag.py:3490} INFO - Setting next_dagrun for example_branch_datetime_operator_2 to 2023-05-14T00:00:00+00:00, run_after=2023-05-15T00:00:00+00:00
[2023-05-15T07:52:14.724+0000] {logging_mixin.py:149} INFO - [2023-05-15T07:52:14.724+0000] {dag.py:3490} INFO - Setting next_dagrun for example_branch_datetime_operator_3 to 2023-05-14T00:00:00+00:00, run_after=2023-05-15T00:00:00+00:00
[2023-05-15T07:52:14.755+0000] {processor.py:178} INFO - Processing /home/airflow/.local/lib/python3.7/site-packages/airflow/example_dags/example_branch_datetime_operator.py took 0.150 seconds
[2023-05-15T07:52:45.355+0000] {processor.py:156} INFO - Started process (PID=243) to work on /home/airflow/.local/lib/python3.7/site-packages/airflow/example_dags/example_branch_datetime_operator.py
[2023-05-15T07:52:45.359+0000] {processor.py:799} INFO - Processing file /home/airflow/.local/lib/python3.7/site-packages/airflow/example_dags/example_branch_datetime_operator.py for tasks to queue
[2023-05-15T07:52:45.362+0000] {logging_mixin.py:149} INFO - [2023-05-15T07:52:45.361+0000] {dagbag.py:541} INFO - Filling up the DagBag from /home/airflow/.local/lib/python3.7/site-packages/airflow/example_dags/example_branch_datetime_operator.py
[2023-05-15T07:52:45.378+0000] {processor.py:809} INFO - DAG(s) dict_keys(['example_branch_datetime_operator_3', 'example_branch_datetime_operator_2', 'example_branch_datetime_operator']) retrieved from /home/airflow/.local/lib/python3.7/site-packages/airflow/example_dags/example_branch_datetime_operator.py
[2023-05-15T07:52:45.434+0000] {logging_mixin.py:149} INFO - [2023-05-15T07:52:45.434+0000] {dag.py:2726} INFO - Sync 3 DAGs
[2023-05-15T07:52:45.472+0000] {logging_mixin.py:149} INFO - [2023-05-15T07:52:45.472+0000] {dag.py:3490} INFO - Setting next_dagrun for example_branch_datetime_operator to 2023-05-14T00:00:00+00:00, run_after=2023-05-15T00:00:00+00:00
[2023-05-15T07:52:45.482+0000] {logging_mixin.py:149} INFO - [2023-05-15T07:52:45.482+0000] {dag.py:3490} INFO - Setting next_dagrun for example_branch_datetime_operator_2 to 2023-05-14T00:00:00+00:00, run_after=2023-05-15T00:00:00+00:00
[2023-05-15T07:52:45.487+0000] {logging_mixin.py:149} INFO - [2023-05-15T07:52:45.487+0000] {dag.py:3490} INFO - Setting next_dagrun for example_branch_datetime_operator_3 to 2023-05-14T00:00:00+00:00, run_after=2023-05-15T00:00:00+00:00
[2023-05-15T07:52:45.533+0000] {processor.py:178} INFO - Processing /home/airflow/.local/lib/python3.7/site-packages/airflow/example_dags/example_branch_datetime_operator.py took 0.184 seconds
[2023-05-15T07:53:15.615+0000] {processor.py:156} INFO - Started process (PID=309) to work on /home/airflow/.local/lib/python3.7/site-packages/airflow/example_dags/example_branch_datetime_operator.py
[2023-05-15T07:53:15.621+0000] {processor.py:799} INFO - Processing file /home/airflow/.local/lib/python3.7/site-packages/airflow/example_dags/example_branch_datetime_operator.py for tasks to queue
[2023-05-15T07:53:15.628+0000] {logging_mixin.py:149} INFO - [2023-05-15T07:53:15.627+0000] {dagbag.py:541} INFO - Filling up the DagBag from /home/airflow/.local/lib/python3.7/site-packages/airflow/example_dags/example_branch_datetime_operator.py
[2023-05-15T07:53:15.664+0000] {processor.py:809} INFO - DAG(s) dict_keys(['example_branch_datetime_operator_3', 'example_branch_datetime_operator', 'example_branch_datetime_operator_2']) retrieved from /home/airflow/.local/lib/python3.7/site-packages/airflow/example_dags/example_branch_datetime_operator.py
[2023-05-15T07:53:15.732+0000] {logging_mixin.py:149} INFO - [2023-05-15T07:53:15.732+0000] {dag.py:2726} INFO - Sync 3 DAGs
[2023-05-15T07:53:15.815+0000] {logging_mixin.py:149} INFO - [2023-05-15T07:53:15.815+0000] {dag.py:3490} INFO - Setting next_dagrun for example_branch_datetime_operator to 2023-05-14T00:00:00+00:00, run_after=2023-05-15T00:00:00+00:00
[2023-05-15T07:53:15.840+0000] {logging_mixin.py:149} INFO - [2023-05-15T07:53:15.840+0000] {dag.py:3490} INFO - Setting next_dagrun for example_branch_datetime_operator_2 to 2023-05-14T00:00:00+00:00, run_after=2023-05-15T00:00:00+00:00
[2023-05-15T07:53:15.853+0000] {logging_mixin.py:149} INFO - [2023-05-15T07:53:15.852+0000] {dag.py:3490} INFO - Setting next_dagrun for example_branch_datetime_operator_3 to 2023-05-14T00:00:00+00:00, run_after=2023-05-15T00:00:00+00:00
[2023-05-15T07:53:15.963+0000] {processor.py:178} INFO - Processing /home/airflow/.local/lib/python3.7/site-packages/airflow/example_dags/example_branch_datetime_operator.py took 0.358 seconds
[2023-05-15T07:53:46.121+0000] {processor.py:156} INFO - Started process (PID=375) to work on /home/airflow/.local/lib/python3.7/site-packages/airflow/example_dags/example_branch_datetime_operator.py
[2023-05-15T07:53:46.125+0000] {processor.py:799} INFO - Processing file /home/airflow/.local/lib/python3.7/site-packages/airflow/example_dags/example_branch_datetime_operator.py for tasks to queue
[2023-05-15T07:53:46.127+0000] {logging_mixin.py:149} INFO - [2023-05-15T07:53:46.127+0000] {dagbag.py:541} INFO - Filling up the DagBag from /home/airflow/.local/lib/python3.7/site-packages/airflow/example_dags/example_branch_datetime_operator.py
[2023-05-15T07:53:46.141+0000] {processor.py:809} INFO - DAG(s) dict_keys(['example_branch_datetime_operator', 'example_branch_datetime_operator_2', 'example_branch_datetime_operator_3']) retrieved from /home/airflow/.local/lib/python3.7/site-packages/airflow/example_dags/example_branch_datetime_operator.py
[2023-05-15T07:53:46.186+0000] {logging_mixin.py:149} INFO - [2023-05-15T07:53:46.186+0000] {dag.py:2726} INFO - Sync 3 DAGs
[2023-05-15T07:53:46.221+0000] {logging_mixin.py:149} INFO - [2023-05-15T07:53:46.221+0000] {dag.py:3490} INFO - Setting next_dagrun for example_branch_datetime_operator to 2023-05-14T00:00:00+00:00, run_after=2023-05-15T00:00:00+00:00
[2023-05-15T07:53:46.229+0000] {logging_mixin.py:149} INFO - [2023-05-15T07:53:46.229+0000] {dag.py:3490} INFO - Setting next_dagrun for example_branch_datetime_operator_2 to 2023-05-14T00:00:00+00:00, run_after=2023-05-15T00:00:00+00:00
[2023-05-15T07:53:46.233+0000] {logging_mixin.py:149} INFO - [2023-05-15T07:53:46.233+0000] {dag.py:3490} INFO - Setting next_dagrun for example_branch_datetime_operator_3 to 2023-05-14T00:00:00+00:00, run_after=2023-05-15T00:00:00+00:00
[2023-05-15T07:53:46.257+0000] {processor.py:178} INFO - Processing /home/airflow/.local/lib/python3.7/site-packages/airflow/example_dags/example_branch_datetime_operator.py took 0.141 seconds
