[2023-05-15T07:51:13.369+0000] {processor.py:156} INFO - Started process (PID=45) to work on /home/airflow/.local/lib/python3.7/site-packages/airflow/example_dags/example_dag_decorator.py
[2023-05-15T07:51:13.377+0000] {processor.py:799} INFO - Processing file /home/airflow/.local/lib/python3.7/site-packages/airflow/example_dags/example_dag_decorator.py for tasks to queue
[2023-05-15T07:51:13.437+0000] {logging_mixin.py:149} INFO - [2023-05-15T07:51:13.436+0000] {dagbag.py:541} INFO - Filling up the DagBag from /home/airflow/.local/lib/python3.7/site-packages/airflow/example_dags/example_dag_decorator.py
[2023-05-15T07:51:13.492+0000] {logging_mixin.py:149} INFO - [2023-05-15T07:51:13.492+0000] {taskmixin.py:211} WARNING - Dependency <Task(_PythonDecoratedOperator): prepare_email>, send_email already registered for DAG: example_dag_decorator
[2023-05-15T07:51:13.497+0000] {logging_mixin.py:149} INFO - [2023-05-15T07:51:13.495+0000] {taskmixin.py:211} WARNING - Dependency <Task(EmailOperator): send_email>, prepare_email already registered for DAG: example_dag_decorator
[2023-05-15T07:51:13.536+0000] {processor.py:809} INFO - DAG(s) dict_keys(['example_dag_decorator']) retrieved from /home/airflow/.local/lib/python3.7/site-packages/airflow/example_dags/example_dag_decorator.py
[2023-05-15T07:51:14.470+0000] {logging_mixin.py:149} INFO - [2023-05-15T07:51:14.470+0000] {manager.py:504} INFO - Created Permission View: can edit on DAG:example_dag_decorator
[2023-05-15T07:51:14.519+0000] {logging_mixin.py:149} INFO - [2023-05-15T07:51:14.518+0000] {manager.py:504} INFO - Created Permission View: can read on DAG:example_dag_decorator
[2023-05-15T07:51:14.547+0000] {logging_mixin.py:149} INFO - [2023-05-15T07:51:14.545+0000] {manager.py:504} INFO - Created Permission View: can delete on DAG:example_dag_decorator
[2023-05-15T07:51:14.552+0000] {logging_mixin.py:149} INFO - [2023-05-15T07:51:14.551+0000] {dag.py:2726} INFO - Sync 1 DAGs
[2023-05-15T07:51:14.637+0000] {logging_mixin.py:149} INFO - [2023-05-15T07:51:14.637+0000] {dag.py:2747} INFO - Creating ORM DAG for example_dag_decorator
[2023-05-15T07:51:14.678+0000] {logging_mixin.py:149} INFO - [2023-05-15T07:51:14.678+0000] {dag.py:3490} INFO - Setting next_dagrun for example_dag_decorator to None, run_after=None
[2023-05-15T07:51:14.812+0000] {processor.py:178} INFO - Processing /home/airflow/.local/lib/python3.7/site-packages/airflow/example_dags/example_dag_decorator.py took 1.468 seconds
[2023-05-15T07:51:45.450+0000] {processor.py:156} INFO - Started process (PID=111) to work on /home/airflow/.local/lib/python3.7/site-packages/airflow/example_dags/example_dag_decorator.py
[2023-05-15T07:51:45.453+0000] {processor.py:799} INFO - Processing file /home/airflow/.local/lib/python3.7/site-packages/airflow/example_dags/example_dag_decorator.py for tasks to queue
[2023-05-15T07:51:45.457+0000] {logging_mixin.py:149} INFO - [2023-05-15T07:51:45.457+0000] {dagbag.py:541} INFO - Filling up the DagBag from /home/airflow/.local/lib/python3.7/site-packages/airflow/example_dags/example_dag_decorator.py
[2023-05-15T07:51:45.480+0000] {logging_mixin.py:149} INFO - [2023-05-15T07:51:45.480+0000] {taskmixin.py:211} WARNING - Dependency <Task(_PythonDecoratedOperator): prepare_email>, send_email already registered for DAG: example_dag_decorator
[2023-05-15T07:51:45.484+0000] {logging_mixin.py:149} INFO - [2023-05-15T07:51:45.483+0000] {taskmixin.py:211} WARNING - Dependency <Task(EmailOperator): send_email>, prepare_email already registered for DAG: example_dag_decorator
[2023-05-15T07:51:45.511+0000] {processor.py:809} INFO - DAG(s) dict_keys(['example_dag_decorator']) retrieved from /home/airflow/.local/lib/python3.7/site-packages/airflow/example_dags/example_dag_decorator.py
[2023-05-15T07:51:45.627+0000] {logging_mixin.py:149} INFO - [2023-05-15T07:51:45.627+0000] {dag.py:2726} INFO - Sync 1 DAGs
[2023-05-15T07:51:45.665+0000] {logging_mixin.py:149} INFO - [2023-05-15T07:51:45.664+0000] {dag.py:3490} INFO - Setting next_dagrun for example_dag_decorator to None, run_after=None
[2023-05-15T07:51:45.705+0000] {processor.py:178} INFO - Processing /home/airflow/.local/lib/python3.7/site-packages/airflow/example_dags/example_dag_decorator.py took 0.263 seconds
[2023-05-15T07:52:15.806+0000] {processor.py:156} INFO - Started process (PID=177) to work on /home/airflow/.local/lib/python3.7/site-packages/airflow/example_dags/example_dag_decorator.py
[2023-05-15T07:52:15.809+0000] {processor.py:799} INFO - Processing file /home/airflow/.local/lib/python3.7/site-packages/airflow/example_dags/example_dag_decorator.py for tasks to queue
[2023-05-15T07:52:15.812+0000] {logging_mixin.py:149} INFO - [2023-05-15T07:52:15.811+0000] {dagbag.py:541} INFO - Filling up the DagBag from /home/airflow/.local/lib/python3.7/site-packages/airflow/example_dags/example_dag_decorator.py
[2023-05-15T07:52:15.822+0000] {logging_mixin.py:149} INFO - [2023-05-15T07:52:15.822+0000] {taskmixin.py:211} WARNING - Dependency <Task(_PythonDecoratedOperator): prepare_email>, send_email already registered for DAG: example_dag_decorator
[2023-05-15T07:52:15.823+0000] {logging_mixin.py:149} INFO - [2023-05-15T07:52:15.823+0000] {taskmixin.py:211} WARNING - Dependency <Task(EmailOperator): send_email>, prepare_email already registered for DAG: example_dag_decorator
[2023-05-15T07:52:15.837+0000] {processor.py:809} INFO - DAG(s) dict_keys(['example_dag_decorator']) retrieved from /home/airflow/.local/lib/python3.7/site-packages/airflow/example_dags/example_dag_decorator.py
[2023-05-15T07:52:15.931+0000] {logging_mixin.py:149} INFO - [2023-05-15T07:52:15.930+0000] {dag.py:2726} INFO - Sync 1 DAGs
[2023-05-15T07:52:15.960+0000] {logging_mixin.py:149} INFO - [2023-05-15T07:52:15.960+0000] {dag.py:3490} INFO - Setting next_dagrun for example_dag_decorator to None, run_after=None
[2023-05-15T07:52:15.988+0000] {processor.py:178} INFO - Processing /home/airflow/.local/lib/python3.7/site-packages/airflow/example_dags/example_dag_decorator.py took 0.186 seconds
[2023-05-15T07:52:46.589+0000] {processor.py:156} INFO - Started process (PID=245) to work on /home/airflow/.local/lib/python3.7/site-packages/airflow/example_dags/example_dag_decorator.py
[2023-05-15T07:52:46.592+0000] {processor.py:799} INFO - Processing file /home/airflow/.local/lib/python3.7/site-packages/airflow/example_dags/example_dag_decorator.py for tasks to queue
[2023-05-15T07:52:46.594+0000] {logging_mixin.py:149} INFO - [2023-05-15T07:52:46.594+0000] {dagbag.py:541} INFO - Filling up the DagBag from /home/airflow/.local/lib/python3.7/site-packages/airflow/example_dags/example_dag_decorator.py
[2023-05-15T07:52:46.605+0000] {logging_mixin.py:149} INFO - [2023-05-15T07:52:46.605+0000] {taskmixin.py:211} WARNING - Dependency <Task(_PythonDecoratedOperator): prepare_email>, send_email already registered for DAG: example_dag_decorator
[2023-05-15T07:52:46.607+0000] {logging_mixin.py:149} INFO - [2023-05-15T07:52:46.607+0000] {taskmixin.py:211} WARNING - Dependency <Task(EmailOperator): send_email>, prepare_email already registered for DAG: example_dag_decorator
[2023-05-15T07:52:46.622+0000] {processor.py:809} INFO - DAG(s) dict_keys(['example_dag_decorator']) retrieved from /home/airflow/.local/lib/python3.7/site-packages/airflow/example_dags/example_dag_decorator.py
[2023-05-15T07:52:46.738+0000] {logging_mixin.py:149} INFO - [2023-05-15T07:52:46.738+0000] {dag.py:2726} INFO - Sync 1 DAGs
[2023-05-15T07:52:46.778+0000] {logging_mixin.py:149} INFO - [2023-05-15T07:52:46.778+0000] {dag.py:3490} INFO - Setting next_dagrun for example_dag_decorator to None, run_after=None
[2023-05-15T07:52:46.816+0000] {processor.py:178} INFO - Processing /home/airflow/.local/lib/python3.7/site-packages/airflow/example_dags/example_dag_decorator.py took 0.232 seconds
[2023-05-15T07:53:17.060+0000] {processor.py:156} INFO - Started process (PID=311) to work on /home/airflow/.local/lib/python3.7/site-packages/airflow/example_dags/example_dag_decorator.py
[2023-05-15T07:53:17.065+0000] {processor.py:799} INFO - Processing file /home/airflow/.local/lib/python3.7/site-packages/airflow/example_dags/example_dag_decorator.py for tasks to queue
[2023-05-15T07:53:17.071+0000] {logging_mixin.py:149} INFO - [2023-05-15T07:53:17.071+0000] {dagbag.py:541} INFO - Filling up the DagBag from /home/airflow/.local/lib/python3.7/site-packages/airflow/example_dags/example_dag_decorator.py
[2023-05-15T07:53:17.084+0000] {logging_mixin.py:149} INFO - [2023-05-15T07:53:17.084+0000] {taskmixin.py:211} WARNING - Dependency <Task(_PythonDecoratedOperator): prepare_email>, send_email already registered for DAG: example_dag_decorator
[2023-05-15T07:53:17.087+0000] {logging_mixin.py:149} INFO - [2023-05-15T07:53:17.086+0000] {taskmixin.py:211} WARNING - Dependency <Task(EmailOperator): send_email>, prepare_email already registered for DAG: example_dag_decorator
[2023-05-15T07:53:17.102+0000] {processor.py:809} INFO - DAG(s) dict_keys(['example_dag_decorator']) retrieved from /home/airflow/.local/lib/python3.7/site-packages/airflow/example_dags/example_dag_decorator.py
[2023-05-15T07:53:17.207+0000] {logging_mixin.py:149} INFO - [2023-05-15T07:53:17.206+0000] {dag.py:2726} INFO - Sync 1 DAGs
[2023-05-15T07:53:17.249+0000] {logging_mixin.py:149} INFO - [2023-05-15T07:53:17.248+0000] {dag.py:3490} INFO - Setting next_dagrun for example_dag_decorator to None, run_after=None
[2023-05-15T07:53:17.285+0000] {processor.py:178} INFO - Processing /home/airflow/.local/lib/python3.7/site-packages/airflow/example_dags/example_dag_decorator.py took 0.233 seconds
[2023-05-15T07:53:47.362+0000] {processor.py:156} INFO - Started process (PID=377) to work on /home/airflow/.local/lib/python3.7/site-packages/airflow/example_dags/example_dag_decorator.py
[2023-05-15T07:53:47.365+0000] {processor.py:799} INFO - Processing file /home/airflow/.local/lib/python3.7/site-packages/airflow/example_dags/example_dag_decorator.py for tasks to queue
[2023-05-15T07:53:47.368+0000] {logging_mixin.py:149} INFO - [2023-05-15T07:53:47.368+0000] {dagbag.py:541} INFO - Filling up the DagBag from /home/airflow/.local/lib/python3.7/site-packages/airflow/example_dags/example_dag_decorator.py
[2023-05-15T07:53:47.378+0000] {logging_mixin.py:149} INFO - [2023-05-15T07:53:47.378+0000] {taskmixin.py:211} WARNING - Dependency <Task(_PythonDecoratedOperator): prepare_email>, send_email already registered for DAG: example_dag_decorator
[2023-05-15T07:53:47.380+0000] {logging_mixin.py:149} INFO - [2023-05-15T07:53:47.379+0000] {taskmixin.py:211} WARNING - Dependency <Task(EmailOperator): send_email>, prepare_email already registered for DAG: example_dag_decorator
[2023-05-15T07:53:47.393+0000] {processor.py:809} INFO - DAG(s) dict_keys(['example_dag_decorator']) retrieved from /home/airflow/.local/lib/python3.7/site-packages/airflow/example_dags/example_dag_decorator.py
[2023-05-15T07:53:47.507+0000] {logging_mixin.py:149} INFO - [2023-05-15T07:53:47.507+0000] {dag.py:2726} INFO - Sync 1 DAGs
[2023-05-15T07:53:47.544+0000] {logging_mixin.py:149} INFO - [2023-05-15T07:53:47.544+0000] {dag.py:3490} INFO - Setting next_dagrun for example_dag_decorator to None, run_after=None
[2023-05-15T07:53:47.576+0000] {processor.py:178} INFO - Processing /home/airflow/.local/lib/python3.7/site-packages/airflow/example_dags/example_dag_decorator.py took 0.219 seconds
