[2023-05-15T07:51:15.088+0000] {processor.py:156} INFO - Started process (PID=47) to work on /home/airflow/.local/lib/python3.7/site-packages/airflow/example_dags/example_xcomargs.py
[2023-05-15T07:51:15.122+0000] {processor.py:799} INFO - Processing file /home/airflow/.local/lib/python3.7/site-packages/airflow/example_dags/example_xcomargs.py for tasks to queue
[2023-05-15T07:51:15.390+0000] {logging_mixin.py:149} INFO - [2023-05-15T07:51:15.372+0000] {dagbag.py:541} INFO - Filling up the DagBag from /home/airflow/.local/lib/python3.7/site-packages/airflow/example_dags/example_xcomargs.py
[2023-05-15T07:51:15.689+0000] {processor.py:809} INFO - DAG(s) dict_keys(['example_xcom_args', 'example_xcom_args_with_operators']) retrieved from /home/airflow/.local/lib/python3.7/site-packages/airflow/example_dags/example_xcomargs.py
[2023-05-15T07:51:17.614+0000] {logging_mixin.py:149} INFO - [2023-05-15T07:51:17.587+0000] {manager.py:504} INFO - Created Permission View: can edit on DAG:example_xcom_args
[2023-05-15T07:51:18.053+0000] {logging_mixin.py:149} INFO - [2023-05-15T07:51:18.052+0000] {manager.py:504} INFO - Created Permission View: can read on DAG:example_xcom_args
[2023-05-15T07:51:18.135+0000] {logging_mixin.py:149} INFO - [2023-05-15T07:51:18.135+0000] {manager.py:504} INFO - Created Permission View: can delete on DAG:example_xcom_args
[2023-05-15T07:51:18.297+0000] {logging_mixin.py:149} INFO - [2023-05-15T07:51:18.296+0000] {manager.py:504} INFO - Created Permission View: can edit on DAG:example_xcom_args_with_operators
[2023-05-15T07:51:18.357+0000] {logging_mixin.py:149} INFO - [2023-05-15T07:51:18.356+0000] {manager.py:504} INFO - Created Permission View: can read on DAG:example_xcom_args_with_operators
[2023-05-15T07:51:18.394+0000] {logging_mixin.py:149} INFO - [2023-05-15T07:51:18.393+0000] {manager.py:504} INFO - Created Permission View: can delete on DAG:example_xcom_args_with_operators
[2023-05-15T07:51:18.410+0000] {logging_mixin.py:149} INFO - [2023-05-15T07:51:18.410+0000] {dag.py:2726} INFO - Sync 2 DAGs
[2023-05-15T07:51:18.492+0000] {logging_mixin.py:149} INFO - [2023-05-15T07:51:18.492+0000] {dag.py:2747} INFO - Creating ORM DAG for example_xcom_args
[2023-05-15T07:51:18.497+0000] {logging_mixin.py:149} INFO - [2023-05-15T07:51:18.497+0000] {dag.py:2747} INFO - Creating ORM DAG for example_xcom_args_with_operators
[2023-05-15T07:51:18.559+0000] {logging_mixin.py:149} INFO - [2023-05-15T07:51:18.558+0000] {dag.py:3490} INFO - Setting next_dagrun for example_xcom_args to None, run_after=None
[2023-05-15T07:51:18.572+0000] {logging_mixin.py:149} INFO - [2023-05-15T07:51:18.571+0000] {dag.py:3490} INFO - Setting next_dagrun for example_xcom_args_with_operators to None, run_after=None
[2023-05-15T07:51:19.253+0000] {processor.py:178} INFO - Processing /home/airflow/.local/lib/python3.7/site-packages/airflow/example_dags/example_xcomargs.py took 4.128 seconds
[2023-05-15T07:51:50.555+0000] {processor.py:156} INFO - Started process (PID=120) to work on /home/airflow/.local/lib/python3.7/site-packages/airflow/example_dags/example_xcomargs.py
[2023-05-15T07:51:50.558+0000] {processor.py:799} INFO - Processing file /home/airflow/.local/lib/python3.7/site-packages/airflow/example_dags/example_xcomargs.py for tasks to queue
[2023-05-15T07:51:50.560+0000] {logging_mixin.py:149} INFO - [2023-05-15T07:51:50.560+0000] {dagbag.py:541} INFO - Filling up the DagBag from /home/airflow/.local/lib/python3.7/site-packages/airflow/example_dags/example_xcomargs.py
[2023-05-15T07:51:50.573+0000] {processor.py:809} INFO - DAG(s) dict_keys(['example_xcom_args', 'example_xcom_args_with_operators']) retrieved from /home/airflow/.local/lib/python3.7/site-packages/airflow/example_dags/example_xcomargs.py
[2023-05-15T07:51:50.611+0000] {logging_mixin.py:149} INFO - [2023-05-15T07:51:50.611+0000] {dag.py:2726} INFO - Sync 2 DAGs
[2023-05-15T07:51:50.642+0000] {logging_mixin.py:149} INFO - [2023-05-15T07:51:50.642+0000] {dag.py:3490} INFO - Setting next_dagrun for example_xcom_args to None, run_after=None
[2023-05-15T07:51:50.649+0000] {logging_mixin.py:149} INFO - [2023-05-15T07:51:50.649+0000] {dag.py:3490} INFO - Setting next_dagrun for example_xcom_args_with_operators to None, run_after=None
[2023-05-15T07:51:50.674+0000] {processor.py:178} INFO - Processing /home/airflow/.local/lib/python3.7/site-packages/airflow/example_dags/example_xcomargs.py took 0.125 seconds
[2023-05-15T07:52:21.089+0000] {processor.py:156} INFO - Started process (PID=186) to work on /home/airflow/.local/lib/python3.7/site-packages/airflow/example_dags/example_xcomargs.py
[2023-05-15T07:52:21.092+0000] {processor.py:799} INFO - Processing file /home/airflow/.local/lib/python3.7/site-packages/airflow/example_dags/example_xcomargs.py for tasks to queue
[2023-05-15T07:52:21.094+0000] {logging_mixin.py:149} INFO - [2023-05-15T07:52:21.094+0000] {dagbag.py:541} INFO - Filling up the DagBag from /home/airflow/.local/lib/python3.7/site-packages/airflow/example_dags/example_xcomargs.py
[2023-05-15T07:52:21.108+0000] {processor.py:809} INFO - DAG(s) dict_keys(['example_xcom_args_with_operators', 'example_xcom_args']) retrieved from /home/airflow/.local/lib/python3.7/site-packages/airflow/example_dags/example_xcomargs.py
[2023-05-15T07:52:21.150+0000] {logging_mixin.py:149} INFO - [2023-05-15T07:52:21.150+0000] {dag.py:2726} INFO - Sync 2 DAGs
[2023-05-15T07:52:21.183+0000] {logging_mixin.py:149} INFO - [2023-05-15T07:52:21.183+0000] {dag.py:3490} INFO - Setting next_dagrun for example_xcom_args to None, run_after=None
[2023-05-15T07:52:21.189+0000] {logging_mixin.py:149} INFO - [2023-05-15T07:52:21.189+0000] {dag.py:3490} INFO - Setting next_dagrun for example_xcom_args_with_operators to None, run_after=None
[2023-05-15T07:52:21.215+0000] {processor.py:178} INFO - Processing /home/airflow/.local/lib/python3.7/site-packages/airflow/example_dags/example_xcomargs.py took 0.131 seconds
[2023-05-15T07:52:51.923+0000] {processor.py:156} INFO - Started process (PID=254) to work on /home/airflow/.local/lib/python3.7/site-packages/airflow/example_dags/example_xcomargs.py
[2023-05-15T07:52:51.926+0000] {processor.py:799} INFO - Processing file /home/airflow/.local/lib/python3.7/site-packages/airflow/example_dags/example_xcomargs.py for tasks to queue
[2023-05-15T07:52:51.928+0000] {logging_mixin.py:149} INFO - [2023-05-15T07:52:51.928+0000] {dagbag.py:541} INFO - Filling up the DagBag from /home/airflow/.local/lib/python3.7/site-packages/airflow/example_dags/example_xcomargs.py
[2023-05-15T07:52:51.940+0000] {processor.py:809} INFO - DAG(s) dict_keys(['example_xcom_args', 'example_xcom_args_with_operators']) retrieved from /home/airflow/.local/lib/python3.7/site-packages/airflow/example_dags/example_xcomargs.py
[2023-05-15T07:52:51.980+0000] {logging_mixin.py:149} INFO - [2023-05-15T07:52:51.980+0000] {dag.py:2726} INFO - Sync 2 DAGs
[2023-05-15T07:52:52.018+0000] {logging_mixin.py:149} INFO - [2023-05-15T07:52:52.017+0000] {dag.py:3490} INFO - Setting next_dagrun for example_xcom_args to None, run_after=None
[2023-05-15T07:52:52.025+0000] {logging_mixin.py:149} INFO - [2023-05-15T07:52:52.025+0000] {dag.py:3490} INFO - Setting next_dagrun for example_xcom_args_with_operators to None, run_after=None
[2023-05-15T07:52:52.053+0000] {processor.py:178} INFO - Processing /home/airflow/.local/lib/python3.7/site-packages/airflow/example_dags/example_xcomargs.py took 0.135 seconds
[2023-05-15T07:53:22.565+0000] {processor.py:156} INFO - Started process (PID=321) to work on /home/airflow/.local/lib/python3.7/site-packages/airflow/example_dags/example_xcomargs.py
[2023-05-15T07:53:22.568+0000] {processor.py:799} INFO - Processing file /home/airflow/.local/lib/python3.7/site-packages/airflow/example_dags/example_xcomargs.py for tasks to queue
[2023-05-15T07:53:22.571+0000] {logging_mixin.py:149} INFO - [2023-05-15T07:53:22.571+0000] {dagbag.py:541} INFO - Filling up the DagBag from /home/airflow/.local/lib/python3.7/site-packages/airflow/example_dags/example_xcomargs.py
[2023-05-15T07:53:22.585+0000] {processor.py:809} INFO - DAG(s) dict_keys(['example_xcom_args', 'example_xcom_args_with_operators']) retrieved from /home/airflow/.local/lib/python3.7/site-packages/airflow/example_dags/example_xcomargs.py
[2023-05-15T07:53:22.632+0000] {logging_mixin.py:149} INFO - [2023-05-15T07:53:22.631+0000] {dag.py:2726} INFO - Sync 2 DAGs
[2023-05-15T07:53:22.672+0000] {logging_mixin.py:149} INFO - [2023-05-15T07:53:22.672+0000] {dag.py:3490} INFO - Setting next_dagrun for example_xcom_args to None, run_after=None
[2023-05-15T07:53:22.679+0000] {logging_mixin.py:149} INFO - [2023-05-15T07:53:22.679+0000] {dag.py:3490} INFO - Setting next_dagrun for example_xcom_args_with_operators to None, run_after=None
[2023-05-15T07:53:22.707+0000] {processor.py:178} INFO - Processing /home/airflow/.local/lib/python3.7/site-packages/airflow/example_dags/example_xcomargs.py took 0.148 seconds
[2023-05-15T07:53:52.824+0000] {processor.py:156} INFO - Started process (PID=387) to work on /home/airflow/.local/lib/python3.7/site-packages/airflow/example_dags/example_xcomargs.py
[2023-05-15T07:53:52.827+0000] {processor.py:799} INFO - Processing file /home/airflow/.local/lib/python3.7/site-packages/airflow/example_dags/example_xcomargs.py for tasks to queue
[2023-05-15T07:53:52.830+0000] {logging_mixin.py:149} INFO - [2023-05-15T07:53:52.830+0000] {dagbag.py:541} INFO - Filling up the DagBag from /home/airflow/.local/lib/python3.7/site-packages/airflow/example_dags/example_xcomargs.py
[2023-05-15T07:53:52.843+0000] {processor.py:809} INFO - DAG(s) dict_keys(['example_xcom_args_with_operators', 'example_xcom_args']) retrieved from /home/airflow/.local/lib/python3.7/site-packages/airflow/example_dags/example_xcomargs.py
[2023-05-15T07:53:52.892+0000] {logging_mixin.py:149} INFO - [2023-05-15T07:53:52.892+0000] {dag.py:2726} INFO - Sync 2 DAGs
[2023-05-15T07:53:52.927+0000] {logging_mixin.py:149} INFO - [2023-05-15T07:53:52.927+0000] {dag.py:3490} INFO - Setting next_dagrun for example_xcom_args to None, run_after=None
[2023-05-15T07:53:52.933+0000] {logging_mixin.py:149} INFO - [2023-05-15T07:53:52.933+0000] {dag.py:3490} INFO - Setting next_dagrun for example_xcom_args_with_operators to None, run_after=None
[2023-05-15T07:53:52.959+0000] {processor.py:178} INFO - Processing /home/airflow/.local/lib/python3.7/site-packages/airflow/example_dags/example_xcomargs.py took 0.140 seconds
