[2023-05-15T07:51:27.210+0000] {processor.py:156} INFO - Started process (PID=69) to work on /home/airflow/.local/lib/python3.7/site-packages/airflow/example_dags/example_task_group.py
[2023-05-15T07:51:27.214+0000] {processor.py:799} INFO - Processing file /home/airflow/.local/lib/python3.7/site-packages/airflow/example_dags/example_task_group.py for tasks to queue
[2023-05-15T07:51:27.218+0000] {logging_mixin.py:149} INFO - [2023-05-15T07:51:27.218+0000] {dagbag.py:541} INFO - Filling up the DagBag from /home/airflow/.local/lib/python3.7/site-packages/airflow/example_dags/example_task_group.py
[2023-05-15T07:51:27.236+0000] {processor.py:809} INFO - DAG(s) dict_keys(['example_task_group']) retrieved from /home/airflow/.local/lib/python3.7/site-packages/airflow/example_dags/example_task_group.py
[2023-05-15T07:51:27.485+0000] {logging_mixin.py:149} INFO - [2023-05-15T07:51:27.484+0000] {manager.py:504} INFO - Created Permission View: can edit on DAG:example_task_group
[2023-05-15T07:51:27.506+0000] {logging_mixin.py:149} INFO - [2023-05-15T07:51:27.506+0000] {manager.py:504} INFO - Created Permission View: can read on DAG:example_task_group
[2023-05-15T07:51:27.527+0000] {logging_mixin.py:149} INFO - [2023-05-15T07:51:27.526+0000] {manager.py:504} INFO - Created Permission View: can delete on DAG:example_task_group
[2023-05-15T07:51:27.530+0000] {logging_mixin.py:149} INFO - [2023-05-15T07:51:27.529+0000] {dag.py:2726} INFO - Sync 1 DAGs
[2023-05-15T07:51:27.555+0000] {logging_mixin.py:149} INFO - [2023-05-15T07:51:27.554+0000] {dag.py:2747} INFO - Creating ORM DAG for example_task_group
[2023-05-15T07:51:27.585+0000] {logging_mixin.py:149} INFO - [2023-05-15T07:51:27.585+0000] {dag.py:3490} INFO - Setting next_dagrun for example_task_group to 2023-05-14T07:51:27.585249+00:00, run_after=2023-05-15T07:51:27.585249+00:00
[2023-05-15T07:51:27.627+0000] {processor.py:178} INFO - Processing /home/airflow/.local/lib/python3.7/site-packages/airflow/example_dags/example_task_group.py took 0.424 seconds
[2023-05-15T07:51:58.353+0000] {processor.py:156} INFO - Started process (PID=135) to work on /home/airflow/.local/lib/python3.7/site-packages/airflow/example_dags/example_task_group.py
[2023-05-15T07:51:58.356+0000] {processor.py:799} INFO - Processing file /home/airflow/.local/lib/python3.7/site-packages/airflow/example_dags/example_task_group.py for tasks to queue
[2023-05-15T07:51:58.359+0000] {logging_mixin.py:149} INFO - [2023-05-15T07:51:58.358+0000] {dagbag.py:541} INFO - Filling up the DagBag from /home/airflow/.local/lib/python3.7/site-packages/airflow/example_dags/example_task_group.py
[2023-05-15T07:51:58.418+0000] {processor.py:809} INFO - DAG(s) dict_keys(['example_task_group']) retrieved from /home/airflow/.local/lib/python3.7/site-packages/airflow/example_dags/example_task_group.py
[2023-05-15T07:51:58.731+0000] {logging_mixin.py:149} INFO - [2023-05-15T07:51:58.730+0000] {dag.py:2726} INFO - Sync 1 DAGs
[2023-05-15T07:51:58.937+0000] {logging_mixin.py:149} INFO - [2023-05-15T07:51:58.936+0000] {dag.py:3490} INFO - Setting next_dagrun for example_task_group to 2023-05-14T07:51:58.936303+00:00, run_after=2023-05-15T07:51:58.936303+00:00
[2023-05-15T07:51:58.991+0000] {processor.py:178} INFO - Processing /home/airflow/.local/lib/python3.7/site-packages/airflow/example_dags/example_task_group.py took 0.646 seconds
[2023-05-15T07:52:29.565+0000] {processor.py:156} INFO - Started process (PID=201) to work on /home/airflow/.local/lib/python3.7/site-packages/airflow/example_dags/example_task_group.py
[2023-05-15T07:52:29.569+0000] {processor.py:799} INFO - Processing file /home/airflow/.local/lib/python3.7/site-packages/airflow/example_dags/example_task_group.py for tasks to queue
[2023-05-15T07:52:29.572+0000] {logging_mixin.py:149} INFO - [2023-05-15T07:52:29.572+0000] {dagbag.py:541} INFO - Filling up the DagBag from /home/airflow/.local/lib/python3.7/site-packages/airflow/example_dags/example_task_group.py
[2023-05-15T07:52:29.586+0000] {processor.py:809} INFO - DAG(s) dict_keys(['example_task_group']) retrieved from /home/airflow/.local/lib/python3.7/site-packages/airflow/example_dags/example_task_group.py
[2023-05-15T07:52:29.636+0000] {logging_mixin.py:149} INFO - [2023-05-15T07:52:29.636+0000] {dag.py:2726} INFO - Sync 1 DAGs
[2023-05-15T07:52:29.681+0000] {logging_mixin.py:149} INFO - [2023-05-15T07:52:29.681+0000] {dag.py:3490} INFO - Setting next_dagrun for example_task_group to 2023-05-14T07:52:29.681111+00:00, run_after=2023-05-15T07:52:29.681111+00:00
[2023-05-15T07:52:29.724+0000] {processor.py:178} INFO - Processing /home/airflow/.local/lib/python3.7/site-packages/airflow/example_dags/example_task_group.py took 0.165 seconds
[2023-05-15T07:52:59.880+0000] {processor.py:156} INFO - Started process (PID=269) to work on /home/airflow/.local/lib/python3.7/site-packages/airflow/example_dags/example_task_group.py
[2023-05-15T07:52:59.884+0000] {processor.py:799} INFO - Processing file /home/airflow/.local/lib/python3.7/site-packages/airflow/example_dags/example_task_group.py for tasks to queue
[2023-05-15T07:52:59.887+0000] {logging_mixin.py:149} INFO - [2023-05-15T07:52:59.886+0000] {dagbag.py:541} INFO - Filling up the DagBag from /home/airflow/.local/lib/python3.7/site-packages/airflow/example_dags/example_task_group.py
[2023-05-15T07:52:59.902+0000] {processor.py:809} INFO - DAG(s) dict_keys(['example_task_group']) retrieved from /home/airflow/.local/lib/python3.7/site-packages/airflow/example_dags/example_task_group.py
[2023-05-15T07:52:59.956+0000] {logging_mixin.py:149} INFO - [2023-05-15T07:52:59.956+0000] {dag.py:2726} INFO - Sync 1 DAGs
[2023-05-15T07:53:00.000+0000] {logging_mixin.py:149} INFO - [2023-05-15T07:53:00.000+0000] {dag.py:3490} INFO - Setting next_dagrun for example_task_group to 2023-05-14T07:52:59.999989+00:00, run_after=2023-05-15T07:52:59.999989+00:00
[2023-05-15T07:53:00.041+0000] {processor.py:178} INFO - Processing /home/airflow/.local/lib/python3.7/site-packages/airflow/example_dags/example_task_group.py took 0.167 seconds
[2023-05-15T07:53:30.322+0000] {processor.py:156} INFO - Started process (PID=336) to work on /home/airflow/.local/lib/python3.7/site-packages/airflow/example_dags/example_task_group.py
[2023-05-15T07:53:30.326+0000] {processor.py:799} INFO - Processing file /home/airflow/.local/lib/python3.7/site-packages/airflow/example_dags/example_task_group.py for tasks to queue
[2023-05-15T07:53:30.330+0000] {logging_mixin.py:149} INFO - [2023-05-15T07:53:30.329+0000] {dagbag.py:541} INFO - Filling up the DagBag from /home/airflow/.local/lib/python3.7/site-packages/airflow/example_dags/example_task_group.py
[2023-05-15T07:53:30.360+0000] {processor.py:809} INFO - DAG(s) dict_keys(['example_task_group']) retrieved from /home/airflow/.local/lib/python3.7/site-packages/airflow/example_dags/example_task_group.py
[2023-05-15T07:53:30.423+0000] {logging_mixin.py:149} INFO - [2023-05-15T07:53:30.422+0000] {dag.py:2726} INFO - Sync 1 DAGs
[2023-05-15T07:53:30.483+0000] {logging_mixin.py:149} INFO - [2023-05-15T07:53:30.482+0000] {dag.py:3490} INFO - Setting next_dagrun for example_task_group to 2023-05-14T07:53:30.482478+00:00, run_after=2023-05-15T07:53:30.482478+00:00
[2023-05-15T07:53:30.538+0000] {processor.py:178} INFO - Processing /home/airflow/.local/lib/python3.7/site-packages/airflow/example_dags/example_task_group.py took 0.224 seconds
[2023-05-15T07:54:01.113+0000] {processor.py:156} INFO - Started process (PID=402) to work on /home/airflow/.local/lib/python3.7/site-packages/airflow/example_dags/example_task_group.py
[2023-05-15T07:54:01.116+0000] {processor.py:799} INFO - Processing file /home/airflow/.local/lib/python3.7/site-packages/airflow/example_dags/example_task_group.py for tasks to queue
[2023-05-15T07:54:01.119+0000] {logging_mixin.py:149} INFO - [2023-05-15T07:54:01.118+0000] {dagbag.py:541} INFO - Filling up the DagBag from /home/airflow/.local/lib/python3.7/site-packages/airflow/example_dags/example_task_group.py
[2023-05-15T07:54:01.133+0000] {processor.py:809} INFO - DAG(s) dict_keys(['example_task_group']) retrieved from /home/airflow/.local/lib/python3.7/site-packages/airflow/example_dags/example_task_group.py
[2023-05-15T07:54:01.180+0000] {logging_mixin.py:149} INFO - [2023-05-15T07:54:01.180+0000] {dag.py:2726} INFO - Sync 1 DAGs
[2023-05-15T07:54:01.218+0000] {logging_mixin.py:149} INFO - [2023-05-15T07:54:01.218+0000] {dag.py:3490} INFO - Setting next_dagrun for example_task_group to 2023-05-14T07:54:01.217956+00:00, run_after=2023-05-15T07:54:01.217956+00:00
[2023-05-15T07:54:01.251+0000] {processor.py:178} INFO - Processing /home/airflow/.local/lib/python3.7/site-packages/airflow/example_dags/example_task_group.py took 0.144 seconds
