[2023-05-15T07:51:20.367+0000] {processor.py:156} INFO - Started process (PID=56) to work on /home/airflow/.local/lib/python3.7/site-packages/airflow/example_dags/example_branch_python_dop_operator_3.py
[2023-05-15T07:51:20.500+0000] {processor.py:799} INFO - Processing file /home/airflow/.local/lib/python3.7/site-packages/airflow/example_dags/example_branch_python_dop_operator_3.py for tasks to queue
[2023-05-15T07:51:20.514+0000] {logging_mixin.py:149} INFO - [2023-05-15T07:51:20.513+0000] {dagbag.py:541} INFO - Filling up the DagBag from /home/airflow/.local/lib/python3.7/site-packages/airflow/example_dags/example_branch_python_dop_operator_3.py
[2023-05-15T07:51:20.918+0000] {processor.py:809} INFO - DAG(s) dict_keys(['example_branch_dop_operator_v3']) retrieved from /home/airflow/.local/lib/python3.7/site-packages/airflow/example_dags/example_branch_python_dop_operator_3.py
[2023-05-15T07:51:21.962+0000] {logging_mixin.py:149} INFO - [2023-05-15T07:51:21.962+0000] {manager.py:504} INFO - Created Permission View: can edit on DAG:example_branch_dop_operator_v3
[2023-05-15T07:51:22.090+0000] {logging_mixin.py:149} INFO - [2023-05-15T07:51:22.051+0000] {manager.py:504} INFO - Created Permission View: can read on DAG:example_branch_dop_operator_v3
[2023-05-15T07:51:22.138+0000] {logging_mixin.py:149} INFO - [2023-05-15T07:51:22.137+0000] {manager.py:504} INFO - Created Permission View: can delete on DAG:example_branch_dop_operator_v3
[2023-05-15T07:51:22.141+0000] {logging_mixin.py:149} INFO - [2023-05-15T07:51:22.141+0000] {dag.py:2726} INFO - Sync 1 DAGs
[2023-05-15T07:51:22.283+0000] {logging_mixin.py:149} INFO - [2023-05-15T07:51:22.283+0000] {dag.py:2747} INFO - Creating ORM DAG for example_branch_dop_operator_v3
[2023-05-15T07:51:22.416+0000] {logging_mixin.py:149} INFO - [2023-05-15T07:51:22.415+0000] {dag.py:3490} INFO - Setting next_dagrun for example_branch_dop_operator_v3 to 2023-05-15T07:50:00+00:00, run_after=2023-05-15T07:51:00+00:00
[2023-05-15T07:51:22.685+0000] {processor.py:178} INFO - Processing /home/airflow/.local/lib/python3.7/site-packages/airflow/example_dags/example_branch_python_dop_operator_3.py took 2.633 seconds
[2023-05-15T07:51:53.740+0000] {processor.py:156} INFO - Started process (PID=122) to work on /home/airflow/.local/lib/python3.7/site-packages/airflow/example_dags/example_branch_python_dop_operator_3.py
[2023-05-15T07:51:53.744+0000] {processor.py:799} INFO - Processing file /home/airflow/.local/lib/python3.7/site-packages/airflow/example_dags/example_branch_python_dop_operator_3.py for tasks to queue
[2023-05-15T07:51:53.747+0000] {logging_mixin.py:149} INFO - [2023-05-15T07:51:53.747+0000] {dagbag.py:541} INFO - Filling up the DagBag from /home/airflow/.local/lib/python3.7/site-packages/airflow/example_dags/example_branch_python_dop_operator_3.py
[2023-05-15T07:51:53.763+0000] {processor.py:809} INFO - DAG(s) dict_keys(['example_branch_dop_operator_v3']) retrieved from /home/airflow/.local/lib/python3.7/site-packages/airflow/example_dags/example_branch_python_dop_operator_3.py
[2023-05-15T07:51:53.805+0000] {logging_mixin.py:149} INFO - [2023-05-15T07:51:53.805+0000] {dag.py:2726} INFO - Sync 1 DAGs
[2023-05-15T07:51:53.853+0000] {logging_mixin.py:149} INFO - [2023-05-15T07:51:53.853+0000] {dag.py:3490} INFO - Setting next_dagrun for example_branch_dop_operator_v3 to 2023-05-15T07:50:00+00:00, run_after=2023-05-15T07:51:00+00:00
[2023-05-15T07:51:53.893+0000] {processor.py:178} INFO - Processing /home/airflow/.local/lib/python3.7/site-packages/airflow/example_dags/example_branch_python_dop_operator_3.py took 0.159 seconds
[2023-05-15T07:52:24.280+0000] {processor.py:156} INFO - Started process (PID=188) to work on /home/airflow/.local/lib/python3.7/site-packages/airflow/example_dags/example_branch_python_dop_operator_3.py
[2023-05-15T07:52:24.284+0000] {processor.py:799} INFO - Processing file /home/airflow/.local/lib/python3.7/site-packages/airflow/example_dags/example_branch_python_dop_operator_3.py for tasks to queue
[2023-05-15T07:52:24.286+0000] {logging_mixin.py:149} INFO - [2023-05-15T07:52:24.286+0000] {dagbag.py:541} INFO - Filling up the DagBag from /home/airflow/.local/lib/python3.7/site-packages/airflow/example_dags/example_branch_python_dop_operator_3.py
[2023-05-15T07:52:24.302+0000] {processor.py:809} INFO - DAG(s) dict_keys(['example_branch_dop_operator_v3']) retrieved from /home/airflow/.local/lib/python3.7/site-packages/airflow/example_dags/example_branch_python_dop_operator_3.py
[2023-05-15T07:52:24.357+0000] {logging_mixin.py:149} INFO - [2023-05-15T07:52:24.357+0000] {dag.py:2726} INFO - Sync 1 DAGs
[2023-05-15T07:52:24.399+0000] {logging_mixin.py:149} INFO - [2023-05-15T07:52:24.399+0000] {dag.py:3490} INFO - Setting next_dagrun for example_branch_dop_operator_v3 to 2023-05-15T07:51:00+00:00, run_after=2023-05-15T07:52:00+00:00
[2023-05-15T07:52:24.435+0000] {processor.py:178} INFO - Processing /home/airflow/.local/lib/python3.7/site-packages/airflow/example_dags/example_branch_python_dop_operator_3.py took 0.160 seconds
[2023-05-15T07:52:55.141+0000] {processor.py:156} INFO - Started process (PID=256) to work on /home/airflow/.local/lib/python3.7/site-packages/airflow/example_dags/example_branch_python_dop_operator_3.py
[2023-05-15T07:52:55.145+0000] {processor.py:799} INFO - Processing file /home/airflow/.local/lib/python3.7/site-packages/airflow/example_dags/example_branch_python_dop_operator_3.py for tasks to queue
[2023-05-15T07:52:55.148+0000] {logging_mixin.py:149} INFO - [2023-05-15T07:52:55.147+0000] {dagbag.py:541} INFO - Filling up the DagBag from /home/airflow/.local/lib/python3.7/site-packages/airflow/example_dags/example_branch_python_dop_operator_3.py
[2023-05-15T07:52:55.168+0000] {processor.py:809} INFO - DAG(s) dict_keys(['example_branch_dop_operator_v3']) retrieved from /home/airflow/.local/lib/python3.7/site-packages/airflow/example_dags/example_branch_python_dop_operator_3.py
[2023-05-15T07:52:55.228+0000] {logging_mixin.py:149} INFO - [2023-05-15T07:52:55.228+0000] {dag.py:2726} INFO - Sync 1 DAGs
[2023-05-15T07:52:55.279+0000] {logging_mixin.py:149} INFO - [2023-05-15T07:52:55.279+0000] {dag.py:3490} INFO - Setting next_dagrun for example_branch_dop_operator_v3 to 2023-05-15T07:51:00+00:00, run_after=2023-05-15T07:52:00+00:00
[2023-05-15T07:52:55.318+0000] {processor.py:178} INFO - Processing /home/airflow/.local/lib/python3.7/site-packages/airflow/example_dags/example_branch_python_dop_operator_3.py took 0.185 seconds
[2023-05-15T07:53:25.794+0000] {processor.py:156} INFO - Started process (PID=323) to work on /home/airflow/.local/lib/python3.7/site-packages/airflow/example_dags/example_branch_python_dop_operator_3.py
[2023-05-15T07:53:25.797+0000] {processor.py:799} INFO - Processing file /home/airflow/.local/lib/python3.7/site-packages/airflow/example_dags/example_branch_python_dop_operator_3.py for tasks to queue
[2023-05-15T07:53:25.800+0000] {logging_mixin.py:149} INFO - [2023-05-15T07:53:25.799+0000] {dagbag.py:541} INFO - Filling up the DagBag from /home/airflow/.local/lib/python3.7/site-packages/airflow/example_dags/example_branch_python_dop_operator_3.py
[2023-05-15T07:53:25.815+0000] {processor.py:809} INFO - DAG(s) dict_keys(['example_branch_dop_operator_v3']) retrieved from /home/airflow/.local/lib/python3.7/site-packages/airflow/example_dags/example_branch_python_dop_operator_3.py
[2023-05-15T07:53:25.854+0000] {logging_mixin.py:149} INFO - [2023-05-15T07:53:25.854+0000] {dag.py:2726} INFO - Sync 1 DAGs
[2023-05-15T07:53:25.893+0000] {logging_mixin.py:149} INFO - [2023-05-15T07:53:25.893+0000] {dag.py:3490} INFO - Setting next_dagrun for example_branch_dop_operator_v3 to 2023-05-15T07:52:00+00:00, run_after=2023-05-15T07:53:00+00:00
[2023-05-15T07:53:25.926+0000] {processor.py:178} INFO - Processing /home/airflow/.local/lib/python3.7/site-packages/airflow/example_dags/example_branch_python_dop_operator_3.py took 0.139 seconds
[2023-05-15T07:53:56.041+0000] {processor.py:156} INFO - Started process (PID=389) to work on /home/airflow/.local/lib/python3.7/site-packages/airflow/example_dags/example_branch_python_dop_operator_3.py
[2023-05-15T07:53:56.045+0000] {processor.py:799} INFO - Processing file /home/airflow/.local/lib/python3.7/site-packages/airflow/example_dags/example_branch_python_dop_operator_3.py for tasks to queue
[2023-05-15T07:53:56.050+0000] {logging_mixin.py:149} INFO - [2023-05-15T07:53:56.049+0000] {dagbag.py:541} INFO - Filling up the DagBag from /home/airflow/.local/lib/python3.7/site-packages/airflow/example_dags/example_branch_python_dop_operator_3.py
[2023-05-15T07:53:56.067+0000] {processor.py:809} INFO - DAG(s) dict_keys(['example_branch_dop_operator_v3']) retrieved from /home/airflow/.local/lib/python3.7/site-packages/airflow/example_dags/example_branch_python_dop_operator_3.py
[2023-05-15T07:53:56.113+0000] {logging_mixin.py:149} INFO - [2023-05-15T07:53:56.113+0000] {dag.py:2726} INFO - Sync 1 DAGs
[2023-05-15T07:53:56.155+0000] {logging_mixin.py:149} INFO - [2023-05-15T07:53:56.154+0000] {dag.py:3490} INFO - Setting next_dagrun for example_branch_dop_operator_v3 to 2023-05-15T07:52:00+00:00, run_after=2023-05-15T07:53:00+00:00
[2023-05-15T07:53:56.181+0000] {processor.py:178} INFO - Processing /home/airflow/.local/lib/python3.7/site-packages/airflow/example_dags/example_branch_python_dop_operator_3.py took 0.147 seconds
