[2023-05-15T07:51:27.581+0000] {processor.py:156} INFO - Started process (PID=70) to work on /home/airflow/.local/lib/python3.7/site-packages/airflow/example_dags/example_kubernetes_executor.py
[2023-05-15T07:51:27.584+0000] {processor.py:799} INFO - Processing file /home/airflow/.local/lib/python3.7/site-packages/airflow/example_dags/example_kubernetes_executor.py for tasks to queue
[2023-05-15T07:51:27.588+0000] {logging_mixin.py:149} INFO - [2023-05-15T07:51:27.587+0000] {dagbag.py:541} INFO - Filling up the DagBag from /home/airflow/.local/lib/python3.7/site-packages/airflow/example_dags/example_kubernetes_executor.py
[2023-05-15T07:51:29.308+0000] {processor.py:809} INFO - DAG(s) dict_keys(['example_kubernetes_executor']) retrieved from /home/airflow/.local/lib/python3.7/site-packages/airflow/example_dags/example_kubernetes_executor.py
[2023-05-15T07:51:29.500+0000] {logging_mixin.py:149} INFO - [2023-05-15T07:51:29.500+0000] {manager.py:504} INFO - Created Permission View: can edit on DAG:example_kubernetes_executor
[2023-05-15T07:51:29.520+0000] {logging_mixin.py:149} INFO - [2023-05-15T07:51:29.520+0000] {manager.py:504} INFO - Created Permission View: can read on DAG:example_kubernetes_executor
[2023-05-15T07:51:29.536+0000] {logging_mixin.py:149} INFO - [2023-05-15T07:51:29.536+0000] {manager.py:504} INFO - Created Permission View: can delete on DAG:example_kubernetes_executor
[2023-05-15T07:51:29.539+0000] {logging_mixin.py:149} INFO - [2023-05-15T07:51:29.539+0000] {dag.py:2726} INFO - Sync 1 DAGs
[2023-05-15T07:51:29.561+0000] {logging_mixin.py:149} INFO - [2023-05-15T07:51:29.561+0000] {dag.py:2747} INFO - Creating ORM DAG for example_kubernetes_executor
[2023-05-15T07:51:29.583+0000] {logging_mixin.py:149} INFO - [2023-05-15T07:51:29.583+0000] {dag.py:3490} INFO - Setting next_dagrun for example_kubernetes_executor to None, run_after=None
[2023-05-15T07:51:29.627+0000] {processor.py:178} INFO - Processing /home/airflow/.local/lib/python3.7/site-packages/airflow/example_dags/example_kubernetes_executor.py took 2.051 seconds
[2023-05-15T07:52:00.076+0000] {processor.py:156} INFO - Started process (PID=137) to work on /home/airflow/.local/lib/python3.7/site-packages/airflow/example_dags/example_kubernetes_executor.py
[2023-05-15T07:52:00.079+0000] {processor.py:799} INFO - Processing file /home/airflow/.local/lib/python3.7/site-packages/airflow/example_dags/example_kubernetes_executor.py for tasks to queue
[2023-05-15T07:52:00.082+0000] {logging_mixin.py:149} INFO - [2023-05-15T07:52:00.082+0000] {dagbag.py:541} INFO - Filling up the DagBag from /home/airflow/.local/lib/python3.7/site-packages/airflow/example_dags/example_kubernetes_executor.py
[2023-05-15T07:52:00.395+0000] {processor.py:809} INFO - DAG(s) dict_keys(['example_kubernetes_executor']) retrieved from /home/airflow/.local/lib/python3.7/site-packages/airflow/example_dags/example_kubernetes_executor.py
[2023-05-15T07:52:00.481+0000] {logging_mixin.py:149} INFO - [2023-05-15T07:52:00.481+0000] {dag.py:2726} INFO - Sync 1 DAGs
[2023-05-15T07:52:00.538+0000] {logging_mixin.py:149} INFO - [2023-05-15T07:52:00.537+0000] {dag.py:3490} INFO - Setting next_dagrun for example_kubernetes_executor to None, run_after=None
[2023-05-15T07:52:00.577+0000] {processor.py:178} INFO - Processing /home/airflow/.local/lib/python3.7/site-packages/airflow/example_dags/example_kubernetes_executor.py took 0.507 seconds
[2023-05-15T07:52:30.790+0000] {processor.py:156} INFO - Started process (PID=203) to work on /home/airflow/.local/lib/python3.7/site-packages/airflow/example_dags/example_kubernetes_executor.py
[2023-05-15T07:52:30.795+0000] {processor.py:799} INFO - Processing file /home/airflow/.local/lib/python3.7/site-packages/airflow/example_dags/example_kubernetes_executor.py for tasks to queue
[2023-05-15T07:52:30.799+0000] {logging_mixin.py:149} INFO - [2023-05-15T07:52:30.798+0000] {dagbag.py:541} INFO - Filling up the DagBag from /home/airflow/.local/lib/python3.7/site-packages/airflow/example_dags/example_kubernetes_executor.py
[2023-05-15T07:52:31.089+0000] {processor.py:809} INFO - DAG(s) dict_keys(['example_kubernetes_executor']) retrieved from /home/airflow/.local/lib/python3.7/site-packages/airflow/example_dags/example_kubernetes_executor.py
[2023-05-15T07:52:31.145+0000] {logging_mixin.py:149} INFO - [2023-05-15T07:52:31.144+0000] {dag.py:2726} INFO - Sync 1 DAGs
[2023-05-15T07:52:31.184+0000] {logging_mixin.py:149} INFO - [2023-05-15T07:52:31.184+0000] {dag.py:3490} INFO - Setting next_dagrun for example_kubernetes_executor to None, run_after=None
[2023-05-15T07:52:31.230+0000] {processor.py:178} INFO - Processing /home/airflow/.local/lib/python3.7/site-packages/airflow/example_dags/example_kubernetes_executor.py took 0.448 seconds
[2023-05-15T07:53:01.335+0000] {processor.py:156} INFO - Started process (PID=271) to work on /home/airflow/.local/lib/python3.7/site-packages/airflow/example_dags/example_kubernetes_executor.py
[2023-05-15T07:53:01.339+0000] {processor.py:799} INFO - Processing file /home/airflow/.local/lib/python3.7/site-packages/airflow/example_dags/example_kubernetes_executor.py for tasks to queue
[2023-05-15T07:53:01.342+0000] {logging_mixin.py:149} INFO - [2023-05-15T07:53:01.341+0000] {dagbag.py:541} INFO - Filling up the DagBag from /home/airflow/.local/lib/python3.7/site-packages/airflow/example_dags/example_kubernetes_executor.py
[2023-05-15T07:53:01.659+0000] {processor.py:809} INFO - DAG(s) dict_keys(['example_kubernetes_executor']) retrieved from /home/airflow/.local/lib/python3.7/site-packages/airflow/example_dags/example_kubernetes_executor.py
[2023-05-15T07:53:01.735+0000] {logging_mixin.py:149} INFO - [2023-05-15T07:53:01.735+0000] {dag.py:2726} INFO - Sync 1 DAGs
[2023-05-15T07:53:01.775+0000] {logging_mixin.py:149} INFO - [2023-05-15T07:53:01.775+0000] {dag.py:3490} INFO - Setting next_dagrun for example_kubernetes_executor to None, run_after=None
[2023-05-15T07:53:01.851+0000] {processor.py:178} INFO - Processing /home/airflow/.local/lib/python3.7/site-packages/airflow/example_dags/example_kubernetes_executor.py took 0.526 seconds
[2023-05-15T07:53:32.627+0000] {processor.py:156} INFO - Started process (PID=338) to work on /home/airflow/.local/lib/python3.7/site-packages/airflow/example_dags/example_kubernetes_executor.py
[2023-05-15T07:53:32.630+0000] {processor.py:799} INFO - Processing file /home/airflow/.local/lib/python3.7/site-packages/airflow/example_dags/example_kubernetes_executor.py for tasks to queue
[2023-05-15T07:53:32.632+0000] {logging_mixin.py:149} INFO - [2023-05-15T07:53:32.632+0000] {dagbag.py:541} INFO - Filling up the DagBag from /home/airflow/.local/lib/python3.7/site-packages/airflow/example_dags/example_kubernetes_executor.py
[2023-05-15T07:53:32.869+0000] {processor.py:809} INFO - DAG(s) dict_keys(['example_kubernetes_executor']) retrieved from /home/airflow/.local/lib/python3.7/site-packages/airflow/example_dags/example_kubernetes_executor.py
[2023-05-15T07:53:32.925+0000] {logging_mixin.py:149} INFO - [2023-05-15T07:53:32.925+0000] {dag.py:2726} INFO - Sync 1 DAGs
[2023-05-15T07:53:32.968+0000] {logging_mixin.py:149} INFO - [2023-05-15T07:53:32.967+0000] {dag.py:3490} INFO - Setting next_dagrun for example_kubernetes_executor to None, run_after=None
[2023-05-15T07:53:32.997+0000] {processor.py:178} INFO - Processing /home/airflow/.local/lib/python3.7/site-packages/airflow/example_dags/example_kubernetes_executor.py took 0.376 seconds
[2023-05-15T07:54:03.315+0000] {processor.py:156} INFO - Started process (PID=404) to work on /home/airflow/.local/lib/python3.7/site-packages/airflow/example_dags/example_kubernetes_executor.py
[2023-05-15T07:54:03.317+0000] {processor.py:799} INFO - Processing file /home/airflow/.local/lib/python3.7/site-packages/airflow/example_dags/example_kubernetes_executor.py for tasks to queue
[2023-05-15T07:54:03.319+0000] {logging_mixin.py:149} INFO - [2023-05-15T07:54:03.319+0000] {dagbag.py:541} INFO - Filling up the DagBag from /home/airflow/.local/lib/python3.7/site-packages/airflow/example_dags/example_kubernetes_executor.py
[2023-05-15T07:54:03.565+0000] {processor.py:809} INFO - DAG(s) dict_keys(['example_kubernetes_executor']) retrieved from /home/airflow/.local/lib/python3.7/site-packages/airflow/example_dags/example_kubernetes_executor.py
[2023-05-15T07:54:03.621+0000] {logging_mixin.py:149} INFO - [2023-05-15T07:54:03.621+0000] {dag.py:2726} INFO - Sync 1 DAGs
[2023-05-15T07:54:03.655+0000] {logging_mixin.py:149} INFO - [2023-05-15T07:54:03.655+0000] {dag.py:3490} INFO - Setting next_dagrun for example_kubernetes_executor to None, run_after=None
[2023-05-15T07:54:03.692+0000] {processor.py:178} INFO - Processing /home/airflow/.local/lib/python3.7/site-packages/airflow/example_dags/example_kubernetes_executor.py took 0.383 seconds
