[2023-05-15T07:51:30.211+0000] {processor.py:156} INFO - Started process (PID=75) to work on /home/airflow/.local/lib/python3.7/site-packages/airflow/example_dags/example_params_trigger_ui.py
[2023-05-15T07:51:30.215+0000] {processor.py:799} INFO - Processing file /home/airflow/.local/lib/python3.7/site-packages/airflow/example_dags/example_params_trigger_ui.py for tasks to queue
[2023-05-15T07:51:30.219+0000] {logging_mixin.py:149} INFO - [2023-05-15T07:51:30.218+0000] {dagbag.py:541} INFO - Filling up the DagBag from /home/airflow/.local/lib/python3.7/site-packages/airflow/example_dags/example_params_trigger_ui.py
[2023-05-15T07:51:30.288+0000] {processor.py:809} INFO - DAG(s) dict_keys(['example_params_trigger_ui']) retrieved from /home/airflow/.local/lib/python3.7/site-packages/airflow/example_dags/example_params_trigger_ui.py
[2023-05-15T07:51:30.859+0000] {logging_mixin.py:149} INFO - [2023-05-15T07:51:30.858+0000] {manager.py:504} INFO - Created Permission View: can edit on DAG:example_params_trigger_ui
[2023-05-15T07:51:30.881+0000] {logging_mixin.py:149} INFO - [2023-05-15T07:51:30.881+0000] {manager.py:504} INFO - Created Permission View: can read on DAG:example_params_trigger_ui
[2023-05-15T07:51:30.898+0000] {logging_mixin.py:149} INFO - [2023-05-15T07:51:30.898+0000] {manager.py:504} INFO - Created Permission View: can delete on DAG:example_params_trigger_ui
[2023-05-15T07:51:30.901+0000] {logging_mixin.py:149} INFO - [2023-05-15T07:51:30.900+0000] {dag.py:2726} INFO - Sync 1 DAGs
[2023-05-15T07:51:30.954+0000] {logging_mixin.py:149} INFO - [2023-05-15T07:51:30.953+0000] {dag.py:2747} INFO - Creating ORM DAG for example_params_trigger_ui
[2023-05-15T07:51:31.010+0000] {logging_mixin.py:149} INFO - [2023-05-15T07:51:31.010+0000] {dag.py:3490} INFO - Setting next_dagrun for example_params_trigger_ui to None, run_after=None
[2023-05-15T07:51:31.081+0000] {processor.py:178} INFO - Processing /home/airflow/.local/lib/python3.7/site-packages/airflow/example_dags/example_params_trigger_ui.py took 0.878 seconds
[2023-05-15T07:52:01.739+0000] {processor.py:156} INFO - Started process (PID=141) to work on /home/airflow/.local/lib/python3.7/site-packages/airflow/example_dags/example_params_trigger_ui.py
[2023-05-15T07:52:01.742+0000] {processor.py:799} INFO - Processing file /home/airflow/.local/lib/python3.7/site-packages/airflow/example_dags/example_params_trigger_ui.py for tasks to queue
[2023-05-15T07:52:01.745+0000] {logging_mixin.py:149} INFO - [2023-05-15T07:52:01.745+0000] {dagbag.py:541} INFO - Filling up the DagBag from /home/airflow/.local/lib/python3.7/site-packages/airflow/example_dags/example_params_trigger_ui.py
[2023-05-15T07:52:01.793+0000] {processor.py:809} INFO - DAG(s) dict_keys(['example_params_trigger_ui']) retrieved from /home/airflow/.local/lib/python3.7/site-packages/airflow/example_dags/example_params_trigger_ui.py
[2023-05-15T07:52:01.953+0000] {logging_mixin.py:149} INFO - [2023-05-15T07:52:01.952+0000] {dag.py:2726} INFO - Sync 1 DAGs
[2023-05-15T07:52:02.021+0000] {logging_mixin.py:149} INFO - [2023-05-15T07:52:02.020+0000] {dag.py:3490} INFO - Setting next_dagrun for example_params_trigger_ui to None, run_after=None
[2023-05-15T07:52:02.064+0000] {processor.py:178} INFO - Processing /home/airflow/.local/lib/python3.7/site-packages/airflow/example_dags/example_params_trigger_ui.py took 0.332 seconds
[2023-05-15T07:52:32.404+0000] {processor.py:156} INFO - Started process (PID=208) to work on /home/airflow/.local/lib/python3.7/site-packages/airflow/example_dags/example_params_trigger_ui.py
[2023-05-15T07:52:32.408+0000] {processor.py:799} INFO - Processing file /home/airflow/.local/lib/python3.7/site-packages/airflow/example_dags/example_params_trigger_ui.py for tasks to queue
[2023-05-15T07:52:32.412+0000] {logging_mixin.py:149} INFO - [2023-05-15T07:52:32.411+0000] {dagbag.py:541} INFO - Filling up the DagBag from /home/airflow/.local/lib/python3.7/site-packages/airflow/example_dags/example_params_trigger_ui.py
[2023-05-15T07:52:32.451+0000] {processor.py:809} INFO - DAG(s) dict_keys(['example_params_trigger_ui']) retrieved from /home/airflow/.local/lib/python3.7/site-packages/airflow/example_dags/example_params_trigger_ui.py
[2023-05-15T07:52:32.594+0000] {logging_mixin.py:149} INFO - [2023-05-15T07:52:32.594+0000] {dag.py:2726} INFO - Sync 1 DAGs
[2023-05-15T07:52:32.633+0000] {logging_mixin.py:149} INFO - [2023-05-15T07:52:32.633+0000] {dag.py:3490} INFO - Setting next_dagrun for example_params_trigger_ui to None, run_after=None
[2023-05-15T07:52:32.670+0000] {processor.py:178} INFO - Processing /home/airflow/.local/lib/python3.7/site-packages/airflow/example_dags/example_params_trigger_ui.py took 0.276 seconds
[2023-05-15T07:53:03.315+0000] {processor.py:156} INFO - Started process (PID=275) to work on /home/airflow/.local/lib/python3.7/site-packages/airflow/example_dags/example_params_trigger_ui.py
[2023-05-15T07:53:03.319+0000] {processor.py:799} INFO - Processing file /home/airflow/.local/lib/python3.7/site-packages/airflow/example_dags/example_params_trigger_ui.py for tasks to queue
[2023-05-15T07:53:03.322+0000] {logging_mixin.py:149} INFO - [2023-05-15T07:53:03.322+0000] {dagbag.py:541} INFO - Filling up the DagBag from /home/airflow/.local/lib/python3.7/site-packages/airflow/example_dags/example_params_trigger_ui.py
[2023-05-15T07:53:03.367+0000] {processor.py:809} INFO - DAG(s) dict_keys(['example_params_trigger_ui']) retrieved from /home/airflow/.local/lib/python3.7/site-packages/airflow/example_dags/example_params_trigger_ui.py
[2023-05-15T07:53:03.561+0000] {logging_mixin.py:149} INFO - [2023-05-15T07:53:03.560+0000] {dag.py:2726} INFO - Sync 1 DAGs
[2023-05-15T07:53:03.630+0000] {logging_mixin.py:149} INFO - [2023-05-15T07:53:03.630+0000] {dag.py:3490} INFO - Setting next_dagrun for example_params_trigger_ui to None, run_after=None
[2023-05-15T07:53:03.685+0000] {processor.py:178} INFO - Processing /home/airflow/.local/lib/python3.7/site-packages/airflow/example_dags/example_params_trigger_ui.py took 0.378 seconds
[2023-05-15T07:53:34.143+0000] {processor.py:156} INFO - Started process (PID=342) to work on /home/airflow/.local/lib/python3.7/site-packages/airflow/example_dags/example_params_trigger_ui.py
[2023-05-15T07:53:34.146+0000] {processor.py:799} INFO - Processing file /home/airflow/.local/lib/python3.7/site-packages/airflow/example_dags/example_params_trigger_ui.py for tasks to queue
[2023-05-15T07:53:34.148+0000] {logging_mixin.py:149} INFO - [2023-05-15T07:53:34.148+0000] {dagbag.py:541} INFO - Filling up the DagBag from /home/airflow/.local/lib/python3.7/site-packages/airflow/example_dags/example_params_trigger_ui.py
[2023-05-15T07:53:34.179+0000] {processor.py:809} INFO - DAG(s) dict_keys(['example_params_trigger_ui']) retrieved from /home/airflow/.local/lib/python3.7/site-packages/airflow/example_dags/example_params_trigger_ui.py
[2023-05-15T07:53:34.313+0000] {logging_mixin.py:149} INFO - [2023-05-15T07:53:34.312+0000] {dag.py:2726} INFO - Sync 1 DAGs
[2023-05-15T07:53:34.350+0000] {logging_mixin.py:149} INFO - [2023-05-15T07:53:34.350+0000] {dag.py:3490} INFO - Setting next_dagrun for example_params_trigger_ui to None, run_after=None
[2023-05-15T07:53:34.382+0000] {processor.py:178} INFO - Processing /home/airflow/.local/lib/python3.7/site-packages/airflow/example_dags/example_params_trigger_ui.py took 0.246 seconds
[2023-05-15T07:54:04.824+0000] {processor.py:156} INFO - Started process (PID=408) to work on /home/airflow/.local/lib/python3.7/site-packages/airflow/example_dags/example_params_trigger_ui.py
[2023-05-15T07:54:04.827+0000] {processor.py:799} INFO - Processing file /home/airflow/.local/lib/python3.7/site-packages/airflow/example_dags/example_params_trigger_ui.py for tasks to queue
[2023-05-15T07:54:04.830+0000] {logging_mixin.py:149} INFO - [2023-05-15T07:54:04.830+0000] {dagbag.py:541} INFO - Filling up the DagBag from /home/airflow/.local/lib/python3.7/site-packages/airflow/example_dags/example_params_trigger_ui.py
[2023-05-15T07:54:04.869+0000] {processor.py:809} INFO - DAG(s) dict_keys(['example_params_trigger_ui']) retrieved from /home/airflow/.local/lib/python3.7/site-packages/airflow/example_dags/example_params_trigger_ui.py
[2023-05-15T07:54:04.971+0000] {logging_mixin.py:149} INFO - [2023-05-15T07:54:04.971+0000] {dag.py:2726} INFO - Sync 1 DAGs
[2023-05-15T07:54:05.005+0000] {logging_mixin.py:149} INFO - [2023-05-15T07:54:05.005+0000] {dag.py:3490} INFO - Setting next_dagrun for example_params_trigger_ui to None, run_after=None
[2023-05-15T07:54:05.033+0000] {processor.py:178} INFO - Processing /home/airflow/.local/lib/python3.7/site-packages/airflow/example_dags/example_params_trigger_ui.py took 0.214 seconds
