[2023-05-15T07:51:28.250+0000] {processor.py:156} INFO - Started process (PID=72) to work on /home/airflow/.local/lib/python3.7/site-packages/airflow/example_dags/example_local_kubernetes_executor.py
[2023-05-15T07:51:28.253+0000] {processor.py:799} INFO - Processing file /home/airflow/.local/lib/python3.7/site-packages/airflow/example_dags/example_local_kubernetes_executor.py for tasks to queue
[2023-05-15T07:51:28.256+0000] {logging_mixin.py:149} INFO - [2023-05-15T07:51:28.256+0000] {dagbag.py:541} INFO - Filling up the DagBag from /home/airflow/.local/lib/python3.7/site-packages/airflow/example_dags/example_local_kubernetes_executor.py
[2023-05-15T07:51:29.295+0000] {processor.py:809} INFO - DAG(s) dict_keys(['example_local_kubernetes_executor']) retrieved from /home/airflow/.local/lib/python3.7/site-packages/airflow/example_dags/example_local_kubernetes_executor.py
[2023-05-15T07:51:29.495+0000] {logging_mixin.py:149} INFO - [2023-05-15T07:51:29.495+0000] {manager.py:504} INFO - Created Permission View: can edit on DAG:example_local_kubernetes_executor
[2023-05-15T07:51:29.517+0000] {logging_mixin.py:149} INFO - [2023-05-15T07:51:29.517+0000] {manager.py:504} INFO - Created Permission View: can read on DAG:example_local_kubernetes_executor
[2023-05-15T07:51:29.534+0000] {logging_mixin.py:149} INFO - [2023-05-15T07:51:29.534+0000] {manager.py:504} INFO - Created Permission View: can delete on DAG:example_local_kubernetes_executor
[2023-05-15T07:51:29.537+0000] {logging_mixin.py:149} INFO - [2023-05-15T07:51:29.536+0000] {dag.py:2726} INFO - Sync 1 DAGs
[2023-05-15T07:51:29.559+0000] {logging_mixin.py:149} INFO - [2023-05-15T07:51:29.559+0000] {dag.py:2747} INFO - Creating ORM DAG for example_local_kubernetes_executor
[2023-05-15T07:51:29.583+0000] {logging_mixin.py:149} INFO - [2023-05-15T07:51:29.583+0000] {dag.py:3490} INFO - Setting next_dagrun for example_local_kubernetes_executor to None, run_after=None
[2023-05-15T07:51:29.630+0000] {processor.py:178} INFO - Processing /home/airflow/.local/lib/python3.7/site-packages/airflow/example_dags/example_local_kubernetes_executor.py took 1.386 seconds
[2023-05-15T07:52:00.087+0000] {processor.py:156} INFO - Started process (PID=138) to work on /home/airflow/.local/lib/python3.7/site-packages/airflow/example_dags/example_local_kubernetes_executor.py
[2023-05-15T07:52:00.090+0000] {processor.py:799} INFO - Processing file /home/airflow/.local/lib/python3.7/site-packages/airflow/example_dags/example_local_kubernetes_executor.py for tasks to queue
[2023-05-15T07:52:00.093+0000] {logging_mixin.py:149} INFO - [2023-05-15T07:52:00.093+0000] {dagbag.py:541} INFO - Filling up the DagBag from /home/airflow/.local/lib/python3.7/site-packages/airflow/example_dags/example_local_kubernetes_executor.py
[2023-05-15T07:52:00.384+0000] {processor.py:809} INFO - DAG(s) dict_keys(['example_local_kubernetes_executor']) retrieved from /home/airflow/.local/lib/python3.7/site-packages/airflow/example_dags/example_local_kubernetes_executor.py
[2023-05-15T07:52:00.451+0000] {logging_mixin.py:149} INFO - [2023-05-15T07:52:00.450+0000] {dag.py:2726} INFO - Sync 1 DAGs
[2023-05-15T07:52:00.511+0000] {logging_mixin.py:149} INFO - [2023-05-15T07:52:00.510+0000] {dag.py:3490} INFO - Setting next_dagrun for example_local_kubernetes_executor to None, run_after=None
[2023-05-15T07:52:00.549+0000] {processor.py:178} INFO - Processing /home/airflow/.local/lib/python3.7/site-packages/airflow/example_dags/example_local_kubernetes_executor.py took 0.467 seconds
[2023-05-15T07:52:30.800+0000] {processor.py:156} INFO - Started process (PID=204) to work on /home/airflow/.local/lib/python3.7/site-packages/airflow/example_dags/example_local_kubernetes_executor.py
[2023-05-15T07:52:30.805+0000] {processor.py:799} INFO - Processing file /home/airflow/.local/lib/python3.7/site-packages/airflow/example_dags/example_local_kubernetes_executor.py for tasks to queue
[2023-05-15T07:52:30.808+0000] {logging_mixin.py:149} INFO - [2023-05-15T07:52:30.808+0000] {dagbag.py:541} INFO - Filling up the DagBag from /home/airflow/.local/lib/python3.7/site-packages/airflow/example_dags/example_local_kubernetes_executor.py
[2023-05-15T07:52:31.087+0000] {processor.py:809} INFO - DAG(s) dict_keys(['example_local_kubernetes_executor']) retrieved from /home/airflow/.local/lib/python3.7/site-packages/airflow/example_dags/example_local_kubernetes_executor.py
[2023-05-15T07:52:31.140+0000] {logging_mixin.py:149} INFO - [2023-05-15T07:52:31.140+0000] {dag.py:2726} INFO - Sync 1 DAGs
[2023-05-15T07:52:31.180+0000] {logging_mixin.py:149} INFO - [2023-05-15T07:52:31.179+0000] {dag.py:3490} INFO - Setting next_dagrun for example_local_kubernetes_executor to None, run_after=None
[2023-05-15T07:52:31.224+0000] {processor.py:178} INFO - Processing /home/airflow/.local/lib/python3.7/site-packages/airflow/example_dags/example_local_kubernetes_executor.py took 0.431 seconds
[2023-05-15T07:53:01.345+0000] {processor.py:156} INFO - Started process (PID=272) to work on /home/airflow/.local/lib/python3.7/site-packages/airflow/example_dags/example_local_kubernetes_executor.py
[2023-05-15T07:53:01.348+0000] {processor.py:799} INFO - Processing file /home/airflow/.local/lib/python3.7/site-packages/airflow/example_dags/example_local_kubernetes_executor.py for tasks to queue
[2023-05-15T07:53:01.350+0000] {logging_mixin.py:149} INFO - [2023-05-15T07:53:01.350+0000] {dagbag.py:541} INFO - Filling up the DagBag from /home/airflow/.local/lib/python3.7/site-packages/airflow/example_dags/example_local_kubernetes_executor.py
[2023-05-15T07:53:01.666+0000] {processor.py:809} INFO - DAG(s) dict_keys(['example_local_kubernetes_executor']) retrieved from /home/airflow/.local/lib/python3.7/site-packages/airflow/example_dags/example_local_kubernetes_executor.py
[2023-05-15T07:53:01.735+0000] {logging_mixin.py:149} INFO - [2023-05-15T07:53:01.735+0000] {dag.py:2726} INFO - Sync 1 DAGs
[2023-05-15T07:53:01.783+0000] {logging_mixin.py:149} INFO - [2023-05-15T07:53:01.782+0000] {dag.py:3490} INFO - Setting next_dagrun for example_local_kubernetes_executor to None, run_after=None
[2023-05-15T07:53:01.851+0000] {processor.py:178} INFO - Processing /home/airflow/.local/lib/python3.7/site-packages/airflow/example_dags/example_local_kubernetes_executor.py took 0.511 seconds
[2023-05-15T07:53:32.635+0000] {processor.py:156} INFO - Started process (PID=339) to work on /home/airflow/.local/lib/python3.7/site-packages/airflow/example_dags/example_local_kubernetes_executor.py
[2023-05-15T07:53:32.638+0000] {processor.py:799} INFO - Processing file /home/airflow/.local/lib/python3.7/site-packages/airflow/example_dags/example_local_kubernetes_executor.py for tasks to queue
[2023-05-15T07:53:32.640+0000] {logging_mixin.py:149} INFO - [2023-05-15T07:53:32.640+0000] {dagbag.py:541} INFO - Filling up the DagBag from /home/airflow/.local/lib/python3.7/site-packages/airflow/example_dags/example_local_kubernetes_executor.py
[2023-05-15T07:53:32.877+0000] {processor.py:809} INFO - DAG(s) dict_keys(['example_local_kubernetes_executor']) retrieved from /home/airflow/.local/lib/python3.7/site-packages/airflow/example_dags/example_local_kubernetes_executor.py
[2023-05-15T07:53:32.925+0000] {logging_mixin.py:149} INFO - [2023-05-15T07:53:32.925+0000] {dag.py:2726} INFO - Sync 1 DAGs
[2023-05-15T07:53:32.967+0000] {logging_mixin.py:149} INFO - [2023-05-15T07:53:32.967+0000] {dag.py:3490} INFO - Setting next_dagrun for example_local_kubernetes_executor to None, run_after=None
[2023-05-15T07:53:32.997+0000] {processor.py:178} INFO - Processing /home/airflow/.local/lib/python3.7/site-packages/airflow/example_dags/example_local_kubernetes_executor.py took 0.367 seconds
[2023-05-15T07:54:03.321+0000] {processor.py:156} INFO - Started process (PID=405) to work on /home/airflow/.local/lib/python3.7/site-packages/airflow/example_dags/example_local_kubernetes_executor.py
[2023-05-15T07:54:03.324+0000] {processor.py:799} INFO - Processing file /home/airflow/.local/lib/python3.7/site-packages/airflow/example_dags/example_local_kubernetes_executor.py for tasks to queue
[2023-05-15T07:54:03.326+0000] {logging_mixin.py:149} INFO - [2023-05-15T07:54:03.326+0000] {dagbag.py:541} INFO - Filling up the DagBag from /home/airflow/.local/lib/python3.7/site-packages/airflow/example_dags/example_local_kubernetes_executor.py
[2023-05-15T07:54:03.560+0000] {processor.py:809} INFO - DAG(s) dict_keys(['example_local_kubernetes_executor']) retrieved from /home/airflow/.local/lib/python3.7/site-packages/airflow/example_dags/example_local_kubernetes_executor.py
[2023-05-15T07:54:03.610+0000] {logging_mixin.py:149} INFO - [2023-05-15T07:54:03.610+0000] {dag.py:2726} INFO - Sync 1 DAGs
[2023-05-15T07:54:03.645+0000] {logging_mixin.py:149} INFO - [2023-05-15T07:54:03.645+0000] {dag.py:3490} INFO - Setting next_dagrun for example_local_kubernetes_executor to None, run_after=None
[2023-05-15T07:54:03.679+0000] {processor.py:178} INFO - Processing /home/airflow/.local/lib/python3.7/site-packages/airflow/example_dags/example_local_kubernetes_executor.py took 0.364 seconds
