[2023-05-15T07:51:32.691+0000] {processor.py:156} INFO - Started process (PID=83) to work on /home/airflow/.local/lib/python3.7/site-packages/airflow/example_dags/tutorial_dag.py
[2023-05-15T07:51:32.694+0000] {processor.py:799} INFO - Processing file /home/airflow/.local/lib/python3.7/site-packages/airflow/example_dags/tutorial_dag.py for tasks to queue
[2023-05-15T07:51:32.697+0000] {logging_mixin.py:149} INFO - [2023-05-15T07:51:32.696+0000] {dagbag.py:541} INFO - Filling up the DagBag from /home/airflow/.local/lib/python3.7/site-packages/airflow/example_dags/tutorial_dag.py
[2023-05-15T07:51:32.710+0000] {processor.py:809} INFO - DAG(s) dict_keys(['tutorial_dag']) retrieved from /home/airflow/.local/lib/python3.7/site-packages/airflow/example_dags/tutorial_dag.py
[2023-05-15T07:51:32.949+0000] {logging_mixin.py:149} INFO - [2023-05-15T07:51:32.949+0000] {manager.py:504} INFO - Created Permission View: can edit on DAG:tutorial_dag
[2023-05-15T07:51:32.978+0000] {logging_mixin.py:149} INFO - [2023-05-15T07:51:32.977+0000] {manager.py:504} INFO - Created Permission View: can read on DAG:tutorial_dag
[2023-05-15T07:51:33.006+0000] {logging_mixin.py:149} INFO - [2023-05-15T07:51:33.006+0000] {manager.py:504} INFO - Created Permission View: can delete on DAG:tutorial_dag
[2023-05-15T07:51:33.008+0000] {logging_mixin.py:149} INFO - [2023-05-15T07:51:33.008+0000] {dag.py:2726} INFO - Sync 1 DAGs
[2023-05-15T07:51:33.040+0000] {logging_mixin.py:149} INFO - [2023-05-15T07:51:33.040+0000] {dag.py:2747} INFO - Creating ORM DAG for tutorial_dag
[2023-05-15T07:51:33.070+0000] {logging_mixin.py:149} INFO - [2023-05-15T07:51:33.069+0000] {dag.py:3490} INFO - Setting next_dagrun for tutorial_dag to None, run_after=None
[2023-05-15T07:51:33.118+0000] {processor.py:178} INFO - Processing /home/airflow/.local/lib/python3.7/site-packages/airflow/example_dags/tutorial_dag.py took 0.432 seconds
[2023-05-15T07:52:03.782+0000] {processor.py:156} INFO - Started process (PID=149) to work on /home/airflow/.local/lib/python3.7/site-packages/airflow/example_dags/tutorial_dag.py
[2023-05-15T07:52:03.786+0000] {processor.py:799} INFO - Processing file /home/airflow/.local/lib/python3.7/site-packages/airflow/example_dags/tutorial_dag.py for tasks to queue
[2023-05-15T07:52:03.790+0000] {logging_mixin.py:149} INFO - [2023-05-15T07:52:03.789+0000] {dagbag.py:541} INFO - Filling up the DagBag from /home/airflow/.local/lib/python3.7/site-packages/airflow/example_dags/tutorial_dag.py
[2023-05-15T07:52:03.806+0000] {processor.py:809} INFO - DAG(s) dict_keys(['tutorial_dag']) retrieved from /home/airflow/.local/lib/python3.7/site-packages/airflow/example_dags/tutorial_dag.py
[2023-05-15T07:52:03.856+0000] {logging_mixin.py:149} INFO - [2023-05-15T07:52:03.856+0000] {dag.py:2726} INFO - Sync 1 DAGs
[2023-05-15T07:52:03.899+0000] {logging_mixin.py:149} INFO - [2023-05-15T07:52:03.899+0000] {dag.py:3490} INFO - Setting next_dagrun for tutorial_dag to None, run_after=None
[2023-05-15T07:52:03.941+0000] {processor.py:178} INFO - Processing /home/airflow/.local/lib/python3.7/site-packages/airflow/example_dags/tutorial_dag.py took 0.165 seconds
[2023-05-15T07:52:34.692+0000] {processor.py:156} INFO - Started process (PID=216) to work on /home/airflow/.local/lib/python3.7/site-packages/airflow/example_dags/tutorial_dag.py
[2023-05-15T07:52:34.695+0000] {processor.py:799} INFO - Processing file /home/airflow/.local/lib/python3.7/site-packages/airflow/example_dags/tutorial_dag.py for tasks to queue
[2023-05-15T07:52:34.698+0000] {logging_mixin.py:149} INFO - [2023-05-15T07:52:34.698+0000] {dagbag.py:541} INFO - Filling up the DagBag from /home/airflow/.local/lib/python3.7/site-packages/airflow/example_dags/tutorial_dag.py
[2023-05-15T07:52:34.713+0000] {processor.py:809} INFO - DAG(s) dict_keys(['tutorial_dag']) retrieved from /home/airflow/.local/lib/python3.7/site-packages/airflow/example_dags/tutorial_dag.py
[2023-05-15T07:52:34.769+0000] {logging_mixin.py:149} INFO - [2023-05-15T07:52:34.769+0000] {dag.py:2726} INFO - Sync 1 DAGs
[2023-05-15T07:52:34.829+0000] {logging_mixin.py:149} INFO - [2023-05-15T07:52:34.829+0000] {dag.py:3490} INFO - Setting next_dagrun for tutorial_dag to None, run_after=None
[2023-05-15T07:52:34.878+0000] {processor.py:178} INFO - Processing /home/airflow/.local/lib/python3.7/site-packages/airflow/example_dags/tutorial_dag.py took 0.193 seconds
[2023-05-15T07:53:05.485+0000] {processor.py:156} INFO - Started process (PID=283) to work on /home/airflow/.local/lib/python3.7/site-packages/airflow/example_dags/tutorial_dag.py
[2023-05-15T07:53:05.488+0000] {processor.py:799} INFO - Processing file /home/airflow/.local/lib/python3.7/site-packages/airflow/example_dags/tutorial_dag.py for tasks to queue
[2023-05-15T07:53:05.491+0000] {logging_mixin.py:149} INFO - [2023-05-15T07:53:05.490+0000] {dagbag.py:541} INFO - Filling up the DagBag from /home/airflow/.local/lib/python3.7/site-packages/airflow/example_dags/tutorial_dag.py
[2023-05-15T07:53:05.499+0000] {processor.py:809} INFO - DAG(s) dict_keys(['tutorial_dag']) retrieved from /home/airflow/.local/lib/python3.7/site-packages/airflow/example_dags/tutorial_dag.py
[2023-05-15T07:53:05.537+0000] {logging_mixin.py:149} INFO - [2023-05-15T07:53:05.537+0000] {dag.py:2726} INFO - Sync 1 DAGs
[2023-05-15T07:53:05.572+0000] {logging_mixin.py:149} INFO - [2023-05-15T07:53:05.572+0000] {dag.py:3490} INFO - Setting next_dagrun for tutorial_dag to None, run_after=None
[2023-05-15T07:53:05.601+0000] {processor.py:178} INFO - Processing /home/airflow/.local/lib/python3.7/site-packages/airflow/example_dags/tutorial_dag.py took 0.121 seconds
[2023-05-15T07:53:35.946+0000] {processor.py:156} INFO - Started process (PID=350) to work on /home/airflow/.local/lib/python3.7/site-packages/airflow/example_dags/tutorial_dag.py
[2023-05-15T07:53:35.949+0000] {processor.py:799} INFO - Processing file /home/airflow/.local/lib/python3.7/site-packages/airflow/example_dags/tutorial_dag.py for tasks to queue
[2023-05-15T07:53:35.952+0000] {logging_mixin.py:149} INFO - [2023-05-15T07:53:35.952+0000] {dagbag.py:541} INFO - Filling up the DagBag from /home/airflow/.local/lib/python3.7/site-packages/airflow/example_dags/tutorial_dag.py
[2023-05-15T07:53:35.962+0000] {processor.py:809} INFO - DAG(s) dict_keys(['tutorial_dag']) retrieved from /home/airflow/.local/lib/python3.7/site-packages/airflow/example_dags/tutorial_dag.py
[2023-05-15T07:53:36.002+0000] {logging_mixin.py:149} INFO - [2023-05-15T07:53:36.002+0000] {dag.py:2726} INFO - Sync 1 DAGs
[2023-05-15T07:53:36.042+0000] {logging_mixin.py:149} INFO - [2023-05-15T07:53:36.042+0000] {dag.py:3490} INFO - Setting next_dagrun for tutorial_dag to None, run_after=None
[2023-05-15T07:53:36.084+0000] {processor.py:178} INFO - Processing /home/airflow/.local/lib/python3.7/site-packages/airflow/example_dags/tutorial_dag.py took 0.144 seconds
[2023-05-15T07:54:06.675+0000] {processor.py:156} INFO - Started process (PID=416) to work on /home/airflow/.local/lib/python3.7/site-packages/airflow/example_dags/tutorial_dag.py
[2023-05-15T07:54:06.678+0000] {processor.py:799} INFO - Processing file /home/airflow/.local/lib/python3.7/site-packages/airflow/example_dags/tutorial_dag.py for tasks to queue
[2023-05-15T07:54:06.681+0000] {logging_mixin.py:149} INFO - [2023-05-15T07:54:06.680+0000] {dagbag.py:541} INFO - Filling up the DagBag from /home/airflow/.local/lib/python3.7/site-packages/airflow/example_dags/tutorial_dag.py
[2023-05-15T07:54:06.691+0000] {processor.py:809} INFO - DAG(s) dict_keys(['tutorial_dag']) retrieved from /home/airflow/.local/lib/python3.7/site-packages/airflow/example_dags/tutorial_dag.py
[2023-05-15T07:54:06.732+0000] {logging_mixin.py:149} INFO - [2023-05-15T07:54:06.732+0000] {dag.py:2726} INFO - Sync 1 DAGs
[2023-05-15T07:54:06.769+0000] {logging_mixin.py:149} INFO - [2023-05-15T07:54:06.768+0000] {dag.py:3490} INFO - Setting next_dagrun for tutorial_dag to None, run_after=None
[2023-05-15T07:54:06.806+0000] {processor.py:178} INFO - Processing /home/airflow/.local/lib/python3.7/site-packages/airflow/example_dags/tutorial_dag.py took 0.137 seconds
