[2023-05-15T07:51:30.317+0000] {processor.py:156} INFO - Started process (PID=76) to work on /home/airflow/.local/lib/python3.7/site-packages/airflow/example_dags/tutorial.py
[2023-05-15T07:51:30.321+0000] {processor.py:799} INFO - Processing file /home/airflow/.local/lib/python3.7/site-packages/airflow/example_dags/tutorial.py for tasks to queue
[2023-05-15T07:51:30.325+0000] {logging_mixin.py:149} INFO - [2023-05-15T07:51:30.324+0000] {dagbag.py:541} INFO - Filling up the DagBag from /home/airflow/.local/lib/python3.7/site-packages/airflow/example_dags/tutorial.py
[2023-05-15T07:51:30.454+0000] {processor.py:809} INFO - DAG(s) dict_keys(['tutorial']) retrieved from /home/airflow/.local/lib/python3.7/site-packages/airflow/example_dags/tutorial.py
[2023-05-15T07:51:30.865+0000] {logging_mixin.py:149} INFO - [2023-05-15T07:51:30.864+0000] {manager.py:504} INFO - Created Permission View: can edit on DAG:tutorial
[2023-05-15T07:51:30.889+0000] {logging_mixin.py:149} INFO - [2023-05-15T07:51:30.888+0000] {manager.py:504} INFO - Created Permission View: can read on DAG:tutorial
[2023-05-15T07:51:30.905+0000] {logging_mixin.py:149} INFO - [2023-05-15T07:51:30.905+0000] {manager.py:504} INFO - Created Permission View: can delete on DAG:tutorial
[2023-05-15T07:51:30.910+0000] {logging_mixin.py:149} INFO - [2023-05-15T07:51:30.910+0000] {dag.py:2726} INFO - Sync 1 DAGs
[2023-05-15T07:51:30.971+0000] {logging_mixin.py:149} INFO - [2023-05-15T07:51:30.970+0000] {dag.py:2747} INFO - Creating ORM DAG for tutorial
[2023-05-15T07:51:31.023+0000] {logging_mixin.py:149} INFO - [2023-05-15T07:51:31.022+0000] {dag.py:3490} INFO - Setting next_dagrun for tutorial to 2023-05-14T07:51:31.022036+00:00, run_after=2023-05-15T07:51:31.022036+00:00
[2023-05-15T07:51:31.088+0000] {processor.py:178} INFO - Processing /home/airflow/.local/lib/python3.7/site-packages/airflow/example_dags/tutorial.py took 0.779 seconds
[2023-05-15T07:52:01.748+0000] {processor.py:156} INFO - Started process (PID=142) to work on /home/airflow/.local/lib/python3.7/site-packages/airflow/example_dags/tutorial.py
[2023-05-15T07:52:01.751+0000] {processor.py:799} INFO - Processing file /home/airflow/.local/lib/python3.7/site-packages/airflow/example_dags/tutorial.py for tasks to queue
[2023-05-15T07:52:01.755+0000] {logging_mixin.py:149} INFO - [2023-05-15T07:52:01.754+0000] {dagbag.py:541} INFO - Filling up the DagBag from /home/airflow/.local/lib/python3.7/site-packages/airflow/example_dags/tutorial.py
[2023-05-15T07:52:01.772+0000] {processor.py:809} INFO - DAG(s) dict_keys(['tutorial']) retrieved from /home/airflow/.local/lib/python3.7/site-packages/airflow/example_dags/tutorial.py
[2023-05-15T07:52:01.825+0000] {logging_mixin.py:149} INFO - [2023-05-15T07:52:01.825+0000] {dag.py:2726} INFO - Sync 1 DAGs
[2023-05-15T07:52:01.878+0000] {logging_mixin.py:149} INFO - [2023-05-15T07:52:01.877+0000] {dag.py:3490} INFO - Setting next_dagrun for tutorial to 2023-05-14T07:52:01.877547+00:00, run_after=2023-05-15T07:52:01.877547+00:00
[2023-05-15T07:52:01.920+0000] {processor.py:178} INFO - Processing /home/airflow/.local/lib/python3.7/site-packages/airflow/example_dags/tutorial.py took 0.178 seconds
[2023-05-15T07:52:32.717+0000] {processor.py:156} INFO - Started process (PID=209) to work on /home/airflow/.local/lib/python3.7/site-packages/airflow/example_dags/tutorial.py
[2023-05-15T07:52:32.720+0000] {processor.py:799} INFO - Processing file /home/airflow/.local/lib/python3.7/site-packages/airflow/example_dags/tutorial.py for tasks to queue
[2023-05-15T07:52:32.724+0000] {logging_mixin.py:149} INFO - [2023-05-15T07:52:32.723+0000] {dagbag.py:541} INFO - Filling up the DagBag from /home/airflow/.local/lib/python3.7/site-packages/airflow/example_dags/tutorial.py
[2023-05-15T07:52:32.737+0000] {processor.py:809} INFO - DAG(s) dict_keys(['tutorial']) retrieved from /home/airflow/.local/lib/python3.7/site-packages/airflow/example_dags/tutorial.py
[2023-05-15T07:52:32.785+0000] {logging_mixin.py:149} INFO - [2023-05-15T07:52:32.785+0000] {dag.py:2726} INFO - Sync 1 DAGs
[2023-05-15T07:52:32.835+0000] {logging_mixin.py:149} INFO - [2023-05-15T07:52:32.835+0000] {dag.py:3490} INFO - Setting next_dagrun for tutorial to 2023-05-14T07:52:32.835281+00:00, run_after=2023-05-15T07:52:32.835281+00:00
[2023-05-15T07:52:32.886+0000] {processor.py:178} INFO - Processing /home/airflow/.local/lib/python3.7/site-packages/airflow/example_dags/tutorial.py took 0.175 seconds
[2023-05-15T07:53:03.328+0000] {processor.py:156} INFO - Started process (PID=276) to work on /home/airflow/.local/lib/python3.7/site-packages/airflow/example_dags/tutorial.py
[2023-05-15T07:53:03.332+0000] {processor.py:799} INFO - Processing file /home/airflow/.local/lib/python3.7/site-packages/airflow/example_dags/tutorial.py for tasks to queue
[2023-05-15T07:53:03.335+0000] {logging_mixin.py:149} INFO - [2023-05-15T07:53:03.334+0000] {dagbag.py:541} INFO - Filling up the DagBag from /home/airflow/.local/lib/python3.7/site-packages/airflow/example_dags/tutorial.py
[2023-05-15T07:53:03.349+0000] {processor.py:809} INFO - DAG(s) dict_keys(['tutorial']) retrieved from /home/airflow/.local/lib/python3.7/site-packages/airflow/example_dags/tutorial.py
[2023-05-15T07:53:03.404+0000] {logging_mixin.py:149} INFO - [2023-05-15T07:53:03.404+0000] {dag.py:2726} INFO - Sync 1 DAGs
[2023-05-15T07:53:03.459+0000] {logging_mixin.py:149} INFO - [2023-05-15T07:53:03.458+0000] {dag.py:3490} INFO - Setting next_dagrun for tutorial to 2023-05-14T07:53:03.457803+00:00, run_after=2023-05-15T07:53:03.457803+00:00
[2023-05-15T07:53:03.504+0000] {processor.py:178} INFO - Processing /home/airflow/.local/lib/python3.7/site-packages/airflow/example_dags/tutorial.py took 0.184 seconds
[2023-05-15T07:53:34.149+0000] {processor.py:156} INFO - Started process (PID=343) to work on /home/airflow/.local/lib/python3.7/site-packages/airflow/example_dags/tutorial.py
[2023-05-15T07:53:34.151+0000] {processor.py:799} INFO - Processing file /home/airflow/.local/lib/python3.7/site-packages/airflow/example_dags/tutorial.py for tasks to queue
[2023-05-15T07:53:34.154+0000] {logging_mixin.py:149} INFO - [2023-05-15T07:53:34.154+0000] {dagbag.py:541} INFO - Filling up the DagBag from /home/airflow/.local/lib/python3.7/site-packages/airflow/example_dags/tutorial.py
[2023-05-15T07:53:34.164+0000] {processor.py:809} INFO - DAG(s) dict_keys(['tutorial']) retrieved from /home/airflow/.local/lib/python3.7/site-packages/airflow/example_dags/tutorial.py
[2023-05-15T07:53:34.200+0000] {logging_mixin.py:149} INFO - [2023-05-15T07:53:34.200+0000] {dag.py:2726} INFO - Sync 1 DAGs
[2023-05-15T07:53:34.250+0000] {logging_mixin.py:149} INFO - [2023-05-15T07:53:34.250+0000] {dag.py:3490} INFO - Setting next_dagrun for tutorial to 2023-05-14T07:53:34.250052+00:00, run_after=2023-05-15T07:53:34.250052+00:00
[2023-05-15T07:53:34.287+0000] {processor.py:178} INFO - Processing /home/airflow/.local/lib/python3.7/site-packages/airflow/example_dags/tutorial.py took 0.143 seconds
[2023-05-15T07:54:04.833+0000] {processor.py:156} INFO - Started process (PID=409) to work on /home/airflow/.local/lib/python3.7/site-packages/airflow/example_dags/tutorial.py
[2023-05-15T07:54:04.836+0000] {processor.py:799} INFO - Processing file /home/airflow/.local/lib/python3.7/site-packages/airflow/example_dags/tutorial.py for tasks to queue
[2023-05-15T07:54:04.839+0000] {logging_mixin.py:149} INFO - [2023-05-15T07:54:04.838+0000] {dagbag.py:541} INFO - Filling up the DagBag from /home/airflow/.local/lib/python3.7/site-packages/airflow/example_dags/tutorial.py
[2023-05-15T07:54:04.849+0000] {processor.py:809} INFO - DAG(s) dict_keys(['tutorial']) retrieved from /home/airflow/.local/lib/python3.7/site-packages/airflow/example_dags/tutorial.py
[2023-05-15T07:54:04.892+0000] {logging_mixin.py:149} INFO - [2023-05-15T07:54:04.892+0000] {dag.py:2726} INFO - Sync 1 DAGs
[2023-05-15T07:54:04.925+0000] {logging_mixin.py:149} INFO - [2023-05-15T07:54:04.925+0000] {dag.py:3490} INFO - Setting next_dagrun for tutorial to 2023-05-14T07:54:04.924726+00:00, run_after=2023-05-15T07:54:04.924726+00:00
[2023-05-15T07:54:04.957+0000] {processor.py:178} INFO - Processing /home/airflow/.local/lib/python3.7/site-packages/airflow/example_dags/tutorial.py took 0.129 seconds
