[2023-05-15T07:51:32.526+0000] {processor.py:156} INFO - Started process (PID=82) to work on /home/airflow/.local/lib/python3.7/site-packages/airflow/example_dags/tutorial_taskflow_api.py
[2023-05-15T07:51:32.529+0000] {processor.py:799} INFO - Processing file /home/airflow/.local/lib/python3.7/site-packages/airflow/example_dags/tutorial_taskflow_api.py for tasks to queue
[2023-05-15T07:51:32.533+0000] {logging_mixin.py:149} INFO - [2023-05-15T07:51:32.533+0000] {dagbag.py:541} INFO - Filling up the DagBag from /home/airflow/.local/lib/python3.7/site-packages/airflow/example_dags/tutorial_taskflow_api.py
[2023-05-15T07:51:32.548+0000] {processor.py:809} INFO - DAG(s) dict_keys(['tutorial_taskflow_api']) retrieved from /home/airflow/.local/lib/python3.7/site-packages/airflow/example_dags/tutorial_taskflow_api.py
[2023-05-15T07:51:32.787+0000] {logging_mixin.py:149} INFO - [2023-05-15T07:51:32.786+0000] {manager.py:504} INFO - Created Permission View: can edit on DAG:tutorial_taskflow_api
[2023-05-15T07:51:32.814+0000] {logging_mixin.py:149} INFO - [2023-05-15T07:51:32.813+0000] {manager.py:504} INFO - Created Permission View: can read on DAG:tutorial_taskflow_api
[2023-05-15T07:51:32.834+0000] {logging_mixin.py:149} INFO - [2023-05-15T07:51:32.834+0000] {manager.py:504} INFO - Created Permission View: can delete on DAG:tutorial_taskflow_api
[2023-05-15T07:51:32.840+0000] {logging_mixin.py:149} INFO - [2023-05-15T07:51:32.840+0000] {dag.py:2726} INFO - Sync 1 DAGs
[2023-05-15T07:51:32.868+0000] {logging_mixin.py:149} INFO - [2023-05-15T07:51:32.868+0000] {dag.py:2747} INFO - Creating ORM DAG for tutorial_taskflow_api
[2023-05-15T07:51:32.892+0000] {logging_mixin.py:149} INFO - [2023-05-15T07:51:32.892+0000] {dag.py:3490} INFO - Setting next_dagrun for tutorial_taskflow_api to None, run_after=None
[2023-05-15T07:51:32.934+0000] {processor.py:178} INFO - Processing /home/airflow/.local/lib/python3.7/site-packages/airflow/example_dags/tutorial_taskflow_api.py took 0.417 seconds
[2023-05-15T07:52:03.772+0000] {processor.py:156} INFO - Started process (PID=148) to work on /home/airflow/.local/lib/python3.7/site-packages/airflow/example_dags/tutorial_taskflow_api.py
[2023-05-15T07:52:03.776+0000] {processor.py:799} INFO - Processing file /home/airflow/.local/lib/python3.7/site-packages/airflow/example_dags/tutorial_taskflow_api.py for tasks to queue
[2023-05-15T07:52:03.779+0000] {logging_mixin.py:149} INFO - [2023-05-15T07:52:03.778+0000] {dagbag.py:541} INFO - Filling up the DagBag from /home/airflow/.local/lib/python3.7/site-packages/airflow/example_dags/tutorial_taskflow_api.py
[2023-05-15T07:52:03.793+0000] {processor.py:809} INFO - DAG(s) dict_keys(['tutorial_taskflow_api']) retrieved from /home/airflow/.local/lib/python3.7/site-packages/airflow/example_dags/tutorial_taskflow_api.py
[2023-05-15T07:52:03.847+0000] {logging_mixin.py:149} INFO - [2023-05-15T07:52:03.847+0000] {dag.py:2726} INFO - Sync 1 DAGs
[2023-05-15T07:52:03.893+0000] {logging_mixin.py:149} INFO - [2023-05-15T07:52:03.892+0000] {dag.py:3490} INFO - Setting next_dagrun for tutorial_taskflow_api to None, run_after=None
[2023-05-15T07:52:03.934+0000] {processor.py:178} INFO - Processing /home/airflow/.local/lib/python3.7/site-packages/airflow/example_dags/tutorial_taskflow_api.py took 0.170 seconds
[2023-05-15T07:52:34.680+0000] {processor.py:156} INFO - Started process (PID=215) to work on /home/airflow/.local/lib/python3.7/site-packages/airflow/example_dags/tutorial_taskflow_api.py
[2023-05-15T07:52:34.683+0000] {processor.py:799} INFO - Processing file /home/airflow/.local/lib/python3.7/site-packages/airflow/example_dags/tutorial_taskflow_api.py for tasks to queue
[2023-05-15T07:52:34.686+0000] {logging_mixin.py:149} INFO - [2023-05-15T07:52:34.686+0000] {dagbag.py:541} INFO - Filling up the DagBag from /home/airflow/.local/lib/python3.7/site-packages/airflow/example_dags/tutorial_taskflow_api.py
[2023-05-15T07:52:34.702+0000] {processor.py:809} INFO - DAG(s) dict_keys(['tutorial_taskflow_api']) retrieved from /home/airflow/.local/lib/python3.7/site-packages/airflow/example_dags/tutorial_taskflow_api.py
[2023-05-15T07:52:34.760+0000] {logging_mixin.py:149} INFO - [2023-05-15T07:52:34.760+0000] {dag.py:2726} INFO - Sync 1 DAGs
[2023-05-15T07:52:34.820+0000] {logging_mixin.py:149} INFO - [2023-05-15T07:52:34.819+0000] {dag.py:3490} INFO - Setting next_dagrun for tutorial_taskflow_api to None, run_after=None
[2023-05-15T07:52:34.863+0000] {processor.py:178} INFO - Processing /home/airflow/.local/lib/python3.7/site-packages/airflow/example_dags/tutorial_taskflow_api.py took 0.191 seconds
[2023-05-15T07:53:05.477+0000] {processor.py:156} INFO - Started process (PID=282) to work on /home/airflow/.local/lib/python3.7/site-packages/airflow/example_dags/tutorial_taskflow_api.py
[2023-05-15T07:53:05.480+0000] {processor.py:799} INFO - Processing file /home/airflow/.local/lib/python3.7/site-packages/airflow/example_dags/tutorial_taskflow_api.py for tasks to queue
[2023-05-15T07:53:05.482+0000] {logging_mixin.py:149} INFO - [2023-05-15T07:53:05.482+0000] {dagbag.py:541} INFO - Filling up the DagBag from /home/airflow/.local/lib/python3.7/site-packages/airflow/example_dags/tutorial_taskflow_api.py
[2023-05-15T07:53:05.492+0000] {processor.py:809} INFO - DAG(s) dict_keys(['tutorial_taskflow_api']) retrieved from /home/airflow/.local/lib/python3.7/site-packages/airflow/example_dags/tutorial_taskflow_api.py
[2023-05-15T07:53:05.531+0000] {logging_mixin.py:149} INFO - [2023-05-15T07:53:05.531+0000] {dag.py:2726} INFO - Sync 1 DAGs
[2023-05-15T07:53:05.566+0000] {logging_mixin.py:149} INFO - [2023-05-15T07:53:05.566+0000] {dag.py:3490} INFO - Setting next_dagrun for tutorial_taskflow_api to None, run_after=None
[2023-05-15T07:53:05.595+0000] {processor.py:178} INFO - Processing /home/airflow/.local/lib/python3.7/site-packages/airflow/example_dags/tutorial_taskflow_api.py took 0.124 seconds
[2023-05-15T07:53:35.935+0000] {processor.py:156} INFO - Started process (PID=349) to work on /home/airflow/.local/lib/python3.7/site-packages/airflow/example_dags/tutorial_taskflow_api.py
[2023-05-15T07:53:35.939+0000] {processor.py:799} INFO - Processing file /home/airflow/.local/lib/python3.7/site-packages/airflow/example_dags/tutorial_taskflow_api.py for tasks to queue
[2023-05-15T07:53:35.942+0000] {logging_mixin.py:149} INFO - [2023-05-15T07:53:35.942+0000] {dagbag.py:541} INFO - Filling up the DagBag from /home/airflow/.local/lib/python3.7/site-packages/airflow/example_dags/tutorial_taskflow_api.py
[2023-05-15T07:53:35.954+0000] {processor.py:809} INFO - DAG(s) dict_keys(['tutorial_taskflow_api']) retrieved from /home/airflow/.local/lib/python3.7/site-packages/airflow/example_dags/tutorial_taskflow_api.py
[2023-05-15T07:53:35.995+0000] {logging_mixin.py:149} INFO - [2023-05-15T07:53:35.995+0000] {dag.py:2726} INFO - Sync 1 DAGs
[2023-05-15T07:53:36.034+0000] {logging_mixin.py:149} INFO - [2023-05-15T07:53:36.033+0000] {dag.py:3490} INFO - Setting next_dagrun for tutorial_taskflow_api to None, run_after=None
[2023-05-15T07:53:36.078+0000] {processor.py:178} INFO - Processing /home/airflow/.local/lib/python3.7/site-packages/airflow/example_dags/tutorial_taskflow_api.py took 0.149 seconds
[2023-05-15T07:54:06.664+0000] {processor.py:156} INFO - Started process (PID=415) to work on /home/airflow/.local/lib/python3.7/site-packages/airflow/example_dags/tutorial_taskflow_api.py
[2023-05-15T07:54:06.668+0000] {processor.py:799} INFO - Processing file /home/airflow/.local/lib/python3.7/site-packages/airflow/example_dags/tutorial_taskflow_api.py for tasks to queue
[2023-05-15T07:54:06.671+0000] {logging_mixin.py:149} INFO - [2023-05-15T07:54:06.670+0000] {dagbag.py:541} INFO - Filling up the DagBag from /home/airflow/.local/lib/python3.7/site-packages/airflow/example_dags/tutorial_taskflow_api.py
[2023-05-15T07:54:06.683+0000] {processor.py:809} INFO - DAG(s) dict_keys(['tutorial_taskflow_api']) retrieved from /home/airflow/.local/lib/python3.7/site-packages/airflow/example_dags/tutorial_taskflow_api.py
[2023-05-15T07:54:06.723+0000] {logging_mixin.py:149} INFO - [2023-05-15T07:54:06.723+0000] {dag.py:2726} INFO - Sync 1 DAGs
[2023-05-15T07:54:06.762+0000] {logging_mixin.py:149} INFO - [2023-05-15T07:54:06.762+0000] {dag.py:3490} INFO - Setting next_dagrun for tutorial_taskflow_api to None, run_after=None
[2023-05-15T07:54:06.799+0000] {processor.py:178} INFO - Processing /home/airflow/.local/lib/python3.7/site-packages/airflow/example_dags/tutorial_taskflow_api.py took 0.142 seconds
