[2023-05-14T15:44:10.556+0000] {processor.py:156} INFO - Started process (PID=66) to work on /home/airflow/.local/lib/python3.7/site-packages/airflow/example_dags/example_trigger_target_dag.py
[2023-05-14T15:44:10.561+0000] {processor.py:799} INFO - Processing file /home/airflow/.local/lib/python3.7/site-packages/airflow/example_dags/example_trigger_target_dag.py for tasks to queue
[2023-05-14T15:44:10.566+0000] {logging_mixin.py:149} INFO - [2023-05-14T15:44:10.565+0000] {dagbag.py:541} INFO - Filling up the DagBag from /home/airflow/.local/lib/python3.7/site-packages/airflow/example_dags/example_trigger_target_dag.py
[2023-05-14T15:44:10.588+0000] {processor.py:809} INFO - DAG(s) dict_keys(['example_trigger_target_dag']) retrieved from /home/airflow/.local/lib/python3.7/site-packages/airflow/example_dags/example_trigger_target_dag.py
[2023-05-14T15:44:10.893+0000] {logging_mixin.py:149} INFO - [2023-05-14T15:44:10.893+0000] {manager.py:504} INFO - Created Permission View: can read on DAG:example_trigger_target_dag
[2023-05-14T15:44:10.920+0000] {logging_mixin.py:149} INFO - [2023-05-14T15:44:10.920+0000] {manager.py:504} INFO - Created Permission View: can delete on DAG:example_trigger_target_dag
[2023-05-14T15:44:10.945+0000] {logging_mixin.py:149} INFO - [2023-05-14T15:44:10.944+0000] {manager.py:504} INFO - Created Permission View: can edit on DAG:example_trigger_target_dag
[2023-05-14T15:44:10.949+0000] {logging_mixin.py:149} INFO - [2023-05-14T15:44:10.948+0000] {dag.py:2726} INFO - Sync 1 DAGs
[2023-05-14T15:44:10.991+0000] {logging_mixin.py:149} INFO - [2023-05-14T15:44:10.991+0000] {dag.py:2747} INFO - Creating ORM DAG for example_trigger_target_dag
[2023-05-14T15:44:11.023+0000] {logging_mixin.py:149} INFO - [2023-05-14T15:44:11.023+0000] {dag.py:3490} INFO - Setting next_dagrun for example_trigger_target_dag to None, run_after=None
[2023-05-14T15:44:11.073+0000] {processor.py:178} INFO - Processing /home/airflow/.local/lib/python3.7/site-packages/airflow/example_dags/example_trigger_target_dag.py took 0.527 seconds
[2023-05-14T15:46:21.621+0000] {processor.py:156} INFO - Started process (PID=60) to work on /home/airflow/.local/lib/python3.7/site-packages/airflow/example_dags/example_trigger_target_dag.py
[2023-05-14T15:46:21.625+0000] {processor.py:799} INFO - Processing file /home/airflow/.local/lib/python3.7/site-packages/airflow/example_dags/example_trigger_target_dag.py for tasks to queue
[2023-05-14T15:46:21.628+0000] {logging_mixin.py:149} INFO - [2023-05-14T15:46:21.628+0000] {dagbag.py:541} INFO - Filling up the DagBag from /home/airflow/.local/lib/python3.7/site-packages/airflow/example_dags/example_trigger_target_dag.py
[2023-05-14T15:46:21.647+0000] {processor.py:809} INFO - DAG(s) dict_keys(['example_trigger_target_dag']) retrieved from /home/airflow/.local/lib/python3.7/site-packages/airflow/example_dags/example_trigger_target_dag.py
[2023-05-14T15:46:21.680+0000] {logging_mixin.py:149} INFO - [2023-05-14T15:46:21.679+0000] {dag.py:2726} INFO - Sync 1 DAGs
[2023-05-14T15:46:21.750+0000] {logging_mixin.py:149} INFO - [2023-05-14T15:46:21.750+0000] {dag.py:3490} INFO - Setting next_dagrun for example_trigger_target_dag to None, run_after=None
[2023-05-14T15:46:21.795+0000] {processor.py:178} INFO - Processing /home/airflow/.local/lib/python3.7/site-packages/airflow/example_dags/example_trigger_target_dag.py took 0.182 seconds
[2023-05-14T15:46:52.926+0000] {processor.py:156} INFO - Started process (PID=125) to work on /home/airflow/.local/lib/python3.7/site-packages/airflow/example_dags/example_trigger_target_dag.py
[2023-05-14T15:46:52.929+0000] {processor.py:799} INFO - Processing file /home/airflow/.local/lib/python3.7/site-packages/airflow/example_dags/example_trigger_target_dag.py for tasks to queue
[2023-05-14T15:46:52.931+0000] {logging_mixin.py:149} INFO - [2023-05-14T15:46:52.931+0000] {dagbag.py:541} INFO - Filling up the DagBag from /home/airflow/.local/lib/python3.7/site-packages/airflow/example_dags/example_trigger_target_dag.py
[2023-05-14T15:46:52.942+0000] {processor.py:809} INFO - DAG(s) dict_keys(['example_trigger_target_dag']) retrieved from /home/airflow/.local/lib/python3.7/site-packages/airflow/example_dags/example_trigger_target_dag.py
[2023-05-14T15:46:52.984+0000] {logging_mixin.py:149} INFO - [2023-05-14T15:46:52.984+0000] {dag.py:2726} INFO - Sync 1 DAGs
[2023-05-14T15:46:53.024+0000] {logging_mixin.py:149} INFO - [2023-05-14T15:46:53.024+0000] {dag.py:3490} INFO - Setting next_dagrun for example_trigger_target_dag to None, run_after=None
[2023-05-14T15:46:53.062+0000] {processor.py:178} INFO - Processing /home/airflow/.local/lib/python3.7/site-packages/airflow/example_dags/example_trigger_target_dag.py took 0.141 seconds
[2023-05-14T15:47:36.742+0000] {processor.py:156} INFO - Started process (PID=203) to work on /home/airflow/.local/lib/python3.7/site-packages/airflow/example_dags/example_trigger_target_dag.py
[2023-05-14T15:47:36.750+0000] {processor.py:799} INFO - Processing file /home/airflow/.local/lib/python3.7/site-packages/airflow/example_dags/example_trigger_target_dag.py for tasks to queue
[2023-05-14T15:47:36.757+0000] {logging_mixin.py:149} INFO - [2023-05-14T15:47:36.756+0000] {dagbag.py:541} INFO - Filling up the DagBag from /home/airflow/.local/lib/python3.7/site-packages/airflow/example_dags/example_trigger_target_dag.py
[2023-05-14T15:47:36.801+0000] {processor.py:809} INFO - DAG(s) dict_keys(['example_trigger_target_dag']) retrieved from /home/airflow/.local/lib/python3.7/site-packages/airflow/example_dags/example_trigger_target_dag.py
[2023-05-14T15:47:36.906+0000] {logging_mixin.py:149} INFO - [2023-05-14T15:47:36.906+0000] {dag.py:2726} INFO - Sync 1 DAGs
[2023-05-14T15:47:36.986+0000] {logging_mixin.py:149} INFO - [2023-05-14T15:47:36.985+0000] {dag.py:3490} INFO - Setting next_dagrun for example_trigger_target_dag to None, run_after=None
[2023-05-14T15:47:37.050+0000] {processor.py:178} INFO - Processing /home/airflow/.local/lib/python3.7/site-packages/airflow/example_dags/example_trigger_target_dag.py took 0.324 seconds
[2023-05-14T15:48:07.236+0000] {processor.py:156} INFO - Started process (PID=269) to work on /home/airflow/.local/lib/python3.7/site-packages/airflow/example_dags/example_trigger_target_dag.py
[2023-05-14T15:48:07.240+0000] {processor.py:799} INFO - Processing file /home/airflow/.local/lib/python3.7/site-packages/airflow/example_dags/example_trigger_target_dag.py for tasks to queue
[2023-05-14T15:48:07.243+0000] {logging_mixin.py:149} INFO - [2023-05-14T15:48:07.243+0000] {dagbag.py:541} INFO - Filling up the DagBag from /home/airflow/.local/lib/python3.7/site-packages/airflow/example_dags/example_trigger_target_dag.py
[2023-05-14T15:48:07.254+0000] {processor.py:809} INFO - DAG(s) dict_keys(['example_trigger_target_dag']) retrieved from /home/airflow/.local/lib/python3.7/site-packages/airflow/example_dags/example_trigger_target_dag.py
[2023-05-14T15:48:07.298+0000] {logging_mixin.py:149} INFO - [2023-05-14T15:48:07.298+0000] {dag.py:2726} INFO - Sync 1 DAGs
[2023-05-14T15:48:07.332+0000] {logging_mixin.py:149} INFO - [2023-05-14T15:48:07.331+0000] {dag.py:3490} INFO - Setting next_dagrun for example_trigger_target_dag to None, run_after=None
[2023-05-14T15:48:07.366+0000] {processor.py:178} INFO - Processing /home/airflow/.local/lib/python3.7/site-packages/airflow/example_dags/example_trigger_target_dag.py took 0.138 seconds
[2023-05-14T15:48:38.928+0000] {processor.py:156} INFO - Started process (PID=335) to work on /home/airflow/.local/lib/python3.7/site-packages/airflow/example_dags/example_trigger_target_dag.py
[2023-05-14T15:48:38.934+0000] {processor.py:799} INFO - Processing file /home/airflow/.local/lib/python3.7/site-packages/airflow/example_dags/example_trigger_target_dag.py for tasks to queue
[2023-05-14T15:48:38.937+0000] {logging_mixin.py:149} INFO - [2023-05-14T15:48:38.937+0000] {dagbag.py:541} INFO - Filling up the DagBag from /home/airflow/.local/lib/python3.7/site-packages/airflow/example_dags/example_trigger_target_dag.py
[2023-05-14T15:48:38.961+0000] {processor.py:809} INFO - DAG(s) dict_keys(['example_trigger_target_dag']) retrieved from /home/airflow/.local/lib/python3.7/site-packages/airflow/example_dags/example_trigger_target_dag.py
[2023-05-14T15:48:39.053+0000] {logging_mixin.py:149} INFO - [2023-05-14T15:48:39.053+0000] {dag.py:2726} INFO - Sync 1 DAGs
[2023-05-14T15:48:39.128+0000] {logging_mixin.py:149} INFO - [2023-05-14T15:48:39.128+0000] {dag.py:3490} INFO - Setting next_dagrun for example_trigger_target_dag to None, run_after=None
[2023-05-14T15:48:39.209+0000] {processor.py:178} INFO - Processing /home/airflow/.local/lib/python3.7/site-packages/airflow/example_dags/example_trigger_target_dag.py took 0.297 seconds
[2023-05-14T15:49:09.609+0000] {processor.py:156} INFO - Started process (PID=400) to work on /home/airflow/.local/lib/python3.7/site-packages/airflow/example_dags/example_trigger_target_dag.py
[2023-05-14T15:49:09.619+0000] {processor.py:799} INFO - Processing file /home/airflow/.local/lib/python3.7/site-packages/airflow/example_dags/example_trigger_target_dag.py for tasks to queue
[2023-05-14T15:49:09.623+0000] {logging_mixin.py:149} INFO - [2023-05-14T15:49:09.622+0000] {dagbag.py:541} INFO - Filling up the DagBag from /home/airflow/.local/lib/python3.7/site-packages/airflow/example_dags/example_trigger_target_dag.py
[2023-05-14T15:49:09.666+0000] {processor.py:809} INFO - DAG(s) dict_keys(['example_trigger_target_dag']) retrieved from /home/airflow/.local/lib/python3.7/site-packages/airflow/example_dags/example_trigger_target_dag.py
[2023-05-14T15:49:09.745+0000] {logging_mixin.py:149} INFO - [2023-05-14T15:49:09.744+0000] {dag.py:2726} INFO - Sync 1 DAGs
[2023-05-14T15:49:09.830+0000] {logging_mixin.py:149} INFO - [2023-05-14T15:49:09.830+0000] {dag.py:3490} INFO - Setting next_dagrun for example_trigger_target_dag to None, run_after=None
[2023-05-14T15:49:09.898+0000] {processor.py:178} INFO - Processing /home/airflow/.local/lib/python3.7/site-packages/airflow/example_dags/example_trigger_target_dag.py took 0.323 seconds
[2023-05-14T15:49:40.387+0000] {processor.py:156} INFO - Started process (PID=466) to work on /home/airflow/.local/lib/python3.7/site-packages/airflow/example_dags/example_trigger_target_dag.py
[2023-05-14T15:49:40.391+0000] {processor.py:799} INFO - Processing file /home/airflow/.local/lib/python3.7/site-packages/airflow/example_dags/example_trigger_target_dag.py for tasks to queue
[2023-05-14T15:49:40.394+0000] {logging_mixin.py:149} INFO - [2023-05-14T15:49:40.394+0000] {dagbag.py:541} INFO - Filling up the DagBag from /home/airflow/.local/lib/python3.7/site-packages/airflow/example_dags/example_trigger_target_dag.py
[2023-05-14T15:49:40.440+0000] {processor.py:809} INFO - DAG(s) dict_keys(['example_trigger_target_dag']) retrieved from /home/airflow/.local/lib/python3.7/site-packages/airflow/example_dags/example_trigger_target_dag.py
[2023-05-14T15:49:40.562+0000] {logging_mixin.py:149} INFO - [2023-05-14T15:49:40.561+0000] {dag.py:2726} INFO - Sync 1 DAGs
[2023-05-14T15:49:40.660+0000] {logging_mixin.py:149} INFO - [2023-05-14T15:49:40.660+0000] {dag.py:3490} INFO - Setting next_dagrun for example_trigger_target_dag to None, run_after=None
[2023-05-14T15:49:40.735+0000] {processor.py:178} INFO - Processing /home/airflow/.local/lib/python3.7/site-packages/airflow/example_dags/example_trigger_target_dag.py took 0.368 seconds
[2023-05-14T15:50:10.990+0000] {processor.py:156} INFO - Started process (PID=531) to work on /home/airflow/.local/lib/python3.7/site-packages/airflow/example_dags/example_trigger_target_dag.py
[2023-05-14T15:50:10.993+0000] {processor.py:799} INFO - Processing file /home/airflow/.local/lib/python3.7/site-packages/airflow/example_dags/example_trigger_target_dag.py for tasks to queue
[2023-05-14T15:50:10.997+0000] {logging_mixin.py:149} INFO - [2023-05-14T15:50:10.997+0000] {dagbag.py:541} INFO - Filling up the DagBag from /home/airflow/.local/lib/python3.7/site-packages/airflow/example_dags/example_trigger_target_dag.py
[2023-05-14T15:50:11.023+0000] {processor.py:809} INFO - DAG(s) dict_keys(['example_trigger_target_dag']) retrieved from /home/airflow/.local/lib/python3.7/site-packages/airflow/example_dags/example_trigger_target_dag.py
[2023-05-14T15:50:11.134+0000] {logging_mixin.py:149} INFO - [2023-05-14T15:50:11.134+0000] {dag.py:2726} INFO - Sync 1 DAGs
[2023-05-14T15:50:11.214+0000] {logging_mixin.py:149} INFO - [2023-05-14T15:50:11.214+0000] {dag.py:3490} INFO - Setting next_dagrun for example_trigger_target_dag to None, run_after=None
[2023-05-14T15:50:11.263+0000] {processor.py:178} INFO - Processing /home/airflow/.local/lib/python3.7/site-packages/airflow/example_dags/example_trigger_target_dag.py took 0.293 seconds
[2023-05-14T15:50:41.634+0000] {processor.py:156} INFO - Started process (PID=600) to work on /home/airflow/.local/lib/python3.7/site-packages/airflow/example_dags/example_trigger_target_dag.py
[2023-05-14T15:50:41.655+0000] {processor.py:799} INFO - Processing file /home/airflow/.local/lib/python3.7/site-packages/airflow/example_dags/example_trigger_target_dag.py for tasks to queue
[2023-05-14T15:50:41.659+0000] {logging_mixin.py:149} INFO - [2023-05-14T15:50:41.658+0000] {dagbag.py:541} INFO - Filling up the DagBag from /home/airflow/.local/lib/python3.7/site-packages/airflow/example_dags/example_trigger_target_dag.py
[2023-05-14T15:50:41.675+0000] {processor.py:809} INFO - DAG(s) dict_keys(['example_trigger_target_dag']) retrieved from /home/airflow/.local/lib/python3.7/site-packages/airflow/example_dags/example_trigger_target_dag.py
[2023-05-14T15:50:41.724+0000] {logging_mixin.py:149} INFO - [2023-05-14T15:50:41.724+0000] {dag.py:2726} INFO - Sync 1 DAGs
[2023-05-14T15:50:42.216+0000] {logging_mixin.py:149} INFO - [2023-05-14T15:50:42.213+0000] {dag.py:3490} INFO - Setting next_dagrun for example_trigger_target_dag to None, run_after=None
[2023-05-14T15:50:42.474+0000] {processor.py:178} INFO - Processing /home/airflow/.local/lib/python3.7/site-packages/airflow/example_dags/example_trigger_target_dag.py took 0.851 seconds
[2023-05-14T15:51:13.162+0000] {processor.py:156} INFO - Started process (PID=667) to work on /home/airflow/.local/lib/python3.7/site-packages/airflow/example_dags/example_trigger_target_dag.py
[2023-05-14T15:51:13.165+0000] {processor.py:799} INFO - Processing file /home/airflow/.local/lib/python3.7/site-packages/airflow/example_dags/example_trigger_target_dag.py for tasks to queue
[2023-05-14T15:51:13.167+0000] {logging_mixin.py:149} INFO - [2023-05-14T15:51:13.167+0000] {dagbag.py:541} INFO - Filling up the DagBag from /home/airflow/.local/lib/python3.7/site-packages/airflow/example_dags/example_trigger_target_dag.py
[2023-05-14T15:51:13.177+0000] {processor.py:809} INFO - DAG(s) dict_keys(['example_trigger_target_dag']) retrieved from /home/airflow/.local/lib/python3.7/site-packages/airflow/example_dags/example_trigger_target_dag.py
[2023-05-14T15:51:13.221+0000] {logging_mixin.py:149} INFO - [2023-05-14T15:51:13.221+0000] {dag.py:2726} INFO - Sync 1 DAGs
[2023-05-14T15:51:13.269+0000] {logging_mixin.py:149} INFO - [2023-05-14T15:51:13.269+0000] {dag.py:3490} INFO - Setting next_dagrun for example_trigger_target_dag to None, run_after=None
[2023-05-14T15:51:13.325+0000] {processor.py:178} INFO - Processing /home/airflow/.local/lib/python3.7/site-packages/airflow/example_dags/example_trigger_target_dag.py took 0.167 seconds
