[2023-05-14T15:44:05.001+0000] {processor.py:156} INFO - Started process (PID=47) to work on /home/airflow/.local/lib/python3.7/site-packages/airflow/example_dags/example_trigger_controller_dag.py
[2023-05-14T15:44:05.006+0000] {processor.py:799} INFO - Processing file /home/airflow/.local/lib/python3.7/site-packages/airflow/example_dags/example_trigger_controller_dag.py for tasks to queue
[2023-05-14T15:44:05.009+0000] {logging_mixin.py:149} INFO - [2023-05-14T15:44:05.009+0000] {dagbag.py:541} INFO - Filling up the DagBag from /home/airflow/.local/lib/python3.7/site-packages/airflow/example_dags/example_trigger_controller_dag.py
[2023-05-14T15:44:05.027+0000] {processor.py:809} INFO - DAG(s) dict_keys(['example_trigger_controller_dag']) retrieved from /home/airflow/.local/lib/python3.7/site-packages/airflow/example_dags/example_trigger_controller_dag.py
[2023-05-14T15:44:05.274+0000] {logging_mixin.py:149} INFO - [2023-05-14T15:44:05.274+0000] {manager.py:504} INFO - Created Permission View: can read on DAG:example_trigger_controller_dag
[2023-05-14T15:44:05.299+0000] {logging_mixin.py:149} INFO - [2023-05-14T15:44:05.299+0000] {manager.py:504} INFO - Created Permission View: can delete on DAG:example_trigger_controller_dag
[2023-05-14T15:44:05.320+0000] {logging_mixin.py:149} INFO - [2023-05-14T15:44:05.319+0000] {manager.py:504} INFO - Created Permission View: can edit on DAG:example_trigger_controller_dag
[2023-05-14T15:44:05.322+0000] {logging_mixin.py:149} INFO - [2023-05-14T15:44:05.322+0000] {dag.py:2726} INFO - Sync 1 DAGs
[2023-05-14T15:44:05.358+0000] {logging_mixin.py:149} INFO - [2023-05-14T15:44:05.358+0000] {dag.py:2747} INFO - Creating ORM DAG for example_trigger_controller_dag
[2023-05-14T15:44:05.389+0000] {logging_mixin.py:149} INFO - [2023-05-14T15:44:05.388+0000] {dag.py:3490} INFO - Setting next_dagrun for example_trigger_controller_dag to 2021-01-01T00:00:00+00:00, run_after=2021-01-01T00:00:00+00:00
[2023-05-14T15:44:05.433+0000] {processor.py:178} INFO - Processing /home/airflow/.local/lib/python3.7/site-packages/airflow/example_dags/example_trigger_controller_dag.py took 0.443 seconds
[2023-05-14T15:46:19.250+0000] {processor.py:156} INFO - Started process (PID=41) to work on /home/airflow/.local/lib/python3.7/site-packages/airflow/example_dags/example_trigger_controller_dag.py
[2023-05-14T15:46:19.253+0000] {processor.py:799} INFO - Processing file /home/airflow/.local/lib/python3.7/site-packages/airflow/example_dags/example_trigger_controller_dag.py for tasks to queue
[2023-05-14T15:46:19.256+0000] {logging_mixin.py:149} INFO - [2023-05-14T15:46:19.256+0000] {dagbag.py:541} INFO - Filling up the DagBag from /home/airflow/.local/lib/python3.7/site-packages/airflow/example_dags/example_trigger_controller_dag.py
[2023-05-14T15:46:19.268+0000] {processor.py:809} INFO - DAG(s) dict_keys(['example_trigger_controller_dag']) retrieved from /home/airflow/.local/lib/python3.7/site-packages/airflow/example_dags/example_trigger_controller_dag.py
[2023-05-14T15:46:19.296+0000] {logging_mixin.py:149} INFO - [2023-05-14T15:46:19.296+0000] {dag.py:2726} INFO - Sync 1 DAGs
[2023-05-14T15:46:19.336+0000] {logging_mixin.py:149} INFO - [2023-05-14T15:46:19.336+0000] {dag.py:3490} INFO - Setting next_dagrun for example_trigger_controller_dag to 2021-01-01T00:00:00+00:00, run_after=2021-01-01T00:00:00+00:00
[2023-05-14T15:46:19.376+0000] {processor.py:178} INFO - Processing /home/airflow/.local/lib/python3.7/site-packages/airflow/example_dags/example_trigger_controller_dag.py took 0.132 seconds
[2023-05-14T15:46:50.266+0000] {processor.py:156} INFO - Started process (PID=106) to work on /home/airflow/.local/lib/python3.7/site-packages/airflow/example_dags/example_trigger_controller_dag.py
[2023-05-14T15:46:50.269+0000] {processor.py:799} INFO - Processing file /home/airflow/.local/lib/python3.7/site-packages/airflow/example_dags/example_trigger_controller_dag.py for tasks to queue
[2023-05-14T15:46:50.272+0000] {logging_mixin.py:149} INFO - [2023-05-14T15:46:50.272+0000] {dagbag.py:541} INFO - Filling up the DagBag from /home/airflow/.local/lib/python3.7/site-packages/airflow/example_dags/example_trigger_controller_dag.py
[2023-05-14T15:46:50.282+0000] {processor.py:809} INFO - DAG(s) dict_keys(['example_trigger_controller_dag']) retrieved from /home/airflow/.local/lib/python3.7/site-packages/airflow/example_dags/example_trigger_controller_dag.py
[2023-05-14T15:46:50.332+0000] {logging_mixin.py:149} INFO - [2023-05-14T15:46:50.332+0000] {dag.py:2726} INFO - Sync 1 DAGs
[2023-05-14T15:46:50.378+0000] {logging_mixin.py:149} INFO - [2023-05-14T15:46:50.378+0000] {dag.py:3490} INFO - Setting next_dagrun for example_trigger_controller_dag to 2021-01-01T00:00:00+00:00, run_after=2021-01-01T00:00:00+00:00
[2023-05-14T15:46:50.460+0000] {processor.py:178} INFO - Processing /home/airflow/.local/lib/python3.7/site-packages/airflow/example_dags/example_trigger_controller_dag.py took 0.198 seconds
[2023-05-14T15:47:23.642+0000] {processor.py:156} INFO - Started process (PID=175) to work on /home/airflow/.local/lib/python3.7/site-packages/airflow/example_dags/example_trigger_controller_dag.py
[2023-05-14T15:47:23.649+0000] {processor.py:799} INFO - Processing file /home/airflow/.local/lib/python3.7/site-packages/airflow/example_dags/example_trigger_controller_dag.py for tasks to queue
[2023-05-14T15:47:23.656+0000] {logging_mixin.py:149} INFO - [2023-05-14T15:47:23.655+0000] {dagbag.py:541} INFO - Filling up the DagBag from /home/airflow/.local/lib/python3.7/site-packages/airflow/example_dags/example_trigger_controller_dag.py
[2023-05-14T15:47:23.706+0000] {processor.py:809} INFO - DAG(s) dict_keys(['example_trigger_controller_dag']) retrieved from /home/airflow/.local/lib/python3.7/site-packages/airflow/example_dags/example_trigger_controller_dag.py
[2023-05-14T15:47:23.893+0000] {logging_mixin.py:149} INFO - [2023-05-14T15:47:23.889+0000] {dag.py:2726} INFO - Sync 1 DAGs
[2023-05-14T15:47:24.133+0000] {logging_mixin.py:149} INFO - [2023-05-14T15:47:24.132+0000] {dag.py:3490} INFO - Setting next_dagrun for example_trigger_controller_dag to 2021-01-01T00:00:00+00:00, run_after=2021-01-01T00:00:00+00:00
[2023-05-14T15:47:24.280+0000] {processor.py:178} INFO - Processing /home/airflow/.local/lib/python3.7/site-packages/airflow/example_dags/example_trigger_controller_dag.py took 0.652 seconds
[2023-05-14T15:47:54.511+0000] {processor.py:156} INFO - Started process (PID=242) to work on /home/airflow/.local/lib/python3.7/site-packages/airflow/example_dags/example_trigger_controller_dag.py
[2023-05-14T15:47:54.516+0000] {processor.py:799} INFO - Processing file /home/airflow/.local/lib/python3.7/site-packages/airflow/example_dags/example_trigger_controller_dag.py for tasks to queue
[2023-05-14T15:47:54.520+0000] {logging_mixin.py:149} INFO - [2023-05-14T15:47:54.519+0000] {dagbag.py:541} INFO - Filling up the DagBag from /home/airflow/.local/lib/python3.7/site-packages/airflow/example_dags/example_trigger_controller_dag.py
[2023-05-14T15:47:54.534+0000] {processor.py:809} INFO - DAG(s) dict_keys(['example_trigger_controller_dag']) retrieved from /home/airflow/.local/lib/python3.7/site-packages/airflow/example_dags/example_trigger_controller_dag.py
[2023-05-14T15:47:54.603+0000] {logging_mixin.py:149} INFO - [2023-05-14T15:47:54.602+0000] {dag.py:2726} INFO - Sync 1 DAGs
[2023-05-14T15:47:54.667+0000] {logging_mixin.py:149} INFO - [2023-05-14T15:47:54.667+0000] {dag.py:3490} INFO - Setting next_dagrun for example_trigger_controller_dag to 2021-01-01T00:00:00+00:00, run_after=2021-01-01T00:00:00+00:00
[2023-05-14T15:47:54.718+0000] {processor.py:178} INFO - Processing /home/airflow/.local/lib/python3.7/site-packages/airflow/example_dags/example_trigger_controller_dag.py took 0.218 seconds
[2023-05-14T15:48:24.885+0000] {processor.py:156} INFO - Started process (PID=308) to work on /home/airflow/.local/lib/python3.7/site-packages/airflow/example_dags/example_trigger_controller_dag.py
[2023-05-14T15:48:24.891+0000] {processor.py:799} INFO - Processing file /home/airflow/.local/lib/python3.7/site-packages/airflow/example_dags/example_trigger_controller_dag.py for tasks to queue
[2023-05-14T15:48:24.899+0000] {logging_mixin.py:149} INFO - [2023-05-14T15:48:24.899+0000] {dagbag.py:541} INFO - Filling up the DagBag from /home/airflow/.local/lib/python3.7/site-packages/airflow/example_dags/example_trigger_controller_dag.py
[2023-05-14T15:48:24.936+0000] {processor.py:809} INFO - DAG(s) dict_keys(['example_trigger_controller_dag']) retrieved from /home/airflow/.local/lib/python3.7/site-packages/airflow/example_dags/example_trigger_controller_dag.py
[2023-05-14T15:48:25.007+0000] {logging_mixin.py:149} INFO - [2023-05-14T15:48:25.006+0000] {dag.py:2726} INFO - Sync 1 DAGs
[2023-05-14T15:48:25.070+0000] {logging_mixin.py:149} INFO - [2023-05-14T15:48:25.069+0000] {dag.py:3490} INFO - Setting next_dagrun for example_trigger_controller_dag to 2021-01-01T00:00:00+00:00, run_after=2021-01-01T00:00:00+00:00
[2023-05-14T15:48:25.115+0000] {processor.py:178} INFO - Processing /home/airflow/.local/lib/python3.7/site-packages/airflow/example_dags/example_trigger_controller_dag.py took 0.238 seconds
[2023-05-14T15:48:55.462+0000] {processor.py:156} INFO - Started process (PID=374) to work on /home/airflow/.local/lib/python3.7/site-packages/airflow/example_dags/example_trigger_controller_dag.py
[2023-05-14T15:48:55.470+0000] {processor.py:799} INFO - Processing file /home/airflow/.local/lib/python3.7/site-packages/airflow/example_dags/example_trigger_controller_dag.py for tasks to queue
[2023-05-14T15:48:55.475+0000] {logging_mixin.py:149} INFO - [2023-05-14T15:48:55.474+0000] {dagbag.py:541} INFO - Filling up the DagBag from /home/airflow/.local/lib/python3.7/site-packages/airflow/example_dags/example_trigger_controller_dag.py
[2023-05-14T15:48:55.492+0000] {processor.py:809} INFO - DAG(s) dict_keys(['example_trigger_controller_dag']) retrieved from /home/airflow/.local/lib/python3.7/site-packages/airflow/example_dags/example_trigger_controller_dag.py
[2023-05-14T15:48:55.604+0000] {logging_mixin.py:149} INFO - [2023-05-14T15:48:55.594+0000] {dag.py:2726} INFO - Sync 1 DAGs
[2023-05-14T15:48:55.699+0000] {logging_mixin.py:149} INFO - [2023-05-14T15:48:55.699+0000] {dag.py:3490} INFO - Setting next_dagrun for example_trigger_controller_dag to 2021-01-01T00:00:00+00:00, run_after=2021-01-01T00:00:00+00:00
[2023-05-14T15:48:55.765+0000] {processor.py:178} INFO - Processing /home/airflow/.local/lib/python3.7/site-packages/airflow/example_dags/example_trigger_controller_dag.py took 0.310 seconds
[2023-05-14T15:49:25.952+0000] {processor.py:156} INFO - Started process (PID=440) to work on /home/airflow/.local/lib/python3.7/site-packages/airflow/example_dags/example_trigger_controller_dag.py
[2023-05-14T15:49:25.956+0000] {processor.py:799} INFO - Processing file /home/airflow/.local/lib/python3.7/site-packages/airflow/example_dags/example_trigger_controller_dag.py for tasks to queue
[2023-05-14T15:49:25.958+0000] {logging_mixin.py:149} INFO - [2023-05-14T15:49:25.958+0000] {dagbag.py:541} INFO - Filling up the DagBag from /home/airflow/.local/lib/python3.7/site-packages/airflow/example_dags/example_trigger_controller_dag.py
[2023-05-14T15:49:25.965+0000] {processor.py:809} INFO - DAG(s) dict_keys(['example_trigger_controller_dag']) retrieved from /home/airflow/.local/lib/python3.7/site-packages/airflow/example_dags/example_trigger_controller_dag.py
[2023-05-14T15:49:26.011+0000] {logging_mixin.py:149} INFO - [2023-05-14T15:49:26.011+0000] {dag.py:2726} INFO - Sync 1 DAGs
[2023-05-14T15:49:26.053+0000] {logging_mixin.py:149} INFO - [2023-05-14T15:49:26.053+0000] {dag.py:3490} INFO - Setting next_dagrun for example_trigger_controller_dag to 2021-01-01T00:00:00+00:00, run_after=2021-01-01T00:00:00+00:00
[2023-05-14T15:49:26.092+0000] {processor.py:178} INFO - Processing /home/airflow/.local/lib/python3.7/site-packages/airflow/example_dags/example_trigger_controller_dag.py took 0.146 seconds
[2023-05-14T15:49:56.431+0000] {processor.py:156} INFO - Started process (PID=506) to work on /home/airflow/.local/lib/python3.7/site-packages/airflow/example_dags/example_trigger_controller_dag.py
[2023-05-14T15:49:56.435+0000] {processor.py:799} INFO - Processing file /home/airflow/.local/lib/python3.7/site-packages/airflow/example_dags/example_trigger_controller_dag.py for tasks to queue
[2023-05-14T15:49:56.441+0000] {logging_mixin.py:149} INFO - [2023-05-14T15:49:56.440+0000] {dagbag.py:541} INFO - Filling up the DagBag from /home/airflow/.local/lib/python3.7/site-packages/airflow/example_dags/example_trigger_controller_dag.py
[2023-05-14T15:49:56.450+0000] {processor.py:809} INFO - DAG(s) dict_keys(['example_trigger_controller_dag']) retrieved from /home/airflow/.local/lib/python3.7/site-packages/airflow/example_dags/example_trigger_controller_dag.py
[2023-05-14T15:49:56.502+0000] {logging_mixin.py:149} INFO - [2023-05-14T15:49:56.502+0000] {dag.py:2726} INFO - Sync 1 DAGs
[2023-05-14T15:49:56.548+0000] {logging_mixin.py:149} INFO - [2023-05-14T15:49:56.548+0000] {dag.py:3490} INFO - Setting next_dagrun for example_trigger_controller_dag to 2021-01-01T00:00:00+00:00, run_after=2021-01-01T00:00:00+00:00
[2023-05-14T15:49:56.588+0000] {processor.py:178} INFO - Processing /home/airflow/.local/lib/python3.7/site-packages/airflow/example_dags/example_trigger_controller_dag.py took 0.165 seconds
[2023-05-14T15:50:27.297+0000] {processor.py:156} INFO - Started process (PID=571) to work on /home/airflow/.local/lib/python3.7/site-packages/airflow/example_dags/example_trigger_controller_dag.py
[2023-05-14T15:50:27.306+0000] {processor.py:799} INFO - Processing file /home/airflow/.local/lib/python3.7/site-packages/airflow/example_dags/example_trigger_controller_dag.py for tasks to queue
[2023-05-14T15:50:27.316+0000] {logging_mixin.py:149} INFO - [2023-05-14T15:50:27.316+0000] {dagbag.py:541} INFO - Filling up the DagBag from /home/airflow/.local/lib/python3.7/site-packages/airflow/example_dags/example_trigger_controller_dag.py
[2023-05-14T15:50:27.341+0000] {processor.py:809} INFO - DAG(s) dict_keys(['example_trigger_controller_dag']) retrieved from /home/airflow/.local/lib/python3.7/site-packages/airflow/example_dags/example_trigger_controller_dag.py
[2023-05-14T15:50:27.511+0000] {logging_mixin.py:149} INFO - [2023-05-14T15:50:27.510+0000] {dag.py:2726} INFO - Sync 1 DAGs
[2023-05-14T15:50:27.620+0000] {logging_mixin.py:149} INFO - [2023-05-14T15:50:27.619+0000] {dag.py:3490} INFO - Setting next_dagrun for example_trigger_controller_dag to 2021-01-01T00:00:00+00:00, run_after=2021-01-01T00:00:00+00:00
[2023-05-14T15:50:27.690+0000] {processor.py:178} INFO - Processing /home/airflow/.local/lib/python3.7/site-packages/airflow/example_dags/example_trigger_controller_dag.py took 0.413 seconds
[2023-05-14T15:51:00.324+0000] {processor.py:156} INFO - Started process (PID=641) to work on /home/airflow/.local/lib/python3.7/site-packages/airflow/example_dags/example_trigger_controller_dag.py
[2023-05-14T15:51:00.328+0000] {processor.py:799} INFO - Processing file /home/airflow/.local/lib/python3.7/site-packages/airflow/example_dags/example_trigger_controller_dag.py for tasks to queue
[2023-05-14T15:51:00.333+0000] {logging_mixin.py:149} INFO - [2023-05-14T15:51:00.332+0000] {dagbag.py:541} INFO - Filling up the DagBag from /home/airflow/.local/lib/python3.7/site-packages/airflow/example_dags/example_trigger_controller_dag.py
[2023-05-14T15:51:00.349+0000] {processor.py:809} INFO - DAG(s) dict_keys(['example_trigger_controller_dag']) retrieved from /home/airflow/.local/lib/python3.7/site-packages/airflow/example_dags/example_trigger_controller_dag.py
[2023-05-14T15:51:00.480+0000] {logging_mixin.py:149} INFO - [2023-05-14T15:51:00.480+0000] {dag.py:2726} INFO - Sync 1 DAGs
[2023-05-14T15:51:00.573+0000] {logging_mixin.py:149} INFO - [2023-05-14T15:51:00.572+0000] {dag.py:3490} INFO - Setting next_dagrun for example_trigger_controller_dag to 2021-01-01T00:00:00+00:00, run_after=2021-01-01T00:00:00+00:00
[2023-05-14T15:51:00.643+0000] {processor.py:178} INFO - Processing /home/airflow/.local/lib/python3.7/site-packages/airflow/example_dags/example_trigger_controller_dag.py took 0.329 seconds
