[2023-05-14T15:44:05.959+0000] {processor.py:156} INFO - Started process (PID=49) to work on /home/airflow/.local/lib/python3.7/site-packages/airflow/example_dags/example_params_ui_tutorial.py
[2023-05-14T15:44:05.962+0000] {processor.py:799} INFO - Processing file /home/airflow/.local/lib/python3.7/site-packages/airflow/example_dags/example_params_ui_tutorial.py for tasks to queue
[2023-05-14T15:44:05.965+0000] {logging_mixin.py:149} INFO - [2023-05-14T15:44:05.965+0000] {dagbag.py:541} INFO - Filling up the DagBag from /home/airflow/.local/lib/python3.7/site-packages/airflow/example_dags/example_params_ui_tutorial.py
[2023-05-14T15:44:06.064+0000] {processor.py:809} INFO - DAG(s) dict_keys(['example_params_ui_tutorial']) retrieved from /home/airflow/.local/lib/python3.7/site-packages/airflow/example_dags/example_params_ui_tutorial.py
[2023-05-14T15:44:06.421+0000] {logging_mixin.py:149} INFO - [2023-05-14T15:44:06.420+0000] {manager.py:504} INFO - Created Permission View: can read on DAG:example_params_ui_tutorial
[2023-05-14T15:44:06.446+0000] {logging_mixin.py:149} INFO - [2023-05-14T15:44:06.446+0000] {manager.py:504} INFO - Created Permission View: can delete on DAG:example_params_ui_tutorial
[2023-05-14T15:44:06.466+0000] {logging_mixin.py:149} INFO - [2023-05-14T15:44:06.466+0000] {manager.py:504} INFO - Created Permission View: can edit on DAG:example_params_ui_tutorial
[2023-05-14T15:44:06.469+0000] {logging_mixin.py:149} INFO - [2023-05-14T15:44:06.468+0000] {dag.py:2726} INFO - Sync 1 DAGs
[2023-05-14T15:44:06.500+0000] {logging_mixin.py:149} INFO - [2023-05-14T15:44:06.499+0000] {dag.py:2747} INFO - Creating ORM DAG for example_params_ui_tutorial
[2023-05-14T15:44:06.525+0000] {logging_mixin.py:149} INFO - [2023-05-14T15:44:06.524+0000] {dag.py:3490} INFO - Setting next_dagrun for example_params_ui_tutorial to None, run_after=None
[2023-05-14T15:44:06.572+0000] {processor.py:178} INFO - Processing /home/airflow/.local/lib/python3.7/site-packages/airflow/example_dags/example_params_ui_tutorial.py took 0.622 seconds
[2023-05-14T15:46:19.651+0000] {processor.py:156} INFO - Started process (PID=43) to work on /home/airflow/.local/lib/python3.7/site-packages/airflow/example_dags/example_params_ui_tutorial.py
[2023-05-14T15:46:19.654+0000] {processor.py:799} INFO - Processing file /home/airflow/.local/lib/python3.7/site-packages/airflow/example_dags/example_params_ui_tutorial.py for tasks to queue
[2023-05-14T15:46:19.657+0000] {logging_mixin.py:149} INFO - [2023-05-14T15:46:19.656+0000] {dagbag.py:541} INFO - Filling up the DagBag from /home/airflow/.local/lib/python3.7/site-packages/airflow/example_dags/example_params_ui_tutorial.py
[2023-05-14T15:46:19.734+0000] {processor.py:809} INFO - DAG(s) dict_keys(['example_params_ui_tutorial']) retrieved from /home/airflow/.local/lib/python3.7/site-packages/airflow/example_dags/example_params_ui_tutorial.py
[2023-05-14T15:46:19.760+0000] {logging_mixin.py:149} INFO - [2023-05-14T15:46:19.760+0000] {dag.py:2726} INFO - Sync 1 DAGs
[2023-05-14T15:46:19.806+0000] {logging_mixin.py:149} INFO - [2023-05-14T15:46:19.805+0000] {dag.py:3490} INFO - Setting next_dagrun for example_params_ui_tutorial to None, run_after=None
[2023-05-14T15:46:19.853+0000] {processor.py:178} INFO - Processing /home/airflow/.local/lib/python3.7/site-packages/airflow/example_dags/example_params_ui_tutorial.py took 0.208 seconds
[2023-05-14T15:46:50.684+0000] {processor.py:156} INFO - Started process (PID=108) to work on /home/airflow/.local/lib/python3.7/site-packages/airflow/example_dags/example_params_ui_tutorial.py
[2023-05-14T15:46:50.687+0000] {processor.py:799} INFO - Processing file /home/airflow/.local/lib/python3.7/site-packages/airflow/example_dags/example_params_ui_tutorial.py for tasks to queue
[2023-05-14T15:46:50.689+0000] {logging_mixin.py:149} INFO - [2023-05-14T15:46:50.689+0000] {dagbag.py:541} INFO - Filling up the DagBag from /home/airflow/.local/lib/python3.7/site-packages/airflow/example_dags/example_params_ui_tutorial.py
[2023-05-14T15:46:50.742+0000] {processor.py:809} INFO - DAG(s) dict_keys(['example_params_ui_tutorial']) retrieved from /home/airflow/.local/lib/python3.7/site-packages/airflow/example_dags/example_params_ui_tutorial.py
[2023-05-14T15:46:50.823+0000] {logging_mixin.py:149} INFO - [2023-05-14T15:46:50.823+0000] {dag.py:2726} INFO - Sync 1 DAGs
[2023-05-14T15:46:50.859+0000] {logging_mixin.py:149} INFO - [2023-05-14T15:46:50.859+0000] {dag.py:3490} INFO - Setting next_dagrun for example_params_ui_tutorial to None, run_after=None
[2023-05-14T15:46:50.889+0000] {processor.py:178} INFO - Processing /home/airflow/.local/lib/python3.7/site-packages/airflow/example_dags/example_params_ui_tutorial.py took 0.209 seconds
[2023-05-14T15:47:25.871+0000] {processor.py:156} INFO - Started process (PID=178) to work on /home/airflow/.local/lib/python3.7/site-packages/airflow/example_dags/example_params_ui_tutorial.py
[2023-05-14T15:47:25.878+0000] {processor.py:799} INFO - Processing file /home/airflow/.local/lib/python3.7/site-packages/airflow/example_dags/example_params_ui_tutorial.py for tasks to queue
[2023-05-14T15:47:25.883+0000] {logging_mixin.py:149} INFO - [2023-05-14T15:47:25.882+0000] {dagbag.py:541} INFO - Filling up the DagBag from /home/airflow/.local/lib/python3.7/site-packages/airflow/example_dags/example_params_ui_tutorial.py
[2023-05-14T15:47:26.112+0000] {processor.py:809} INFO - DAG(s) dict_keys(['example_params_ui_tutorial']) retrieved from /home/airflow/.local/lib/python3.7/site-packages/airflow/example_dags/example_params_ui_tutorial.py
[2023-05-14T15:47:26.701+0000] {logging_mixin.py:149} INFO - [2023-05-14T15:47:26.701+0000] {dag.py:2726} INFO - Sync 1 DAGs
[2023-05-14T15:47:26.836+0000] {logging_mixin.py:149} INFO - [2023-05-14T15:47:26.836+0000] {dag.py:3490} INFO - Setting next_dagrun for example_params_ui_tutorial to None, run_after=None
[2023-05-14T15:47:26.995+0000] {processor.py:178} INFO - Processing /home/airflow/.local/lib/python3.7/site-packages/airflow/example_dags/example_params_ui_tutorial.py took 1.142 seconds
[2023-05-14T15:47:57.135+0000] {processor.py:156} INFO - Started process (PID=244) to work on /home/airflow/.local/lib/python3.7/site-packages/airflow/example_dags/example_params_ui_tutorial.py
[2023-05-14T15:47:57.139+0000] {processor.py:799} INFO - Processing file /home/airflow/.local/lib/python3.7/site-packages/airflow/example_dags/example_params_ui_tutorial.py for tasks to queue
[2023-05-14T15:47:57.143+0000] {logging_mixin.py:149} INFO - [2023-05-14T15:47:57.143+0000] {dagbag.py:541} INFO - Filling up the DagBag from /home/airflow/.local/lib/python3.7/site-packages/airflow/example_dags/example_params_ui_tutorial.py
[2023-05-14T15:47:57.213+0000] {processor.py:809} INFO - DAG(s) dict_keys(['example_params_ui_tutorial']) retrieved from /home/airflow/.local/lib/python3.7/site-packages/airflow/example_dags/example_params_ui_tutorial.py
[2023-05-14T15:47:57.347+0000] {logging_mixin.py:149} INFO - [2023-05-14T15:47:57.347+0000] {dag.py:2726} INFO - Sync 1 DAGs
[2023-05-14T15:47:57.387+0000] {logging_mixin.py:149} INFO - [2023-05-14T15:47:57.387+0000] {dag.py:3490} INFO - Setting next_dagrun for example_params_ui_tutorial to None, run_after=None
[2023-05-14T15:47:57.424+0000] {processor.py:178} INFO - Processing /home/airflow/.local/lib/python3.7/site-packages/airflow/example_dags/example_params_ui_tutorial.py took 0.295 seconds
[2023-05-14T15:48:28.206+0000] {processor.py:156} INFO - Started process (PID=310) to work on /home/airflow/.local/lib/python3.7/site-packages/airflow/example_dags/example_params_ui_tutorial.py
[2023-05-14T15:48:28.209+0000] {processor.py:799} INFO - Processing file /home/airflow/.local/lib/python3.7/site-packages/airflow/example_dags/example_params_ui_tutorial.py for tasks to queue
[2023-05-14T15:48:28.211+0000] {logging_mixin.py:149} INFO - [2023-05-14T15:48:28.211+0000] {dagbag.py:541} INFO - Filling up the DagBag from /home/airflow/.local/lib/python3.7/site-packages/airflow/example_dags/example_params_ui_tutorial.py
[2023-05-14T15:48:28.258+0000] {processor.py:809} INFO - DAG(s) dict_keys(['example_params_ui_tutorial']) retrieved from /home/airflow/.local/lib/python3.7/site-packages/airflow/example_dags/example_params_ui_tutorial.py
[2023-05-14T15:48:28.333+0000] {logging_mixin.py:149} INFO - [2023-05-14T15:48:28.332+0000] {dag.py:2726} INFO - Sync 1 DAGs
[2023-05-14T15:48:28.374+0000] {logging_mixin.py:149} INFO - [2023-05-14T15:48:28.374+0000] {dag.py:3490} INFO - Setting next_dagrun for example_params_ui_tutorial to None, run_after=None
[2023-05-14T15:48:28.410+0000] {processor.py:178} INFO - Processing /home/airflow/.local/lib/python3.7/site-packages/airflow/example_dags/example_params_ui_tutorial.py took 0.209 seconds
[2023-05-14T15:48:58.867+0000] {processor.py:156} INFO - Started process (PID=376) to work on /home/airflow/.local/lib/python3.7/site-packages/airflow/example_dags/example_params_ui_tutorial.py
[2023-05-14T15:48:58.870+0000] {processor.py:799} INFO - Processing file /home/airflow/.local/lib/python3.7/site-packages/airflow/example_dags/example_params_ui_tutorial.py for tasks to queue
[2023-05-14T15:48:58.875+0000] {logging_mixin.py:149} INFO - [2023-05-14T15:48:58.875+0000] {dagbag.py:541} INFO - Filling up the DagBag from /home/airflow/.local/lib/python3.7/site-packages/airflow/example_dags/example_params_ui_tutorial.py
[2023-05-14T15:48:58.940+0000] {processor.py:809} INFO - DAG(s) dict_keys(['example_params_ui_tutorial']) retrieved from /home/airflow/.local/lib/python3.7/site-packages/airflow/example_dags/example_params_ui_tutorial.py
[2023-05-14T15:48:59.032+0000] {logging_mixin.py:149} INFO - [2023-05-14T15:48:59.032+0000] {dag.py:2726} INFO - Sync 1 DAGs
[2023-05-14T15:48:59.071+0000] {logging_mixin.py:149} INFO - [2023-05-14T15:48:59.071+0000] {dag.py:3490} INFO - Setting next_dagrun for example_params_ui_tutorial to None, run_after=None
[2023-05-14T15:48:59.109+0000] {processor.py:178} INFO - Processing /home/airflow/.local/lib/python3.7/site-packages/airflow/example_dags/example_params_ui_tutorial.py took 0.248 seconds
[2023-05-14T15:49:29.180+0000] {processor.py:156} INFO - Started process (PID=442) to work on /home/airflow/.local/lib/python3.7/site-packages/airflow/example_dags/example_params_ui_tutorial.py
[2023-05-14T15:49:29.185+0000] {processor.py:799} INFO - Processing file /home/airflow/.local/lib/python3.7/site-packages/airflow/example_dags/example_params_ui_tutorial.py for tasks to queue
[2023-05-14T15:49:29.191+0000] {logging_mixin.py:149} INFO - [2023-05-14T15:49:29.190+0000] {dagbag.py:541} INFO - Filling up the DagBag from /home/airflow/.local/lib/python3.7/site-packages/airflow/example_dags/example_params_ui_tutorial.py
[2023-05-14T15:49:29.302+0000] {processor.py:809} INFO - DAG(s) dict_keys(['example_params_ui_tutorial']) retrieved from /home/airflow/.local/lib/python3.7/site-packages/airflow/example_dags/example_params_ui_tutorial.py
[2023-05-14T15:49:29.479+0000] {logging_mixin.py:149} INFO - [2023-05-14T15:49:29.479+0000] {dag.py:2726} INFO - Sync 1 DAGs
[2023-05-14T15:49:29.545+0000] {logging_mixin.py:149} INFO - [2023-05-14T15:49:29.545+0000] {dag.py:3490} INFO - Setting next_dagrun for example_params_ui_tutorial to None, run_after=None
[2023-05-14T15:49:29.600+0000] {processor.py:178} INFO - Processing /home/airflow/.local/lib/python3.7/site-packages/airflow/example_dags/example_params_ui_tutorial.py took 0.429 seconds
[2023-05-14T15:49:59.662+0000] {processor.py:156} INFO - Started process (PID=508) to work on /home/airflow/.local/lib/python3.7/site-packages/airflow/example_dags/example_params_ui_tutorial.py
[2023-05-14T15:49:59.669+0000] {processor.py:799} INFO - Processing file /home/airflow/.local/lib/python3.7/site-packages/airflow/example_dags/example_params_ui_tutorial.py for tasks to queue
[2023-05-14T15:49:59.673+0000] {logging_mixin.py:149} INFO - [2023-05-14T15:49:59.672+0000] {dagbag.py:541} INFO - Filling up the DagBag from /home/airflow/.local/lib/python3.7/site-packages/airflow/example_dags/example_params_ui_tutorial.py
[2023-05-14T15:49:59.741+0000] {processor.py:809} INFO - DAG(s) dict_keys(['example_params_ui_tutorial']) retrieved from /home/airflow/.local/lib/python3.7/site-packages/airflow/example_dags/example_params_ui_tutorial.py
[2023-05-14T15:49:59.846+0000] {logging_mixin.py:149} INFO - [2023-05-14T15:49:59.846+0000] {dag.py:2726} INFO - Sync 1 DAGs
[2023-05-14T15:49:59.891+0000] {logging_mixin.py:149} INFO - [2023-05-14T15:49:59.890+0000] {dag.py:3490} INFO - Setting next_dagrun for example_params_ui_tutorial to None, run_after=None
[2023-05-14T15:49:59.928+0000] {processor.py:178} INFO - Processing /home/airflow/.local/lib/python3.7/site-packages/airflow/example_dags/example_params_ui_tutorial.py took 0.273 seconds
[2023-05-14T15:50:29.994+0000] {processor.py:156} INFO - Started process (PID=573) to work on /home/airflow/.local/lib/python3.7/site-packages/airflow/example_dags/example_params_ui_tutorial.py
[2023-05-14T15:50:29.998+0000] {processor.py:799} INFO - Processing file /home/airflow/.local/lib/python3.7/site-packages/airflow/example_dags/example_params_ui_tutorial.py for tasks to queue
[2023-05-14T15:50:30.001+0000] {logging_mixin.py:149} INFO - [2023-05-14T15:50:30.001+0000] {dagbag.py:541} INFO - Filling up the DagBag from /home/airflow/.local/lib/python3.7/site-packages/airflow/example_dags/example_params_ui_tutorial.py
[2023-05-14T15:50:30.081+0000] {processor.py:809} INFO - DAG(s) dict_keys(['example_params_ui_tutorial']) retrieved from /home/airflow/.local/lib/python3.7/site-packages/airflow/example_dags/example_params_ui_tutorial.py
[2023-05-14T15:50:30.196+0000] {logging_mixin.py:149} INFO - [2023-05-14T15:50:30.196+0000] {dag.py:2726} INFO - Sync 1 DAGs
[2023-05-14T15:50:30.242+0000] {logging_mixin.py:149} INFO - [2023-05-14T15:50:30.241+0000] {dag.py:3490} INFO - Setting next_dagrun for example_params_ui_tutorial to None, run_after=None
[2023-05-14T15:50:30.274+0000] {processor.py:178} INFO - Processing /home/airflow/.local/lib/python3.7/site-packages/airflow/example_dags/example_params_ui_tutorial.py took 0.288 seconds
[2023-05-14T15:51:00.707+0000] {processor.py:156} INFO - Started process (PID=643) to work on /home/airflow/.local/lib/python3.7/site-packages/airflow/example_dags/example_params_ui_tutorial.py
[2023-05-14T15:51:00.711+0000] {processor.py:799} INFO - Processing file /home/airflow/.local/lib/python3.7/site-packages/airflow/example_dags/example_params_ui_tutorial.py for tasks to queue
[2023-05-14T15:51:00.714+0000] {logging_mixin.py:149} INFO - [2023-05-14T15:51:00.714+0000] {dagbag.py:541} INFO - Filling up the DagBag from /home/airflow/.local/lib/python3.7/site-packages/airflow/example_dags/example_params_ui_tutorial.py
[2023-05-14T15:51:00.845+0000] {processor.py:809} INFO - DAG(s) dict_keys(['example_params_ui_tutorial']) retrieved from /home/airflow/.local/lib/python3.7/site-packages/airflow/example_dags/example_params_ui_tutorial.py
[2023-05-14T15:51:00.989+0000] {logging_mixin.py:149} INFO - [2023-05-14T15:51:00.989+0000] {dag.py:2726} INFO - Sync 1 DAGs
[2023-05-14T15:51:01.057+0000] {logging_mixin.py:149} INFO - [2023-05-14T15:51:01.057+0000] {dag.py:3490} INFO - Setting next_dagrun for example_params_ui_tutorial to None, run_after=None
[2023-05-14T15:51:01.103+0000] {processor.py:178} INFO - Processing /home/airflow/.local/lib/python3.7/site-packages/airflow/example_dags/example_params_ui_tutorial.py took 0.408 seconds
