[2023-05-14T15:46:24.647+0000] {processor.py:156} INFO - Started process (PID=77) to work on /home/airflow/.local/lib/python3.7/site-packages/airflow/example_dags/example_short_circuit_operator.py
[2023-05-14T15:46:24.651+0000] {processor.py:799} INFO - Processing file /home/airflow/.local/lib/python3.7/site-packages/airflow/example_dags/example_short_circuit_operator.py for tasks to queue
[2023-05-14T15:46:24.654+0000] {logging_mixin.py:149} INFO - [2023-05-14T15:46:24.654+0000] {dagbag.py:541} INFO - Filling up the DagBag from /home/airflow/.local/lib/python3.7/site-packages/airflow/example_dags/example_short_circuit_operator.py
[2023-05-14T15:46:24.671+0000] {processor.py:809} INFO - DAG(s) dict_keys(['example_short_circuit_operator']) retrieved from /home/airflow/.local/lib/python3.7/site-packages/airflow/example_dags/example_short_circuit_operator.py
[2023-05-14T15:46:24.698+0000] {logging_mixin.py:149} INFO - [2023-05-14T15:46:24.698+0000] {dag.py:2726} INFO - Sync 1 DAGs
[2023-05-14T15:46:24.761+0000] {logging_mixin.py:149} INFO - [2023-05-14T15:46:24.760+0000] {dag.py:3490} INFO - Setting next_dagrun for example_short_circuit_operator to 2023-05-13T15:46:24.759837+00:00, run_after=2023-05-14T15:46:24.759837+00:00
[2023-05-14T15:46:24.845+0000] {processor.py:178} INFO - Processing /home/airflow/.local/lib/python3.7/site-packages/airflow/example_dags/example_short_circuit_operator.py took 0.204 seconds
[2023-05-14T15:46:57.800+0000] {processor.py:156} INFO - Started process (PID=142) to work on /home/airflow/.local/lib/python3.7/site-packages/airflow/example_dags/example_short_circuit_operator.py
[2023-05-14T15:46:57.803+0000] {processor.py:799} INFO - Processing file /home/airflow/.local/lib/python3.7/site-packages/airflow/example_dags/example_short_circuit_operator.py for tasks to queue
[2023-05-14T15:46:57.806+0000] {logging_mixin.py:149} INFO - [2023-05-14T15:46:57.805+0000] {dagbag.py:541} INFO - Filling up the DagBag from /home/airflow/.local/lib/python3.7/site-packages/airflow/example_dags/example_short_circuit_operator.py
[2023-05-14T15:46:57.820+0000] {processor.py:809} INFO - DAG(s) dict_keys(['example_short_circuit_operator']) retrieved from /home/airflow/.local/lib/python3.7/site-packages/airflow/example_dags/example_short_circuit_operator.py
[2023-05-14T15:46:57.861+0000] {logging_mixin.py:149} INFO - [2023-05-14T15:46:57.861+0000] {dag.py:2726} INFO - Sync 1 DAGs
[2023-05-14T15:46:57.910+0000] {logging_mixin.py:149} INFO - [2023-05-14T15:46:57.909+0000] {dag.py:3490} INFO - Setting next_dagrun for example_short_circuit_operator to 2023-05-13T15:46:57.909366+00:00, run_after=2023-05-14T15:46:57.909366+00:00
[2023-05-14T15:46:57.963+0000] {processor.py:178} INFO - Processing /home/airflow/.local/lib/python3.7/site-packages/airflow/example_dags/example_short_circuit_operator.py took 0.168 seconds
[2023-05-14T15:47:40.955+0000] {processor.py:156} INFO - Started process (PID=220) to work on /home/airflow/.local/lib/python3.7/site-packages/airflow/example_dags/example_short_circuit_operator.py
[2023-05-14T15:47:40.965+0000] {processor.py:799} INFO - Processing file /home/airflow/.local/lib/python3.7/site-packages/airflow/example_dags/example_short_circuit_operator.py for tasks to queue
[2023-05-14T15:47:40.970+0000] {logging_mixin.py:149} INFO - [2023-05-14T15:47:40.969+0000] {dagbag.py:541} INFO - Filling up the DagBag from /home/airflow/.local/lib/python3.7/site-packages/airflow/example_dags/example_short_circuit_operator.py
[2023-05-14T15:47:41.000+0000] {processor.py:809} INFO - DAG(s) dict_keys(['example_short_circuit_operator']) retrieved from /home/airflow/.local/lib/python3.7/site-packages/airflow/example_dags/example_short_circuit_operator.py
[2023-05-14T15:47:41.115+0000] {logging_mixin.py:149} INFO - [2023-05-14T15:47:41.114+0000] {dag.py:2726} INFO - Sync 1 DAGs
[2023-05-14T15:47:41.217+0000] {logging_mixin.py:149} INFO - [2023-05-14T15:47:41.217+0000] {dag.py:3490} INFO - Setting next_dagrun for example_short_circuit_operator to 2023-05-13T15:47:41.216675+00:00, run_after=2023-05-14T15:47:41.216675+00:00
[2023-05-14T15:47:41.283+0000] {processor.py:178} INFO - Processing /home/airflow/.local/lib/python3.7/site-packages/airflow/example_dags/example_short_circuit_operator.py took 0.336 seconds
[2023-05-14T15:48:12.278+0000] {processor.py:156} INFO - Started process (PID=286) to work on /home/airflow/.local/lib/python3.7/site-packages/airflow/example_dags/example_short_circuit_operator.py
[2023-05-14T15:48:12.283+0000] {processor.py:799} INFO - Processing file /home/airflow/.local/lib/python3.7/site-packages/airflow/example_dags/example_short_circuit_operator.py for tasks to queue
[2023-05-14T15:48:12.287+0000] {logging_mixin.py:149} INFO - [2023-05-14T15:48:12.287+0000] {dagbag.py:541} INFO - Filling up the DagBag from /home/airflow/.local/lib/python3.7/site-packages/airflow/example_dags/example_short_circuit_operator.py
[2023-05-14T15:48:12.307+0000] {processor.py:809} INFO - DAG(s) dict_keys(['example_short_circuit_operator']) retrieved from /home/airflow/.local/lib/python3.7/site-packages/airflow/example_dags/example_short_circuit_operator.py
[2023-05-14T15:48:12.392+0000] {logging_mixin.py:149} INFO - [2023-05-14T15:48:12.391+0000] {dag.py:2726} INFO - Sync 1 DAGs
[2023-05-14T15:48:12.457+0000] {logging_mixin.py:149} INFO - [2023-05-14T15:48:12.457+0000] {dag.py:3490} INFO - Setting next_dagrun for example_short_circuit_operator to 2023-05-13T15:48:12.457078+00:00, run_after=2023-05-14T15:48:12.457078+00:00
[2023-05-14T15:48:12.536+0000] {processor.py:178} INFO - Processing /home/airflow/.local/lib/python3.7/site-packages/airflow/example_dags/example_short_circuit_operator.py took 0.266 seconds
[2023-05-14T15:48:44.514+0000] {processor.py:156} INFO - Started process (PID=352) to work on /home/airflow/.local/lib/python3.7/site-packages/airflow/example_dags/example_short_circuit_operator.py
[2023-05-14T15:48:44.518+0000] {processor.py:799} INFO - Processing file /home/airflow/.local/lib/python3.7/site-packages/airflow/example_dags/example_short_circuit_operator.py for tasks to queue
[2023-05-14T15:48:44.523+0000] {logging_mixin.py:149} INFO - [2023-05-14T15:48:44.523+0000] {dagbag.py:541} INFO - Filling up the DagBag from /home/airflow/.local/lib/python3.7/site-packages/airflow/example_dags/example_short_circuit_operator.py
[2023-05-14T15:48:44.553+0000] {processor.py:809} INFO - DAG(s) dict_keys(['example_short_circuit_operator']) retrieved from /home/airflow/.local/lib/python3.7/site-packages/airflow/example_dags/example_short_circuit_operator.py
[2023-05-14T15:48:44.619+0000] {logging_mixin.py:149} INFO - [2023-05-14T15:48:44.619+0000] {dag.py:2726} INFO - Sync 1 DAGs
[2023-05-14T15:48:44.688+0000] {logging_mixin.py:149} INFO - [2023-05-14T15:48:44.687+0000] {dag.py:3490} INFO - Setting next_dagrun for example_short_circuit_operator to 2023-05-13T15:48:44.687107+00:00, run_after=2023-05-14T15:48:44.687107+00:00
[2023-05-14T15:48:44.747+0000] {processor.py:178} INFO - Processing /home/airflow/.local/lib/python3.7/site-packages/airflow/example_dags/example_short_circuit_operator.py took 0.238 seconds
[2023-05-14T15:49:18.219+0000] {processor.py:156} INFO - Started process (PID=418) to work on /home/airflow/.local/lib/python3.7/site-packages/airflow/example_dags/example_short_circuit_operator.py
[2023-05-14T15:49:18.229+0000] {processor.py:799} INFO - Processing file /home/airflow/.local/lib/python3.7/site-packages/airflow/example_dags/example_short_circuit_operator.py for tasks to queue
[2023-05-14T15:49:18.237+0000] {logging_mixin.py:149} INFO - [2023-05-14T15:49:18.237+0000] {dagbag.py:541} INFO - Filling up the DagBag from /home/airflow/.local/lib/python3.7/site-packages/airflow/example_dags/example_short_circuit_operator.py
[2023-05-14T15:49:18.278+0000] {processor.py:809} INFO - DAG(s) dict_keys(['example_short_circuit_operator']) retrieved from /home/airflow/.local/lib/python3.7/site-packages/airflow/example_dags/example_short_circuit_operator.py
[2023-05-14T15:49:18.390+0000] {logging_mixin.py:149} INFO - [2023-05-14T15:49:18.390+0000] {dag.py:2726} INFO - Sync 1 DAGs
[2023-05-14T15:49:18.512+0000] {logging_mixin.py:149} INFO - [2023-05-14T15:49:18.512+0000] {dag.py:3490} INFO - Setting next_dagrun for example_short_circuit_operator to 2023-05-13T15:49:18.511862+00:00, run_after=2023-05-14T15:49:18.511862+00:00
[2023-05-14T15:49:18.603+0000] {processor.py:178} INFO - Processing /home/airflow/.local/lib/python3.7/site-packages/airflow/example_dags/example_short_circuit_operator.py took 0.399 seconds
[2023-05-14T15:49:50.263+0000] {processor.py:156} INFO - Started process (PID=484) to work on /home/airflow/.local/lib/python3.7/site-packages/airflow/example_dags/example_short_circuit_operator.py
[2023-05-14T15:49:50.268+0000] {processor.py:799} INFO - Processing file /home/airflow/.local/lib/python3.7/site-packages/airflow/example_dags/example_short_circuit_operator.py for tasks to queue
[2023-05-14T15:49:50.271+0000] {logging_mixin.py:149} INFO - [2023-05-14T15:49:50.271+0000] {dagbag.py:541} INFO - Filling up the DagBag from /home/airflow/.local/lib/python3.7/site-packages/airflow/example_dags/example_short_circuit_operator.py
[2023-05-14T15:49:50.297+0000] {processor.py:809} INFO - DAG(s) dict_keys(['example_short_circuit_operator']) retrieved from /home/airflow/.local/lib/python3.7/site-packages/airflow/example_dags/example_short_circuit_operator.py
[2023-05-14T15:49:50.405+0000] {logging_mixin.py:149} INFO - [2023-05-14T15:49:50.405+0000] {dag.py:2726} INFO - Sync 1 DAGs
[2023-05-14T15:49:50.510+0000] {logging_mixin.py:149} INFO - [2023-05-14T15:49:50.510+0000] {dag.py:3490} INFO - Setting next_dagrun for example_short_circuit_operator to 2023-05-13T15:49:50.509724+00:00, run_after=2023-05-14T15:49:50.509724+00:00
[2023-05-14T15:49:50.589+0000] {processor.py:178} INFO - Processing /home/airflow/.local/lib/python3.7/site-packages/airflow/example_dags/example_short_circuit_operator.py took 0.343 seconds
[2023-05-14T15:50:21.964+0000] {processor.py:156} INFO - Started process (PID=549) to work on /home/airflow/.local/lib/python3.7/site-packages/airflow/example_dags/example_short_circuit_operator.py
[2023-05-14T15:50:21.969+0000] {processor.py:799} INFO - Processing file /home/airflow/.local/lib/python3.7/site-packages/airflow/example_dags/example_short_circuit_operator.py for tasks to queue
[2023-05-14T15:50:21.974+0000] {logging_mixin.py:149} INFO - [2023-05-14T15:50:21.973+0000] {dagbag.py:541} INFO - Filling up the DagBag from /home/airflow/.local/lib/python3.7/site-packages/airflow/example_dags/example_short_circuit_operator.py
[2023-05-14T15:50:21.996+0000] {processor.py:809} INFO - DAG(s) dict_keys(['example_short_circuit_operator']) retrieved from /home/airflow/.local/lib/python3.7/site-packages/airflow/example_dags/example_short_circuit_operator.py
[2023-05-14T15:50:22.065+0000] {logging_mixin.py:149} INFO - [2023-05-14T15:50:22.065+0000] {dag.py:2726} INFO - Sync 1 DAGs
[2023-05-14T15:50:22.307+0000] {logging_mixin.py:149} INFO - [2023-05-14T15:50:22.307+0000] {dag.py:3490} INFO - Setting next_dagrun for example_short_circuit_operator to 2023-05-13T15:50:22.304057+00:00, run_after=2023-05-14T15:50:22.304057+00:00
[2023-05-14T15:50:22.427+0000] {processor.py:178} INFO - Processing /home/airflow/.local/lib/python3.7/site-packages/airflow/example_dags/example_short_circuit_operator.py took 0.471 seconds
[2023-05-14T15:50:53.065+0000] {processor.py:156} INFO - Started process (PID=618) to work on /home/airflow/.local/lib/python3.7/site-packages/airflow/example_dags/example_short_circuit_operator.py
[2023-05-14T15:50:53.068+0000] {processor.py:799} INFO - Processing file /home/airflow/.local/lib/python3.7/site-packages/airflow/example_dags/example_short_circuit_operator.py for tasks to queue
[2023-05-14T15:50:53.070+0000] {logging_mixin.py:149} INFO - [2023-05-14T15:50:53.070+0000] {dagbag.py:541} INFO - Filling up the DagBag from /home/airflow/.local/lib/python3.7/site-packages/airflow/example_dags/example_short_circuit_operator.py
[2023-05-14T15:50:53.091+0000] {processor.py:809} INFO - DAG(s) dict_keys(['example_short_circuit_operator']) retrieved from /home/airflow/.local/lib/python3.7/site-packages/airflow/example_dags/example_short_circuit_operator.py
[2023-05-14T15:50:53.134+0000] {logging_mixin.py:149} INFO - [2023-05-14T15:50:53.134+0000] {dag.py:2726} INFO - Sync 1 DAGs
[2023-05-14T15:50:53.166+0000] {logging_mixin.py:149} INFO - [2023-05-14T15:50:53.166+0000] {dag.py:3490} INFO - Setting next_dagrun for example_short_circuit_operator to 2023-05-13T15:50:53.165973+00:00, run_after=2023-05-14T15:50:53.165973+00:00
[2023-05-14T15:50:53.194+0000] {processor.py:178} INFO - Processing /home/airflow/.local/lib/python3.7/site-packages/airflow/example_dags/example_short_circuit_operator.py took 0.134 seconds
