[2023-05-14T15:44:08.730+0000] {processor.py:156} INFO - Started process (PID=59) to work on /home/airflow/.local/lib/python3.7/site-packages/airflow/example_dags/example_external_task_marker_dag.py
[2023-05-14T15:44:08.733+0000] {processor.py:799} INFO - Processing file /home/airflow/.local/lib/python3.7/site-packages/airflow/example_dags/example_external_task_marker_dag.py for tasks to queue
[2023-05-14T15:44:08.736+0000] {logging_mixin.py:149} INFO - [2023-05-14T15:44:08.736+0000] {dagbag.py:541} INFO - Filling up the DagBag from /home/airflow/.local/lib/python3.7/site-packages/airflow/example_dags/example_external_task_marker_dag.py
[2023-05-14T15:44:08.750+0000] {processor.py:809} INFO - DAG(s) dict_keys(['example_external_task_marker_parent', 'example_external_task_marker_child']) retrieved from /home/airflow/.local/lib/python3.7/site-packages/airflow/example_dags/example_external_task_marker_dag.py
[2023-05-14T15:44:08.979+0000] {logging_mixin.py:149} INFO - [2023-05-14T15:44:08.978+0000] {manager.py:504} INFO - Created Permission View: can read on DAG:example_external_task_marker_parent
[2023-05-14T15:44:09.000+0000] {logging_mixin.py:149} INFO - [2023-05-14T15:44:09.000+0000] {manager.py:504} INFO - Created Permission View: can delete on DAG:example_external_task_marker_parent
[2023-05-14T15:44:09.018+0000] {logging_mixin.py:149} INFO - [2023-05-14T15:44:09.018+0000] {manager.py:504} INFO - Created Permission View: can edit on DAG:example_external_task_marker_parent
[2023-05-14T15:44:09.052+0000] {logging_mixin.py:149} INFO - [2023-05-14T15:44:09.052+0000] {manager.py:504} INFO - Created Permission View: can read on DAG:example_external_task_marker_child
[2023-05-14T15:44:09.069+0000] {logging_mixin.py:149} INFO - [2023-05-14T15:44:09.069+0000] {manager.py:504} INFO - Created Permission View: can delete on DAG:example_external_task_marker_child
[2023-05-14T15:44:09.087+0000] {logging_mixin.py:149} INFO - [2023-05-14T15:44:09.087+0000] {manager.py:504} INFO - Created Permission View: can edit on DAG:example_external_task_marker_child
[2023-05-14T15:44:09.089+0000] {logging_mixin.py:149} INFO - [2023-05-14T15:44:09.089+0000] {dag.py:2726} INFO - Sync 2 DAGs
[2023-05-14T15:44:09.118+0000] {logging_mixin.py:149} INFO - [2023-05-14T15:44:09.118+0000] {dag.py:2747} INFO - Creating ORM DAG for example_external_task_marker_parent
[2023-05-14T15:44:09.122+0000] {logging_mixin.py:149} INFO - [2023-05-14T15:44:09.122+0000] {dag.py:2747} INFO - Creating ORM DAG for example_external_task_marker_child
[2023-05-14T15:44:09.146+0000] {logging_mixin.py:149} INFO - [2023-05-14T15:44:09.145+0000] {dag.py:3490} INFO - Setting next_dagrun for example_external_task_marker_child to None, run_after=None
[2023-05-14T15:44:09.150+0000] {logging_mixin.py:149} INFO - [2023-05-14T15:44:09.149+0000] {dag.py:3490} INFO - Setting next_dagrun for example_external_task_marker_parent to None, run_after=None
[2023-05-14T15:44:09.197+0000] {processor.py:178} INFO - Processing /home/airflow/.local/lib/python3.7/site-packages/airflow/example_dags/example_external_task_marker_dag.py took 0.475 seconds
[2023-05-14T15:46:20.819+0000] {processor.py:156} INFO - Started process (PID=53) to work on /home/airflow/.local/lib/python3.7/site-packages/airflow/example_dags/example_external_task_marker_dag.py
[2023-05-14T15:46:20.823+0000] {processor.py:799} INFO - Processing file /home/airflow/.local/lib/python3.7/site-packages/airflow/example_dags/example_external_task_marker_dag.py for tasks to queue
[2023-05-14T15:46:20.826+0000] {logging_mixin.py:149} INFO - [2023-05-14T15:46:20.826+0000] {dagbag.py:541} INFO - Filling up the DagBag from /home/airflow/.local/lib/python3.7/site-packages/airflow/example_dags/example_external_task_marker_dag.py
[2023-05-14T15:46:20.845+0000] {processor.py:809} INFO - DAG(s) dict_keys(['example_external_task_marker_parent', 'example_external_task_marker_child']) retrieved from /home/airflow/.local/lib/python3.7/site-packages/airflow/example_dags/example_external_task_marker_dag.py
[2023-05-14T15:46:20.874+0000] {logging_mixin.py:149} INFO - [2023-05-14T15:46:20.874+0000] {dag.py:2726} INFO - Sync 2 DAGs
[2023-05-14T15:46:20.934+0000] {logging_mixin.py:149} INFO - [2023-05-14T15:46:20.933+0000] {dag.py:3490} INFO - Setting next_dagrun for example_external_task_marker_child to None, run_after=None
[2023-05-14T15:46:20.944+0000] {logging_mixin.py:149} INFO - [2023-05-14T15:46:20.944+0000] {dag.py:3490} INFO - Setting next_dagrun for example_external_task_marker_parent to None, run_after=None
[2023-05-14T15:46:20.982+0000] {processor.py:178} INFO - Processing /home/airflow/.local/lib/python3.7/site-packages/airflow/example_dags/example_external_task_marker_dag.py took 0.170 seconds
[2023-05-14T15:46:52.191+0000] {processor.py:156} INFO - Started process (PID=118) to work on /home/airflow/.local/lib/python3.7/site-packages/airflow/example_dags/example_external_task_marker_dag.py
[2023-05-14T15:46:52.194+0000] {processor.py:799} INFO - Processing file /home/airflow/.local/lib/python3.7/site-packages/airflow/example_dags/example_external_task_marker_dag.py for tasks to queue
[2023-05-14T15:46:52.196+0000] {logging_mixin.py:149} INFO - [2023-05-14T15:46:52.196+0000] {dagbag.py:541} INFO - Filling up the DagBag from /home/airflow/.local/lib/python3.7/site-packages/airflow/example_dags/example_external_task_marker_dag.py
[2023-05-14T15:46:52.205+0000] {processor.py:809} INFO - DAG(s) dict_keys(['example_external_task_marker_child', 'example_external_task_marker_parent']) retrieved from /home/airflow/.local/lib/python3.7/site-packages/airflow/example_dags/example_external_task_marker_dag.py
[2023-05-14T15:46:52.315+0000] {logging_mixin.py:149} INFO - [2023-05-14T15:46:52.315+0000] {dag.py:2726} INFO - Sync 2 DAGs
[2023-05-14T15:46:52.345+0000] {logging_mixin.py:149} INFO - [2023-05-14T15:46:52.345+0000] {dag.py:3490} INFO - Setting next_dagrun for example_external_task_marker_child to None, run_after=None
[2023-05-14T15:46:52.352+0000] {logging_mixin.py:149} INFO - [2023-05-14T15:46:52.352+0000] {dag.py:3490} INFO - Setting next_dagrun for example_external_task_marker_parent to None, run_after=None
[2023-05-14T15:46:52.380+0000] {processor.py:178} INFO - Processing /home/airflow/.local/lib/python3.7/site-packages/airflow/example_dags/example_external_task_marker_dag.py took 0.194 seconds
[2023-05-14T15:47:34.577+0000] {processor.py:156} INFO - Started process (PID=188) to work on /home/airflow/.local/lib/python3.7/site-packages/airflow/example_dags/example_external_task_marker_dag.py
[2023-05-14T15:47:34.593+0000] {processor.py:799} INFO - Processing file /home/airflow/.local/lib/python3.7/site-packages/airflow/example_dags/example_external_task_marker_dag.py for tasks to queue
[2023-05-14T15:47:34.600+0000] {logging_mixin.py:149} INFO - [2023-05-14T15:47:34.599+0000] {dagbag.py:541} INFO - Filling up the DagBag from /home/airflow/.local/lib/python3.7/site-packages/airflow/example_dags/example_external_task_marker_dag.py
[2023-05-14T15:47:34.669+0000] {processor.py:809} INFO - DAG(s) dict_keys(['example_external_task_marker_child', 'example_external_task_marker_parent']) retrieved from /home/airflow/.local/lib/python3.7/site-packages/airflow/example_dags/example_external_task_marker_dag.py
[2023-05-14T15:47:34.824+0000] {logging_mixin.py:149} INFO - [2023-05-14T15:47:34.824+0000] {dag.py:2726} INFO - Sync 2 DAGs
[2023-05-14T15:47:35.017+0000] {logging_mixin.py:149} INFO - [2023-05-14T15:47:35.017+0000] {dag.py:3490} INFO - Setting next_dagrun for example_external_task_marker_child to None, run_after=None
[2023-05-14T15:47:35.078+0000] {logging_mixin.py:149} INFO - [2023-05-14T15:47:35.077+0000] {dag.py:3490} INFO - Setting next_dagrun for example_external_task_marker_parent to None, run_after=None
[2023-05-14T15:47:35.260+0000] {processor.py:178} INFO - Processing /home/airflow/.local/lib/python3.7/site-packages/airflow/example_dags/example_external_task_marker_dag.py took 0.732 seconds
[2023-05-14T15:48:05.741+0000] {processor.py:156} INFO - Started process (PID=255) to work on /home/airflow/.local/lib/python3.7/site-packages/airflow/example_dags/example_external_task_marker_dag.py
[2023-05-14T15:48:05.749+0000] {processor.py:799} INFO - Processing file /home/airflow/.local/lib/python3.7/site-packages/airflow/example_dags/example_external_task_marker_dag.py for tasks to queue
[2023-05-14T15:48:05.753+0000] {logging_mixin.py:149} INFO - [2023-05-14T15:48:05.753+0000] {dagbag.py:541} INFO - Filling up the DagBag from /home/airflow/.local/lib/python3.7/site-packages/airflow/example_dags/example_external_task_marker_dag.py
[2023-05-14T15:48:05.766+0000] {processor.py:809} INFO - DAG(s) dict_keys(['example_external_task_marker_child', 'example_external_task_marker_parent']) retrieved from /home/airflow/.local/lib/python3.7/site-packages/airflow/example_dags/example_external_task_marker_dag.py
[2023-05-14T15:48:05.841+0000] {logging_mixin.py:149} INFO - [2023-05-14T15:48:05.840+0000] {dag.py:2726} INFO - Sync 2 DAGs
[2023-05-14T15:48:05.903+0000] {logging_mixin.py:149} INFO - [2023-05-14T15:48:05.903+0000] {dag.py:3490} INFO - Setting next_dagrun for example_external_task_marker_child to None, run_after=None
[2023-05-14T15:48:05.910+0000] {logging_mixin.py:149} INFO - [2023-05-14T15:48:05.910+0000] {dag.py:3490} INFO - Setting next_dagrun for example_external_task_marker_parent to None, run_after=None
[2023-05-14T15:48:05.943+0000] {processor.py:178} INFO - Processing /home/airflow/.local/lib/python3.7/site-packages/airflow/example_dags/example_external_task_marker_dag.py took 0.212 seconds
[2023-05-14T15:48:36.065+0000] {processor.py:156} INFO - Started process (PID=327) to work on /home/airflow/.local/lib/python3.7/site-packages/airflow/example_dags/example_external_task_marker_dag.py
[2023-05-14T15:48:36.069+0000] {processor.py:799} INFO - Processing file /home/airflow/.local/lib/python3.7/site-packages/airflow/example_dags/example_external_task_marker_dag.py for tasks to queue
[2023-05-14T15:48:36.073+0000] {logging_mixin.py:149} INFO - [2023-05-14T15:48:36.073+0000] {dagbag.py:541} INFO - Filling up the DagBag from /home/airflow/.local/lib/python3.7/site-packages/airflow/example_dags/example_external_task_marker_dag.py
[2023-05-14T15:48:36.090+0000] {processor.py:809} INFO - DAG(s) dict_keys(['example_external_task_marker_child', 'example_external_task_marker_parent']) retrieved from /home/airflow/.local/lib/python3.7/site-packages/airflow/example_dags/example_external_task_marker_dag.py
[2023-05-14T15:48:36.139+0000] {logging_mixin.py:149} INFO - [2023-05-14T15:48:36.139+0000] {dag.py:2726} INFO - Sync 2 DAGs
[2023-05-14T15:48:36.171+0000] {logging_mixin.py:149} INFO - [2023-05-14T15:48:36.171+0000] {dag.py:3490} INFO - Setting next_dagrun for example_external_task_marker_child to None, run_after=None
[2023-05-14T15:48:36.179+0000] {logging_mixin.py:149} INFO - [2023-05-14T15:48:36.179+0000] {dag.py:3490} INFO - Setting next_dagrun for example_external_task_marker_parent to None, run_after=None
[2023-05-14T15:48:36.205+0000] {processor.py:178} INFO - Processing /home/airflow/.local/lib/python3.7/site-packages/airflow/example_dags/example_external_task_marker_dag.py took 0.147 seconds
[2023-05-14T15:49:07.116+0000] {processor.py:156} INFO - Started process (PID=393) to work on /home/airflow/.local/lib/python3.7/site-packages/airflow/example_dags/example_external_task_marker_dag.py
[2023-05-14T15:49:07.122+0000] {processor.py:799} INFO - Processing file /home/airflow/.local/lib/python3.7/site-packages/airflow/example_dags/example_external_task_marker_dag.py for tasks to queue
[2023-05-14T15:49:07.130+0000] {logging_mixin.py:149} INFO - [2023-05-14T15:49:07.130+0000] {dagbag.py:541} INFO - Filling up the DagBag from /home/airflow/.local/lib/python3.7/site-packages/airflow/example_dags/example_external_task_marker_dag.py
[2023-05-14T15:49:07.165+0000] {processor.py:809} INFO - DAG(s) dict_keys(['example_external_task_marker_child', 'example_external_task_marker_parent']) retrieved from /home/airflow/.local/lib/python3.7/site-packages/airflow/example_dags/example_external_task_marker_dag.py
[2023-05-14T15:49:07.319+0000] {logging_mixin.py:149} INFO - [2023-05-14T15:49:07.318+0000] {dag.py:2726} INFO - Sync 2 DAGs
[2023-05-14T15:49:07.427+0000] {logging_mixin.py:149} INFO - [2023-05-14T15:49:07.427+0000] {dag.py:3490} INFO - Setting next_dagrun for example_external_task_marker_child to None, run_after=None
[2023-05-14T15:49:07.444+0000] {logging_mixin.py:149} INFO - [2023-05-14T15:49:07.444+0000] {dag.py:3490} INFO - Setting next_dagrun for example_external_task_marker_parent to None, run_after=None
[2023-05-14T15:49:07.715+0000] {processor.py:178} INFO - Processing /home/airflow/.local/lib/python3.7/site-packages/airflow/example_dags/example_external_task_marker_dag.py took 0.607 seconds
[2023-05-14T15:49:38.339+0000] {processor.py:156} INFO - Started process (PID=459) to work on /home/airflow/.local/lib/python3.7/site-packages/airflow/example_dags/example_external_task_marker_dag.py
[2023-05-14T15:49:38.345+0000] {processor.py:799} INFO - Processing file /home/airflow/.local/lib/python3.7/site-packages/airflow/example_dags/example_external_task_marker_dag.py for tasks to queue
[2023-05-14T15:49:38.348+0000] {logging_mixin.py:149} INFO - [2023-05-14T15:49:38.347+0000] {dagbag.py:541} INFO - Filling up the DagBag from /home/airflow/.local/lib/python3.7/site-packages/airflow/example_dags/example_external_task_marker_dag.py
[2023-05-14T15:49:38.367+0000] {processor.py:809} INFO - DAG(s) dict_keys(['example_external_task_marker_child', 'example_external_task_marker_parent']) retrieved from /home/airflow/.local/lib/python3.7/site-packages/airflow/example_dags/example_external_task_marker_dag.py
[2023-05-14T15:49:38.453+0000] {logging_mixin.py:149} INFO - [2023-05-14T15:49:38.452+0000] {dag.py:2726} INFO - Sync 2 DAGs
[2023-05-14T15:49:38.524+0000] {logging_mixin.py:149} INFO - [2023-05-14T15:49:38.523+0000] {dag.py:3490} INFO - Setting next_dagrun for example_external_task_marker_child to None, run_after=None
[2023-05-14T15:49:38.541+0000] {logging_mixin.py:149} INFO - [2023-05-14T15:49:38.541+0000] {dag.py:3490} INFO - Setting next_dagrun for example_external_task_marker_parent to None, run_after=None
[2023-05-14T15:49:38.598+0000] {processor.py:178} INFO - Processing /home/airflow/.local/lib/python3.7/site-packages/airflow/example_dags/example_external_task_marker_dag.py took 0.265 seconds
[2023-05-14T15:50:09.416+0000] {processor.py:156} INFO - Started process (PID=524) to work on /home/airflow/.local/lib/python3.7/site-packages/airflow/example_dags/example_external_task_marker_dag.py
[2023-05-14T15:50:09.420+0000] {processor.py:799} INFO - Processing file /home/airflow/.local/lib/python3.7/site-packages/airflow/example_dags/example_external_task_marker_dag.py for tasks to queue
[2023-05-14T15:50:09.423+0000] {logging_mixin.py:149} INFO - [2023-05-14T15:50:09.423+0000] {dagbag.py:541} INFO - Filling up the DagBag from /home/airflow/.local/lib/python3.7/site-packages/airflow/example_dags/example_external_task_marker_dag.py
[2023-05-14T15:50:09.439+0000] {processor.py:809} INFO - DAG(s) dict_keys(['example_external_task_marker_child', 'example_external_task_marker_parent']) retrieved from /home/airflow/.local/lib/python3.7/site-packages/airflow/example_dags/example_external_task_marker_dag.py
[2023-05-14T15:50:09.618+0000] {logging_mixin.py:149} INFO - [2023-05-14T15:50:09.618+0000] {dag.py:2726} INFO - Sync 2 DAGs
[2023-05-14T15:50:09.683+0000] {logging_mixin.py:149} INFO - [2023-05-14T15:50:09.682+0000] {dag.py:3490} INFO - Setting next_dagrun for example_external_task_marker_child to None, run_after=None
[2023-05-14T15:50:09.696+0000] {logging_mixin.py:149} INFO - [2023-05-14T15:50:09.695+0000] {dag.py:3490} INFO - Setting next_dagrun for example_external_task_marker_parent to None, run_after=None
[2023-05-14T15:50:09.740+0000] {processor.py:178} INFO - Processing /home/airflow/.local/lib/python3.7/site-packages/airflow/example_dags/example_external_task_marker_dag.py took 0.332 seconds
[2023-05-14T15:50:40.706+0000] {processor.py:156} INFO - Started process (PID=594) to work on /home/airflow/.local/lib/python3.7/site-packages/airflow/example_dags/example_external_task_marker_dag.py
[2023-05-14T15:50:40.710+0000] {processor.py:799} INFO - Processing file /home/airflow/.local/lib/python3.7/site-packages/airflow/example_dags/example_external_task_marker_dag.py for tasks to queue
[2023-05-14T15:50:40.713+0000] {logging_mixin.py:149} INFO - [2023-05-14T15:50:40.713+0000] {dagbag.py:541} INFO - Filling up the DagBag from /home/airflow/.local/lib/python3.7/site-packages/airflow/example_dags/example_external_task_marker_dag.py
[2023-05-14T15:50:40.726+0000] {processor.py:809} INFO - DAG(s) dict_keys(['example_external_task_marker_parent', 'example_external_task_marker_child']) retrieved from /home/airflow/.local/lib/python3.7/site-packages/airflow/example_dags/example_external_task_marker_dag.py
[2023-05-14T15:50:40.778+0000] {logging_mixin.py:149} INFO - [2023-05-14T15:50:40.777+0000] {dag.py:2726} INFO - Sync 2 DAGs
[2023-05-14T15:50:40.822+0000] {logging_mixin.py:149} INFO - [2023-05-14T15:50:40.822+0000] {dag.py:3490} INFO - Setting next_dagrun for example_external_task_marker_child to None, run_after=None
[2023-05-14T15:50:40.830+0000] {logging_mixin.py:149} INFO - [2023-05-14T15:50:40.829+0000] {dag.py:3490} INFO - Setting next_dagrun for example_external_task_marker_parent to None, run_after=None
[2023-05-14T15:50:40.865+0000] {processor.py:178} INFO - Processing /home/airflow/.local/lib/python3.7/site-packages/airflow/example_dags/example_external_task_marker_dag.py took 0.165 seconds
[2023-05-14T15:51:11.420+0000] {processor.py:156} INFO - Started process (PID=660) to work on /home/airflow/.local/lib/python3.7/site-packages/airflow/example_dags/example_external_task_marker_dag.py
[2023-05-14T15:51:11.424+0000] {processor.py:799} INFO - Processing file /home/airflow/.local/lib/python3.7/site-packages/airflow/example_dags/example_external_task_marker_dag.py for tasks to queue
[2023-05-14T15:51:11.427+0000] {logging_mixin.py:149} INFO - [2023-05-14T15:51:11.427+0000] {dagbag.py:541} INFO - Filling up the DagBag from /home/airflow/.local/lib/python3.7/site-packages/airflow/example_dags/example_external_task_marker_dag.py
[2023-05-14T15:51:11.448+0000] {processor.py:809} INFO - DAG(s) dict_keys(['example_external_task_marker_child', 'example_external_task_marker_parent']) retrieved from /home/airflow/.local/lib/python3.7/site-packages/airflow/example_dags/example_external_task_marker_dag.py
[2023-05-14T15:51:11.512+0000] {logging_mixin.py:149} INFO - [2023-05-14T15:51:11.511+0000] {dag.py:2726} INFO - Sync 2 DAGs
[2023-05-14T15:51:11.571+0000] {logging_mixin.py:149} INFO - [2023-05-14T15:51:11.571+0000] {dag.py:3490} INFO - Setting next_dagrun for example_external_task_marker_child to None, run_after=None
[2023-05-14T15:51:11.581+0000] {logging_mixin.py:149} INFO - [2023-05-14T15:51:11.580+0000] {dag.py:3490} INFO - Setting next_dagrun for example_external_task_marker_parent to None, run_after=None
[2023-05-14T15:51:11.617+0000] {processor.py:178} INFO - Processing /home/airflow/.local/lib/python3.7/site-packages/airflow/example_dags/example_external_task_marker_dag.py took 0.204 seconds
