[2023-05-14T15:44:09.785+0000] {processor.py:156} INFO - Started process (PID=63) to work on /home/airflow/.local/lib/python3.7/site-packages/airflow/example_dags/example_skip_dag.py
[2023-05-14T15:44:09.789+0000] {processor.py:799} INFO - Processing file /home/airflow/.local/lib/python3.7/site-packages/airflow/example_dags/example_skip_dag.py for tasks to queue
[2023-05-14T15:44:09.793+0000] {logging_mixin.py:149} INFO - [2023-05-14T15:44:09.792+0000] {dagbag.py:541} INFO - Filling up the DagBag from /home/airflow/.local/lib/python3.7/site-packages/airflow/example_dags/example_skip_dag.py
[2023-05-14T15:44:09.816+0000] {processor.py:809} INFO - DAG(s) dict_keys(['example_skip_dag']) retrieved from /home/airflow/.local/lib/python3.7/site-packages/airflow/example_dags/example_skip_dag.py
[2023-05-14T15:44:10.097+0000] {logging_mixin.py:149} INFO - [2023-05-14T15:44:10.097+0000] {manager.py:504} INFO - Created Permission View: can read on DAG:example_skip_dag
[2023-05-14T15:44:10.122+0000] {logging_mixin.py:149} INFO - [2023-05-14T15:44:10.122+0000] {manager.py:504} INFO - Created Permission View: can delete on DAG:example_skip_dag
[2023-05-14T15:44:10.141+0000] {logging_mixin.py:149} INFO - [2023-05-14T15:44:10.141+0000] {manager.py:504} INFO - Created Permission View: can edit on DAG:example_skip_dag
[2023-05-14T15:44:10.143+0000] {logging_mixin.py:149} INFO - [2023-05-14T15:44:10.143+0000] {dag.py:2726} INFO - Sync 1 DAGs
[2023-05-14T15:44:10.176+0000] {logging_mixin.py:149} INFO - [2023-05-14T15:44:10.175+0000] {dag.py:2747} INFO - Creating ORM DAG for example_skip_dag
[2023-05-14T15:44:10.208+0000] {logging_mixin.py:149} INFO - [2023-05-14T15:44:10.208+0000] {dag.py:3490} INFO - Setting next_dagrun for example_skip_dag to 2023-05-13T15:44:10.208207+00:00, run_after=2023-05-14T15:44:10.208207+00:00
[2023-05-14T15:44:10.257+0000] {processor.py:178} INFO - Processing /home/airflow/.local/lib/python3.7/site-packages/airflow/example_dags/example_skip_dag.py took 0.480 seconds
[2023-05-14T15:46:21.245+0000] {processor.py:156} INFO - Started process (PID=57) to work on /home/airflow/.local/lib/python3.7/site-packages/airflow/example_dags/example_skip_dag.py
[2023-05-14T15:46:21.248+0000] {processor.py:799} INFO - Processing file /home/airflow/.local/lib/python3.7/site-packages/airflow/example_dags/example_skip_dag.py for tasks to queue
[2023-05-14T15:46:21.251+0000] {logging_mixin.py:149} INFO - [2023-05-14T15:46:21.251+0000] {dagbag.py:541} INFO - Filling up the DagBag from /home/airflow/.local/lib/python3.7/site-packages/airflow/example_dags/example_skip_dag.py
[2023-05-14T15:46:21.271+0000] {processor.py:809} INFO - DAG(s) dict_keys(['example_skip_dag']) retrieved from /home/airflow/.local/lib/python3.7/site-packages/airflow/example_dags/example_skip_dag.py
[2023-05-14T15:46:21.299+0000] {logging_mixin.py:149} INFO - [2023-05-14T15:46:21.299+0000] {dag.py:2726} INFO - Sync 1 DAGs
[2023-05-14T15:46:21.353+0000] {logging_mixin.py:149} INFO - [2023-05-14T15:46:21.353+0000] {dag.py:3490} INFO - Setting next_dagrun for example_skip_dag to 2023-05-13T15:46:21.352908+00:00, run_after=2023-05-14T15:46:21.352908+00:00
[2023-05-14T15:46:21.392+0000] {processor.py:178} INFO - Processing /home/airflow/.local/lib/python3.7/site-packages/airflow/example_dags/example_skip_dag.py took 0.154 seconds
[2023-05-14T15:46:52.618+0000] {processor.py:156} INFO - Started process (PID=122) to work on /home/airflow/.local/lib/python3.7/site-packages/airflow/example_dags/example_skip_dag.py
[2023-05-14T15:46:52.626+0000] {processor.py:799} INFO - Processing file /home/airflow/.local/lib/python3.7/site-packages/airflow/example_dags/example_skip_dag.py for tasks to queue
[2023-05-14T15:46:52.628+0000] {logging_mixin.py:149} INFO - [2023-05-14T15:46:52.628+0000] {dagbag.py:541} INFO - Filling up the DagBag from /home/airflow/.local/lib/python3.7/site-packages/airflow/example_dags/example_skip_dag.py
[2023-05-14T15:46:52.643+0000] {processor.py:809} INFO - DAG(s) dict_keys(['example_skip_dag']) retrieved from /home/airflow/.local/lib/python3.7/site-packages/airflow/example_dags/example_skip_dag.py
[2023-05-14T15:46:52.693+0000] {logging_mixin.py:149} INFO - [2023-05-14T15:46:52.693+0000] {dag.py:2726} INFO - Sync 1 DAGs
[2023-05-14T15:46:52.752+0000] {logging_mixin.py:149} INFO - [2023-05-14T15:46:52.752+0000] {dag.py:3490} INFO - Setting next_dagrun for example_skip_dag to 2023-05-13T15:46:52.752360+00:00, run_after=2023-05-14T15:46:52.752360+00:00
[2023-05-14T15:46:52.796+0000] {processor.py:178} INFO - Processing /home/airflow/.local/lib/python3.7/site-packages/airflow/example_dags/example_skip_dag.py took 0.183 seconds
[2023-05-14T15:47:35.995+0000] {processor.py:156} INFO - Started process (PID=200) to work on /home/airflow/.local/lib/python3.7/site-packages/airflow/example_dags/example_skip_dag.py
[2023-05-14T15:47:35.999+0000] {processor.py:799} INFO - Processing file /home/airflow/.local/lib/python3.7/site-packages/airflow/example_dags/example_skip_dag.py for tasks to queue
[2023-05-14T15:47:36.004+0000] {logging_mixin.py:149} INFO - [2023-05-14T15:47:36.004+0000] {dagbag.py:541} INFO - Filling up the DagBag from /home/airflow/.local/lib/python3.7/site-packages/airflow/example_dags/example_skip_dag.py
[2023-05-14T15:47:36.042+0000] {processor.py:809} INFO - DAG(s) dict_keys(['example_skip_dag']) retrieved from /home/airflow/.local/lib/python3.7/site-packages/airflow/example_dags/example_skip_dag.py
[2023-05-14T15:47:36.134+0000] {logging_mixin.py:149} INFO - [2023-05-14T15:47:36.133+0000] {dag.py:2726} INFO - Sync 1 DAGs
[2023-05-14T15:47:36.246+0000] {logging_mixin.py:149} INFO - [2023-05-14T15:47:36.245+0000] {dag.py:3490} INFO - Setting next_dagrun for example_skip_dag to 2023-05-13T15:47:36.245045+00:00, run_after=2023-05-14T15:47:36.245045+00:00
[2023-05-14T15:47:36.343+0000] {processor.py:178} INFO - Processing /home/airflow/.local/lib/python3.7/site-packages/airflow/example_dags/example_skip_dag.py took 0.367 seconds
[2023-05-14T15:48:06.622+0000] {processor.py:156} INFO - Started process (PID=266) to work on /home/airflow/.local/lib/python3.7/site-packages/airflow/example_dags/example_skip_dag.py
[2023-05-14T15:48:06.625+0000] {processor.py:799} INFO - Processing file /home/airflow/.local/lib/python3.7/site-packages/airflow/example_dags/example_skip_dag.py for tasks to queue
[2023-05-14T15:48:06.629+0000] {logging_mixin.py:149} INFO - [2023-05-14T15:48:06.629+0000] {dagbag.py:541} INFO - Filling up the DagBag from /home/airflow/.local/lib/python3.7/site-packages/airflow/example_dags/example_skip_dag.py
[2023-05-14T15:48:06.645+0000] {processor.py:809} INFO - DAG(s) dict_keys(['example_skip_dag']) retrieved from /home/airflow/.local/lib/python3.7/site-packages/airflow/example_dags/example_skip_dag.py
[2023-05-14T15:48:06.685+0000] {logging_mixin.py:149} INFO - [2023-05-14T15:48:06.684+0000] {dag.py:2726} INFO - Sync 1 DAGs
[2023-05-14T15:48:06.722+0000] {logging_mixin.py:149} INFO - [2023-05-14T15:48:06.722+0000] {dag.py:3490} INFO - Setting next_dagrun for example_skip_dag to 2023-05-13T15:48:06.721753+00:00, run_after=2023-05-14T15:48:06.721753+00:00
[2023-05-14T15:48:06.761+0000] {processor.py:178} INFO - Processing /home/airflow/.local/lib/python3.7/site-packages/airflow/example_dags/example_skip_dag.py took 0.145 seconds
[2023-05-14T15:48:37.840+0000] {processor.py:156} INFO - Started process (PID=332) to work on /home/airflow/.local/lib/python3.7/site-packages/airflow/example_dags/example_skip_dag.py
[2023-05-14T15:48:37.847+0000] {processor.py:799} INFO - Processing file /home/airflow/.local/lib/python3.7/site-packages/airflow/example_dags/example_skip_dag.py for tasks to queue
[2023-05-14T15:48:37.850+0000] {logging_mixin.py:149} INFO - [2023-05-14T15:48:37.850+0000] {dagbag.py:541} INFO - Filling up the DagBag from /home/airflow/.local/lib/python3.7/site-packages/airflow/example_dags/example_skip_dag.py
[2023-05-14T15:48:37.869+0000] {processor.py:809} INFO - DAG(s) dict_keys(['example_skip_dag']) retrieved from /home/airflow/.local/lib/python3.7/site-packages/airflow/example_dags/example_skip_dag.py
[2023-05-14T15:48:37.921+0000] {logging_mixin.py:149} INFO - [2023-05-14T15:48:37.921+0000] {dag.py:2726} INFO - Sync 1 DAGs
[2023-05-14T15:48:38.003+0000] {logging_mixin.py:149} INFO - [2023-05-14T15:48:38.003+0000] {dag.py:3490} INFO - Setting next_dagrun for example_skip_dag to 2023-05-13T15:48:38.002604+00:00, run_after=2023-05-14T15:48:38.002604+00:00
[2023-05-14T15:48:38.084+0000] {processor.py:178} INFO - Processing /home/airflow/.local/lib/python3.7/site-packages/airflow/example_dags/example_skip_dag.py took 0.250 seconds
[2023-05-14T15:49:08.209+0000] {processor.py:156} INFO - Started process (PID=397) to work on /home/airflow/.local/lib/python3.7/site-packages/airflow/example_dags/example_skip_dag.py
[2023-05-14T15:49:08.214+0000] {processor.py:799} INFO - Processing file /home/airflow/.local/lib/python3.7/site-packages/airflow/example_dags/example_skip_dag.py for tasks to queue
[2023-05-14T15:49:08.218+0000] {logging_mixin.py:149} INFO - [2023-05-14T15:49:08.217+0000] {dagbag.py:541} INFO - Filling up the DagBag from /home/airflow/.local/lib/python3.7/site-packages/airflow/example_dags/example_skip_dag.py
[2023-05-14T15:49:08.249+0000] {processor.py:809} INFO - DAG(s) dict_keys(['example_skip_dag']) retrieved from /home/airflow/.local/lib/python3.7/site-packages/airflow/example_dags/example_skip_dag.py
[2023-05-14T15:49:08.319+0000] {logging_mixin.py:149} INFO - [2023-05-14T15:49:08.318+0000] {dag.py:2726} INFO - Sync 1 DAGs
[2023-05-14T15:49:08.414+0000] {logging_mixin.py:149} INFO - [2023-05-14T15:49:08.413+0000] {dag.py:3490} INFO - Setting next_dagrun for example_skip_dag to 2023-05-13T15:49:08.413229+00:00, run_after=2023-05-14T15:49:08.413229+00:00
[2023-05-14T15:49:08.468+0000] {processor.py:178} INFO - Processing /home/airflow/.local/lib/python3.7/site-packages/airflow/example_dags/example_skip_dag.py took 0.270 seconds
[2023-05-14T15:49:38.990+0000] {processor.py:156} INFO - Started process (PID=463) to work on /home/airflow/.local/lib/python3.7/site-packages/airflow/example_dags/example_skip_dag.py
[2023-05-14T15:49:38.993+0000] {processor.py:799} INFO - Processing file /home/airflow/.local/lib/python3.7/site-packages/airflow/example_dags/example_skip_dag.py for tasks to queue
[2023-05-14T15:49:38.996+0000] {logging_mixin.py:149} INFO - [2023-05-14T15:49:38.995+0000] {dagbag.py:541} INFO - Filling up the DagBag from /home/airflow/.local/lib/python3.7/site-packages/airflow/example_dags/example_skip_dag.py
[2023-05-14T15:49:39.015+0000] {processor.py:809} INFO - DAG(s) dict_keys(['example_skip_dag']) retrieved from /home/airflow/.local/lib/python3.7/site-packages/airflow/example_dags/example_skip_dag.py
[2023-05-14T15:49:39.092+0000] {logging_mixin.py:149} INFO - [2023-05-14T15:49:39.091+0000] {dag.py:2726} INFO - Sync 1 DAGs
[2023-05-14T15:49:39.173+0000] {logging_mixin.py:149} INFO - [2023-05-14T15:49:39.173+0000] {dag.py:3490} INFO - Setting next_dagrun for example_skip_dag to 2023-05-13T15:49:39.172761+00:00, run_after=2023-05-14T15:49:39.172761+00:00
[2023-05-14T15:49:39.233+0000] {processor.py:178} INFO - Processing /home/airflow/.local/lib/python3.7/site-packages/airflow/example_dags/example_skip_dag.py took 0.253 seconds
[2023-05-14T15:50:10.302+0000] {processor.py:156} INFO - Started process (PID=528) to work on /home/airflow/.local/lib/python3.7/site-packages/airflow/example_dags/example_skip_dag.py
[2023-05-14T15:50:10.308+0000] {processor.py:799} INFO - Processing file /home/airflow/.local/lib/python3.7/site-packages/airflow/example_dags/example_skip_dag.py for tasks to queue
[2023-05-14T15:50:10.313+0000] {logging_mixin.py:149} INFO - [2023-05-14T15:50:10.312+0000] {dagbag.py:541} INFO - Filling up the DagBag from /home/airflow/.local/lib/python3.7/site-packages/airflow/example_dags/example_skip_dag.py
[2023-05-14T15:50:10.343+0000] {processor.py:809} INFO - DAG(s) dict_keys(['example_skip_dag']) retrieved from /home/airflow/.local/lib/python3.7/site-packages/airflow/example_dags/example_skip_dag.py
[2023-05-14T15:50:10.423+0000] {logging_mixin.py:149} INFO - [2023-05-14T15:50:10.423+0000] {dag.py:2726} INFO - Sync 1 DAGs
[2023-05-14T15:50:10.499+0000] {logging_mixin.py:149} INFO - [2023-05-14T15:50:10.499+0000] {dag.py:3490} INFO - Setting next_dagrun for example_skip_dag to 2023-05-13T15:50:10.499109+00:00, run_after=2023-05-14T15:50:10.499109+00:00
[2023-05-14T15:50:10.576+0000] {processor.py:178} INFO - Processing /home/airflow/.local/lib/python3.7/site-packages/airflow/example_dags/example_skip_dag.py took 0.282 seconds
[2023-05-14T15:50:41.110+0000] {processor.py:156} INFO - Started process (PID=598) to work on /home/airflow/.local/lib/python3.7/site-packages/airflow/example_dags/example_skip_dag.py
[2023-05-14T15:50:41.113+0000] {processor.py:799} INFO - Processing file /home/airflow/.local/lib/python3.7/site-packages/airflow/example_dags/example_skip_dag.py for tasks to queue
[2023-05-14T15:50:41.115+0000] {logging_mixin.py:149} INFO - [2023-05-14T15:50:41.115+0000] {dagbag.py:541} INFO - Filling up the DagBag from /home/airflow/.local/lib/python3.7/site-packages/airflow/example_dags/example_skip_dag.py
[2023-05-14T15:50:41.130+0000] {processor.py:809} INFO - DAG(s) dict_keys(['example_skip_dag']) retrieved from /home/airflow/.local/lib/python3.7/site-packages/airflow/example_dags/example_skip_dag.py
[2023-05-14T15:50:41.172+0000] {logging_mixin.py:149} INFO - [2023-05-14T15:50:41.172+0000] {dag.py:2726} INFO - Sync 1 DAGs
[2023-05-14T15:50:41.223+0000] {logging_mixin.py:149} INFO - [2023-05-14T15:50:41.223+0000] {dag.py:3490} INFO - Setting next_dagrun for example_skip_dag to 2023-05-13T15:50:41.222400+00:00, run_after=2023-05-14T15:50:41.222400+00:00
[2023-05-14T15:50:41.270+0000] {processor.py:178} INFO - Processing /home/airflow/.local/lib/python3.7/site-packages/airflow/example_dags/example_skip_dag.py took 0.166 seconds
[2023-05-14T15:51:11.927+0000] {processor.py:156} INFO - Started process (PID=664) to work on /home/airflow/.local/lib/python3.7/site-packages/airflow/example_dags/example_skip_dag.py
[2023-05-14T15:51:11.932+0000] {processor.py:799} INFO - Processing file /home/airflow/.local/lib/python3.7/site-packages/airflow/example_dags/example_skip_dag.py for tasks to queue
[2023-05-14T15:51:11.935+0000] {logging_mixin.py:149} INFO - [2023-05-14T15:51:11.935+0000] {dagbag.py:541} INFO - Filling up the DagBag from /home/airflow/.local/lib/python3.7/site-packages/airflow/example_dags/example_skip_dag.py
[2023-05-14T15:51:11.956+0000] {processor.py:809} INFO - DAG(s) dict_keys(['example_skip_dag']) retrieved from /home/airflow/.local/lib/python3.7/site-packages/airflow/example_dags/example_skip_dag.py
[2023-05-14T15:51:12.000+0000] {logging_mixin.py:149} INFO - [2023-05-14T15:51:12.000+0000] {dag.py:2726} INFO - Sync 1 DAGs
[2023-05-14T15:51:12.039+0000] {logging_mixin.py:149} INFO - [2023-05-14T15:51:12.039+0000] {dag.py:3490} INFO - Setting next_dagrun for example_skip_dag to 2023-05-13T15:51:12.039233+00:00, run_after=2023-05-14T15:51:12.039233+00:00
[2023-05-14T15:51:12.076+0000] {processor.py:178} INFO - Processing /home/airflow/.local/lib/python3.7/site-packages/airflow/example_dags/example_skip_dag.py took 0.157 seconds
