[2023-05-14T15:44:06.850+0000] {processor.py:156} INFO - Started process (PID=52) to work on /home/airflow/.local/lib/python3.7/site-packages/airflow/example_dags/example_xcomargs.py
[2023-05-14T15:44:06.853+0000] {processor.py:799} INFO - Processing file /home/airflow/.local/lib/python3.7/site-packages/airflow/example_dags/example_xcomargs.py for tasks to queue
[2023-05-14T15:44:06.856+0000] {logging_mixin.py:149} INFO - [2023-05-14T15:44:06.856+0000] {dagbag.py:541} INFO - Filling up the DagBag from /home/airflow/.local/lib/python3.7/site-packages/airflow/example_dags/example_xcomargs.py
[2023-05-14T15:44:06.881+0000] {processor.py:809} INFO - DAG(s) dict_keys(['example_xcom_args', 'example_xcom_args_with_operators']) retrieved from /home/airflow/.local/lib/python3.7/site-packages/airflow/example_dags/example_xcomargs.py
[2023-05-14T15:44:07.126+0000] {logging_mixin.py:149} INFO - [2023-05-14T15:44:07.126+0000] {manager.py:504} INFO - Created Permission View: can read on DAG:example_xcom_args
[2023-05-14T15:44:07.163+0000] {logging_mixin.py:149} INFO - [2023-05-14T15:44:07.163+0000] {manager.py:504} INFO - Created Permission View: can delete on DAG:example_xcom_args
[2023-05-14T15:44:07.186+0000] {logging_mixin.py:149} INFO - [2023-05-14T15:44:07.185+0000] {manager.py:504} INFO - Created Permission View: can edit on DAG:example_xcom_args
[2023-05-14T15:44:07.229+0000] {logging_mixin.py:149} INFO - [2023-05-14T15:44:07.229+0000] {manager.py:504} INFO - Created Permission View: can read on DAG:example_xcom_args_with_operators
[2023-05-14T15:44:07.252+0000] {logging_mixin.py:149} INFO - [2023-05-14T15:44:07.252+0000] {manager.py:504} INFO - Created Permission View: can delete on DAG:example_xcom_args_with_operators
[2023-05-14T15:44:07.270+0000] {logging_mixin.py:149} INFO - [2023-05-14T15:44:07.270+0000] {manager.py:504} INFO - Created Permission View: can edit on DAG:example_xcom_args_with_operators
[2023-05-14T15:44:07.273+0000] {logging_mixin.py:149} INFO - [2023-05-14T15:44:07.273+0000] {dag.py:2726} INFO - Sync 2 DAGs
[2023-05-14T15:44:07.311+0000] {logging_mixin.py:149} INFO - [2023-05-14T15:44:07.311+0000] {dag.py:2747} INFO - Creating ORM DAG for example_xcom_args
[2023-05-14T15:44:07.315+0000] {logging_mixin.py:149} INFO - [2023-05-14T15:44:07.315+0000] {dag.py:2747} INFO - Creating ORM DAG for example_xcom_args_with_operators
[2023-05-14T15:44:07.342+0000] {logging_mixin.py:149} INFO - [2023-05-14T15:44:07.342+0000] {dag.py:3490} INFO - Setting next_dagrun for example_xcom_args to None, run_after=None
[2023-05-14T15:44:07.345+0000] {logging_mixin.py:149} INFO - [2023-05-14T15:44:07.345+0000] {dag.py:3490} INFO - Setting next_dagrun for example_xcom_args_with_operators to None, run_after=None
[2023-05-14T15:44:07.385+0000] {processor.py:178} INFO - Processing /home/airflow/.local/lib/python3.7/site-packages/airflow/example_dags/example_xcomargs.py took 0.543 seconds
[2023-05-14T15:46:20.117+0000] {processor.py:156} INFO - Started process (PID=46) to work on /home/airflow/.local/lib/python3.7/site-packages/airflow/example_dags/example_xcomargs.py
[2023-05-14T15:46:20.121+0000] {processor.py:799} INFO - Processing file /home/airflow/.local/lib/python3.7/site-packages/airflow/example_dags/example_xcomargs.py for tasks to queue
[2023-05-14T15:46:20.124+0000] {logging_mixin.py:149} INFO - [2023-05-14T15:46:20.124+0000] {dagbag.py:541} INFO - Filling up the DagBag from /home/airflow/.local/lib/python3.7/site-packages/airflow/example_dags/example_xcomargs.py
[2023-05-14T15:46:20.147+0000] {processor.py:809} INFO - DAG(s) dict_keys(['example_xcom_args_with_operators', 'example_xcom_args']) retrieved from /home/airflow/.local/lib/python3.7/site-packages/airflow/example_dags/example_xcomargs.py
[2023-05-14T15:46:20.175+0000] {logging_mixin.py:149} INFO - [2023-05-14T15:46:20.175+0000] {dag.py:2726} INFO - Sync 2 DAGs
[2023-05-14T15:46:20.221+0000] {logging_mixin.py:149} INFO - [2023-05-14T15:46:20.221+0000] {dag.py:3490} INFO - Setting next_dagrun for example_xcom_args to None, run_after=None
[2023-05-14T15:46:20.230+0000] {logging_mixin.py:149} INFO - [2023-05-14T15:46:20.230+0000] {dag.py:3490} INFO - Setting next_dagrun for example_xcom_args_with_operators to None, run_after=None
[2023-05-14T15:46:20.268+0000] {processor.py:178} INFO - Processing /home/airflow/.local/lib/python3.7/site-packages/airflow/example_dags/example_xcomargs.py took 0.158 seconds
[2023-05-14T15:46:51.339+0000] {processor.py:156} INFO - Started process (PID=111) to work on /home/airflow/.local/lib/python3.7/site-packages/airflow/example_dags/example_xcomargs.py
[2023-05-14T15:46:51.342+0000] {processor.py:799} INFO - Processing file /home/airflow/.local/lib/python3.7/site-packages/airflow/example_dags/example_xcomargs.py for tasks to queue
[2023-05-14T15:46:51.345+0000] {logging_mixin.py:149} INFO - [2023-05-14T15:46:51.345+0000] {dagbag.py:541} INFO - Filling up the DagBag from /home/airflow/.local/lib/python3.7/site-packages/airflow/example_dags/example_xcomargs.py
[2023-05-14T15:46:51.361+0000] {processor.py:809} INFO - DAG(s) dict_keys(['example_xcom_args', 'example_xcom_args_with_operators']) retrieved from /home/airflow/.local/lib/python3.7/site-packages/airflow/example_dags/example_xcomargs.py
[2023-05-14T15:46:51.407+0000] {logging_mixin.py:149} INFO - [2023-05-14T15:46:51.407+0000] {dag.py:2726} INFO - Sync 2 DAGs
[2023-05-14T15:46:51.442+0000] {logging_mixin.py:149} INFO - [2023-05-14T15:46:51.442+0000] {dag.py:3490} INFO - Setting next_dagrun for example_xcom_args to None, run_after=None
[2023-05-14T15:46:51.449+0000] {logging_mixin.py:149} INFO - [2023-05-14T15:46:51.449+0000] {dag.py:3490} INFO - Setting next_dagrun for example_xcom_args_with_operators to None, run_after=None
[2023-05-14T15:46:51.479+0000] {processor.py:178} INFO - Processing /home/airflow/.local/lib/python3.7/site-packages/airflow/example_dags/example_xcomargs.py took 0.146 seconds
[2023-05-14T15:47:29.475+0000] {processor.py:156} INFO - Started process (PID=181) to work on /home/airflow/.local/lib/python3.7/site-packages/airflow/example_dags/example_xcomargs.py
[2023-05-14T15:47:29.479+0000] {processor.py:799} INFO - Processing file /home/airflow/.local/lib/python3.7/site-packages/airflow/example_dags/example_xcomargs.py for tasks to queue
[2023-05-14T15:47:29.486+0000] {logging_mixin.py:149} INFO - [2023-05-14T15:47:29.485+0000] {dagbag.py:541} INFO - Filling up the DagBag from /home/airflow/.local/lib/python3.7/site-packages/airflow/example_dags/example_xcomargs.py
[2023-05-14T15:47:29.513+0000] {processor.py:809} INFO - DAG(s) dict_keys(['example_xcom_args', 'example_xcom_args_with_operators']) retrieved from /home/airflow/.local/lib/python3.7/site-packages/airflow/example_dags/example_xcomargs.py
[2023-05-14T15:47:30.095+0000] {logging_mixin.py:149} INFO - [2023-05-14T15:47:30.094+0000] {dag.py:2726} INFO - Sync 2 DAGs
[2023-05-14T15:47:30.392+0000] {logging_mixin.py:149} INFO - [2023-05-14T15:47:30.392+0000] {dag.py:3490} INFO - Setting next_dagrun for example_xcom_args to None, run_after=None
[2023-05-14T15:47:30.532+0000] {logging_mixin.py:149} INFO - [2023-05-14T15:47:30.532+0000] {dag.py:3490} INFO - Setting next_dagrun for example_xcom_args_with_operators to None, run_after=None
[2023-05-14T15:47:30.702+0000] {processor.py:178} INFO - Processing /home/airflow/.local/lib/python3.7/site-packages/airflow/example_dags/example_xcomargs.py took 1.250 seconds
[2023-05-14T15:48:01.430+0000] {processor.py:156} INFO - Started process (PID=247) to work on /home/airflow/.local/lib/python3.7/site-packages/airflow/example_dags/example_xcomargs.py
[2023-05-14T15:48:01.435+0000] {processor.py:799} INFO - Processing file /home/airflow/.local/lib/python3.7/site-packages/airflow/example_dags/example_xcomargs.py for tasks to queue
[2023-05-14T15:48:01.438+0000] {logging_mixin.py:149} INFO - [2023-05-14T15:48:01.437+0000] {dagbag.py:541} INFO - Filling up the DagBag from /home/airflow/.local/lib/python3.7/site-packages/airflow/example_dags/example_xcomargs.py
[2023-05-14T15:48:01.464+0000] {processor.py:809} INFO - DAG(s) dict_keys(['example_xcom_args_with_operators', 'example_xcom_args']) retrieved from /home/airflow/.local/lib/python3.7/site-packages/airflow/example_dags/example_xcomargs.py
[2023-05-14T15:48:01.565+0000] {logging_mixin.py:149} INFO - [2023-05-14T15:48:01.564+0000] {dag.py:2726} INFO - Sync 2 DAGs
[2023-05-14T15:48:01.624+0000] {logging_mixin.py:149} INFO - [2023-05-14T15:48:01.624+0000] {dag.py:3490} INFO - Setting next_dagrun for example_xcom_args to None, run_after=None
[2023-05-14T15:48:01.636+0000] {logging_mixin.py:149} INFO - [2023-05-14T15:48:01.636+0000] {dag.py:3490} INFO - Setting next_dagrun for example_xcom_args_with_operators to None, run_after=None
[2023-05-14T15:48:01.694+0000] {processor.py:178} INFO - Processing /home/airflow/.local/lib/python3.7/site-packages/airflow/example_dags/example_xcomargs.py took 0.271 seconds
[2023-05-14T15:48:31.992+0000] {processor.py:156} INFO - Started process (PID=313) to work on /home/airflow/.local/lib/python3.7/site-packages/airflow/example_dags/example_xcomargs.py
[2023-05-14T15:48:31.997+0000] {processor.py:799} INFO - Processing file /home/airflow/.local/lib/python3.7/site-packages/airflow/example_dags/example_xcomargs.py for tasks to queue
[2023-05-14T15:48:32.001+0000] {logging_mixin.py:149} INFO - [2023-05-14T15:48:32.000+0000] {dagbag.py:541} INFO - Filling up the DagBag from /home/airflow/.local/lib/python3.7/site-packages/airflow/example_dags/example_xcomargs.py
[2023-05-14T15:48:32.023+0000] {processor.py:809} INFO - DAG(s) dict_keys(['example_xcom_args_with_operators', 'example_xcom_args']) retrieved from /home/airflow/.local/lib/python3.7/site-packages/airflow/example_dags/example_xcomargs.py
[2023-05-14T15:48:32.112+0000] {logging_mixin.py:149} INFO - [2023-05-14T15:48:32.112+0000] {dag.py:2726} INFO - Sync 2 DAGs
[2023-05-14T15:48:32.199+0000] {logging_mixin.py:149} INFO - [2023-05-14T15:48:32.199+0000] {dag.py:3490} INFO - Setting next_dagrun for example_xcom_args to None, run_after=None
[2023-05-14T15:48:32.221+0000] {logging_mixin.py:149} INFO - [2023-05-14T15:48:32.220+0000] {dag.py:3490} INFO - Setting next_dagrun for example_xcom_args_with_operators to None, run_after=None
[2023-05-14T15:48:32.260+0000] {processor.py:178} INFO - Processing /home/airflow/.local/lib/python3.7/site-packages/airflow/example_dags/example_xcomargs.py took 0.279 seconds
[2023-05-14T15:49:02.459+0000] {processor.py:156} INFO - Started process (PID=379) to work on /home/airflow/.local/lib/python3.7/site-packages/airflow/example_dags/example_xcomargs.py
[2023-05-14T15:49:02.471+0000] {processor.py:799} INFO - Processing file /home/airflow/.local/lib/python3.7/site-packages/airflow/example_dags/example_xcomargs.py for tasks to queue
[2023-05-14T15:49:02.474+0000] {logging_mixin.py:149} INFO - [2023-05-14T15:49:02.474+0000] {dagbag.py:541} INFO - Filling up the DagBag from /home/airflow/.local/lib/python3.7/site-packages/airflow/example_dags/example_xcomargs.py
[2023-05-14T15:49:02.502+0000] {processor.py:809} INFO - DAG(s) dict_keys(['example_xcom_args_with_operators', 'example_xcom_args']) retrieved from /home/airflow/.local/lib/python3.7/site-packages/airflow/example_dags/example_xcomargs.py
[2023-05-14T15:49:02.613+0000] {logging_mixin.py:149} INFO - [2023-05-14T15:49:02.610+0000] {dag.py:2726} INFO - Sync 2 DAGs
[2023-05-14T15:49:02.758+0000] {logging_mixin.py:149} INFO - [2023-05-14T15:49:02.758+0000] {dag.py:3490} INFO - Setting next_dagrun for example_xcom_args to None, run_after=None
[2023-05-14T15:49:02.824+0000] {logging_mixin.py:149} INFO - [2023-05-14T15:49:02.823+0000] {dag.py:3490} INFO - Setting next_dagrun for example_xcom_args_with_operators to None, run_after=None
[2023-05-14T15:49:02.918+0000] {processor.py:178} INFO - Processing /home/airflow/.local/lib/python3.7/site-packages/airflow/example_dags/example_xcomargs.py took 0.468 seconds
[2023-05-14T15:49:33.094+0000] {processor.py:156} INFO - Started process (PID=445) to work on /home/airflow/.local/lib/python3.7/site-packages/airflow/example_dags/example_xcomargs.py
[2023-05-14T15:49:33.099+0000] {processor.py:799} INFO - Processing file /home/airflow/.local/lib/python3.7/site-packages/airflow/example_dags/example_xcomargs.py for tasks to queue
[2023-05-14T15:49:33.105+0000] {logging_mixin.py:149} INFO - [2023-05-14T15:49:33.104+0000] {dagbag.py:541} INFO - Filling up the DagBag from /home/airflow/.local/lib/python3.7/site-packages/airflow/example_dags/example_xcomargs.py
[2023-05-14T15:49:33.129+0000] {processor.py:809} INFO - DAG(s) dict_keys(['example_xcom_args_with_operators', 'example_xcom_args']) retrieved from /home/airflow/.local/lib/python3.7/site-packages/airflow/example_dags/example_xcomargs.py
[2023-05-14T15:49:33.208+0000] {logging_mixin.py:149} INFO - [2023-05-14T15:49:33.208+0000] {dag.py:2726} INFO - Sync 2 DAGs
[2023-05-14T15:49:33.268+0000] {logging_mixin.py:149} INFO - [2023-05-14T15:49:33.268+0000] {dag.py:3490} INFO - Setting next_dagrun for example_xcom_args to None, run_after=None
[2023-05-14T15:49:33.278+0000] {logging_mixin.py:149} INFO - [2023-05-14T15:49:33.277+0000] {dag.py:3490} INFO - Setting next_dagrun for example_xcom_args_with_operators to None, run_after=None
[2023-05-14T15:49:33.314+0000] {processor.py:178} INFO - Processing /home/airflow/.local/lib/python3.7/site-packages/airflow/example_dags/example_xcomargs.py took 0.229 seconds
[2023-05-14T15:50:04.044+0000] {processor.py:156} INFO - Started process (PID=511) to work on /home/airflow/.local/lib/python3.7/site-packages/airflow/example_dags/example_xcomargs.py
[2023-05-14T15:50:04.050+0000] {processor.py:799} INFO - Processing file /home/airflow/.local/lib/python3.7/site-packages/airflow/example_dags/example_xcomargs.py for tasks to queue
[2023-05-14T15:50:04.052+0000] {logging_mixin.py:149} INFO - [2023-05-14T15:50:04.052+0000] {dagbag.py:541} INFO - Filling up the DagBag from /home/airflow/.local/lib/python3.7/site-packages/airflow/example_dags/example_xcomargs.py
[2023-05-14T15:50:04.070+0000] {processor.py:809} INFO - DAG(s) dict_keys(['example_xcom_args_with_operators', 'example_xcom_args']) retrieved from /home/airflow/.local/lib/python3.7/site-packages/airflow/example_dags/example_xcomargs.py
[2023-05-14T15:50:04.135+0000] {logging_mixin.py:149} INFO - [2023-05-14T15:50:04.135+0000] {dag.py:2726} INFO - Sync 2 DAGs
[2023-05-14T15:50:04.204+0000] {logging_mixin.py:149} INFO - [2023-05-14T15:50:04.204+0000] {dag.py:3490} INFO - Setting next_dagrun for example_xcom_args to None, run_after=None
[2023-05-14T15:50:04.219+0000] {logging_mixin.py:149} INFO - [2023-05-14T15:50:04.219+0000] {dag.py:3490} INFO - Setting next_dagrun for example_xcom_args_with_operators to None, run_after=None
[2023-05-14T15:50:04.291+0000] {processor.py:178} INFO - Processing /home/airflow/.local/lib/python3.7/site-packages/airflow/example_dags/example_xcomargs.py took 0.255 seconds
[2023-05-14T15:50:34.394+0000] {processor.py:156} INFO - Started process (PID=576) to work on /home/airflow/.local/lib/python3.7/site-packages/airflow/example_dags/example_xcomargs.py
[2023-05-14T15:50:34.397+0000] {processor.py:799} INFO - Processing file /home/airflow/.local/lib/python3.7/site-packages/airflow/example_dags/example_xcomargs.py for tasks to queue
[2023-05-14T15:50:34.404+0000] {logging_mixin.py:149} INFO - [2023-05-14T15:50:34.403+0000] {dagbag.py:541} INFO - Filling up the DagBag from /home/airflow/.local/lib/python3.7/site-packages/airflow/example_dags/example_xcomargs.py
[2023-05-14T15:50:34.434+0000] {processor.py:809} INFO - DAG(s) dict_keys(['example_xcom_args', 'example_xcom_args_with_operators']) retrieved from /home/airflow/.local/lib/python3.7/site-packages/airflow/example_dags/example_xcomargs.py
[2023-05-14T15:50:34.509+0000] {logging_mixin.py:149} INFO - [2023-05-14T15:50:34.509+0000] {dag.py:2726} INFO - Sync 2 DAGs
[2023-05-14T15:50:34.579+0000] {logging_mixin.py:149} INFO - [2023-05-14T15:50:34.579+0000] {dag.py:3490} INFO - Setting next_dagrun for example_xcom_args to None, run_after=None
[2023-05-14T15:50:34.622+0000] {logging_mixin.py:149} INFO - [2023-05-14T15:50:34.622+0000] {dag.py:3490} INFO - Setting next_dagrun for example_xcom_args_with_operators to None, run_after=None
[2023-05-14T15:50:34.693+0000] {processor.py:178} INFO - Processing /home/airflow/.local/lib/python3.7/site-packages/airflow/example_dags/example_xcomargs.py took 0.311 seconds
[2023-05-14T15:51:05.015+0000] {processor.py:156} INFO - Started process (PID=646) to work on /home/airflow/.local/lib/python3.7/site-packages/airflow/example_dags/example_xcomargs.py
[2023-05-14T15:51:05.022+0000] {processor.py:799} INFO - Processing file /home/airflow/.local/lib/python3.7/site-packages/airflow/example_dags/example_xcomargs.py for tasks to queue
[2023-05-14T15:51:05.056+0000] {logging_mixin.py:149} INFO - [2023-05-14T15:51:05.046+0000] {dagbag.py:541} INFO - Filling up the DagBag from /home/airflow/.local/lib/python3.7/site-packages/airflow/example_dags/example_xcomargs.py
[2023-05-14T15:51:05.126+0000] {processor.py:809} INFO - DAG(s) dict_keys(['example_xcom_args', 'example_xcom_args_with_operators']) retrieved from /home/airflow/.local/lib/python3.7/site-packages/airflow/example_dags/example_xcomargs.py
[2023-05-14T15:51:05.230+0000] {logging_mixin.py:149} INFO - [2023-05-14T15:51:05.229+0000] {dag.py:2726} INFO - Sync 2 DAGs
[2023-05-14T15:51:05.315+0000] {logging_mixin.py:149} INFO - [2023-05-14T15:51:05.314+0000] {dag.py:3490} INFO - Setting next_dagrun for example_xcom_args to None, run_after=None
[2023-05-14T15:51:05.328+0000] {logging_mixin.py:149} INFO - [2023-05-14T15:51:05.328+0000] {dag.py:3490} INFO - Setting next_dagrun for example_xcom_args_with_operators to None, run_after=None
[2023-05-14T15:51:05.364+0000] {processor.py:178} INFO - Processing /home/airflow/.local/lib/python3.7/site-packages/airflow/example_dags/example_xcomargs.py took 0.358 seconds
