[2023-05-14T15:46:24.258+0000] {processor.py:156} INFO - Started process (PID=73) to work on /home/airflow/.local/lib/python3.7/site-packages/airflow/example_dags/example_nested_branch_dag.py
[2023-05-14T15:46:24.261+0000] {processor.py:799} INFO - Processing file /home/airflow/.local/lib/python3.7/site-packages/airflow/example_dags/example_nested_branch_dag.py for tasks to queue
[2023-05-14T15:46:24.265+0000] {logging_mixin.py:149} INFO - [2023-05-14T15:46:24.264+0000] {dagbag.py:541} INFO - Filling up the DagBag from /home/airflow/.local/lib/python3.7/site-packages/airflow/example_dags/example_nested_branch_dag.py
[2023-05-14T15:46:24.283+0000] {processor.py:809} INFO - DAG(s) dict_keys(['example_nested_branch_dag']) retrieved from /home/airflow/.local/lib/python3.7/site-packages/airflow/example_dags/example_nested_branch_dag.py
[2023-05-14T15:46:24.306+0000] {logging_mixin.py:149} INFO - [2023-05-14T15:46:24.306+0000] {dag.py:2726} INFO - Sync 1 DAGs
[2023-05-14T15:46:24.356+0000] {logging_mixin.py:149} INFO - [2023-05-14T15:46:24.355+0000] {dag.py:3490} INFO - Setting next_dagrun for example_nested_branch_dag to 2023-05-13T00:00:00+00:00, run_after=2023-05-14T00:00:00+00:00
[2023-05-14T15:46:24.393+0000] {processor.py:178} INFO - Processing /home/airflow/.local/lib/python3.7/site-packages/airflow/example_dags/example_nested_branch_dag.py took 0.141 seconds
[2023-05-14T15:46:57.399+0000] {processor.py:156} INFO - Started process (PID=138) to work on /home/airflow/.local/lib/python3.7/site-packages/airflow/example_dags/example_nested_branch_dag.py
[2023-05-14T15:46:57.406+0000] {processor.py:799} INFO - Processing file /home/airflow/.local/lib/python3.7/site-packages/airflow/example_dags/example_nested_branch_dag.py for tasks to queue
[2023-05-14T15:46:57.410+0000] {logging_mixin.py:149} INFO - [2023-05-14T15:46:57.410+0000] {dagbag.py:541} INFO - Filling up the DagBag from /home/airflow/.local/lib/python3.7/site-packages/airflow/example_dags/example_nested_branch_dag.py
[2023-05-14T15:46:57.433+0000] {processor.py:809} INFO - DAG(s) dict_keys(['example_nested_branch_dag']) retrieved from /home/airflow/.local/lib/python3.7/site-packages/airflow/example_dags/example_nested_branch_dag.py
[2023-05-14T15:46:57.485+0000] {logging_mixin.py:149} INFO - [2023-05-14T15:46:57.485+0000] {dag.py:2726} INFO - Sync 1 DAGs
[2023-05-14T15:46:57.523+0000] {logging_mixin.py:149} INFO - [2023-05-14T15:46:57.523+0000] {dag.py:3490} INFO - Setting next_dagrun for example_nested_branch_dag to 2023-05-13T00:00:00+00:00, run_after=2023-05-14T00:00:00+00:00
[2023-05-14T15:46:57.556+0000] {processor.py:178} INFO - Processing /home/airflow/.local/lib/python3.7/site-packages/airflow/example_dags/example_nested_branch_dag.py took 0.163 seconds
[2023-05-14T15:47:40.348+0000] {processor.py:156} INFO - Started process (PID=216) to work on /home/airflow/.local/lib/python3.7/site-packages/airflow/example_dags/example_nested_branch_dag.py
[2023-05-14T15:47:40.357+0000] {processor.py:799} INFO - Processing file /home/airflow/.local/lib/python3.7/site-packages/airflow/example_dags/example_nested_branch_dag.py for tasks to queue
[2023-05-14T15:47:40.362+0000] {logging_mixin.py:149} INFO - [2023-05-14T15:47:40.362+0000] {dagbag.py:541} INFO - Filling up the DagBag from /home/airflow/.local/lib/python3.7/site-packages/airflow/example_dags/example_nested_branch_dag.py
[2023-05-14T15:47:40.406+0000] {processor.py:809} INFO - DAG(s) dict_keys(['example_nested_branch_dag']) retrieved from /home/airflow/.local/lib/python3.7/site-packages/airflow/example_dags/example_nested_branch_dag.py
[2023-05-14T15:47:40.487+0000] {logging_mixin.py:149} INFO - [2023-05-14T15:47:40.487+0000] {dag.py:2726} INFO - Sync 1 DAGs
[2023-05-14T15:47:40.563+0000] {logging_mixin.py:149} INFO - [2023-05-14T15:47:40.562+0000] {dag.py:3490} INFO - Setting next_dagrun for example_nested_branch_dag to 2023-05-13T00:00:00+00:00, run_after=2023-05-14T00:00:00+00:00
[2023-05-14T15:47:40.618+0000] {processor.py:178} INFO - Processing /home/airflow/.local/lib/python3.7/site-packages/airflow/example_dags/example_nested_branch_dag.py took 0.283 seconds
[2023-05-14T15:48:11.449+0000] {processor.py:156} INFO - Started process (PID=282) to work on /home/airflow/.local/lib/python3.7/site-packages/airflow/example_dags/example_nested_branch_dag.py
[2023-05-14T15:48:11.458+0000] {processor.py:799} INFO - Processing file /home/airflow/.local/lib/python3.7/site-packages/airflow/example_dags/example_nested_branch_dag.py for tasks to queue
[2023-05-14T15:48:11.466+0000] {logging_mixin.py:149} INFO - [2023-05-14T15:48:11.465+0000] {dagbag.py:541} INFO - Filling up the DagBag from /home/airflow/.local/lib/python3.7/site-packages/airflow/example_dags/example_nested_branch_dag.py
[2023-05-14T15:48:11.493+0000] {processor.py:809} INFO - DAG(s) dict_keys(['example_nested_branch_dag']) retrieved from /home/airflow/.local/lib/python3.7/site-packages/airflow/example_dags/example_nested_branch_dag.py
[2023-05-14T15:48:11.582+0000] {logging_mixin.py:149} INFO - [2023-05-14T15:48:11.582+0000] {dag.py:2726} INFO - Sync 1 DAGs
[2023-05-14T15:48:11.699+0000] {logging_mixin.py:149} INFO - [2023-05-14T15:48:11.698+0000] {dag.py:3490} INFO - Setting next_dagrun for example_nested_branch_dag to 2023-05-13T00:00:00+00:00, run_after=2023-05-14T00:00:00+00:00
[2023-05-14T15:48:11.807+0000] {processor.py:178} INFO - Processing /home/airflow/.local/lib/python3.7/site-packages/airflow/example_dags/example_nested_branch_dag.py took 0.370 seconds
[2023-05-14T15:48:43.753+0000] {processor.py:156} INFO - Started process (PID=348) to work on /home/airflow/.local/lib/python3.7/site-packages/airflow/example_dags/example_nested_branch_dag.py
[2023-05-14T15:48:43.766+0000] {processor.py:799} INFO - Processing file /home/airflow/.local/lib/python3.7/site-packages/airflow/example_dags/example_nested_branch_dag.py for tasks to queue
[2023-05-14T15:48:43.769+0000] {logging_mixin.py:149} INFO - [2023-05-14T15:48:43.768+0000] {dagbag.py:541} INFO - Filling up the DagBag from /home/airflow/.local/lib/python3.7/site-packages/airflow/example_dags/example_nested_branch_dag.py
[2023-05-14T15:48:43.812+0000] {processor.py:809} INFO - DAG(s) dict_keys(['example_nested_branch_dag']) retrieved from /home/airflow/.local/lib/python3.7/site-packages/airflow/example_dags/example_nested_branch_dag.py
[2023-05-14T15:48:43.932+0000] {logging_mixin.py:149} INFO - [2023-05-14T15:48:43.932+0000] {dag.py:2726} INFO - Sync 1 DAGs
[2023-05-14T15:48:44.023+0000] {logging_mixin.py:149} INFO - [2023-05-14T15:48:44.022+0000] {dag.py:3490} INFO - Setting next_dagrun for example_nested_branch_dag to 2023-05-13T00:00:00+00:00, run_after=2023-05-14T00:00:00+00:00
[2023-05-14T15:48:44.103+0000] {processor.py:178} INFO - Processing /home/airflow/.local/lib/python3.7/site-packages/airflow/example_dags/example_nested_branch_dag.py took 0.355 seconds
[2023-05-14T15:49:17.055+0000] {processor.py:156} INFO - Started process (PID=414) to work on /home/airflow/.local/lib/python3.7/site-packages/airflow/example_dags/example_nested_branch_dag.py
[2023-05-14T15:49:17.068+0000] {processor.py:799} INFO - Processing file /home/airflow/.local/lib/python3.7/site-packages/airflow/example_dags/example_nested_branch_dag.py for tasks to queue
[2023-05-14T15:49:17.072+0000] {logging_mixin.py:149} INFO - [2023-05-14T15:49:17.071+0000] {dagbag.py:541} INFO - Filling up the DagBag from /home/airflow/.local/lib/python3.7/site-packages/airflow/example_dags/example_nested_branch_dag.py
[2023-05-14T15:49:17.143+0000] {processor.py:809} INFO - DAG(s) dict_keys(['example_nested_branch_dag']) retrieved from /home/airflow/.local/lib/python3.7/site-packages/airflow/example_dags/example_nested_branch_dag.py
[2023-05-14T15:49:17.291+0000] {logging_mixin.py:149} INFO - [2023-05-14T15:49:17.290+0000] {dag.py:2726} INFO - Sync 1 DAGs
[2023-05-14T15:49:17.460+0000] {logging_mixin.py:149} INFO - [2023-05-14T15:49:17.459+0000] {dag.py:3490} INFO - Setting next_dagrun for example_nested_branch_dag to 2023-05-13T00:00:00+00:00, run_after=2023-05-14T00:00:00+00:00
[2023-05-14T15:49:17.562+0000] {processor.py:178} INFO - Processing /home/airflow/.local/lib/python3.7/site-packages/airflow/example_dags/example_nested_branch_dag.py took 0.519 seconds
[2023-05-14T15:49:48.793+0000] {processor.py:156} INFO - Started process (PID=480) to work on /home/airflow/.local/lib/python3.7/site-packages/airflow/example_dags/example_nested_branch_dag.py
[2023-05-14T15:49:48.795+0000] {processor.py:799} INFO - Processing file /home/airflow/.local/lib/python3.7/site-packages/airflow/example_dags/example_nested_branch_dag.py for tasks to queue
[2023-05-14T15:49:48.798+0000] {logging_mixin.py:149} INFO - [2023-05-14T15:49:48.798+0000] {dagbag.py:541} INFO - Filling up the DagBag from /home/airflow/.local/lib/python3.7/site-packages/airflow/example_dags/example_nested_branch_dag.py
[2023-05-14T15:49:48.833+0000] {processor.py:809} INFO - DAG(s) dict_keys(['example_nested_branch_dag']) retrieved from /home/airflow/.local/lib/python3.7/site-packages/airflow/example_dags/example_nested_branch_dag.py
[2023-05-14T15:49:48.942+0000] {logging_mixin.py:149} INFO - [2023-05-14T15:49:48.942+0000] {dag.py:2726} INFO - Sync 1 DAGs
[2023-05-14T15:49:49.021+0000] {logging_mixin.py:149} INFO - [2023-05-14T15:49:49.021+0000] {dag.py:3490} INFO - Setting next_dagrun for example_nested_branch_dag to 2023-05-13T00:00:00+00:00, run_after=2023-05-14T00:00:00+00:00
[2023-05-14T15:49:49.099+0000] {processor.py:178} INFO - Processing /home/airflow/.local/lib/python3.7/site-packages/airflow/example_dags/example_nested_branch_dag.py took 0.318 seconds
[2023-05-14T15:50:19.179+0000] {processor.py:156} INFO - Started process (PID=544) to work on /home/airflow/.local/lib/python3.7/site-packages/airflow/example_dags/example_nested_branch_dag.py
[2023-05-14T15:50:19.183+0000] {processor.py:799} INFO - Processing file /home/airflow/.local/lib/python3.7/site-packages/airflow/example_dags/example_nested_branch_dag.py for tasks to queue
[2023-05-14T15:50:19.188+0000] {logging_mixin.py:149} INFO - [2023-05-14T15:50:19.188+0000] {dagbag.py:541} INFO - Filling up the DagBag from /home/airflow/.local/lib/python3.7/site-packages/airflow/example_dags/example_nested_branch_dag.py
[2023-05-14T15:50:19.208+0000] {processor.py:809} INFO - DAG(s) dict_keys(['example_nested_branch_dag']) retrieved from /home/airflow/.local/lib/python3.7/site-packages/airflow/example_dags/example_nested_branch_dag.py
[2023-05-14T15:50:19.255+0000] {logging_mixin.py:149} INFO - [2023-05-14T15:50:19.255+0000] {dag.py:2726} INFO - Sync 1 DAGs
[2023-05-14T15:50:19.296+0000] {logging_mixin.py:149} INFO - [2023-05-14T15:50:19.295+0000] {dag.py:3490} INFO - Setting next_dagrun for example_nested_branch_dag to 2023-05-13T00:00:00+00:00, run_after=2023-05-14T00:00:00+00:00
[2023-05-14T15:50:19.330+0000] {processor.py:178} INFO - Processing /home/airflow/.local/lib/python3.7/site-packages/airflow/example_dags/example_nested_branch_dag.py took 0.157 seconds
[2023-05-14T15:50:49.625+0000] {processor.py:156} INFO - Started process (PID=614) to work on /home/airflow/.local/lib/python3.7/site-packages/airflow/example_dags/example_nested_branch_dag.py
[2023-05-14T15:50:49.629+0000] {processor.py:799} INFO - Processing file /home/airflow/.local/lib/python3.7/site-packages/airflow/example_dags/example_nested_branch_dag.py for tasks to queue
[2023-05-14T15:50:49.632+0000] {logging_mixin.py:149} INFO - [2023-05-14T15:50:49.632+0000] {dagbag.py:541} INFO - Filling up the DagBag from /home/airflow/.local/lib/python3.7/site-packages/airflow/example_dags/example_nested_branch_dag.py
[2023-05-14T15:50:49.656+0000] {processor.py:809} INFO - DAG(s) dict_keys(['example_nested_branch_dag']) retrieved from /home/airflow/.local/lib/python3.7/site-packages/airflow/example_dags/example_nested_branch_dag.py
[2023-05-14T15:50:49.721+0000] {logging_mixin.py:149} INFO - [2023-05-14T15:50:49.721+0000] {dag.py:2726} INFO - Sync 1 DAGs
[2023-05-14T15:50:49.770+0000] {logging_mixin.py:149} INFO - [2023-05-14T15:50:49.770+0000] {dag.py:3490} INFO - Setting next_dagrun for example_nested_branch_dag to 2023-05-13T00:00:00+00:00, run_after=2023-05-14T00:00:00+00:00
[2023-05-14T15:50:49.815+0000] {processor.py:178} INFO - Processing /home/airflow/.local/lib/python3.7/site-packages/airflow/example_dags/example_nested_branch_dag.py took 0.204 seconds
