[2023-05-14T15:44:08.483+0000] {processor.py:156} INFO - Started process (PID=58) to work on /home/airflow/.local/lib/python3.7/site-packages/airflow/example_dags/example_latest_only_with_trigger.py
[2023-05-14T15:44:08.486+0000] {processor.py:799} INFO - Processing file /home/airflow/.local/lib/python3.7/site-packages/airflow/example_dags/example_latest_only_with_trigger.py for tasks to queue
[2023-05-14T15:44:08.489+0000] {logging_mixin.py:149} INFO - [2023-05-14T15:44:08.489+0000] {dagbag.py:541} INFO - Filling up the DagBag from /home/airflow/.local/lib/python3.7/site-packages/airflow/example_dags/example_latest_only_with_trigger.py
[2023-05-14T15:44:08.507+0000] {processor.py:809} INFO - DAG(s) dict_keys(['latest_only_with_trigger']) retrieved from /home/airflow/.local/lib/python3.7/site-packages/airflow/example_dags/example_latest_only_with_trigger.py
[2023-05-14T15:44:08.720+0000] {logging_mixin.py:149} INFO - [2023-05-14T15:44:08.719+0000] {manager.py:504} INFO - Created Permission View: can read on DAG:latest_only_with_trigger
[2023-05-14T15:44:08.740+0000] {logging_mixin.py:149} INFO - [2023-05-14T15:44:08.740+0000] {manager.py:504} INFO - Created Permission View: can delete on DAG:latest_only_with_trigger
[2023-05-14T15:44:08.756+0000] {logging_mixin.py:149} INFO - [2023-05-14T15:44:08.755+0000] {manager.py:504} INFO - Created Permission View: can edit on DAG:latest_only_with_trigger
[2023-05-14T15:44:08.758+0000] {logging_mixin.py:149} INFO - [2023-05-14T15:44:08.757+0000] {dag.py:2726} INFO - Sync 1 DAGs
[2023-05-14T15:44:08.783+0000] {logging_mixin.py:149} INFO - [2023-05-14T15:44:08.783+0000] {dag.py:2747} INFO - Creating ORM DAG for latest_only_with_trigger
[2023-05-14T15:44:08.803+0000] {logging_mixin.py:149} INFO - [2023-05-14T15:44:08.803+0000] {dag.py:3490} INFO - Setting next_dagrun for latest_only_with_trigger to 2023-05-14T11:44:08.803348+00:00, run_after=2023-05-14T15:44:08.803348+00:00
[2023-05-14T15:44:08.842+0000] {processor.py:178} INFO - Processing /home/airflow/.local/lib/python3.7/site-packages/airflow/example_dags/example_latest_only_with_trigger.py took 0.366 seconds
[2023-05-14T15:46:20.730+0000] {processor.py:156} INFO - Started process (PID=52) to work on /home/airflow/.local/lib/python3.7/site-packages/airflow/example_dags/example_latest_only_with_trigger.py
[2023-05-14T15:46:20.734+0000] {processor.py:799} INFO - Processing file /home/airflow/.local/lib/python3.7/site-packages/airflow/example_dags/example_latest_only_with_trigger.py for tasks to queue
[2023-05-14T15:46:20.737+0000] {logging_mixin.py:149} INFO - [2023-05-14T15:46:20.737+0000] {dagbag.py:541} INFO - Filling up the DagBag from /home/airflow/.local/lib/python3.7/site-packages/airflow/example_dags/example_latest_only_with_trigger.py
[2023-05-14T15:46:20.752+0000] {processor.py:809} INFO - DAG(s) dict_keys(['latest_only_with_trigger']) retrieved from /home/airflow/.local/lib/python3.7/site-packages/airflow/example_dags/example_latest_only_with_trigger.py
[2023-05-14T15:46:20.786+0000] {logging_mixin.py:149} INFO - [2023-05-14T15:46:20.786+0000] {dag.py:2726} INFO - Sync 1 DAGs
[2023-05-14T15:46:20.837+0000] {logging_mixin.py:149} INFO - [2023-05-14T15:46:20.837+0000] {dag.py:3490} INFO - Setting next_dagrun for latest_only_with_trigger to 2023-05-14T11:46:20.837206+00:00, run_after=2023-05-14T15:46:20.837206+00:00
[2023-05-14T15:46:20.885+0000] {processor.py:178} INFO - Processing /home/airflow/.local/lib/python3.7/site-packages/airflow/example_dags/example_latest_only_with_trigger.py took 0.162 seconds
[2023-05-14T15:46:52.099+0000] {processor.py:156} INFO - Started process (PID=117) to work on /home/airflow/.local/lib/python3.7/site-packages/airflow/example_dags/example_latest_only_with_trigger.py
[2023-05-14T15:46:52.103+0000] {processor.py:799} INFO - Processing file /home/airflow/.local/lib/python3.7/site-packages/airflow/example_dags/example_latest_only_with_trigger.py for tasks to queue
[2023-05-14T15:46:52.106+0000] {logging_mixin.py:149} INFO - [2023-05-14T15:46:52.106+0000] {dagbag.py:541} INFO - Filling up the DagBag from /home/airflow/.local/lib/python3.7/site-packages/airflow/example_dags/example_latest_only_with_trigger.py
[2023-05-14T15:46:52.121+0000] {processor.py:809} INFO - DAG(s) dict_keys(['latest_only_with_trigger']) retrieved from /home/airflow/.local/lib/python3.7/site-packages/airflow/example_dags/example_latest_only_with_trigger.py
[2023-05-14T15:46:52.172+0000] {logging_mixin.py:149} INFO - [2023-05-14T15:46:52.171+0000] {dag.py:2726} INFO - Sync 1 DAGs
[2023-05-14T15:46:52.213+0000] {logging_mixin.py:149} INFO - [2023-05-14T15:46:52.212+0000] {dag.py:3490} INFO - Setting next_dagrun for latest_only_with_trigger to 2023-05-14T11:46:52.212385+00:00, run_after=2023-05-14T15:46:52.212385+00:00
[2023-05-14T15:46:52.241+0000] {processor.py:178} INFO - Processing /home/airflow/.local/lib/python3.7/site-packages/airflow/example_dags/example_latest_only_with_trigger.py took 0.148 seconds
[2023-05-14T15:47:34.142+0000] {processor.py:156} INFO - Started process (PID=187) to work on /home/airflow/.local/lib/python3.7/site-packages/airflow/example_dags/example_latest_only_with_trigger.py
[2023-05-14T15:47:34.152+0000] {processor.py:799} INFO - Processing file /home/airflow/.local/lib/python3.7/site-packages/airflow/example_dags/example_latest_only_with_trigger.py for tasks to queue
[2023-05-14T15:47:34.227+0000] {logging_mixin.py:149} INFO - [2023-05-14T15:47:34.227+0000] {dagbag.py:541} INFO - Filling up the DagBag from /home/airflow/.local/lib/python3.7/site-packages/airflow/example_dags/example_latest_only_with_trigger.py
[2023-05-14T15:47:34.390+0000] {processor.py:809} INFO - DAG(s) dict_keys(['latest_only_with_trigger']) retrieved from /home/airflow/.local/lib/python3.7/site-packages/airflow/example_dags/example_latest_only_with_trigger.py
[2023-05-14T15:47:34.580+0000] {logging_mixin.py:149} INFO - [2023-05-14T15:47:34.579+0000] {dag.py:2726} INFO - Sync 1 DAGs
[2023-05-14T15:47:34.768+0000] {logging_mixin.py:149} INFO - [2023-05-14T15:47:34.767+0000] {dag.py:3490} INFO - Setting next_dagrun for latest_only_with_trigger to 2023-05-14T11:47:34.767224+00:00, run_after=2023-05-14T15:47:34.767224+00:00
[2023-05-14T15:47:34.883+0000] {processor.py:178} INFO - Processing /home/airflow/.local/lib/python3.7/site-packages/airflow/example_dags/example_latest_only_with_trigger.py took 0.775 seconds
[2023-05-14T15:48:05.471+0000] {processor.py:156} INFO - Started process (PID=254) to work on /home/airflow/.local/lib/python3.7/site-packages/airflow/example_dags/example_latest_only_with_trigger.py
[2023-05-14T15:48:05.475+0000] {processor.py:799} INFO - Processing file /home/airflow/.local/lib/python3.7/site-packages/airflow/example_dags/example_latest_only_with_trigger.py for tasks to queue
[2023-05-14T15:48:05.478+0000] {logging_mixin.py:149} INFO - [2023-05-14T15:48:05.478+0000] {dagbag.py:541} INFO - Filling up the DagBag from /home/airflow/.local/lib/python3.7/site-packages/airflow/example_dags/example_latest_only_with_trigger.py
[2023-05-14T15:48:05.493+0000] {processor.py:809} INFO - DAG(s) dict_keys(['latest_only_with_trigger']) retrieved from /home/airflow/.local/lib/python3.7/site-packages/airflow/example_dags/example_latest_only_with_trigger.py
[2023-05-14T15:48:05.553+0000] {logging_mixin.py:149} INFO - [2023-05-14T15:48:05.553+0000] {dag.py:2726} INFO - Sync 1 DAGs
[2023-05-14T15:48:05.617+0000] {logging_mixin.py:149} INFO - [2023-05-14T15:48:05.616+0000] {dag.py:3490} INFO - Setting next_dagrun for latest_only_with_trigger to 2023-05-14T11:48:05.616135+00:00, run_after=2023-05-14T15:48:05.616135+00:00
[2023-05-14T15:48:05.666+0000] {processor.py:178} INFO - Processing /home/airflow/.local/lib/python3.7/site-packages/airflow/example_dags/example_latest_only_with_trigger.py took 0.200 seconds
[2023-05-14T15:48:35.834+0000] {processor.py:156} INFO - Started process (PID=319) to work on /home/airflow/.local/lib/python3.7/site-packages/airflow/example_dags/example_latest_only_with_trigger.py
[2023-05-14T15:48:35.838+0000] {processor.py:799} INFO - Processing file /home/airflow/.local/lib/python3.7/site-packages/airflow/example_dags/example_latest_only_with_trigger.py for tasks to queue
[2023-05-14T15:48:35.843+0000] {logging_mixin.py:149} INFO - [2023-05-14T15:48:35.843+0000] {dagbag.py:541} INFO - Filling up the DagBag from /home/airflow/.local/lib/python3.7/site-packages/airflow/example_dags/example_latest_only_with_trigger.py
[2023-05-14T15:48:35.854+0000] {processor.py:809} INFO - DAG(s) dict_keys(['latest_only_with_trigger']) retrieved from /home/airflow/.local/lib/python3.7/site-packages/airflow/example_dags/example_latest_only_with_trigger.py
[2023-05-14T15:48:35.905+0000] {logging_mixin.py:149} INFO - [2023-05-14T15:48:35.905+0000] {dag.py:2726} INFO - Sync 1 DAGs
[2023-05-14T15:48:35.959+0000] {logging_mixin.py:149} INFO - [2023-05-14T15:48:35.959+0000] {dag.py:3490} INFO - Setting next_dagrun for latest_only_with_trigger to 2023-05-14T11:48:35.959019+00:00, run_after=2023-05-14T15:48:35.959019+00:00
[2023-05-14T15:48:36.010+0000] {processor.py:178} INFO - Processing /home/airflow/.local/lib/python3.7/site-packages/airflow/example_dags/example_latest_only_with_trigger.py took 0.185 seconds
[2023-05-14T15:49:06.536+0000] {processor.py:156} INFO - Started process (PID=392) to work on /home/airflow/.local/lib/python3.7/site-packages/airflow/example_dags/example_latest_only_with_trigger.py
[2023-05-14T15:49:06.542+0000] {processor.py:799} INFO - Processing file /home/airflow/.local/lib/python3.7/site-packages/airflow/example_dags/example_latest_only_with_trigger.py for tasks to queue
[2023-05-14T15:49:06.548+0000] {logging_mixin.py:149} INFO - [2023-05-14T15:49:06.547+0000] {dagbag.py:541} INFO - Filling up the DagBag from /home/airflow/.local/lib/python3.7/site-packages/airflow/example_dags/example_latest_only_with_trigger.py
[2023-05-14T15:49:06.589+0000] {processor.py:809} INFO - DAG(s) dict_keys(['latest_only_with_trigger']) retrieved from /home/airflow/.local/lib/python3.7/site-packages/airflow/example_dags/example_latest_only_with_trigger.py
[2023-05-14T15:49:06.722+0000] {logging_mixin.py:149} INFO - [2023-05-14T15:49:06.721+0000] {dag.py:2726} INFO - Sync 1 DAGs
[2023-05-14T15:49:06.908+0000] {logging_mixin.py:149} INFO - [2023-05-14T15:49:06.908+0000] {dag.py:3490} INFO - Setting next_dagrun for latest_only_with_trigger to 2023-05-14T11:49:06.900567+00:00, run_after=2023-05-14T15:49:06.900567+00:00
[2023-05-14T15:49:07.036+0000] {processor.py:178} INFO - Processing /home/airflow/.local/lib/python3.7/site-packages/airflow/example_dags/example_latest_only_with_trigger.py took 0.529 seconds
[2023-05-14T15:49:38.026+0000] {processor.py:156} INFO - Started process (PID=458) to work on /home/airflow/.local/lib/python3.7/site-packages/airflow/example_dags/example_latest_only_with_trigger.py
[2023-05-14T15:49:38.031+0000] {processor.py:799} INFO - Processing file /home/airflow/.local/lib/python3.7/site-packages/airflow/example_dags/example_latest_only_with_trigger.py for tasks to queue
[2023-05-14T15:49:38.035+0000] {logging_mixin.py:149} INFO - [2023-05-14T15:49:38.035+0000] {dagbag.py:541} INFO - Filling up the DagBag from /home/airflow/.local/lib/python3.7/site-packages/airflow/example_dags/example_latest_only_with_trigger.py
[2023-05-14T15:49:38.059+0000] {processor.py:809} INFO - DAG(s) dict_keys(['latest_only_with_trigger']) retrieved from /home/airflow/.local/lib/python3.7/site-packages/airflow/example_dags/example_latest_only_with_trigger.py
[2023-05-14T15:49:38.143+0000] {logging_mixin.py:149} INFO - [2023-05-14T15:49:38.143+0000] {dag.py:2726} INFO - Sync 1 DAGs
[2023-05-14T15:49:38.213+0000] {logging_mixin.py:149} INFO - [2023-05-14T15:49:38.212+0000] {dag.py:3490} INFO - Setting next_dagrun for latest_only_with_trigger to 2023-05-14T11:49:38.212498+00:00, run_after=2023-05-14T15:49:38.212498+00:00
[2023-05-14T15:49:38.272+0000] {processor.py:178} INFO - Processing /home/airflow/.local/lib/python3.7/site-packages/airflow/example_dags/example_latest_only_with_trigger.py took 0.251 seconds
[2023-05-14T15:50:09.085+0000] {processor.py:156} INFO - Started process (PID=523) to work on /home/airflow/.local/lib/python3.7/site-packages/airflow/example_dags/example_latest_only_with_trigger.py
[2023-05-14T15:50:09.092+0000] {processor.py:799} INFO - Processing file /home/airflow/.local/lib/python3.7/site-packages/airflow/example_dags/example_latest_only_with_trigger.py for tasks to queue
[2023-05-14T15:50:09.099+0000] {logging_mixin.py:149} INFO - [2023-05-14T15:50:09.098+0000] {dagbag.py:541} INFO - Filling up the DagBag from /home/airflow/.local/lib/python3.7/site-packages/airflow/example_dags/example_latest_only_with_trigger.py
[2023-05-14T15:50:09.132+0000] {processor.py:809} INFO - DAG(s) dict_keys(['latest_only_with_trigger']) retrieved from /home/airflow/.local/lib/python3.7/site-packages/airflow/example_dags/example_latest_only_with_trigger.py
[2023-05-14T15:50:09.194+0000] {logging_mixin.py:149} INFO - [2023-05-14T15:50:09.194+0000] {dag.py:2726} INFO - Sync 1 DAGs
[2023-05-14T15:50:09.279+0000] {logging_mixin.py:149} INFO - [2023-05-14T15:50:09.279+0000] {dag.py:3490} INFO - Setting next_dagrun for latest_only_with_trigger to 2023-05-14T11:50:09.278442+00:00, run_after=2023-05-14T15:50:09.278442+00:00
[2023-05-14T15:50:09.354+0000] {processor.py:178} INFO - Processing /home/airflow/.local/lib/python3.7/site-packages/airflow/example_dags/example_latest_only_with_trigger.py took 0.285 seconds
[2023-05-14T15:50:39.482+0000] {processor.py:156} INFO - Started process (PID=593) to work on /home/airflow/.local/lib/python3.7/site-packages/airflow/example_dags/example_latest_only_with_trigger.py
[2023-05-14T15:50:39.486+0000] {processor.py:799} INFO - Processing file /home/airflow/.local/lib/python3.7/site-packages/airflow/example_dags/example_latest_only_with_trigger.py for tasks to queue
[2023-05-14T15:50:39.490+0000] {logging_mixin.py:149} INFO - [2023-05-14T15:50:39.489+0000] {dagbag.py:541} INFO - Filling up the DagBag from /home/airflow/.local/lib/python3.7/site-packages/airflow/example_dags/example_latest_only_with_trigger.py
[2023-05-14T15:50:39.504+0000] {processor.py:809} INFO - DAG(s) dict_keys(['latest_only_with_trigger']) retrieved from /home/airflow/.local/lib/python3.7/site-packages/airflow/example_dags/example_latest_only_with_trigger.py
[2023-05-14T15:50:39.560+0000] {logging_mixin.py:149} INFO - [2023-05-14T15:50:39.559+0000] {dag.py:2726} INFO - Sync 1 DAGs
[2023-05-14T15:50:39.613+0000] {logging_mixin.py:149} INFO - [2023-05-14T15:50:39.612+0000] {dag.py:3490} INFO - Setting next_dagrun for latest_only_with_trigger to 2023-05-14T11:50:39.612655+00:00, run_after=2023-05-14T15:50:39.612655+00:00
[2023-05-14T15:50:39.655+0000] {processor.py:178} INFO - Processing /home/airflow/.local/lib/python3.7/site-packages/airflow/example_dags/example_latest_only_with_trigger.py took 0.181 seconds
[2023-05-14T15:51:10.083+0000] {processor.py:156} INFO - Started process (PID=659) to work on /home/airflow/.local/lib/python3.7/site-packages/airflow/example_dags/example_latest_only_with_trigger.py
[2023-05-14T15:51:10.094+0000] {processor.py:799} INFO - Processing file /home/airflow/.local/lib/python3.7/site-packages/airflow/example_dags/example_latest_only_with_trigger.py for tasks to queue
[2023-05-14T15:51:10.097+0000] {logging_mixin.py:149} INFO - [2023-05-14T15:51:10.096+0000] {dagbag.py:541} INFO - Filling up the DagBag from /home/airflow/.local/lib/python3.7/site-packages/airflow/example_dags/example_latest_only_with_trigger.py
[2023-05-14T15:51:10.123+0000] {processor.py:809} INFO - DAG(s) dict_keys(['latest_only_with_trigger']) retrieved from /home/airflow/.local/lib/python3.7/site-packages/airflow/example_dags/example_latest_only_with_trigger.py
[2023-05-14T15:51:10.216+0000] {logging_mixin.py:149} INFO - [2023-05-14T15:51:10.216+0000] {dag.py:2726} INFO - Sync 1 DAGs
[2023-05-14T15:51:10.314+0000] {logging_mixin.py:149} INFO - [2023-05-14T15:51:10.313+0000] {dag.py:3490} INFO - Setting next_dagrun for latest_only_with_trigger to 2023-05-14T11:51:10.313499+00:00, run_after=2023-05-14T15:51:10.313499+00:00
[2023-05-14T15:51:10.374+0000] {processor.py:178} INFO - Processing /home/airflow/.local/lib/python3.7/site-packages/airflow/example_dags/example_latest_only_with_trigger.py took 0.309 seconds
