[2023-05-14T15:44:07.963+0000] {processor.py:156} INFO - Started process (PID=56) to work on /home/airflow/.local/lib/python3.7/site-packages/airflow/example_dags/example_sensor_decorator.py
[2023-05-14T15:44:07.966+0000] {processor.py:799} INFO - Processing file /home/airflow/.local/lib/python3.7/site-packages/airflow/example_dags/example_sensor_decorator.py for tasks to queue
[2023-05-14T15:44:07.969+0000] {logging_mixin.py:149} INFO - [2023-05-14T15:44:07.968+0000] {dagbag.py:541} INFO - Filling up the DagBag from /home/airflow/.local/lib/python3.7/site-packages/airflow/example_dags/example_sensor_decorator.py
[2023-05-14T15:44:07.984+0000] {processor.py:809} INFO - DAG(s) dict_keys(['example_sensor_decorator']) retrieved from /home/airflow/.local/lib/python3.7/site-packages/airflow/example_dags/example_sensor_decorator.py
[2023-05-14T15:44:08.288+0000] {logging_mixin.py:149} INFO - [2023-05-14T15:44:08.288+0000] {manager.py:504} INFO - Created Permission View: can read on DAG:example_sensor_decorator
[2023-05-14T15:44:08.309+0000] {logging_mixin.py:149} INFO - [2023-05-14T15:44:08.308+0000] {manager.py:504} INFO - Created Permission View: can delete on DAG:example_sensor_decorator
[2023-05-14T15:44:08.325+0000] {logging_mixin.py:149} INFO - [2023-05-14T15:44:08.325+0000] {manager.py:504} INFO - Created Permission View: can edit on DAG:example_sensor_decorator
[2023-05-14T15:44:08.330+0000] {logging_mixin.py:149} INFO - [2023-05-14T15:44:08.329+0000] {dag.py:2726} INFO - Sync 1 DAGs
[2023-05-14T15:44:08.358+0000] {logging_mixin.py:149} INFO - [2023-05-14T15:44:08.358+0000] {dag.py:2747} INFO - Creating ORM DAG for example_sensor_decorator
[2023-05-14T15:44:08.387+0000] {logging_mixin.py:149} INFO - [2023-05-14T15:44:08.386+0000] {dag.py:3490} INFO - Setting next_dagrun for example_sensor_decorator to None, run_after=None
[2023-05-14T15:44:08.422+0000] {processor.py:178} INFO - Processing /home/airflow/.local/lib/python3.7/site-packages/airflow/example_dags/example_sensor_decorator.py took 0.465 seconds
[2023-05-14T15:46:20.526+0000] {processor.py:156} INFO - Started process (PID=50) to work on /home/airflow/.local/lib/python3.7/site-packages/airflow/example_dags/example_sensor_decorator.py
[2023-05-14T15:46:20.530+0000] {processor.py:799} INFO - Processing file /home/airflow/.local/lib/python3.7/site-packages/airflow/example_dags/example_sensor_decorator.py for tasks to queue
[2023-05-14T15:46:20.541+0000] {logging_mixin.py:149} INFO - [2023-05-14T15:46:20.541+0000] {dagbag.py:541} INFO - Filling up the DagBag from /home/airflow/.local/lib/python3.7/site-packages/airflow/example_dags/example_sensor_decorator.py
[2023-05-14T15:46:20.555+0000] {processor.py:809} INFO - DAG(s) dict_keys(['example_sensor_decorator']) retrieved from /home/airflow/.local/lib/python3.7/site-packages/airflow/example_dags/example_sensor_decorator.py
[2023-05-14T15:46:20.585+0000] {logging_mixin.py:149} INFO - [2023-05-14T15:46:20.585+0000] {dag.py:2726} INFO - Sync 1 DAGs
[2023-05-14T15:46:20.639+0000] {logging_mixin.py:149} INFO - [2023-05-14T15:46:20.638+0000] {dag.py:3490} INFO - Setting next_dagrun for example_sensor_decorator to None, run_after=None
[2023-05-14T15:46:20.678+0000] {processor.py:178} INFO - Processing /home/airflow/.local/lib/python3.7/site-packages/airflow/example_dags/example_sensor_decorator.py took 0.160 seconds
[2023-05-14T15:46:51.931+0000] {processor.py:156} INFO - Started process (PID=115) to work on /home/airflow/.local/lib/python3.7/site-packages/airflow/example_dags/example_sensor_decorator.py
[2023-05-14T15:46:51.934+0000] {processor.py:799} INFO - Processing file /home/airflow/.local/lib/python3.7/site-packages/airflow/example_dags/example_sensor_decorator.py for tasks to queue
[2023-05-14T15:46:51.937+0000] {logging_mixin.py:149} INFO - [2023-05-14T15:46:51.937+0000] {dagbag.py:541} INFO - Filling up the DagBag from /home/airflow/.local/lib/python3.7/site-packages/airflow/example_dags/example_sensor_decorator.py
[2023-05-14T15:46:51.948+0000] {processor.py:809} INFO - DAG(s) dict_keys(['example_sensor_decorator']) retrieved from /home/airflow/.local/lib/python3.7/site-packages/airflow/example_dags/example_sensor_decorator.py
[2023-05-14T15:46:51.986+0000] {logging_mixin.py:149} INFO - [2023-05-14T15:46:51.986+0000] {dag.py:2726} INFO - Sync 1 DAGs
[2023-05-14T15:46:52.023+0000] {logging_mixin.py:149} INFO - [2023-05-14T15:46:52.023+0000] {dag.py:3490} INFO - Setting next_dagrun for example_sensor_decorator to None, run_after=None
[2023-05-14T15:46:52.054+0000] {processor.py:178} INFO - Processing /home/airflow/.local/lib/python3.7/site-packages/airflow/example_dags/example_sensor_decorator.py took 0.127 seconds
[2023-05-14T15:47:33.537+0000] {processor.py:156} INFO - Started process (PID=185) to work on /home/airflow/.local/lib/python3.7/site-packages/airflow/example_dags/example_sensor_decorator.py
[2023-05-14T15:47:33.541+0000] {processor.py:799} INFO - Processing file /home/airflow/.local/lib/python3.7/site-packages/airflow/example_dags/example_sensor_decorator.py for tasks to queue
[2023-05-14T15:47:33.545+0000] {logging_mixin.py:149} INFO - [2023-05-14T15:47:33.544+0000] {dagbag.py:541} INFO - Filling up the DagBag from /home/airflow/.local/lib/python3.7/site-packages/airflow/example_dags/example_sensor_decorator.py
[2023-05-14T15:47:33.567+0000] {processor.py:809} INFO - DAG(s) dict_keys(['example_sensor_decorator']) retrieved from /home/airflow/.local/lib/python3.7/site-packages/airflow/example_dags/example_sensor_decorator.py
[2023-05-14T15:47:33.698+0000] {logging_mixin.py:149} INFO - [2023-05-14T15:47:33.697+0000] {dag.py:2726} INFO - Sync 1 DAGs
[2023-05-14T15:47:33.861+0000] {logging_mixin.py:149} INFO - [2023-05-14T15:47:33.861+0000] {dag.py:3490} INFO - Setting next_dagrun for example_sensor_decorator to None, run_after=None
[2023-05-14T15:47:33.975+0000] {processor.py:178} INFO - Processing /home/airflow/.local/lib/python3.7/site-packages/airflow/example_dags/example_sensor_decorator.py took 0.468 seconds
[2023-05-14T15:48:04.418+0000] {processor.py:156} INFO - Started process (PID=252) to work on /home/airflow/.local/lib/python3.7/site-packages/airflow/example_dags/example_sensor_decorator.py
[2023-05-14T15:48:04.422+0000] {processor.py:799} INFO - Processing file /home/airflow/.local/lib/python3.7/site-packages/airflow/example_dags/example_sensor_decorator.py for tasks to queue
[2023-05-14T15:48:04.447+0000] {logging_mixin.py:149} INFO - [2023-05-14T15:48:04.446+0000] {dagbag.py:541} INFO - Filling up the DagBag from /home/airflow/.local/lib/python3.7/site-packages/airflow/example_dags/example_sensor_decorator.py
[2023-05-14T15:48:04.473+0000] {processor.py:809} INFO - DAG(s) dict_keys(['example_sensor_decorator']) retrieved from /home/airflow/.local/lib/python3.7/site-packages/airflow/example_dags/example_sensor_decorator.py
[2023-05-14T15:48:04.628+0000] {logging_mixin.py:149} INFO - [2023-05-14T15:48:04.627+0000] {dag.py:2726} INFO - Sync 1 DAGs
[2023-05-14T15:48:04.702+0000] {logging_mixin.py:149} INFO - [2023-05-14T15:48:04.702+0000] {dag.py:3490} INFO - Setting next_dagrun for example_sensor_decorator to None, run_after=None
[2023-05-14T15:48:04.800+0000] {processor.py:178} INFO - Processing /home/airflow/.local/lib/python3.7/site-packages/airflow/example_dags/example_sensor_decorator.py took 0.391 seconds
[2023-05-14T15:48:35.661+0000] {processor.py:156} INFO - Started process (PID=317) to work on /home/airflow/.local/lib/python3.7/site-packages/airflow/example_dags/example_sensor_decorator.py
[2023-05-14T15:48:35.664+0000] {processor.py:799} INFO - Processing file /home/airflow/.local/lib/python3.7/site-packages/airflow/example_dags/example_sensor_decorator.py for tasks to queue
[2023-05-14T15:48:35.666+0000] {logging_mixin.py:149} INFO - [2023-05-14T15:48:35.666+0000] {dagbag.py:541} INFO - Filling up the DagBag from /home/airflow/.local/lib/python3.7/site-packages/airflow/example_dags/example_sensor_decorator.py
[2023-05-14T15:48:35.677+0000] {processor.py:809} INFO - DAG(s) dict_keys(['example_sensor_decorator']) retrieved from /home/airflow/.local/lib/python3.7/site-packages/airflow/example_dags/example_sensor_decorator.py
[2023-05-14T15:48:35.718+0000] {logging_mixin.py:149} INFO - [2023-05-14T15:48:35.718+0000] {dag.py:2726} INFO - Sync 1 DAGs
[2023-05-14T15:48:35.753+0000] {logging_mixin.py:149} INFO - [2023-05-14T15:48:35.753+0000] {dag.py:3490} INFO - Setting next_dagrun for example_sensor_decorator to None, run_after=None
[2023-05-14T15:48:35.785+0000] {processor.py:178} INFO - Processing /home/airflow/.local/lib/python3.7/site-packages/airflow/example_dags/example_sensor_decorator.py took 0.129 seconds
[2023-05-14T15:49:05.865+0000] {processor.py:156} INFO - Started process (PID=383) to work on /home/airflow/.local/lib/python3.7/site-packages/airflow/example_dags/example_sensor_decorator.py
[2023-05-14T15:49:05.868+0000] {processor.py:799} INFO - Processing file /home/airflow/.local/lib/python3.7/site-packages/airflow/example_dags/example_sensor_decorator.py for tasks to queue
[2023-05-14T15:49:05.871+0000] {logging_mixin.py:149} INFO - [2023-05-14T15:49:05.871+0000] {dagbag.py:541} INFO - Filling up the DagBag from /home/airflow/.local/lib/python3.7/site-packages/airflow/example_dags/example_sensor_decorator.py
[2023-05-14T15:49:05.898+0000] {processor.py:809} INFO - DAG(s) dict_keys(['example_sensor_decorator']) retrieved from /home/airflow/.local/lib/python3.7/site-packages/airflow/example_dags/example_sensor_decorator.py
[2023-05-14T15:49:06.030+0000] {logging_mixin.py:149} INFO - [2023-05-14T15:49:06.030+0000] {dag.py:2726} INFO - Sync 1 DAGs
[2023-05-14T15:49:06.164+0000] {logging_mixin.py:149} INFO - [2023-05-14T15:49:06.164+0000] {dag.py:3490} INFO - Setting next_dagrun for example_sensor_decorator to None, run_after=None
[2023-05-14T15:49:06.340+0000] {processor.py:178} INFO - Processing /home/airflow/.local/lib/python3.7/site-packages/airflow/example_dags/example_sensor_decorator.py took 0.488 seconds
[2023-05-14T15:49:36.767+0000] {processor.py:156} INFO - Started process (PID=456) to work on /home/airflow/.local/lib/python3.7/site-packages/airflow/example_dags/example_sensor_decorator.py
[2023-05-14T15:49:36.772+0000] {processor.py:799} INFO - Processing file /home/airflow/.local/lib/python3.7/site-packages/airflow/example_dags/example_sensor_decorator.py for tasks to queue
[2023-05-14T15:49:36.775+0000] {logging_mixin.py:149} INFO - [2023-05-14T15:49:36.774+0000] {dagbag.py:541} INFO - Filling up the DagBag from /home/airflow/.local/lib/python3.7/site-packages/airflow/example_dags/example_sensor_decorator.py
[2023-05-14T15:49:36.790+0000] {processor.py:809} INFO - DAG(s) dict_keys(['example_sensor_decorator']) retrieved from /home/airflow/.local/lib/python3.7/site-packages/airflow/example_dags/example_sensor_decorator.py
[2023-05-14T15:49:36.842+0000] {logging_mixin.py:149} INFO - [2023-05-14T15:49:36.842+0000] {dag.py:2726} INFO - Sync 1 DAGs
[2023-05-14T15:49:36.892+0000] {logging_mixin.py:149} INFO - [2023-05-14T15:49:36.891+0000] {dag.py:3490} INFO - Setting next_dagrun for example_sensor_decorator to None, run_after=None
[2023-05-14T15:49:36.937+0000] {processor.py:178} INFO - Processing /home/airflow/.local/lib/python3.7/site-packages/airflow/example_dags/example_sensor_decorator.py took 0.176 seconds
[2023-05-14T15:50:07.715+0000] {processor.py:156} INFO - Started process (PID=521) to work on /home/airflow/.local/lib/python3.7/site-packages/airflow/example_dags/example_sensor_decorator.py
[2023-05-14T15:50:07.719+0000] {processor.py:799} INFO - Processing file /home/airflow/.local/lib/python3.7/site-packages/airflow/example_dags/example_sensor_decorator.py for tasks to queue
[2023-05-14T15:50:07.725+0000] {logging_mixin.py:149} INFO - [2023-05-14T15:50:07.723+0000] {dagbag.py:541} INFO - Filling up the DagBag from /home/airflow/.local/lib/python3.7/site-packages/airflow/example_dags/example_sensor_decorator.py
[2023-05-14T15:50:07.753+0000] {processor.py:809} INFO - DAG(s) dict_keys(['example_sensor_decorator']) retrieved from /home/airflow/.local/lib/python3.7/site-packages/airflow/example_dags/example_sensor_decorator.py
[2023-05-14T15:50:07.826+0000] {logging_mixin.py:149} INFO - [2023-05-14T15:50:07.826+0000] {dag.py:2726} INFO - Sync 1 DAGs
[2023-05-14T15:50:07.913+0000] {logging_mixin.py:149} INFO - [2023-05-14T15:50:07.913+0000] {dag.py:3490} INFO - Setting next_dagrun for example_sensor_decorator to None, run_after=None
[2023-05-14T15:50:07.981+0000] {processor.py:178} INFO - Processing /home/airflow/.local/lib/python3.7/site-packages/airflow/example_dags/example_sensor_decorator.py took 0.274 seconds
[2023-05-14T15:50:38.119+0000] {processor.py:156} INFO - Started process (PID=591) to work on /home/airflow/.local/lib/python3.7/site-packages/airflow/example_dags/example_sensor_decorator.py
[2023-05-14T15:50:38.141+0000] {processor.py:799} INFO - Processing file /home/airflow/.local/lib/python3.7/site-packages/airflow/example_dags/example_sensor_decorator.py for tasks to queue
[2023-05-14T15:50:38.147+0000] {logging_mixin.py:149} INFO - [2023-05-14T15:50:38.146+0000] {dagbag.py:541} INFO - Filling up the DagBag from /home/airflow/.local/lib/python3.7/site-packages/airflow/example_dags/example_sensor_decorator.py
[2023-05-14T15:50:38.158+0000] {processor.py:809} INFO - DAG(s) dict_keys(['example_sensor_decorator']) retrieved from /home/airflow/.local/lib/python3.7/site-packages/airflow/example_dags/example_sensor_decorator.py
[2023-05-14T15:50:38.241+0000] {logging_mixin.py:149} INFO - [2023-05-14T15:50:38.241+0000] {dag.py:2726} INFO - Sync 1 DAGs
[2023-05-14T15:50:38.314+0000] {logging_mixin.py:149} INFO - [2023-05-14T15:50:38.314+0000] {dag.py:3490} INFO - Setting next_dagrun for example_sensor_decorator to None, run_after=None
[2023-05-14T15:50:38.363+0000] {processor.py:178} INFO - Processing /home/airflow/.local/lib/python3.7/site-packages/airflow/example_dags/example_sensor_decorator.py took 0.255 seconds
[2023-05-14T15:51:08.711+0000] {processor.py:156} INFO - Started process (PID=657) to work on /home/airflow/.local/lib/python3.7/site-packages/airflow/example_dags/example_sensor_decorator.py
[2023-05-14T15:51:08.715+0000] {processor.py:799} INFO - Processing file /home/airflow/.local/lib/python3.7/site-packages/airflow/example_dags/example_sensor_decorator.py for tasks to queue
[2023-05-14T15:51:08.718+0000] {logging_mixin.py:149} INFO - [2023-05-14T15:51:08.718+0000] {dagbag.py:541} INFO - Filling up the DagBag from /home/airflow/.local/lib/python3.7/site-packages/airflow/example_dags/example_sensor_decorator.py
[2023-05-14T15:51:08.746+0000] {processor.py:809} INFO - DAG(s) dict_keys(['example_sensor_decorator']) retrieved from /home/airflow/.local/lib/python3.7/site-packages/airflow/example_dags/example_sensor_decorator.py
[2023-05-14T15:51:08.820+0000] {logging_mixin.py:149} INFO - [2023-05-14T15:51:08.820+0000] {dag.py:2726} INFO - Sync 1 DAGs
[2023-05-14T15:51:08.901+0000] {logging_mixin.py:149} INFO - [2023-05-14T15:51:08.901+0000] {dag.py:3490} INFO - Setting next_dagrun for example_sensor_decorator to None, run_after=None
[2023-05-14T15:51:08.967+0000] {processor.py:178} INFO - Processing /home/airflow/.local/lib/python3.7/site-packages/airflow/example_dags/example_sensor_decorator.py took 0.280 seconds
