[2023-05-14T15:46:24.074+0000] {processor.py:156} INFO - Started process (PID=71) to work on /home/airflow/.local/lib/python3.7/site-packages/airflow/example_dags/example_xcom.py
[2023-05-14T15:46:24.078+0000] {processor.py:799} INFO - Processing file /home/airflow/.local/lib/python3.7/site-packages/airflow/example_dags/example_xcom.py for tasks to queue
[2023-05-14T15:46:24.081+0000] {logging_mixin.py:149} INFO - [2023-05-14T15:46:24.081+0000] {dagbag.py:541} INFO - Filling up the DagBag from /home/airflow/.local/lib/python3.7/site-packages/airflow/example_dags/example_xcom.py
[2023-05-14T15:46:24.097+0000] {processor.py:809} INFO - DAG(s) dict_keys(['example_xcom']) retrieved from /home/airflow/.local/lib/python3.7/site-packages/airflow/example_dags/example_xcom.py
[2023-05-14T15:46:24.121+0000] {logging_mixin.py:149} INFO - [2023-05-14T15:46:24.121+0000] {dag.py:2726} INFO - Sync 1 DAGs
[2023-05-14T15:46:24.171+0000] {logging_mixin.py:149} INFO - [2023-05-14T15:46:24.171+0000] {dag.py:3490} INFO - Setting next_dagrun for example_xcom to 2021-01-01T00:00:00+00:00, run_after=2021-01-01T00:00:00+00:00
[2023-05-14T15:46:24.205+0000] {processor.py:178} INFO - Processing /home/airflow/.local/lib/python3.7/site-packages/airflow/example_dags/example_xcom.py took 0.139 seconds
[2023-05-14T15:46:57.140+0000] {processor.py:156} INFO - Started process (PID=136) to work on /home/airflow/.local/lib/python3.7/site-packages/airflow/example_dags/example_xcom.py
[2023-05-14T15:46:57.146+0000] {processor.py:799} INFO - Processing file /home/airflow/.local/lib/python3.7/site-packages/airflow/example_dags/example_xcom.py for tasks to queue
[2023-05-14T15:46:57.149+0000] {logging_mixin.py:149} INFO - [2023-05-14T15:46:57.148+0000] {dagbag.py:541} INFO - Filling up the DagBag from /home/airflow/.local/lib/python3.7/site-packages/airflow/example_dags/example_xcom.py
[2023-05-14T15:46:57.167+0000] {processor.py:809} INFO - DAG(s) dict_keys(['example_xcom']) retrieved from /home/airflow/.local/lib/python3.7/site-packages/airflow/example_dags/example_xcom.py
[2023-05-14T15:46:57.231+0000] {logging_mixin.py:149} INFO - [2023-05-14T15:46:57.231+0000] {dag.py:2726} INFO - Sync 1 DAGs
[2023-05-14T15:46:57.283+0000] {logging_mixin.py:149} INFO - [2023-05-14T15:46:57.283+0000] {dag.py:3490} INFO - Setting next_dagrun for example_xcom to 2021-01-01T00:00:00+00:00, run_after=2021-01-01T00:00:00+00:00
[2023-05-14T15:46:57.327+0000] {processor.py:178} INFO - Processing /home/airflow/.local/lib/python3.7/site-packages/airflow/example_dags/example_xcom.py took 0.195 seconds
[2023-05-14T15:47:39.987+0000] {processor.py:156} INFO - Started process (PID=214) to work on /home/airflow/.local/lib/python3.7/site-packages/airflow/example_dags/example_xcom.py
[2023-05-14T15:47:39.992+0000] {processor.py:799} INFO - Processing file /home/airflow/.local/lib/python3.7/site-packages/airflow/example_dags/example_xcom.py for tasks to queue
[2023-05-14T15:47:39.998+0000] {logging_mixin.py:149} INFO - [2023-05-14T15:47:39.997+0000] {dagbag.py:541} INFO - Filling up the DagBag from /home/airflow/.local/lib/python3.7/site-packages/airflow/example_dags/example_xcom.py
[2023-05-14T15:47:40.024+0000] {processor.py:809} INFO - DAG(s) dict_keys(['example_xcom']) retrieved from /home/airflow/.local/lib/python3.7/site-packages/airflow/example_dags/example_xcom.py
[2023-05-14T15:47:40.111+0000] {logging_mixin.py:149} INFO - [2023-05-14T15:47:40.111+0000] {dag.py:2726} INFO - Sync 1 DAGs
[2023-05-14T15:47:40.188+0000] {logging_mixin.py:149} INFO - [2023-05-14T15:47:40.188+0000] {dag.py:3490} INFO - Setting next_dagrun for example_xcom to 2021-01-01T00:00:00+00:00, run_after=2021-01-01T00:00:00+00:00
[2023-05-14T15:47:40.253+0000] {processor.py:178} INFO - Processing /home/airflow/.local/lib/python3.7/site-packages/airflow/example_dags/example_xcom.py took 0.289 seconds
[2023-05-14T15:48:10.985+0000] {processor.py:156} INFO - Started process (PID=280) to work on /home/airflow/.local/lib/python3.7/site-packages/airflow/example_dags/example_xcom.py
[2023-05-14T15:48:10.994+0000] {processor.py:799} INFO - Processing file /home/airflow/.local/lib/python3.7/site-packages/airflow/example_dags/example_xcom.py for tasks to queue
[2023-05-14T15:48:11.002+0000] {logging_mixin.py:149} INFO - [2023-05-14T15:48:11.002+0000] {dagbag.py:541} INFO - Filling up the DagBag from /home/airflow/.local/lib/python3.7/site-packages/airflow/example_dags/example_xcom.py
[2023-05-14T15:48:11.025+0000] {processor.py:809} INFO - DAG(s) dict_keys(['example_xcom']) retrieved from /home/airflow/.local/lib/python3.7/site-packages/airflow/example_dags/example_xcom.py
[2023-05-14T15:48:11.107+0000] {logging_mixin.py:149} INFO - [2023-05-14T15:48:11.107+0000] {dag.py:2726} INFO - Sync 1 DAGs
[2023-05-14T15:48:11.173+0000] {logging_mixin.py:149} INFO - [2023-05-14T15:48:11.172+0000] {dag.py:3490} INFO - Setting next_dagrun for example_xcom to 2021-01-01T00:00:00+00:00, run_after=2021-01-01T00:00:00+00:00
[2023-05-14T15:48:11.275+0000] {processor.py:178} INFO - Processing /home/airflow/.local/lib/python3.7/site-packages/airflow/example_dags/example_xcom.py took 0.301 seconds
[2023-05-14T15:48:43.292+0000] {processor.py:156} INFO - Started process (PID=346) to work on /home/airflow/.local/lib/python3.7/site-packages/airflow/example_dags/example_xcom.py
[2023-05-14T15:48:43.299+0000] {processor.py:799} INFO - Processing file /home/airflow/.local/lib/python3.7/site-packages/airflow/example_dags/example_xcom.py for tasks to queue
[2023-05-14T15:48:43.304+0000] {logging_mixin.py:149} INFO - [2023-05-14T15:48:43.304+0000] {dagbag.py:541} INFO - Filling up the DagBag from /home/airflow/.local/lib/python3.7/site-packages/airflow/example_dags/example_xcom.py
[2023-05-14T15:48:43.339+0000] {processor.py:809} INFO - DAG(s) dict_keys(['example_xcom']) retrieved from /home/airflow/.local/lib/python3.7/site-packages/airflow/example_dags/example_xcom.py
[2023-05-14T15:48:43.427+0000] {logging_mixin.py:149} INFO - [2023-05-14T15:48:43.426+0000] {dag.py:2726} INFO - Sync 1 DAGs
[2023-05-14T15:48:43.493+0000] {logging_mixin.py:149} INFO - [2023-05-14T15:48:43.493+0000] {dag.py:3490} INFO - Setting next_dagrun for example_xcom to 2021-01-01T00:00:00+00:00, run_after=2021-01-01T00:00:00+00:00
[2023-05-14T15:48:43.582+0000] {processor.py:178} INFO - Processing /home/airflow/.local/lib/python3.7/site-packages/airflow/example_dags/example_xcom.py took 0.304 seconds
[2023-05-14T15:49:15.962+0000] {processor.py:156} INFO - Started process (PID=412) to work on /home/airflow/.local/lib/python3.7/site-packages/airflow/example_dags/example_xcom.py
[2023-05-14T15:49:15.970+0000] {processor.py:799} INFO - Processing file /home/airflow/.local/lib/python3.7/site-packages/airflow/example_dags/example_xcom.py for tasks to queue
[2023-05-14T15:49:15.976+0000] {logging_mixin.py:149} INFO - [2023-05-14T15:49:15.974+0000] {dagbag.py:541} INFO - Filling up the DagBag from /home/airflow/.local/lib/python3.7/site-packages/airflow/example_dags/example_xcom.py
[2023-05-14T15:49:16.075+0000] {processor.py:809} INFO - DAG(s) dict_keys(['example_xcom']) retrieved from /home/airflow/.local/lib/python3.7/site-packages/airflow/example_dags/example_xcom.py
[2023-05-14T15:49:16.351+0000] {logging_mixin.py:149} INFO - [2023-05-14T15:49:16.350+0000] {dag.py:2726} INFO - Sync 1 DAGs
[2023-05-14T15:49:16.637+0000] {logging_mixin.py:149} INFO - [2023-05-14T15:49:16.636+0000] {dag.py:3490} INFO - Setting next_dagrun for example_xcom to 2021-01-01T00:00:00+00:00, run_after=2021-01-01T00:00:00+00:00
[2023-05-14T15:49:16.847+0000] {processor.py:178} INFO - Processing /home/airflow/.local/lib/python3.7/site-packages/airflow/example_dags/example_xcom.py took 1.026 seconds
[2023-05-14T15:49:48.027+0000] {processor.py:156} INFO - Started process (PID=478) to work on /home/airflow/.local/lib/python3.7/site-packages/airflow/example_dags/example_xcom.py
[2023-05-14T15:49:48.032+0000] {processor.py:799} INFO - Processing file /home/airflow/.local/lib/python3.7/site-packages/airflow/example_dags/example_xcom.py for tasks to queue
[2023-05-14T15:49:48.035+0000] {logging_mixin.py:149} INFO - [2023-05-14T15:49:48.035+0000] {dagbag.py:541} INFO - Filling up the DagBag from /home/airflow/.local/lib/python3.7/site-packages/airflow/example_dags/example_xcom.py
[2023-05-14T15:49:48.069+0000] {processor.py:809} INFO - DAG(s) dict_keys(['example_xcom']) retrieved from /home/airflow/.local/lib/python3.7/site-packages/airflow/example_dags/example_xcom.py
[2023-05-14T15:49:48.198+0000] {logging_mixin.py:149} INFO - [2023-05-14T15:49:48.198+0000] {dag.py:2726} INFO - Sync 1 DAGs
[2023-05-14T15:49:48.307+0000] {logging_mixin.py:149} INFO - [2023-05-14T15:49:48.306+0000] {dag.py:3490} INFO - Setting next_dagrun for example_xcom to 2021-01-01T00:00:00+00:00, run_after=2021-01-01T00:00:00+00:00
[2023-05-14T15:49:48.383+0000] {processor.py:178} INFO - Processing /home/airflow/.local/lib/python3.7/site-packages/airflow/example_dags/example_xcom.py took 0.374 seconds
[2023-05-14T15:50:18.574+0000] {processor.py:156} INFO - Started process (PID=542) to work on /home/airflow/.local/lib/python3.7/site-packages/airflow/example_dags/example_xcom.py
[2023-05-14T15:50:18.578+0000] {processor.py:799} INFO - Processing file /home/airflow/.local/lib/python3.7/site-packages/airflow/example_dags/example_xcom.py for tasks to queue
[2023-05-14T15:50:18.582+0000] {logging_mixin.py:149} INFO - [2023-05-14T15:50:18.582+0000] {dagbag.py:541} INFO - Filling up the DagBag from /home/airflow/.local/lib/python3.7/site-packages/airflow/example_dags/example_xcom.py
[2023-05-14T15:50:18.604+0000] {processor.py:809} INFO - DAG(s) dict_keys(['example_xcom']) retrieved from /home/airflow/.local/lib/python3.7/site-packages/airflow/example_dags/example_xcom.py
[2023-05-14T15:50:18.671+0000] {logging_mixin.py:149} INFO - [2023-05-14T15:50:18.671+0000] {dag.py:2726} INFO - Sync 1 DAGs
[2023-05-14T15:50:18.736+0000] {logging_mixin.py:149} INFO - [2023-05-14T15:50:18.735+0000] {dag.py:3490} INFO - Setting next_dagrun for example_xcom to 2021-01-01T00:00:00+00:00, run_after=2021-01-01T00:00:00+00:00
[2023-05-14T15:50:18.797+0000] {processor.py:178} INFO - Processing /home/airflow/.local/lib/python3.7/site-packages/airflow/example_dags/example_xcom.py took 0.227 seconds
[2023-05-14T15:50:48.913+0000] {processor.py:156} INFO - Started process (PID=611) to work on /home/airflow/.local/lib/python3.7/site-packages/airflow/example_dags/example_xcom.py
[2023-05-14T15:50:48.919+0000] {processor.py:799} INFO - Processing file /home/airflow/.local/lib/python3.7/site-packages/airflow/example_dags/example_xcom.py for tasks to queue
[2023-05-14T15:50:48.922+0000] {logging_mixin.py:149} INFO - [2023-05-14T15:50:48.922+0000] {dagbag.py:541} INFO - Filling up the DagBag from /home/airflow/.local/lib/python3.7/site-packages/airflow/example_dags/example_xcom.py
[2023-05-14T15:50:48.945+0000] {processor.py:809} INFO - DAG(s) dict_keys(['example_xcom']) retrieved from /home/airflow/.local/lib/python3.7/site-packages/airflow/example_dags/example_xcom.py
[2023-05-14T15:50:49.032+0000] {logging_mixin.py:149} INFO - [2023-05-14T15:50:49.032+0000] {dag.py:2726} INFO - Sync 1 DAGs
[2023-05-14T15:50:49.158+0000] {logging_mixin.py:149} INFO - [2023-05-14T15:50:49.158+0000] {dag.py:3490} INFO - Setting next_dagrun for example_xcom to 2021-01-01T00:00:00+00:00, run_after=2021-01-01T00:00:00+00:00
[2023-05-14T15:50:49.236+0000] {processor.py:178} INFO - Processing /home/airflow/.local/lib/python3.7/site-packages/airflow/example_dags/example_xcom.py took 0.330 seconds
