[2023-05-14T15:44:05.499+0000] {processor.py:156} INFO - Started process (PID=48) to work on /home/airflow/.local/lib/python3.7/site-packages/airflow/example_dags/example_branch_datetime_operator.py
[2023-05-14T15:44:05.502+0000] {processor.py:799} INFO - Processing file /home/airflow/.local/lib/python3.7/site-packages/airflow/example_dags/example_branch_datetime_operator.py for tasks to queue
[2023-05-14T15:44:05.506+0000] {logging_mixin.py:149} INFO - [2023-05-14T15:44:05.505+0000] {dagbag.py:541} INFO - Filling up the DagBag from /home/airflow/.local/lib/python3.7/site-packages/airflow/example_dags/example_branch_datetime_operator.py
[2023-05-14T15:44:05.534+0000] {processor.py:809} INFO - DAG(s) dict_keys(['example_branch_datetime_operator', 'example_branch_datetime_operator_2', 'example_branch_datetime_operator_3']) retrieved from /home/airflow/.local/lib/python3.7/site-packages/airflow/example_dags/example_branch_datetime_operator.py
[2023-05-14T15:44:05.827+0000] {logging_mixin.py:149} INFO - [2023-05-14T15:44:05.826+0000] {manager.py:504} INFO - Created Permission View: can read on DAG:example_branch_datetime_operator
[2023-05-14T15:44:05.856+0000] {logging_mixin.py:149} INFO - [2023-05-14T15:44:05.856+0000] {manager.py:504} INFO - Created Permission View: can delete on DAG:example_branch_datetime_operator
[2023-05-14T15:44:05.873+0000] {logging_mixin.py:149} INFO - [2023-05-14T15:44:05.873+0000] {manager.py:504} INFO - Created Permission View: can edit on DAG:example_branch_datetime_operator
[2023-05-14T15:44:05.907+0000] {logging_mixin.py:149} INFO - [2023-05-14T15:44:05.906+0000] {manager.py:504} INFO - Created Permission View: can read on DAG:example_branch_datetime_operator_2
[2023-05-14T15:44:05.926+0000] {logging_mixin.py:149} INFO - [2023-05-14T15:44:05.926+0000] {manager.py:504} INFO - Created Permission View: can delete on DAG:example_branch_datetime_operator_2
[2023-05-14T15:44:05.950+0000] {logging_mixin.py:149} INFO - [2023-05-14T15:44:05.950+0000] {manager.py:504} INFO - Created Permission View: can edit on DAG:example_branch_datetime_operator_2
[2023-05-14T15:44:05.984+0000] {logging_mixin.py:149} INFO - [2023-05-14T15:44:05.983+0000] {manager.py:504} INFO - Created Permission View: can read on DAG:example_branch_datetime_operator_3
[2023-05-14T15:44:06.003+0000] {logging_mixin.py:149} INFO - [2023-05-14T15:44:06.003+0000] {manager.py:504} INFO - Created Permission View: can delete on DAG:example_branch_datetime_operator_3
[2023-05-14T15:44:06.022+0000] {logging_mixin.py:149} INFO - [2023-05-14T15:44:06.022+0000] {manager.py:504} INFO - Created Permission View: can edit on DAG:example_branch_datetime_operator_3
[2023-05-14T15:44:06.025+0000] {logging_mixin.py:149} INFO - [2023-05-14T15:44:06.024+0000] {dag.py:2726} INFO - Sync 3 DAGs
[2023-05-14T15:44:06.058+0000] {logging_mixin.py:149} INFO - [2023-05-14T15:44:06.058+0000] {dag.py:2747} INFO - Creating ORM DAG for example_branch_datetime_operator_2
[2023-05-14T15:44:06.061+0000] {logging_mixin.py:149} INFO - [2023-05-14T15:44:06.061+0000] {dag.py:2747} INFO - Creating ORM DAG for example_branch_datetime_operator
[2023-05-14T15:44:06.065+0000] {logging_mixin.py:149} INFO - [2023-05-14T15:44:06.064+0000] {dag.py:2747} INFO - Creating ORM DAG for example_branch_datetime_operator_3
[2023-05-14T15:44:06.095+0000] {logging_mixin.py:149} INFO - [2023-05-14T15:44:06.094+0000] {dag.py:3490} INFO - Setting next_dagrun for example_branch_datetime_operator to 2023-05-13T00:00:00+00:00, run_after=2023-05-14T00:00:00+00:00
[2023-05-14T15:44:06.106+0000] {logging_mixin.py:149} INFO - [2023-05-14T15:44:06.105+0000] {dag.py:3490} INFO - Setting next_dagrun for example_branch_datetime_operator_2 to 2023-05-13T00:00:00+00:00, run_after=2023-05-14T00:00:00+00:00
[2023-05-14T15:44:06.111+0000] {logging_mixin.py:149} INFO - [2023-05-14T15:44:06.111+0000] {dag.py:3490} INFO - Setting next_dagrun for example_branch_datetime_operator_3 to 2023-05-13T00:00:00+00:00, run_after=2023-05-14T00:00:00+00:00
[2023-05-14T15:44:06.183+0000] {processor.py:178} INFO - Processing /home/airflow/.local/lib/python3.7/site-packages/airflow/example_dags/example_branch_datetime_operator.py took 0.691 seconds
[2023-05-14T15:46:19.430+0000] {processor.py:156} INFO - Started process (PID=42) to work on /home/airflow/.local/lib/python3.7/site-packages/airflow/example_dags/example_branch_datetime_operator.py
[2023-05-14T15:46:19.434+0000] {processor.py:799} INFO - Processing file /home/airflow/.local/lib/python3.7/site-packages/airflow/example_dags/example_branch_datetime_operator.py for tasks to queue
[2023-05-14T15:46:19.437+0000] {logging_mixin.py:149} INFO - [2023-05-14T15:46:19.437+0000] {dagbag.py:541} INFO - Filling up the DagBag from /home/airflow/.local/lib/python3.7/site-packages/airflow/example_dags/example_branch_datetime_operator.py
[2023-05-14T15:46:19.458+0000] {processor.py:809} INFO - DAG(s) dict_keys(['example_branch_datetime_operator', 'example_branch_datetime_operator_3', 'example_branch_datetime_operator_2']) retrieved from /home/airflow/.local/lib/python3.7/site-packages/airflow/example_dags/example_branch_datetime_operator.py
[2023-05-14T15:46:19.494+0000] {logging_mixin.py:149} INFO - [2023-05-14T15:46:19.493+0000] {dag.py:2726} INFO - Sync 3 DAGs
[2023-05-14T15:46:19.548+0000] {logging_mixin.py:149} INFO - [2023-05-14T15:46:19.548+0000] {dag.py:3490} INFO - Setting next_dagrun for example_branch_datetime_operator to 2023-05-13T00:00:00+00:00, run_after=2023-05-14T00:00:00+00:00
[2023-05-14T15:46:19.559+0000] {logging_mixin.py:149} INFO - [2023-05-14T15:46:19.558+0000] {dag.py:3490} INFO - Setting next_dagrun for example_branch_datetime_operator_2 to 2023-05-13T00:00:00+00:00, run_after=2023-05-14T00:00:00+00:00
[2023-05-14T15:46:19.566+0000] {logging_mixin.py:149} INFO - [2023-05-14T15:46:19.566+0000] {dag.py:3490} INFO - Setting next_dagrun for example_branch_datetime_operator_3 to 2023-05-13T00:00:00+00:00, run_after=2023-05-14T00:00:00+00:00
[2023-05-14T15:46:19.600+0000] {processor.py:178} INFO - Processing /home/airflow/.local/lib/python3.7/site-packages/airflow/example_dags/example_branch_datetime_operator.py took 0.176 seconds
[2023-05-14T15:46:50.502+0000] {processor.py:156} INFO - Started process (PID=107) to work on /home/airflow/.local/lib/python3.7/site-packages/airflow/example_dags/example_branch_datetime_operator.py
[2023-05-14T15:46:50.506+0000] {processor.py:799} INFO - Processing file /home/airflow/.local/lib/python3.7/site-packages/airflow/example_dags/example_branch_datetime_operator.py for tasks to queue
[2023-05-14T15:46:50.508+0000] {logging_mixin.py:149} INFO - [2023-05-14T15:46:50.508+0000] {dagbag.py:541} INFO - Filling up the DagBag from /home/airflow/.local/lib/python3.7/site-packages/airflow/example_dags/example_branch_datetime_operator.py
[2023-05-14T15:46:50.521+0000] {processor.py:809} INFO - DAG(s) dict_keys(['example_branch_datetime_operator', 'example_branch_datetime_operator_3', 'example_branch_datetime_operator_2']) retrieved from /home/airflow/.local/lib/python3.7/site-packages/airflow/example_dags/example_branch_datetime_operator.py
[2023-05-14T15:46:50.568+0000] {logging_mixin.py:149} INFO - [2023-05-14T15:46:50.567+0000] {dag.py:2726} INFO - Sync 3 DAGs
[2023-05-14T15:46:50.602+0000] {logging_mixin.py:149} INFO - [2023-05-14T15:46:50.602+0000] {dag.py:3490} INFO - Setting next_dagrun for example_branch_datetime_operator to 2023-05-13T00:00:00+00:00, run_after=2023-05-14T00:00:00+00:00
[2023-05-14T15:46:50.610+0000] {logging_mixin.py:149} INFO - [2023-05-14T15:46:50.610+0000] {dag.py:3490} INFO - Setting next_dagrun for example_branch_datetime_operator_2 to 2023-05-13T00:00:00+00:00, run_after=2023-05-14T00:00:00+00:00
[2023-05-14T15:46:50.616+0000] {logging_mixin.py:149} INFO - [2023-05-14T15:46:50.616+0000] {dag.py:3490} INFO - Setting next_dagrun for example_branch_datetime_operator_3 to 2023-05-13T00:00:00+00:00, run_after=2023-05-14T00:00:00+00:00
[2023-05-14T15:46:50.642+0000] {processor.py:178} INFO - Processing /home/airflow/.local/lib/python3.7/site-packages/airflow/example_dags/example_branch_datetime_operator.py took 0.144 seconds
[2023-05-14T15:47:24.711+0000] {processor.py:156} INFO - Started process (PID=177) to work on /home/airflow/.local/lib/python3.7/site-packages/airflow/example_dags/example_branch_datetime_operator.py
[2023-05-14T15:47:24.774+0000] {processor.py:799} INFO - Processing file /home/airflow/.local/lib/python3.7/site-packages/airflow/example_dags/example_branch_datetime_operator.py for tasks to queue
[2023-05-14T15:47:24.783+0000] {logging_mixin.py:149} INFO - [2023-05-14T15:47:24.783+0000] {dagbag.py:541} INFO - Filling up the DagBag from /home/airflow/.local/lib/python3.7/site-packages/airflow/example_dags/example_branch_datetime_operator.py
[2023-05-14T15:47:24.869+0000] {processor.py:809} INFO - DAG(s) dict_keys(['example_branch_datetime_operator_3', 'example_branch_datetime_operator', 'example_branch_datetime_operator_2']) retrieved from /home/airflow/.local/lib/python3.7/site-packages/airflow/example_dags/example_branch_datetime_operator.py
[2023-05-14T15:47:25.121+0000] {logging_mixin.py:149} INFO - [2023-05-14T15:47:25.121+0000] {dag.py:2726} INFO - Sync 3 DAGs
[2023-05-14T15:47:25.326+0000] {logging_mixin.py:149} INFO - [2023-05-14T15:47:25.325+0000] {dag.py:3490} INFO - Setting next_dagrun for example_branch_datetime_operator to 2023-05-13T00:00:00+00:00, run_after=2023-05-14T00:00:00+00:00
[2023-05-14T15:47:25.354+0000] {logging_mixin.py:149} INFO - [2023-05-14T15:47:25.353+0000] {dag.py:3490} INFO - Setting next_dagrun for example_branch_datetime_operator_2 to 2023-05-13T00:00:00+00:00, run_after=2023-05-14T00:00:00+00:00
[2023-05-14T15:47:25.371+0000] {logging_mixin.py:149} INFO - [2023-05-14T15:47:25.371+0000] {dag.py:3490} INFO - Setting next_dagrun for example_branch_datetime_operator_3 to 2023-05-13T00:00:00+00:00, run_after=2023-05-14T00:00:00+00:00
[2023-05-14T15:47:25.712+0000] {processor.py:178} INFO - Processing /home/airflow/.local/lib/python3.7/site-packages/airflow/example_dags/example_branch_datetime_operator.py took 1.010 seconds
[2023-05-14T15:47:56.842+0000] {processor.py:156} INFO - Started process (PID=243) to work on /home/airflow/.local/lib/python3.7/site-packages/airflow/example_dags/example_branch_datetime_operator.py
[2023-05-14T15:47:56.846+0000] {processor.py:799} INFO - Processing file /home/airflow/.local/lib/python3.7/site-packages/airflow/example_dags/example_branch_datetime_operator.py for tasks to queue
[2023-05-14T15:47:56.849+0000] {logging_mixin.py:149} INFO - [2023-05-14T15:47:56.848+0000] {dagbag.py:541} INFO - Filling up the DagBag from /home/airflow/.local/lib/python3.7/site-packages/airflow/example_dags/example_branch_datetime_operator.py
[2023-05-14T15:47:56.863+0000] {processor.py:809} INFO - DAG(s) dict_keys(['example_branch_datetime_operator', 'example_branch_datetime_operator_2', 'example_branch_datetime_operator_3']) retrieved from /home/airflow/.local/lib/python3.7/site-packages/airflow/example_dags/example_branch_datetime_operator.py
[2023-05-14T15:47:56.947+0000] {logging_mixin.py:149} INFO - [2023-05-14T15:47:56.947+0000] {dag.py:2726} INFO - Sync 3 DAGs
[2023-05-14T15:47:57.048+0000] {logging_mixin.py:149} INFO - [2023-05-14T15:47:57.043+0000] {dag.py:3490} INFO - Setting next_dagrun for example_branch_datetime_operator to 2023-05-13T00:00:00+00:00, run_after=2023-05-14T00:00:00+00:00
[2023-05-14T15:47:57.057+0000] {logging_mixin.py:149} INFO - [2023-05-14T15:47:57.057+0000] {dag.py:3490} INFO - Setting next_dagrun for example_branch_datetime_operator_2 to 2023-05-13T00:00:00+00:00, run_after=2023-05-14T00:00:00+00:00
[2023-05-14T15:47:57.061+0000] {logging_mixin.py:149} INFO - [2023-05-14T15:47:57.061+0000] {dag.py:3490} INFO - Setting next_dagrun for example_branch_datetime_operator_3 to 2023-05-13T00:00:00+00:00, run_after=2023-05-14T00:00:00+00:00
[2023-05-14T15:47:57.091+0000] {processor.py:178} INFO - Processing /home/airflow/.local/lib/python3.7/site-packages/airflow/example_dags/example_branch_datetime_operator.py took 0.255 seconds
[2023-05-14T15:48:27.142+0000] {processor.py:156} INFO - Started process (PID=309) to work on /home/airflow/.local/lib/python3.7/site-packages/airflow/example_dags/example_branch_datetime_operator.py
[2023-05-14T15:48:27.147+0000] {processor.py:799} INFO - Processing file /home/airflow/.local/lib/python3.7/site-packages/airflow/example_dags/example_branch_datetime_operator.py for tasks to queue
[2023-05-14T15:48:27.151+0000] {logging_mixin.py:149} INFO - [2023-05-14T15:48:27.150+0000] {dagbag.py:541} INFO - Filling up the DagBag from /home/airflow/.local/lib/python3.7/site-packages/airflow/example_dags/example_branch_datetime_operator.py
[2023-05-14T15:48:27.165+0000] {processor.py:809} INFO - DAG(s) dict_keys(['example_branch_datetime_operator_3', 'example_branch_datetime_operator_2', 'example_branch_datetime_operator']) retrieved from /home/airflow/.local/lib/python3.7/site-packages/airflow/example_dags/example_branch_datetime_operator.py
[2023-05-14T15:48:27.220+0000] {logging_mixin.py:149} INFO - [2023-05-14T15:48:27.220+0000] {dag.py:2726} INFO - Sync 3 DAGs
[2023-05-14T15:48:27.267+0000] {logging_mixin.py:149} INFO - [2023-05-14T15:48:27.267+0000] {dag.py:3490} INFO - Setting next_dagrun for example_branch_datetime_operator to 2023-05-13T00:00:00+00:00, run_after=2023-05-14T00:00:00+00:00
[2023-05-14T15:48:27.280+0000] {logging_mixin.py:149} INFO - [2023-05-14T15:48:27.279+0000] {dag.py:3490} INFO - Setting next_dagrun for example_branch_datetime_operator_2 to 2023-05-13T00:00:00+00:00, run_after=2023-05-14T00:00:00+00:00
[2023-05-14T15:48:27.288+0000] {logging_mixin.py:149} INFO - [2023-05-14T15:48:27.288+0000] {dag.py:3490} INFO - Setting next_dagrun for example_branch_datetime_operator_3 to 2023-05-13T00:00:00+00:00, run_after=2023-05-14T00:00:00+00:00
[2023-05-14T15:48:27.318+0000] {processor.py:178} INFO - Processing /home/airflow/.local/lib/python3.7/site-packages/airflow/example_dags/example_branch_datetime_operator.py took 0.183 seconds
[2023-05-14T15:48:57.848+0000] {processor.py:156} INFO - Started process (PID=375) to work on /home/airflow/.local/lib/python3.7/site-packages/airflow/example_dags/example_branch_datetime_operator.py
[2023-05-14T15:48:57.855+0000] {processor.py:799} INFO - Processing file /home/airflow/.local/lib/python3.7/site-packages/airflow/example_dags/example_branch_datetime_operator.py for tasks to queue
[2023-05-14T15:48:57.858+0000] {logging_mixin.py:149} INFO - [2023-05-14T15:48:57.857+0000] {dagbag.py:541} INFO - Filling up the DagBag from /home/airflow/.local/lib/python3.7/site-packages/airflow/example_dags/example_branch_datetime_operator.py
[2023-05-14T15:48:57.878+0000] {processor.py:809} INFO - DAG(s) dict_keys(['example_branch_datetime_operator_2', 'example_branch_datetime_operator', 'example_branch_datetime_operator_3']) retrieved from /home/airflow/.local/lib/python3.7/site-packages/airflow/example_dags/example_branch_datetime_operator.py
[2023-05-14T15:48:57.937+0000] {logging_mixin.py:149} INFO - [2023-05-14T15:48:57.937+0000] {dag.py:2726} INFO - Sync 3 DAGs
[2023-05-14T15:48:57.976+0000] {logging_mixin.py:149} INFO - [2023-05-14T15:48:57.976+0000] {dag.py:3490} INFO - Setting next_dagrun for example_branch_datetime_operator to 2023-05-13T00:00:00+00:00, run_after=2023-05-14T00:00:00+00:00
[2023-05-14T15:48:57.989+0000] {logging_mixin.py:149} INFO - [2023-05-14T15:48:57.989+0000] {dag.py:3490} INFO - Setting next_dagrun for example_branch_datetime_operator_2 to 2023-05-13T00:00:00+00:00, run_after=2023-05-14T00:00:00+00:00
[2023-05-14T15:48:57.997+0000] {logging_mixin.py:149} INFO - [2023-05-14T15:48:57.996+0000] {dag.py:3490} INFO - Setting next_dagrun for example_branch_datetime_operator_3 to 2023-05-13T00:00:00+00:00, run_after=2023-05-14T00:00:00+00:00
[2023-05-14T15:48:58.038+0000] {processor.py:178} INFO - Processing /home/airflow/.local/lib/python3.7/site-packages/airflow/example_dags/example_branch_datetime_operator.py took 0.196 seconds
[2023-05-14T15:49:28.151+0000] {processor.py:156} INFO - Started process (PID=441) to work on /home/airflow/.local/lib/python3.7/site-packages/airflow/example_dags/example_branch_datetime_operator.py
[2023-05-14T15:49:28.155+0000] {processor.py:799} INFO - Processing file /home/airflow/.local/lib/python3.7/site-packages/airflow/example_dags/example_branch_datetime_operator.py for tasks to queue
[2023-05-14T15:49:28.159+0000] {logging_mixin.py:149} INFO - [2023-05-14T15:49:28.158+0000] {dagbag.py:541} INFO - Filling up the DagBag from /home/airflow/.local/lib/python3.7/site-packages/airflow/example_dags/example_branch_datetime_operator.py
[2023-05-14T15:49:28.176+0000] {processor.py:809} INFO - DAG(s) dict_keys(['example_branch_datetime_operator', 'example_branch_datetime_operator_2', 'example_branch_datetime_operator_3']) retrieved from /home/airflow/.local/lib/python3.7/site-packages/airflow/example_dags/example_branch_datetime_operator.py
[2023-05-14T15:49:28.233+0000] {logging_mixin.py:149} INFO - [2023-05-14T15:49:28.233+0000] {dag.py:2726} INFO - Sync 3 DAGs
[2023-05-14T15:49:28.278+0000] {logging_mixin.py:149} INFO - [2023-05-14T15:49:28.278+0000] {dag.py:3490} INFO - Setting next_dagrun for example_branch_datetime_operator to 2023-05-13T00:00:00+00:00, run_after=2023-05-14T00:00:00+00:00
[2023-05-14T15:49:28.289+0000] {logging_mixin.py:149} INFO - [2023-05-14T15:49:28.289+0000] {dag.py:3490} INFO - Setting next_dagrun for example_branch_datetime_operator_2 to 2023-05-13T00:00:00+00:00, run_after=2023-05-14T00:00:00+00:00
[2023-05-14T15:49:28.294+0000] {logging_mixin.py:149} INFO - [2023-05-14T15:49:28.294+0000] {dag.py:3490} INFO - Setting next_dagrun for example_branch_datetime_operator_3 to 2023-05-13T00:00:00+00:00, run_after=2023-05-14T00:00:00+00:00
[2023-05-14T15:49:28.325+0000] {processor.py:178} INFO - Processing /home/airflow/.local/lib/python3.7/site-packages/airflow/example_dags/example_branch_datetime_operator.py took 0.179 seconds
[2023-05-14T15:49:58.618+0000] {processor.py:156} INFO - Started process (PID=507) to work on /home/airflow/.local/lib/python3.7/site-packages/airflow/example_dags/example_branch_datetime_operator.py
[2023-05-14T15:49:58.621+0000] {processor.py:799} INFO - Processing file /home/airflow/.local/lib/python3.7/site-packages/airflow/example_dags/example_branch_datetime_operator.py for tasks to queue
[2023-05-14T15:49:58.624+0000] {logging_mixin.py:149} INFO - [2023-05-14T15:49:58.623+0000] {dagbag.py:541} INFO - Filling up the DagBag from /home/airflow/.local/lib/python3.7/site-packages/airflow/example_dags/example_branch_datetime_operator.py
[2023-05-14T15:49:58.640+0000] {processor.py:809} INFO - DAG(s) dict_keys(['example_branch_datetime_operator', 'example_branch_datetime_operator_3', 'example_branch_datetime_operator_2']) retrieved from /home/airflow/.local/lib/python3.7/site-packages/airflow/example_dags/example_branch_datetime_operator.py
[2023-05-14T15:49:58.690+0000] {logging_mixin.py:149} INFO - [2023-05-14T15:49:58.690+0000] {dag.py:2726} INFO - Sync 3 DAGs
[2023-05-14T15:49:58.729+0000] {logging_mixin.py:149} INFO - [2023-05-14T15:49:58.729+0000] {dag.py:3490} INFO - Setting next_dagrun for example_branch_datetime_operator to 2023-05-13T00:00:00+00:00, run_after=2023-05-14T00:00:00+00:00
[2023-05-14T15:49:58.739+0000] {logging_mixin.py:149} INFO - [2023-05-14T15:49:58.739+0000] {dag.py:3490} INFO - Setting next_dagrun for example_branch_datetime_operator_2 to 2023-05-13T00:00:00+00:00, run_after=2023-05-14T00:00:00+00:00
[2023-05-14T15:49:58.745+0000] {logging_mixin.py:149} INFO - [2023-05-14T15:49:58.745+0000] {dag.py:3490} INFO - Setting next_dagrun for example_branch_datetime_operator_3 to 2023-05-13T00:00:00+00:00, run_after=2023-05-14T00:00:00+00:00
[2023-05-14T15:49:58.771+0000] {processor.py:178} INFO - Processing /home/airflow/.local/lib/python3.7/site-packages/airflow/example_dags/example_branch_datetime_operator.py took 0.158 seconds
[2023-05-14T15:50:29.681+0000] {processor.py:156} INFO - Started process (PID=572) to work on /home/airflow/.local/lib/python3.7/site-packages/airflow/example_dags/example_branch_datetime_operator.py
[2023-05-14T15:50:29.688+0000] {processor.py:799} INFO - Processing file /home/airflow/.local/lib/python3.7/site-packages/airflow/example_dags/example_branch_datetime_operator.py for tasks to queue
[2023-05-14T15:50:29.695+0000] {logging_mixin.py:149} INFO - [2023-05-14T15:50:29.694+0000] {dagbag.py:541} INFO - Filling up the DagBag from /home/airflow/.local/lib/python3.7/site-packages/airflow/example_dags/example_branch_datetime_operator.py
[2023-05-14T15:50:29.727+0000] {processor.py:809} INFO - DAG(s) dict_keys(['example_branch_datetime_operator_3', 'example_branch_datetime_operator', 'example_branch_datetime_operator_2']) retrieved from /home/airflow/.local/lib/python3.7/site-packages/airflow/example_dags/example_branch_datetime_operator.py
[2023-05-14T15:50:29.823+0000] {logging_mixin.py:149} INFO - [2023-05-14T15:50:29.823+0000] {dag.py:2726} INFO - Sync 3 DAGs
[2023-05-14T15:50:29.887+0000] {logging_mixin.py:149} INFO - [2023-05-14T15:50:29.887+0000] {dag.py:3490} INFO - Setting next_dagrun for example_branch_datetime_operator to 2023-05-13T00:00:00+00:00, run_after=2023-05-14T00:00:00+00:00
[2023-05-14T15:50:29.898+0000] {logging_mixin.py:149} INFO - [2023-05-14T15:50:29.898+0000] {dag.py:3490} INFO - Setting next_dagrun for example_branch_datetime_operator_2 to 2023-05-13T00:00:00+00:00, run_after=2023-05-14T00:00:00+00:00
[2023-05-14T15:50:29.906+0000] {logging_mixin.py:149} INFO - [2023-05-14T15:50:29.905+0000] {dag.py:3490} INFO - Setting next_dagrun for example_branch_datetime_operator_3 to 2023-05-13T00:00:00+00:00, run_after=2023-05-14T00:00:00+00:00
[2023-05-14T15:50:29.940+0000] {processor.py:178} INFO - Processing /home/airflow/.local/lib/python3.7/site-packages/airflow/example_dags/example_branch_datetime_operator.py took 0.270 seconds
[2023-05-14T15:51:00.584+0000] {processor.py:156} INFO - Started process (PID=642) to work on /home/airflow/.local/lib/python3.7/site-packages/airflow/example_dags/example_branch_datetime_operator.py
[2023-05-14T15:51:00.590+0000] {processor.py:799} INFO - Processing file /home/airflow/.local/lib/python3.7/site-packages/airflow/example_dags/example_branch_datetime_operator.py for tasks to queue
[2023-05-14T15:51:00.594+0000] {logging_mixin.py:149} INFO - [2023-05-14T15:51:00.593+0000] {dagbag.py:541} INFO - Filling up the DagBag from /home/airflow/.local/lib/python3.7/site-packages/airflow/example_dags/example_branch_datetime_operator.py
[2023-05-14T15:51:00.624+0000] {processor.py:809} INFO - DAG(s) dict_keys(['example_branch_datetime_operator_2', 'example_branch_datetime_operator_3', 'example_branch_datetime_operator']) retrieved from /home/airflow/.local/lib/python3.7/site-packages/airflow/example_dags/example_branch_datetime_operator.py
[2023-05-14T15:51:00.708+0000] {logging_mixin.py:149} INFO - [2023-05-14T15:51:00.708+0000] {dag.py:2726} INFO - Sync 3 DAGs
[2023-05-14T15:51:00.764+0000] {logging_mixin.py:149} INFO - [2023-05-14T15:51:00.764+0000] {dag.py:3490} INFO - Setting next_dagrun for example_branch_datetime_operator to 2023-05-13T00:00:00+00:00, run_after=2023-05-14T00:00:00+00:00
[2023-05-14T15:51:00.776+0000] {logging_mixin.py:149} INFO - [2023-05-14T15:51:00.774+0000] {dag.py:3490} INFO - Setting next_dagrun for example_branch_datetime_operator_2 to 2023-05-13T00:00:00+00:00, run_after=2023-05-14T00:00:00+00:00
[2023-05-14T15:51:00.786+0000] {logging_mixin.py:149} INFO - [2023-05-14T15:51:00.785+0000] {dag.py:3490} INFO - Setting next_dagrun for example_branch_datetime_operator_3 to 2023-05-13T00:00:00+00:00, run_after=2023-05-14T00:00:00+00:00
[2023-05-14T15:51:00.834+0000] {processor.py:178} INFO - Processing /home/airflow/.local/lib/python3.7/site-packages/airflow/example_dags/example_branch_datetime_operator.py took 0.257 seconds
