[2023-05-14T15:44:08.269+0000] {processor.py:156} INFO - Started process (PID=57) to work on /home/airflow/.local/lib/python3.7/site-packages/airflow/example_dags/example_complex.py
[2023-05-14T15:44:08.273+0000] {processor.py:799} INFO - Processing file /home/airflow/.local/lib/python3.7/site-packages/airflow/example_dags/example_complex.py for tasks to queue
[2023-05-14T15:44:08.276+0000] {logging_mixin.py:149} INFO - [2023-05-14T15:44:08.276+0000] {dagbag.py:541} INFO - Filling up the DagBag from /home/airflow/.local/lib/python3.7/site-packages/airflow/example_dags/example_complex.py
[2023-05-14T15:44:08.298+0000] {logging_mixin.py:149} INFO - [2023-05-14T15:44:08.297+0000] {taskmixin.py:211} WARNING - Dependency <Task(BashOperator): create_entry_group>, delete_entry_group already registered for DAG: example_complex
[2023-05-14T15:44:08.300+0000] {logging_mixin.py:149} INFO - [2023-05-14T15:44:08.300+0000] {taskmixin.py:211} WARNING - Dependency <Task(BashOperator): delete_entry_group>, create_entry_group already registered for DAG: example_complex
[2023-05-14T15:44:08.302+0000] {logging_mixin.py:149} INFO - [2023-05-14T15:44:08.302+0000] {taskmixin.py:211} WARNING - Dependency <Task(BashOperator): create_entry_gcs>, delete_entry already registered for DAG: example_complex
[2023-05-14T15:44:08.305+0000] {logging_mixin.py:149} INFO - [2023-05-14T15:44:08.304+0000] {taskmixin.py:211} WARNING - Dependency <Task(BashOperator): delete_entry>, create_entry_gcs already registered for DAG: example_complex
[2023-05-14T15:44:08.307+0000] {logging_mixin.py:149} INFO - [2023-05-14T15:44:08.307+0000] {taskmixin.py:211} WARNING - Dependency <Task(BashOperator): create_tag>, delete_tag already registered for DAG: example_complex
[2023-05-14T15:44:08.310+0000] {logging_mixin.py:149} INFO - [2023-05-14T15:44:08.309+0000] {taskmixin.py:211} WARNING - Dependency <Task(BashOperator): delete_tag>, create_tag already registered for DAG: example_complex
[2023-05-14T15:44:08.317+0000] {processor.py:809} INFO - DAG(s) dict_keys(['example_complex']) retrieved from /home/airflow/.local/lib/python3.7/site-packages/airflow/example_dags/example_complex.py
[2023-05-14T15:44:08.549+0000] {logging_mixin.py:149} INFO - [2023-05-14T15:44:08.549+0000] {manager.py:504} INFO - Created Permission View: can read on DAG:example_complex
[2023-05-14T15:44:08.569+0000] {logging_mixin.py:149} INFO - [2023-05-14T15:44:08.569+0000] {manager.py:504} INFO - Created Permission View: can delete on DAG:example_complex
[2023-05-14T15:44:08.585+0000] {logging_mixin.py:149} INFO - [2023-05-14T15:44:08.585+0000] {manager.py:504} INFO - Created Permission View: can edit on DAG:example_complex
[2023-05-14T15:44:08.588+0000] {logging_mixin.py:149} INFO - [2023-05-14T15:44:08.587+0000] {dag.py:2726} INFO - Sync 1 DAGs
[2023-05-14T15:44:08.615+0000] {logging_mixin.py:149} INFO - [2023-05-14T15:44:08.614+0000] {dag.py:2747} INFO - Creating ORM DAG for example_complex
[2023-05-14T15:44:08.636+0000] {logging_mixin.py:149} INFO - [2023-05-14T15:44:08.635+0000] {dag.py:3490} INFO - Setting next_dagrun for example_complex to None, run_after=None
[2023-05-14T15:44:08.671+0000] {processor.py:178} INFO - Processing /home/airflow/.local/lib/python3.7/site-packages/airflow/example_dags/example_complex.py took 0.409 seconds
[2023-05-14T15:46:20.584+0000] {processor.py:156} INFO - Started process (PID=51) to work on /home/airflow/.local/lib/python3.7/site-packages/airflow/example_dags/example_complex.py
[2023-05-14T15:46:20.588+0000] {processor.py:799} INFO - Processing file /home/airflow/.local/lib/python3.7/site-packages/airflow/example_dags/example_complex.py for tasks to queue
[2023-05-14T15:46:20.592+0000] {logging_mixin.py:149} INFO - [2023-05-14T15:46:20.591+0000] {dagbag.py:541} INFO - Filling up the DagBag from /home/airflow/.local/lib/python3.7/site-packages/airflow/example_dags/example_complex.py
[2023-05-14T15:46:20.614+0000] {logging_mixin.py:149} INFO - [2023-05-14T15:46:20.614+0000] {taskmixin.py:211} WARNING - Dependency <Task(BashOperator): create_entry_group>, delete_entry_group already registered for DAG: example_complex
[2023-05-14T15:46:20.619+0000] {logging_mixin.py:149} INFO - [2023-05-14T15:46:20.618+0000] {taskmixin.py:211} WARNING - Dependency <Task(BashOperator): delete_entry_group>, create_entry_group already registered for DAG: example_complex
[2023-05-14T15:46:20.621+0000] {logging_mixin.py:149} INFO - [2023-05-14T15:46:20.621+0000] {taskmixin.py:211} WARNING - Dependency <Task(BashOperator): create_entry_gcs>, delete_entry already registered for DAG: example_complex
[2023-05-14T15:46:20.623+0000] {logging_mixin.py:149} INFO - [2023-05-14T15:46:20.623+0000] {taskmixin.py:211} WARNING - Dependency <Task(BashOperator): delete_entry>, create_entry_gcs already registered for DAG: example_complex
[2023-05-14T15:46:20.626+0000] {logging_mixin.py:149} INFO - [2023-05-14T15:46:20.626+0000] {taskmixin.py:211} WARNING - Dependency <Task(BashOperator): create_tag>, delete_tag already registered for DAG: example_complex
[2023-05-14T15:46:20.629+0000] {logging_mixin.py:149} INFO - [2023-05-14T15:46:20.629+0000] {taskmixin.py:211} WARNING - Dependency <Task(BashOperator): delete_tag>, create_tag already registered for DAG: example_complex
[2023-05-14T15:46:20.638+0000] {processor.py:809} INFO - DAG(s) dict_keys(['example_complex']) retrieved from /home/airflow/.local/lib/python3.7/site-packages/airflow/example_dags/example_complex.py
[2023-05-14T15:46:20.664+0000] {logging_mixin.py:149} INFO - [2023-05-14T15:46:20.664+0000] {dag.py:2726} INFO - Sync 1 DAGs
[2023-05-14T15:46:20.717+0000] {logging_mixin.py:149} INFO - [2023-05-14T15:46:20.717+0000] {dag.py:3490} INFO - Setting next_dagrun for example_complex to None, run_after=None
[2023-05-14T15:46:20.762+0000] {processor.py:178} INFO - Processing /home/airflow/.local/lib/python3.7/site-packages/airflow/example_dags/example_complex.py took 0.183 seconds
[2023-05-14T15:46:51.977+0000] {processor.py:156} INFO - Started process (PID=116) to work on /home/airflow/.local/lib/python3.7/site-packages/airflow/example_dags/example_complex.py
[2023-05-14T15:46:51.980+0000] {processor.py:799} INFO - Processing file /home/airflow/.local/lib/python3.7/site-packages/airflow/example_dags/example_complex.py for tasks to queue
[2023-05-14T15:46:51.982+0000] {logging_mixin.py:149} INFO - [2023-05-14T15:46:51.982+0000] {dagbag.py:541} INFO - Filling up the DagBag from /home/airflow/.local/lib/python3.7/site-packages/airflow/example_dags/example_complex.py
[2023-05-14T15:46:51.996+0000] {logging_mixin.py:149} INFO - [2023-05-14T15:46:51.995+0000] {taskmixin.py:211} WARNING - Dependency <Task(BashOperator): create_entry_group>, delete_entry_group already registered for DAG: example_complex
[2023-05-14T15:46:51.998+0000] {logging_mixin.py:149} INFO - [2023-05-14T15:46:51.998+0000] {taskmixin.py:211} WARNING - Dependency <Task(BashOperator): delete_entry_group>, create_entry_group already registered for DAG: example_complex
[2023-05-14T15:46:52.000+0000] {logging_mixin.py:149} INFO - [2023-05-14T15:46:52.000+0000] {taskmixin.py:211} WARNING - Dependency <Task(BashOperator): create_entry_gcs>, delete_entry already registered for DAG: example_complex
[2023-05-14T15:46:52.002+0000] {logging_mixin.py:149} INFO - [2023-05-14T15:46:52.002+0000] {taskmixin.py:211} WARNING - Dependency <Task(BashOperator): delete_entry>, create_entry_gcs already registered for DAG: example_complex
[2023-05-14T15:46:52.005+0000] {logging_mixin.py:149} INFO - [2023-05-14T15:46:52.004+0000] {taskmixin.py:211} WARNING - Dependency <Task(BashOperator): create_tag>, delete_tag already registered for DAG: example_complex
[2023-05-14T15:46:52.007+0000] {logging_mixin.py:149} INFO - [2023-05-14T15:46:52.007+0000] {taskmixin.py:211} WARNING - Dependency <Task(BashOperator): delete_tag>, create_tag already registered for DAG: example_complex
[2023-05-14T15:46:52.010+0000] {processor.py:809} INFO - DAG(s) dict_keys(['example_complex']) retrieved from /home/airflow/.local/lib/python3.7/site-packages/airflow/example_dags/example_complex.py
[2023-05-14T15:46:52.058+0000] {logging_mixin.py:149} INFO - [2023-05-14T15:46:52.058+0000] {dag.py:2726} INFO - Sync 1 DAGs
[2023-05-14T15:46:52.103+0000] {logging_mixin.py:149} INFO - [2023-05-14T15:46:52.102+0000] {dag.py:3490} INFO - Setting next_dagrun for example_complex to None, run_after=None
[2023-05-14T15:46:52.139+0000] {processor.py:178} INFO - Processing /home/airflow/.local/lib/python3.7/site-packages/airflow/example_dags/example_complex.py took 0.167 seconds
[2023-05-14T15:47:33.602+0000] {processor.py:156} INFO - Started process (PID=186) to work on /home/airflow/.local/lib/python3.7/site-packages/airflow/example_dags/example_complex.py
[2023-05-14T15:47:33.621+0000] {processor.py:799} INFO - Processing file /home/airflow/.local/lib/python3.7/site-packages/airflow/example_dags/example_complex.py for tasks to queue
[2023-05-14T15:47:33.627+0000] {logging_mixin.py:149} INFO - [2023-05-14T15:47:33.627+0000] {dagbag.py:541} INFO - Filling up the DagBag from /home/airflow/.local/lib/python3.7/site-packages/airflow/example_dags/example_complex.py
[2023-05-14T15:47:33.714+0000] {logging_mixin.py:149} INFO - [2023-05-14T15:47:33.714+0000] {taskmixin.py:211} WARNING - Dependency <Task(BashOperator): create_entry_group>, delete_entry_group already registered for DAG: example_complex
[2023-05-14T15:47:33.719+0000] {logging_mixin.py:149} INFO - [2023-05-14T15:47:33.719+0000] {taskmixin.py:211} WARNING - Dependency <Task(BashOperator): delete_entry_group>, create_entry_group already registered for DAG: example_complex
[2023-05-14T15:47:33.724+0000] {logging_mixin.py:149} INFO - [2023-05-14T15:47:33.724+0000] {taskmixin.py:211} WARNING - Dependency <Task(BashOperator): create_entry_gcs>, delete_entry already registered for DAG: example_complex
[2023-05-14T15:47:33.727+0000] {logging_mixin.py:149} INFO - [2023-05-14T15:47:33.726+0000] {taskmixin.py:211} WARNING - Dependency <Task(BashOperator): delete_entry>, create_entry_gcs already registered for DAG: example_complex
[2023-05-14T15:47:33.729+0000] {logging_mixin.py:149} INFO - [2023-05-14T15:47:33.729+0000] {taskmixin.py:211} WARNING - Dependency <Task(BashOperator): create_tag>, delete_tag already registered for DAG: example_complex
[2023-05-14T15:47:33.732+0000] {logging_mixin.py:149} INFO - [2023-05-14T15:47:33.731+0000] {taskmixin.py:211} WARNING - Dependency <Task(BashOperator): delete_tag>, create_tag already registered for DAG: example_complex
[2023-05-14T15:47:33.738+0000] {processor.py:809} INFO - DAG(s) dict_keys(['example_complex']) retrieved from /home/airflow/.local/lib/python3.7/site-packages/airflow/example_dags/example_complex.py
[2023-05-14T15:47:33.983+0000] {logging_mixin.py:149} INFO - [2023-05-14T15:47:33.983+0000] {dag.py:2726} INFO - Sync 1 DAGs
[2023-05-14T15:47:34.114+0000] {logging_mixin.py:149} INFO - [2023-05-14T15:47:34.114+0000] {dag.py:3490} INFO - Setting next_dagrun for example_complex to None, run_after=None
[2023-05-14T15:47:34.376+0000] {processor.py:178} INFO - Processing /home/airflow/.local/lib/python3.7/site-packages/airflow/example_dags/example_complex.py took 0.788 seconds
[2023-05-14T15:48:05.011+0000] {processor.py:156} INFO - Started process (PID=253) to work on /home/airflow/.local/lib/python3.7/site-packages/airflow/example_dags/example_complex.py
[2023-05-14T15:48:05.017+0000] {processor.py:799} INFO - Processing file /home/airflow/.local/lib/python3.7/site-packages/airflow/example_dags/example_complex.py for tasks to queue
[2023-05-14T15:48:05.023+0000] {logging_mixin.py:149} INFO - [2023-05-14T15:48:05.023+0000] {dagbag.py:541} INFO - Filling up the DagBag from /home/airflow/.local/lib/python3.7/site-packages/airflow/example_dags/example_complex.py
[2023-05-14T15:48:05.078+0000] {logging_mixin.py:149} INFO - [2023-05-14T15:48:05.076+0000] {taskmixin.py:211} WARNING - Dependency <Task(BashOperator): create_entry_group>, delete_entry_group already registered for DAG: example_complex
[2023-05-14T15:48:05.093+0000] {logging_mixin.py:149} INFO - [2023-05-14T15:48:05.092+0000] {taskmixin.py:211} WARNING - Dependency <Task(BashOperator): delete_entry_group>, create_entry_group already registered for DAG: example_complex
[2023-05-14T15:48:05.120+0000] {logging_mixin.py:149} INFO - [2023-05-14T15:48:05.119+0000] {taskmixin.py:211} WARNING - Dependency <Task(BashOperator): create_entry_gcs>, delete_entry already registered for DAG: example_complex
[2023-05-14T15:48:05.125+0000] {logging_mixin.py:149} INFO - [2023-05-14T15:48:05.124+0000] {taskmixin.py:211} WARNING - Dependency <Task(BashOperator): delete_entry>, create_entry_gcs already registered for DAG: example_complex
[2023-05-14T15:48:05.129+0000] {logging_mixin.py:149} INFO - [2023-05-14T15:48:05.129+0000] {taskmixin.py:211} WARNING - Dependency <Task(BashOperator): create_tag>, delete_tag already registered for DAG: example_complex
[2023-05-14T15:48:05.132+0000] {logging_mixin.py:149} INFO - [2023-05-14T15:48:05.131+0000] {taskmixin.py:211} WARNING - Dependency <Task(BashOperator): delete_tag>, create_tag already registered for DAG: example_complex
[2023-05-14T15:48:05.154+0000] {processor.py:809} INFO - DAG(s) dict_keys(['example_complex']) retrieved from /home/airflow/.local/lib/python3.7/site-packages/airflow/example_dags/example_complex.py
[2023-05-14T15:48:05.283+0000] {logging_mixin.py:149} INFO - [2023-05-14T15:48:05.282+0000] {dag.py:2726} INFO - Sync 1 DAGs
[2023-05-14T15:48:05.362+0000] {logging_mixin.py:149} INFO - [2023-05-14T15:48:05.362+0000] {dag.py:3490} INFO - Setting next_dagrun for example_complex to None, run_after=None
[2023-05-14T15:48:05.418+0000] {processor.py:178} INFO - Processing /home/airflow/.local/lib/python3.7/site-packages/airflow/example_dags/example_complex.py took 0.422 seconds
[2023-05-14T15:48:35.671+0000] {processor.py:156} INFO - Started process (PID=318) to work on /home/airflow/.local/lib/python3.7/site-packages/airflow/example_dags/example_complex.py
[2023-05-14T15:48:35.674+0000] {processor.py:799} INFO - Processing file /home/airflow/.local/lib/python3.7/site-packages/airflow/example_dags/example_complex.py for tasks to queue
[2023-05-14T15:48:35.677+0000] {logging_mixin.py:149} INFO - [2023-05-14T15:48:35.677+0000] {dagbag.py:541} INFO - Filling up the DagBag from /home/airflow/.local/lib/python3.7/site-packages/airflow/example_dags/example_complex.py
[2023-05-14T15:48:35.695+0000] {logging_mixin.py:149} INFO - [2023-05-14T15:48:35.694+0000] {taskmixin.py:211} WARNING - Dependency <Task(BashOperator): create_entry_group>, delete_entry_group already registered for DAG: example_complex
[2023-05-14T15:48:35.697+0000] {logging_mixin.py:149} INFO - [2023-05-14T15:48:35.696+0000] {taskmixin.py:211} WARNING - Dependency <Task(BashOperator): delete_entry_group>, create_entry_group already registered for DAG: example_complex
[2023-05-14T15:48:35.699+0000] {logging_mixin.py:149} INFO - [2023-05-14T15:48:35.698+0000] {taskmixin.py:211} WARNING - Dependency <Task(BashOperator): create_entry_gcs>, delete_entry already registered for DAG: example_complex
[2023-05-14T15:48:35.700+0000] {logging_mixin.py:149} INFO - [2023-05-14T15:48:35.700+0000] {taskmixin.py:211} WARNING - Dependency <Task(BashOperator): delete_entry>, create_entry_gcs already registered for DAG: example_complex
[2023-05-14T15:48:35.702+0000] {logging_mixin.py:149} INFO - [2023-05-14T15:48:35.702+0000] {taskmixin.py:211} WARNING - Dependency <Task(BashOperator): create_tag>, delete_tag already registered for DAG: example_complex
[2023-05-14T15:48:35.703+0000] {logging_mixin.py:149} INFO - [2023-05-14T15:48:35.703+0000] {taskmixin.py:211} WARNING - Dependency <Task(BashOperator): delete_tag>, create_tag already registered for DAG: example_complex
[2023-05-14T15:48:35.706+0000] {processor.py:809} INFO - DAG(s) dict_keys(['example_complex']) retrieved from /home/airflow/.local/lib/python3.7/site-packages/airflow/example_dags/example_complex.py
[2023-05-14T15:48:35.756+0000] {logging_mixin.py:149} INFO - [2023-05-14T15:48:35.755+0000] {dag.py:2726} INFO - Sync 1 DAGs
[2023-05-14T15:48:35.791+0000] {logging_mixin.py:149} INFO - [2023-05-14T15:48:35.791+0000] {dag.py:3490} INFO - Setting next_dagrun for example_complex to None, run_after=None
[2023-05-14T15:48:35.828+0000] {processor.py:178} INFO - Processing /home/airflow/.local/lib/python3.7/site-packages/airflow/example_dags/example_complex.py took 0.162 seconds
[2023-05-14T15:49:06.459+0000] {processor.py:156} INFO - Started process (PID=391) to work on /home/airflow/.local/lib/python3.7/site-packages/airflow/example_dags/example_complex.py
[2023-05-14T15:49:06.464+0000] {processor.py:799} INFO - Processing file /home/airflow/.local/lib/python3.7/site-packages/airflow/example_dags/example_complex.py for tasks to queue
[2023-05-14T15:49:06.470+0000] {logging_mixin.py:149} INFO - [2023-05-14T15:49:06.469+0000] {dagbag.py:541} INFO - Filling up the DagBag from /home/airflow/.local/lib/python3.7/site-packages/airflow/example_dags/example_complex.py
[2023-05-14T15:49:06.547+0000] {logging_mixin.py:149} INFO - [2023-05-14T15:49:06.547+0000] {taskmixin.py:211} WARNING - Dependency <Task(BashOperator): create_entry_group>, delete_entry_group already registered for DAG: example_complex
[2023-05-14T15:49:06.550+0000] {logging_mixin.py:149} INFO - [2023-05-14T15:49:06.550+0000] {taskmixin.py:211} WARNING - Dependency <Task(BashOperator): delete_entry_group>, create_entry_group already registered for DAG: example_complex
[2023-05-14T15:49:06.554+0000] {logging_mixin.py:149} INFO - [2023-05-14T15:49:06.554+0000] {taskmixin.py:211} WARNING - Dependency <Task(BashOperator): create_entry_gcs>, delete_entry already registered for DAG: example_complex
[2023-05-14T15:49:06.557+0000] {logging_mixin.py:149} INFO - [2023-05-14T15:49:06.557+0000] {taskmixin.py:211} WARNING - Dependency <Task(BashOperator): delete_entry>, create_entry_gcs already registered for DAG: example_complex
[2023-05-14T15:49:06.564+0000] {logging_mixin.py:149} INFO - [2023-05-14T15:49:06.564+0000] {taskmixin.py:211} WARNING - Dependency <Task(BashOperator): create_tag>, delete_tag already registered for DAG: example_complex
[2023-05-14T15:49:06.570+0000] {logging_mixin.py:149} INFO - [2023-05-14T15:49:06.569+0000] {taskmixin.py:211} WARNING - Dependency <Task(BashOperator): delete_tag>, create_tag already registered for DAG: example_complex
[2023-05-14T15:49:06.578+0000] {processor.py:809} INFO - DAG(s) dict_keys(['example_complex']) retrieved from /home/airflow/.local/lib/python3.7/site-packages/airflow/example_dags/example_complex.py
[2023-05-14T15:49:06.751+0000] {logging_mixin.py:149} INFO - [2023-05-14T15:49:06.751+0000] {dag.py:2726} INFO - Sync 1 DAGs
[2023-05-14T15:49:06.857+0000] {logging_mixin.py:149} INFO - [2023-05-14T15:49:06.855+0000] {dag.py:3490} INFO - Setting next_dagrun for example_complex to None, run_after=None
[2023-05-14T15:49:06.972+0000] {processor.py:178} INFO - Processing /home/airflow/.local/lib/python3.7/site-packages/airflow/example_dags/example_complex.py took 0.549 seconds
[2023-05-14T15:49:38.003+0000] {processor.py:156} INFO - Started process (PID=457) to work on /home/airflow/.local/lib/python3.7/site-packages/airflow/example_dags/example_complex.py
[2023-05-14T15:49:38.009+0000] {processor.py:799} INFO - Processing file /home/airflow/.local/lib/python3.7/site-packages/airflow/example_dags/example_complex.py for tasks to queue
[2023-05-14T15:49:38.013+0000] {logging_mixin.py:149} INFO - [2023-05-14T15:49:38.012+0000] {dagbag.py:541} INFO - Filling up the DagBag from /home/airflow/.local/lib/python3.7/site-packages/airflow/example_dags/example_complex.py
[2023-05-14T15:49:38.070+0000] {logging_mixin.py:149} INFO - [2023-05-14T15:49:38.070+0000] {taskmixin.py:211} WARNING - Dependency <Task(BashOperator): create_entry_group>, delete_entry_group already registered for DAG: example_complex
[2023-05-14T15:49:38.075+0000] {logging_mixin.py:149} INFO - [2023-05-14T15:49:38.074+0000] {taskmixin.py:211} WARNING - Dependency <Task(BashOperator): delete_entry_group>, create_entry_group already registered for DAG: example_complex
[2023-05-14T15:49:38.079+0000] {logging_mixin.py:149} INFO - [2023-05-14T15:49:38.078+0000] {taskmixin.py:211} WARNING - Dependency <Task(BashOperator): create_entry_gcs>, delete_entry already registered for DAG: example_complex
[2023-05-14T15:49:38.083+0000] {logging_mixin.py:149} INFO - [2023-05-14T15:49:38.083+0000] {taskmixin.py:211} WARNING - Dependency <Task(BashOperator): delete_entry>, create_entry_gcs already registered for DAG: example_complex
[2023-05-14T15:49:38.090+0000] {logging_mixin.py:149} INFO - [2023-05-14T15:49:38.090+0000] {taskmixin.py:211} WARNING - Dependency <Task(BashOperator): create_tag>, delete_tag already registered for DAG: example_complex
[2023-05-14T15:49:38.092+0000] {logging_mixin.py:149} INFO - [2023-05-14T15:49:38.092+0000] {taskmixin.py:211} WARNING - Dependency <Task(BashOperator): delete_tag>, create_tag already registered for DAG: example_complex
[2023-05-14T15:49:38.097+0000] {processor.py:809} INFO - DAG(s) dict_keys(['example_complex']) retrieved from /home/airflow/.local/lib/python3.7/site-packages/airflow/example_dags/example_complex.py
[2023-05-14T15:49:38.214+0000] {logging_mixin.py:149} INFO - [2023-05-14T15:49:38.214+0000] {dag.py:2726} INFO - Sync 1 DAGs
[2023-05-14T15:49:38.289+0000] {logging_mixin.py:149} INFO - [2023-05-14T15:49:38.289+0000] {dag.py:3490} INFO - Setting next_dagrun for example_complex to None, run_after=None
[2023-05-14T15:49:38.352+0000] {processor.py:178} INFO - Processing /home/airflow/.local/lib/python3.7/site-packages/airflow/example_dags/example_complex.py took 0.361 seconds
[2023-05-14T15:50:09.053+0000] {processor.py:156} INFO - Started process (PID=522) to work on /home/airflow/.local/lib/python3.7/site-packages/airflow/example_dags/example_complex.py
[2023-05-14T15:50:09.059+0000] {processor.py:799} INFO - Processing file /home/airflow/.local/lib/python3.7/site-packages/airflow/example_dags/example_complex.py for tasks to queue
[2023-05-14T15:50:09.065+0000] {logging_mixin.py:149} INFO - [2023-05-14T15:50:09.065+0000] {dagbag.py:541} INFO - Filling up the DagBag from /home/airflow/.local/lib/python3.7/site-packages/airflow/example_dags/example_complex.py
[2023-05-14T15:50:09.123+0000] {logging_mixin.py:149} INFO - [2023-05-14T15:50:09.123+0000] {taskmixin.py:211} WARNING - Dependency <Task(BashOperator): create_entry_group>, delete_entry_group already registered for DAG: example_complex
[2023-05-14T15:50:09.130+0000] {logging_mixin.py:149} INFO - [2023-05-14T15:50:09.129+0000] {taskmixin.py:211} WARNING - Dependency <Task(BashOperator): delete_entry_group>, create_entry_group already registered for DAG: example_complex
[2023-05-14T15:50:09.134+0000] {logging_mixin.py:149} INFO - [2023-05-14T15:50:09.133+0000] {taskmixin.py:211} WARNING - Dependency <Task(BashOperator): create_entry_gcs>, delete_entry already registered for DAG: example_complex
[2023-05-14T15:50:09.140+0000] {logging_mixin.py:149} INFO - [2023-05-14T15:50:09.140+0000] {taskmixin.py:211} WARNING - Dependency <Task(BashOperator): delete_entry>, create_entry_gcs already registered for DAG: example_complex
[2023-05-14T15:50:09.143+0000] {logging_mixin.py:149} INFO - [2023-05-14T15:50:09.142+0000] {taskmixin.py:211} WARNING - Dependency <Task(BashOperator): create_tag>, delete_tag already registered for DAG: example_complex
[2023-05-14T15:50:09.146+0000] {logging_mixin.py:149} INFO - [2023-05-14T15:50:09.146+0000] {taskmixin.py:211} WARNING - Dependency <Task(BashOperator): delete_tag>, create_tag already registered for DAG: example_complex
[2023-05-14T15:50:09.150+0000] {processor.py:809} INFO - DAG(s) dict_keys(['example_complex']) retrieved from /home/airflow/.local/lib/python3.7/site-packages/airflow/example_dags/example_complex.py
[2023-05-14T15:50:09.235+0000] {logging_mixin.py:149} INFO - [2023-05-14T15:50:09.234+0000] {dag.py:2726} INFO - Sync 1 DAGs
[2023-05-14T15:50:09.303+0000] {logging_mixin.py:149} INFO - [2023-05-14T15:50:09.303+0000] {dag.py:3490} INFO - Setting next_dagrun for example_complex to None, run_after=None
[2023-05-14T15:50:09.352+0000] {processor.py:178} INFO - Processing /home/airflow/.local/lib/python3.7/site-packages/airflow/example_dags/example_complex.py took 0.311 seconds
[2023-05-14T15:50:39.452+0000] {processor.py:156} INFO - Started process (PID=592) to work on /home/airflow/.local/lib/python3.7/site-packages/airflow/example_dags/example_complex.py
[2023-05-14T15:50:39.465+0000] {processor.py:799} INFO - Processing file /home/airflow/.local/lib/python3.7/site-packages/airflow/example_dags/example_complex.py for tasks to queue
[2023-05-14T15:50:39.474+0000] {logging_mixin.py:149} INFO - [2023-05-14T15:50:39.474+0000] {dagbag.py:541} INFO - Filling up the DagBag from /home/airflow/.local/lib/python3.7/site-packages/airflow/example_dags/example_complex.py
[2023-05-14T15:50:39.511+0000] {logging_mixin.py:149} INFO - [2023-05-14T15:50:39.510+0000] {taskmixin.py:211} WARNING - Dependency <Task(BashOperator): create_entry_group>, delete_entry_group already registered for DAG: example_complex
[2023-05-14T15:50:39.513+0000] {logging_mixin.py:149} INFO - [2023-05-14T15:50:39.513+0000] {taskmixin.py:211} WARNING - Dependency <Task(BashOperator): delete_entry_group>, create_entry_group already registered for DAG: example_complex
[2023-05-14T15:50:39.516+0000] {logging_mixin.py:149} INFO - [2023-05-14T15:50:39.516+0000] {taskmixin.py:211} WARNING - Dependency <Task(BashOperator): create_entry_gcs>, delete_entry already registered for DAG: example_complex
[2023-05-14T15:50:39.519+0000] {logging_mixin.py:149} INFO - [2023-05-14T15:50:39.519+0000] {taskmixin.py:211} WARNING - Dependency <Task(BashOperator): delete_entry>, create_entry_gcs already registered for DAG: example_complex
[2023-05-14T15:50:39.522+0000] {logging_mixin.py:149} INFO - [2023-05-14T15:50:39.522+0000] {taskmixin.py:211} WARNING - Dependency <Task(BashOperator): create_tag>, delete_tag already registered for DAG: example_complex
[2023-05-14T15:50:39.524+0000] {logging_mixin.py:149} INFO - [2023-05-14T15:50:39.524+0000] {taskmixin.py:211} WARNING - Dependency <Task(BashOperator): delete_tag>, create_tag already registered for DAG: example_complex
[2023-05-14T15:50:39.530+0000] {processor.py:809} INFO - DAG(s) dict_keys(['example_complex']) retrieved from /home/airflow/.local/lib/python3.7/site-packages/airflow/example_dags/example_complex.py
[2023-05-14T15:50:39.600+0000] {logging_mixin.py:149} INFO - [2023-05-14T15:50:39.599+0000] {dag.py:2726} INFO - Sync 1 DAGs
[2023-05-14T15:50:39.648+0000] {logging_mixin.py:149} INFO - [2023-05-14T15:50:39.648+0000] {dag.py:3490} INFO - Setting next_dagrun for example_complex to None, run_after=None
[2023-05-14T15:50:39.701+0000] {processor.py:178} INFO - Processing /home/airflow/.local/lib/python3.7/site-packages/airflow/example_dags/example_complex.py took 0.256 seconds
[2023-05-14T15:51:10.054+0000] {processor.py:156} INFO - Started process (PID=658) to work on /home/airflow/.local/lib/python3.7/site-packages/airflow/example_dags/example_complex.py
[2023-05-14T15:51:10.060+0000] {processor.py:799} INFO - Processing file /home/airflow/.local/lib/python3.7/site-packages/airflow/example_dags/example_complex.py for tasks to queue
[2023-05-14T15:51:10.066+0000] {logging_mixin.py:149} INFO - [2023-05-14T15:51:10.065+0000] {dagbag.py:541} INFO - Filling up the DagBag from /home/airflow/.local/lib/python3.7/site-packages/airflow/example_dags/example_complex.py
[2023-05-14T15:51:10.100+0000] {logging_mixin.py:149} INFO - [2023-05-14T15:51:10.100+0000] {taskmixin.py:211} WARNING - Dependency <Task(BashOperator): create_entry_group>, delete_entry_group already registered for DAG: example_complex
[2023-05-14T15:51:10.102+0000] {logging_mixin.py:149} INFO - [2023-05-14T15:51:10.102+0000] {taskmixin.py:211} WARNING - Dependency <Task(BashOperator): delete_entry_group>, create_entry_group already registered for DAG: example_complex
[2023-05-14T15:51:10.105+0000] {logging_mixin.py:149} INFO - [2023-05-14T15:51:10.105+0000] {taskmixin.py:211} WARNING - Dependency <Task(BashOperator): create_entry_gcs>, delete_entry already registered for DAG: example_complex
[2023-05-14T15:51:10.108+0000] {logging_mixin.py:149} INFO - [2023-05-14T15:51:10.108+0000] {taskmixin.py:211} WARNING - Dependency <Task(BashOperator): delete_entry>, create_entry_gcs already registered for DAG: example_complex
[2023-05-14T15:51:10.110+0000] {logging_mixin.py:149} INFO - [2023-05-14T15:51:10.110+0000] {taskmixin.py:211} WARNING - Dependency <Task(BashOperator): create_tag>, delete_tag already registered for DAG: example_complex
[2023-05-14T15:51:10.113+0000] {logging_mixin.py:149} INFO - [2023-05-14T15:51:10.113+0000] {taskmixin.py:211} WARNING - Dependency <Task(BashOperator): delete_tag>, create_tag already registered for DAG: example_complex
[2023-05-14T15:51:10.118+0000] {processor.py:809} INFO - DAG(s) dict_keys(['example_complex']) retrieved from /home/airflow/.local/lib/python3.7/site-packages/airflow/example_dags/example_complex.py
[2023-05-14T15:51:10.225+0000] {logging_mixin.py:149} INFO - [2023-05-14T15:51:10.225+0000] {dag.py:2726} INFO - Sync 1 DAGs
[2023-05-14T15:51:10.295+0000] {logging_mixin.py:149} INFO - [2023-05-14T15:51:10.295+0000] {dag.py:3490} INFO - Setting next_dagrun for example_complex to None, run_after=None
[2023-05-14T15:51:10.341+0000] {processor.py:178} INFO - Processing /home/airflow/.local/lib/python3.7/site-packages/airflow/example_dags/example_complex.py took 0.298 seconds
