[2023-05-14T15:46:24.164+0000] {processor.py:156} INFO - Started process (PID=72) to work on /home/airflow/.local/lib/python3.7/site-packages/airflow/example_dags/example_latest_only.py
[2023-05-14T15:46:24.167+0000] {processor.py:799} INFO - Processing file /home/airflow/.local/lib/python3.7/site-packages/airflow/example_dags/example_latest_only.py for tasks to queue
[2023-05-14T15:46:24.172+0000] {logging_mixin.py:149} INFO - [2023-05-14T15:46:24.172+0000] {dagbag.py:541} INFO - Filling up the DagBag from /home/airflow/.local/lib/python3.7/site-packages/airflow/example_dags/example_latest_only.py
[2023-05-14T15:46:24.183+0000] {processor.py:809} INFO - DAG(s) dict_keys(['latest_only']) retrieved from /home/airflow/.local/lib/python3.7/site-packages/airflow/example_dags/example_latest_only.py
[2023-05-14T15:46:24.206+0000] {logging_mixin.py:149} INFO - [2023-05-14T15:46:24.206+0000] {dag.py:2726} INFO - Sync 1 DAGs
[2023-05-14T15:46:24.254+0000] {logging_mixin.py:149} INFO - [2023-05-14T15:46:24.254+0000] {dag.py:3490} INFO - Setting next_dagrun for latest_only to 2023-05-14T11:46:24.254068+00:00, run_after=2023-05-14T15:46:24.254068+00:00
[2023-05-14T15:46:24.301+0000] {processor.py:178} INFO - Processing /home/airflow/.local/lib/python3.7/site-packages/airflow/example_dags/example_latest_only.py took 0.143 seconds
[2023-05-14T15:46:57.378+0000] {processor.py:156} INFO - Started process (PID=137) to work on /home/airflow/.local/lib/python3.7/site-packages/airflow/example_dags/example_latest_only.py
[2023-05-14T15:46:57.385+0000] {processor.py:799} INFO - Processing file /home/airflow/.local/lib/python3.7/site-packages/airflow/example_dags/example_latest_only.py for tasks to queue
[2023-05-14T15:46:57.389+0000] {logging_mixin.py:149} INFO - [2023-05-14T15:46:57.389+0000] {dagbag.py:541} INFO - Filling up the DagBag from /home/airflow/.local/lib/python3.7/site-packages/airflow/example_dags/example_latest_only.py
[2023-05-14T15:46:57.402+0000] {processor.py:809} INFO - DAG(s) dict_keys(['latest_only']) retrieved from /home/airflow/.local/lib/python3.7/site-packages/airflow/example_dags/example_latest_only.py
[2023-05-14T15:46:57.452+0000] {logging_mixin.py:149} INFO - [2023-05-14T15:46:57.452+0000] {dag.py:2726} INFO - Sync 1 DAGs
[2023-05-14T15:46:57.499+0000] {logging_mixin.py:149} INFO - [2023-05-14T15:46:57.499+0000] {dag.py:3490} INFO - Setting next_dagrun for latest_only to 2023-05-14T11:46:57.498608+00:00, run_after=2023-05-14T15:46:57.498608+00:00
[2023-05-14T15:46:57.530+0000] {processor.py:178} INFO - Processing /home/airflow/.local/lib/python3.7/site-packages/airflow/example_dags/example_latest_only.py took 0.160 seconds
[2023-05-14T15:47:40.148+0000] {processor.py:156} INFO - Started process (PID=215) to work on /home/airflow/.local/lib/python3.7/site-packages/airflow/example_dags/example_latest_only.py
[2023-05-14T15:47:40.152+0000] {processor.py:799} INFO - Processing file /home/airflow/.local/lib/python3.7/site-packages/airflow/example_dags/example_latest_only.py for tasks to queue
[2023-05-14T15:47:40.158+0000] {logging_mixin.py:149} INFO - [2023-05-14T15:47:40.158+0000] {dagbag.py:541} INFO - Filling up the DagBag from /home/airflow/.local/lib/python3.7/site-packages/airflow/example_dags/example_latest_only.py
[2023-05-14T15:47:40.174+0000] {processor.py:809} INFO - DAG(s) dict_keys(['latest_only']) retrieved from /home/airflow/.local/lib/python3.7/site-packages/airflow/example_dags/example_latest_only.py
[2023-05-14T15:47:40.255+0000] {logging_mixin.py:149} INFO - [2023-05-14T15:47:40.254+0000] {dag.py:2726} INFO - Sync 1 DAGs
[2023-05-14T15:47:40.364+0000] {logging_mixin.py:149} INFO - [2023-05-14T15:47:40.362+0000] {dag.py:3490} INFO - Setting next_dagrun for latest_only to 2023-05-14T11:47:40.361820+00:00, run_after=2023-05-14T15:47:40.361820+00:00
[2023-05-14T15:47:40.424+0000] {processor.py:178} INFO - Processing /home/airflow/.local/lib/python3.7/site-packages/airflow/example_dags/example_latest_only.py took 0.286 seconds
[2023-05-14T15:48:11.362+0000] {processor.py:156} INFO - Started process (PID=281) to work on /home/airflow/.local/lib/python3.7/site-packages/airflow/example_dags/example_latest_only.py
[2023-05-14T15:48:11.372+0000] {processor.py:799} INFO - Processing file /home/airflow/.local/lib/python3.7/site-packages/airflow/example_dags/example_latest_only.py for tasks to queue
[2023-05-14T15:48:11.378+0000] {logging_mixin.py:149} INFO - [2023-05-14T15:48:11.377+0000] {dagbag.py:541} INFO - Filling up the DagBag from /home/airflow/.local/lib/python3.7/site-packages/airflow/example_dags/example_latest_only.py
[2023-05-14T15:48:11.398+0000] {processor.py:809} INFO - DAG(s) dict_keys(['latest_only']) retrieved from /home/airflow/.local/lib/python3.7/site-packages/airflow/example_dags/example_latest_only.py
[2023-05-14T15:48:11.473+0000] {logging_mixin.py:149} INFO - [2023-05-14T15:48:11.472+0000] {dag.py:2726} INFO - Sync 1 DAGs
[2023-05-14T15:48:11.572+0000] {logging_mixin.py:149} INFO - [2023-05-14T15:48:11.572+0000] {dag.py:3490} INFO - Setting next_dagrun for latest_only to 2023-05-14T11:48:11.572237+00:00, run_after=2023-05-14T15:48:11.572237+00:00
[2023-05-14T15:48:11.645+0000] {processor.py:178} INFO - Processing /home/airflow/.local/lib/python3.7/site-packages/airflow/example_dags/example_latest_only.py took 0.295 seconds
[2023-05-14T15:48:43.650+0000] {processor.py:156} INFO - Started process (PID=347) to work on /home/airflow/.local/lib/python3.7/site-packages/airflow/example_dags/example_latest_only.py
[2023-05-14T15:48:43.657+0000] {processor.py:799} INFO - Processing file /home/airflow/.local/lib/python3.7/site-packages/airflow/example_dags/example_latest_only.py for tasks to queue
[2023-05-14T15:48:43.661+0000] {logging_mixin.py:149} INFO - [2023-05-14T15:48:43.660+0000] {dagbag.py:541} INFO - Filling up the DagBag from /home/airflow/.local/lib/python3.7/site-packages/airflow/example_dags/example_latest_only.py
[2023-05-14T15:48:43.685+0000] {processor.py:809} INFO - DAG(s) dict_keys(['latest_only']) retrieved from /home/airflow/.local/lib/python3.7/site-packages/airflow/example_dags/example_latest_only.py
[2023-05-14T15:48:43.796+0000] {logging_mixin.py:149} INFO - [2023-05-14T15:48:43.795+0000] {dag.py:2726} INFO - Sync 1 DAGs
[2023-05-14T15:48:43.899+0000] {logging_mixin.py:149} INFO - [2023-05-14T15:48:43.899+0000] {dag.py:3490} INFO - Setting next_dagrun for latest_only to 2023-05-14T11:48:43.899083+00:00, run_after=2023-05-14T15:48:43.899083+00:00
[2023-05-14T15:48:43.973+0000] {processor.py:178} INFO - Processing /home/airflow/.local/lib/python3.7/site-packages/airflow/example_dags/example_latest_only.py took 0.333 seconds
[2023-05-14T15:49:16.965+0000] {processor.py:156} INFO - Started process (PID=413) to work on /home/airflow/.local/lib/python3.7/site-packages/airflow/example_dags/example_latest_only.py
[2023-05-14T15:49:16.975+0000] {processor.py:799} INFO - Processing file /home/airflow/.local/lib/python3.7/site-packages/airflow/example_dags/example_latest_only.py for tasks to queue
[2023-05-14T15:49:16.981+0000] {logging_mixin.py:149} INFO - [2023-05-14T15:49:16.981+0000] {dagbag.py:541} INFO - Filling up the DagBag from /home/airflow/.local/lib/python3.7/site-packages/airflow/example_dags/example_latest_only.py
[2023-05-14T15:49:17.018+0000] {processor.py:809} INFO - DAG(s) dict_keys(['latest_only']) retrieved from /home/airflow/.local/lib/python3.7/site-packages/airflow/example_dags/example_latest_only.py
[2023-05-14T15:49:17.171+0000] {logging_mixin.py:149} INFO - [2023-05-14T15:49:17.171+0000] {dag.py:2726} INFO - Sync 1 DAGs
[2023-05-14T15:49:17.424+0000] {logging_mixin.py:149} INFO - [2023-05-14T15:49:17.424+0000] {dag.py:3490} INFO - Setting next_dagrun for latest_only to 2023-05-14T11:49:17.423308+00:00, run_after=2023-05-14T15:49:17.423308+00:00
[2023-05-14T15:49:17.515+0000] {processor.py:178} INFO - Processing /home/airflow/.local/lib/python3.7/site-packages/airflow/example_dags/example_latest_only.py took 0.577 seconds
[2023-05-14T15:49:48.471+0000] {processor.py:156} INFO - Started process (PID=479) to work on /home/airflow/.local/lib/python3.7/site-packages/airflow/example_dags/example_latest_only.py
[2023-05-14T15:49:48.483+0000] {processor.py:799} INFO - Processing file /home/airflow/.local/lib/python3.7/site-packages/airflow/example_dags/example_latest_only.py for tasks to queue
[2023-05-14T15:49:48.488+0000] {logging_mixin.py:149} INFO - [2023-05-14T15:49:48.487+0000] {dagbag.py:541} INFO - Filling up the DagBag from /home/airflow/.local/lib/python3.7/site-packages/airflow/example_dags/example_latest_only.py
[2023-05-14T15:49:48.509+0000] {processor.py:809} INFO - DAG(s) dict_keys(['latest_only']) retrieved from /home/airflow/.local/lib/python3.7/site-packages/airflow/example_dags/example_latest_only.py
[2023-05-14T15:49:48.572+0000] {logging_mixin.py:149} INFO - [2023-05-14T15:49:48.572+0000] {dag.py:2726} INFO - Sync 1 DAGs
[2023-05-14T15:49:48.657+0000] {logging_mixin.py:149} INFO - [2023-05-14T15:49:48.656+0000] {dag.py:3490} INFO - Setting next_dagrun for latest_only to 2023-05-14T11:49:48.655191+00:00, run_after=2023-05-14T15:49:48.655191+00:00
[2023-05-14T15:49:48.711+0000] {processor.py:178} INFO - Processing /home/airflow/.local/lib/python3.7/site-packages/airflow/example_dags/example_latest_only.py took 0.248 seconds
[2023-05-14T15:50:18.908+0000] {processor.py:156} INFO - Started process (PID=543) to work on /home/airflow/.local/lib/python3.7/site-packages/airflow/example_dags/example_latest_only.py
[2023-05-14T15:50:18.917+0000] {processor.py:799} INFO - Processing file /home/airflow/.local/lib/python3.7/site-packages/airflow/example_dags/example_latest_only.py for tasks to queue
[2023-05-14T15:50:18.925+0000] {logging_mixin.py:149} INFO - [2023-05-14T15:50:18.924+0000] {dagbag.py:541} INFO - Filling up the DagBag from /home/airflow/.local/lib/python3.7/site-packages/airflow/example_dags/example_latest_only.py
[2023-05-14T15:50:18.953+0000] {processor.py:809} INFO - DAG(s) dict_keys(['latest_only']) retrieved from /home/airflow/.local/lib/python3.7/site-packages/airflow/example_dags/example_latest_only.py
[2023-05-14T15:50:19.026+0000] {logging_mixin.py:149} INFO - [2023-05-14T15:50:19.026+0000] {dag.py:2726} INFO - Sync 1 DAGs
[2023-05-14T15:50:19.096+0000] {logging_mixin.py:149} INFO - [2023-05-14T15:50:19.095+0000] {dag.py:3490} INFO - Setting next_dagrun for latest_only to 2023-05-14T11:50:19.095484+00:00, run_after=2023-05-14T15:50:19.095484+00:00
[2023-05-14T15:50:19.134+0000] {processor.py:178} INFO - Processing /home/airflow/.local/lib/python3.7/site-packages/airflow/example_dags/example_latest_only.py took 0.242 seconds
[2023-05-14T15:50:49.332+0000] {processor.py:156} INFO - Started process (PID=613) to work on /home/airflow/.local/lib/python3.7/site-packages/airflow/example_dags/example_latest_only.py
[2023-05-14T15:50:49.336+0000] {processor.py:799} INFO - Processing file /home/airflow/.local/lib/python3.7/site-packages/airflow/example_dags/example_latest_only.py for tasks to queue
[2023-05-14T15:50:49.339+0000] {logging_mixin.py:149} INFO - [2023-05-14T15:50:49.338+0000] {dagbag.py:541} INFO - Filling up the DagBag from /home/airflow/.local/lib/python3.7/site-packages/airflow/example_dags/example_latest_only.py
[2023-05-14T15:50:49.351+0000] {processor.py:809} INFO - DAG(s) dict_keys(['latest_only']) retrieved from /home/airflow/.local/lib/python3.7/site-packages/airflow/example_dags/example_latest_only.py
[2023-05-14T15:50:49.412+0000] {logging_mixin.py:149} INFO - [2023-05-14T15:50:49.412+0000] {dag.py:2726} INFO - Sync 1 DAGs
[2023-05-14T15:50:49.472+0000] {logging_mixin.py:149} INFO - [2023-05-14T15:50:49.472+0000] {dag.py:3490} INFO - Setting next_dagrun for latest_only to 2023-05-14T11:50:49.471835+00:00, run_after=2023-05-14T15:50:49.471835+00:00
[2023-05-14T15:50:49.543+0000] {processor.py:178} INFO - Processing /home/airflow/.local/lib/python3.7/site-packages/airflow/example_dags/example_latest_only.py took 0.222 seconds
