[2023-05-14T15:46:24.545+0000] {processor.py:156} INFO - Started process (PID=76) to work on /home/airflow/.local/lib/python3.7/site-packages/airflow/example_dags/example_branch_operator.py
[2023-05-14T15:46:24.547+0000] {processor.py:799} INFO - Processing file /home/airflow/.local/lib/python3.7/site-packages/airflow/example_dags/example_branch_operator.py for tasks to queue
[2023-05-14T15:46:24.550+0000] {logging_mixin.py:149} INFO - [2023-05-14T15:46:24.550+0000] {dagbag.py:541} INFO - Filling up the DagBag from /home/airflow/.local/lib/python3.7/site-packages/airflow/example_dags/example_branch_operator.py
[2023-05-14T15:46:24.569+0000] {processor.py:809} INFO - DAG(s) dict_keys(['example_branch_operator']) retrieved from /home/airflow/.local/lib/python3.7/site-packages/airflow/example_dags/example_branch_operator.py
[2023-05-14T15:46:24.596+0000] {logging_mixin.py:149} INFO - [2023-05-14T15:46:24.596+0000] {dag.py:2726} INFO - Sync 1 DAGs
[2023-05-14T15:46:24.656+0000] {logging_mixin.py:149} INFO - [2023-05-14T15:46:24.656+0000] {dag.py:3490} INFO - Setting next_dagrun for example_branch_operator to 2023-05-13T00:00:00+00:00, run_after=2023-05-14T00:00:00+00:00
[2023-05-14T15:46:24.695+0000] {processor.py:178} INFO - Processing /home/airflow/.local/lib/python3.7/site-packages/airflow/example_dags/example_branch_operator.py took 0.155 seconds
[2023-05-14T15:46:57.758+0000] {processor.py:156} INFO - Started process (PID=141) to work on /home/airflow/.local/lib/python3.7/site-packages/airflow/example_dags/example_branch_operator.py
[2023-05-14T15:46:57.762+0000] {processor.py:799} INFO - Processing file /home/airflow/.local/lib/python3.7/site-packages/airflow/example_dags/example_branch_operator.py for tasks to queue
[2023-05-14T15:46:57.764+0000] {logging_mixin.py:149} INFO - [2023-05-14T15:46:57.764+0000] {dagbag.py:541} INFO - Filling up the DagBag from /home/airflow/.local/lib/python3.7/site-packages/airflow/example_dags/example_branch_operator.py
[2023-05-14T15:46:57.784+0000] {processor.py:809} INFO - DAG(s) dict_keys(['example_branch_operator']) retrieved from /home/airflow/.local/lib/python3.7/site-packages/airflow/example_dags/example_branch_operator.py
[2023-05-14T15:46:57.826+0000] {logging_mixin.py:149} INFO - [2023-05-14T15:46:57.826+0000] {dag.py:2726} INFO - Sync 1 DAGs
[2023-05-14T15:46:57.865+0000] {logging_mixin.py:149} INFO - [2023-05-14T15:46:57.865+0000] {dag.py:3490} INFO - Setting next_dagrun for example_branch_operator to 2023-05-13T00:00:00+00:00, run_after=2023-05-14T00:00:00+00:00
[2023-05-14T15:46:57.906+0000] {processor.py:178} INFO - Processing /home/airflow/.local/lib/python3.7/site-packages/airflow/example_dags/example_branch_operator.py took 0.155 seconds
[2023-05-14T15:47:40.770+0000] {processor.py:156} INFO - Started process (PID=219) to work on /home/airflow/.local/lib/python3.7/site-packages/airflow/example_dags/example_branch_operator.py
[2023-05-14T15:47:40.774+0000] {processor.py:799} INFO - Processing file /home/airflow/.local/lib/python3.7/site-packages/airflow/example_dags/example_branch_operator.py for tasks to queue
[2023-05-14T15:47:40.778+0000] {logging_mixin.py:149} INFO - [2023-05-14T15:47:40.777+0000] {dagbag.py:541} INFO - Filling up the DagBag from /home/airflow/.local/lib/python3.7/site-packages/airflow/example_dags/example_branch_operator.py
[2023-05-14T15:47:40.804+0000] {processor.py:809} INFO - DAG(s) dict_keys(['example_branch_operator']) retrieved from /home/airflow/.local/lib/python3.7/site-packages/airflow/example_dags/example_branch_operator.py
[2023-05-14T15:47:40.885+0000] {logging_mixin.py:149} INFO - [2023-05-14T15:47:40.885+0000] {dag.py:2726} INFO - Sync 1 DAGs
[2023-05-14T15:47:40.979+0000] {logging_mixin.py:149} INFO - [2023-05-14T15:47:40.978+0000] {dag.py:3490} INFO - Setting next_dagrun for example_branch_operator to 2023-05-13T00:00:00+00:00, run_after=2023-05-14T00:00:00+00:00
[2023-05-14T15:47:41.075+0000] {processor.py:178} INFO - Processing /home/airflow/.local/lib/python3.7/site-packages/airflow/example_dags/example_branch_operator.py took 0.311 seconds
[2023-05-14T15:48:12.149+0000] {processor.py:156} INFO - Started process (PID=285) to work on /home/airflow/.local/lib/python3.7/site-packages/airflow/example_dags/example_branch_operator.py
[2023-05-14T15:48:12.157+0000] {processor.py:799} INFO - Processing file /home/airflow/.local/lib/python3.7/site-packages/airflow/example_dags/example_branch_operator.py for tasks to queue
[2023-05-14T15:48:12.162+0000] {logging_mixin.py:149} INFO - [2023-05-14T15:48:12.161+0000] {dagbag.py:541} INFO - Filling up the DagBag from /home/airflow/.local/lib/python3.7/site-packages/airflow/example_dags/example_branch_operator.py
[2023-05-14T15:48:12.197+0000] {processor.py:809} INFO - DAG(s) dict_keys(['example_branch_operator']) retrieved from /home/airflow/.local/lib/python3.7/site-packages/airflow/example_dags/example_branch_operator.py
[2023-05-14T15:48:12.292+0000] {logging_mixin.py:149} INFO - [2023-05-14T15:48:12.291+0000] {dag.py:2726} INFO - Sync 1 DAGs
[2023-05-14T15:48:12.382+0000] {logging_mixin.py:149} INFO - [2023-05-14T15:48:12.382+0000] {dag.py:3490} INFO - Setting next_dagrun for example_branch_operator to 2023-05-13T00:00:00+00:00, run_after=2023-05-14T00:00:00+00:00
[2023-05-14T15:48:12.471+0000] {processor.py:178} INFO - Processing /home/airflow/.local/lib/python3.7/site-packages/airflow/example_dags/example_branch_operator.py took 0.332 seconds
[2023-05-14T15:48:44.343+0000] {processor.py:156} INFO - Started process (PID=351) to work on /home/airflow/.local/lib/python3.7/site-packages/airflow/example_dags/example_branch_operator.py
[2023-05-14T15:48:44.354+0000] {processor.py:799} INFO - Processing file /home/airflow/.local/lib/python3.7/site-packages/airflow/example_dags/example_branch_operator.py for tasks to queue
[2023-05-14T15:48:44.357+0000] {logging_mixin.py:149} INFO - [2023-05-14T15:48:44.357+0000] {dagbag.py:541} INFO - Filling up the DagBag from /home/airflow/.local/lib/python3.7/site-packages/airflow/example_dags/example_branch_operator.py
[2023-05-14T15:48:44.388+0000] {processor.py:809} INFO - DAG(s) dict_keys(['example_branch_operator']) retrieved from /home/airflow/.local/lib/python3.7/site-packages/airflow/example_dags/example_branch_operator.py
[2023-05-14T15:48:44.461+0000] {logging_mixin.py:149} INFO - [2023-05-14T15:48:44.461+0000] {dag.py:2726} INFO - Sync 1 DAGs
[2023-05-14T15:48:44.534+0000] {logging_mixin.py:149} INFO - [2023-05-14T15:48:44.534+0000] {dag.py:3490} INFO - Setting next_dagrun for example_branch_operator to 2023-05-13T00:00:00+00:00, run_after=2023-05-14T00:00:00+00:00
[2023-05-14T15:48:44.613+0000] {processor.py:178} INFO - Processing /home/airflow/.local/lib/python3.7/site-packages/airflow/example_dags/example_branch_operator.py took 0.279 seconds
[2023-05-14T15:49:18.068+0000] {processor.py:156} INFO - Started process (PID=417) to work on /home/airflow/.local/lib/python3.7/site-packages/airflow/example_dags/example_branch_operator.py
[2023-05-14T15:49:18.072+0000] {processor.py:799} INFO - Processing file /home/airflow/.local/lib/python3.7/site-packages/airflow/example_dags/example_branch_operator.py for tasks to queue
[2023-05-14T15:49:18.084+0000] {logging_mixin.py:149} INFO - [2023-05-14T15:49:18.076+0000] {dagbag.py:541} INFO - Filling up the DagBag from /home/airflow/.local/lib/python3.7/site-packages/airflow/example_dags/example_branch_operator.py
[2023-05-14T15:49:18.124+0000] {processor.py:809} INFO - DAG(s) dict_keys(['example_branch_operator']) retrieved from /home/airflow/.local/lib/python3.7/site-packages/airflow/example_dags/example_branch_operator.py
[2023-05-14T15:49:18.255+0000] {logging_mixin.py:149} INFO - [2023-05-14T15:49:18.254+0000] {dag.py:2726} INFO - Sync 1 DAGs
[2023-05-14T15:49:18.382+0000] {logging_mixin.py:149} INFO - [2023-05-14T15:49:18.382+0000] {dag.py:3490} INFO - Setting next_dagrun for example_branch_operator to 2023-05-13T00:00:00+00:00, run_after=2023-05-14T00:00:00+00:00
[2023-05-14T15:49:18.489+0000] {processor.py:178} INFO - Processing /home/airflow/.local/lib/python3.7/site-packages/airflow/example_dags/example_branch_operator.py took 0.433 seconds
[2023-05-14T15:49:49.983+0000] {processor.py:156} INFO - Started process (PID=483) to work on /home/airflow/.local/lib/python3.7/site-packages/airflow/example_dags/example_branch_operator.py
[2023-05-14T15:49:49.988+0000] {processor.py:799} INFO - Processing file /home/airflow/.local/lib/python3.7/site-packages/airflow/example_dags/example_branch_operator.py for tasks to queue
[2023-05-14T15:49:49.992+0000] {logging_mixin.py:149} INFO - [2023-05-14T15:49:49.992+0000] {dagbag.py:541} INFO - Filling up the DagBag from /home/airflow/.local/lib/python3.7/site-packages/airflow/example_dags/example_branch_operator.py
[2023-05-14T15:49:50.018+0000] {processor.py:809} INFO - DAG(s) dict_keys(['example_branch_operator']) retrieved from /home/airflow/.local/lib/python3.7/site-packages/airflow/example_dags/example_branch_operator.py
[2023-05-14T15:49:50.094+0000] {logging_mixin.py:149} INFO - [2023-05-14T15:49:50.094+0000] {dag.py:2726} INFO - Sync 1 DAGs
[2023-05-14T15:49:50.181+0000] {logging_mixin.py:149} INFO - [2023-05-14T15:49:50.181+0000] {dag.py:3490} INFO - Setting next_dagrun for example_branch_operator to 2023-05-13T00:00:00+00:00, run_after=2023-05-14T00:00:00+00:00
[2023-05-14T15:49:50.235+0000] {processor.py:178} INFO - Processing /home/airflow/.local/lib/python3.7/site-packages/airflow/example_dags/example_branch_operator.py took 0.262 seconds
[2023-05-14T15:50:21.451+0000] {processor.py:156} INFO - Started process (PID=548) to work on /home/airflow/.local/lib/python3.7/site-packages/airflow/example_dags/example_branch_operator.py
[2023-05-14T15:50:21.455+0000] {processor.py:799} INFO - Processing file /home/airflow/.local/lib/python3.7/site-packages/airflow/example_dags/example_branch_operator.py for tasks to queue
[2023-05-14T15:50:21.458+0000] {logging_mixin.py:149} INFO - [2023-05-14T15:50:21.457+0000] {dagbag.py:541} INFO - Filling up the DagBag from /home/airflow/.local/lib/python3.7/site-packages/airflow/example_dags/example_branch_operator.py
[2023-05-14T15:50:21.512+0000] {processor.py:809} INFO - DAG(s) dict_keys(['example_branch_operator']) retrieved from /home/airflow/.local/lib/python3.7/site-packages/airflow/example_dags/example_branch_operator.py
[2023-05-14T15:50:21.613+0000] {logging_mixin.py:149} INFO - [2023-05-14T15:50:21.613+0000] {dag.py:2726} INFO - Sync 1 DAGs
[2023-05-14T15:50:21.824+0000] {logging_mixin.py:149} INFO - [2023-05-14T15:50:21.824+0000] {dag.py:3490} INFO - Setting next_dagrun for example_branch_operator to 2023-05-13T00:00:00+00:00, run_after=2023-05-14T00:00:00+00:00
[2023-05-14T15:50:21.886+0000] {processor.py:178} INFO - Processing /home/airflow/.local/lib/python3.7/site-packages/airflow/example_dags/example_branch_operator.py took 0.441 seconds
[2023-05-14T15:50:52.040+0000] {processor.py:156} INFO - Started process (PID=617) to work on /home/airflow/.local/lib/python3.7/site-packages/airflow/example_dags/example_branch_operator.py
[2023-05-14T15:50:52.043+0000] {processor.py:799} INFO - Processing file /home/airflow/.local/lib/python3.7/site-packages/airflow/example_dags/example_branch_operator.py for tasks to queue
[2023-05-14T15:50:52.047+0000] {logging_mixin.py:149} INFO - [2023-05-14T15:50:52.047+0000] {dagbag.py:541} INFO - Filling up the DagBag from /home/airflow/.local/lib/python3.7/site-packages/airflow/example_dags/example_branch_operator.py
[2023-05-14T15:50:52.065+0000] {processor.py:809} INFO - DAG(s) dict_keys(['example_branch_operator']) retrieved from /home/airflow/.local/lib/python3.7/site-packages/airflow/example_dags/example_branch_operator.py
[2023-05-14T15:50:52.113+0000] {logging_mixin.py:149} INFO - [2023-05-14T15:50:52.113+0000] {dag.py:2726} INFO - Sync 1 DAGs
[2023-05-14T15:50:52.156+0000] {logging_mixin.py:149} INFO - [2023-05-14T15:50:52.155+0000] {dag.py:3490} INFO - Setting next_dagrun for example_branch_operator to 2023-05-13T00:00:00+00:00, run_after=2023-05-14T00:00:00+00:00
[2023-05-14T15:50:52.194+0000] {processor.py:178} INFO - Processing /home/airflow/.local/lib/python3.7/site-packages/airflow/example_dags/example_branch_operator.py took 0.161 seconds
