[2023-05-14T15:44:07.447+0000] {processor.py:156} INFO - Started process (PID=54) to work on /home/airflow/.local/lib/python3.7/site-packages/airflow/example_dags/example_branch_python_dop_operator_3.py
[2023-05-14T15:44:07.451+0000] {processor.py:799} INFO - Processing file /home/airflow/.local/lib/python3.7/site-packages/airflow/example_dags/example_branch_python_dop_operator_3.py for tasks to queue
[2023-05-14T15:44:07.454+0000] {logging_mixin.py:149} INFO - [2023-05-14T15:44:07.454+0000] {dagbag.py:541} INFO - Filling up the DagBag from /home/airflow/.local/lib/python3.7/site-packages/airflow/example_dags/example_branch_python_dop_operator_3.py
[2023-05-14T15:44:07.482+0000] {processor.py:809} INFO - DAG(s) dict_keys(['example_branch_dop_operator_v3']) retrieved from /home/airflow/.local/lib/python3.7/site-packages/airflow/example_dags/example_branch_python_dop_operator_3.py
[2023-05-14T15:44:07.792+0000] {logging_mixin.py:149} INFO - [2023-05-14T15:44:07.791+0000] {manager.py:504} INFO - Created Permission View: can read on DAG:example_branch_dop_operator_v3
[2023-05-14T15:44:07.810+0000] {logging_mixin.py:149} INFO - [2023-05-14T15:44:07.810+0000] {manager.py:504} INFO - Created Permission View: can delete on DAG:example_branch_dop_operator_v3
[2023-05-14T15:44:07.827+0000] {logging_mixin.py:149} INFO - [2023-05-14T15:44:07.827+0000] {manager.py:504} INFO - Created Permission View: can edit on DAG:example_branch_dop_operator_v3
[2023-05-14T15:44:07.830+0000] {logging_mixin.py:149} INFO - [2023-05-14T15:44:07.829+0000] {dag.py:2726} INFO - Sync 1 DAGs
[2023-05-14T15:44:07.852+0000] {logging_mixin.py:149} INFO - [2023-05-14T15:44:07.852+0000] {dag.py:2747} INFO - Creating ORM DAG for example_branch_dop_operator_v3
[2023-05-14T15:44:07.878+0000] {logging_mixin.py:149} INFO - [2023-05-14T15:44:07.878+0000] {dag.py:3490} INFO - Setting next_dagrun for example_branch_dop_operator_v3 to 2023-05-14T15:43:00+00:00, run_after=2023-05-14T15:44:00+00:00
[2023-05-14T15:44:07.909+0000] {processor.py:178} INFO - Processing /home/airflow/.local/lib/python3.7/site-packages/airflow/example_dags/example_branch_python_dop_operator_3.py took 0.470 seconds
[2023-05-14T15:46:20.325+0000] {processor.py:156} INFO - Started process (PID=48) to work on /home/airflow/.local/lib/python3.7/site-packages/airflow/example_dags/example_branch_python_dop_operator_3.py
[2023-05-14T15:46:20.330+0000] {processor.py:799} INFO - Processing file /home/airflow/.local/lib/python3.7/site-packages/airflow/example_dags/example_branch_python_dop_operator_3.py for tasks to queue
[2023-05-14T15:46:20.332+0000] {logging_mixin.py:149} INFO - [2023-05-14T15:46:20.332+0000] {dagbag.py:541} INFO - Filling up the DagBag from /home/airflow/.local/lib/python3.7/site-packages/airflow/example_dags/example_branch_python_dop_operator_3.py
[2023-05-14T15:46:20.351+0000] {processor.py:809} INFO - DAG(s) dict_keys(['example_branch_dop_operator_v3']) retrieved from /home/airflow/.local/lib/python3.7/site-packages/airflow/example_dags/example_branch_python_dop_operator_3.py
[2023-05-14T15:46:20.381+0000] {logging_mixin.py:149} INFO - [2023-05-14T15:46:20.380+0000] {dag.py:2726} INFO - Sync 1 DAGs
[2023-05-14T15:46:20.430+0000] {logging_mixin.py:149} INFO - [2023-05-14T15:46:20.430+0000] {dag.py:3490} INFO - Setting next_dagrun for example_branch_dop_operator_v3 to 2023-05-14T15:45:00+00:00, run_after=2023-05-14T15:46:00+00:00
[2023-05-14T15:46:20.470+0000] {processor.py:178} INFO - Processing /home/airflow/.local/lib/python3.7/site-packages/airflow/example_dags/example_branch_python_dop_operator_3.py took 0.152 seconds
[2023-05-14T15:46:51.744+0000] {processor.py:156} INFO - Started process (PID=113) to work on /home/airflow/.local/lib/python3.7/site-packages/airflow/example_dags/example_branch_python_dop_operator_3.py
[2023-05-14T15:46:51.747+0000] {processor.py:799} INFO - Processing file /home/airflow/.local/lib/python3.7/site-packages/airflow/example_dags/example_branch_python_dop_operator_3.py for tasks to queue
[2023-05-14T15:46:51.750+0000] {logging_mixin.py:149} INFO - [2023-05-14T15:46:51.750+0000] {dagbag.py:541} INFO - Filling up the DagBag from /home/airflow/.local/lib/python3.7/site-packages/airflow/example_dags/example_branch_python_dop_operator_3.py
[2023-05-14T15:46:51.769+0000] {processor.py:809} INFO - DAG(s) dict_keys(['example_branch_dop_operator_v3']) retrieved from /home/airflow/.local/lib/python3.7/site-packages/airflow/example_dags/example_branch_python_dop_operator_3.py
[2023-05-14T15:46:51.806+0000] {logging_mixin.py:149} INFO - [2023-05-14T15:46:51.805+0000] {dag.py:2726} INFO - Sync 1 DAGs
[2023-05-14T15:46:51.849+0000] {logging_mixin.py:149} INFO - [2023-05-14T15:46:51.849+0000] {dag.py:3490} INFO - Setting next_dagrun for example_branch_dop_operator_v3 to 2023-05-14T15:45:00+00:00, run_after=2023-05-14T15:46:00+00:00
[2023-05-14T15:46:51.888+0000] {processor.py:178} INFO - Processing /home/airflow/.local/lib/python3.7/site-packages/airflow/example_dags/example_branch_python_dop_operator_3.py took 0.150 seconds
[2023-05-14T15:47:32.339+0000] {processor.py:156} INFO - Started process (PID=183) to work on /home/airflow/.local/lib/python3.7/site-packages/airflow/example_dags/example_branch_python_dop_operator_3.py
[2023-05-14T15:47:32.349+0000] {processor.py:799} INFO - Processing file /home/airflow/.local/lib/python3.7/site-packages/airflow/example_dags/example_branch_python_dop_operator_3.py for tasks to queue
[2023-05-14T15:47:32.354+0000] {logging_mixin.py:149} INFO - [2023-05-14T15:47:32.353+0000] {dagbag.py:541} INFO - Filling up the DagBag from /home/airflow/.local/lib/python3.7/site-packages/airflow/example_dags/example_branch_python_dop_operator_3.py
[2023-05-14T15:47:32.393+0000] {processor.py:809} INFO - DAG(s) dict_keys(['example_branch_dop_operator_v3']) retrieved from /home/airflow/.local/lib/python3.7/site-packages/airflow/example_dags/example_branch_python_dop_operator_3.py
[2023-05-14T15:47:32.488+0000] {logging_mixin.py:149} INFO - [2023-05-14T15:47:32.488+0000] {dag.py:2726} INFO - Sync 1 DAGs
[2023-05-14T15:47:32.605+0000] {logging_mixin.py:149} INFO - [2023-05-14T15:47:32.604+0000] {dag.py:3490} INFO - Setting next_dagrun for example_branch_dop_operator_v3 to 2023-05-14T15:46:00+00:00, run_after=2023-05-14T15:47:00+00:00
[2023-05-14T15:47:32.685+0000] {processor.py:178} INFO - Processing /home/airflow/.local/lib/python3.7/site-packages/airflow/example_dags/example_branch_python_dop_operator_3.py took 0.359 seconds
[2023-05-14T15:48:02.773+0000] {processor.py:156} INFO - Started process (PID=249) to work on /home/airflow/.local/lib/python3.7/site-packages/airflow/example_dags/example_branch_python_dop_operator_3.py
[2023-05-14T15:48:02.778+0000] {processor.py:799} INFO - Processing file /home/airflow/.local/lib/python3.7/site-packages/airflow/example_dags/example_branch_python_dop_operator_3.py for tasks to queue
[2023-05-14T15:48:02.782+0000] {logging_mixin.py:149} INFO - [2023-05-14T15:48:02.782+0000] {dagbag.py:541} INFO - Filling up the DagBag from /home/airflow/.local/lib/python3.7/site-packages/airflow/example_dags/example_branch_python_dop_operator_3.py
[2023-05-14T15:48:02.809+0000] {processor.py:809} INFO - DAG(s) dict_keys(['example_branch_dop_operator_v3']) retrieved from /home/airflow/.local/lib/python3.7/site-packages/airflow/example_dags/example_branch_python_dop_operator_3.py
[2023-05-14T15:48:02.890+0000] {logging_mixin.py:149} INFO - [2023-05-14T15:48:02.890+0000] {dag.py:2726} INFO - Sync 1 DAGs
[2023-05-14T15:48:02.967+0000] {logging_mixin.py:149} INFO - [2023-05-14T15:48:02.967+0000] {dag.py:3490} INFO - Setting next_dagrun for example_branch_dop_operator_v3 to 2023-05-14T15:47:00+00:00, run_after=2023-05-14T15:48:00+00:00
[2023-05-14T15:48:03.013+0000] {processor.py:178} INFO - Processing /home/airflow/.local/lib/python3.7/site-packages/airflow/example_dags/example_branch_python_dop_operator_3.py took 0.247 seconds
[2023-05-14T15:48:33.293+0000] {processor.py:156} INFO - Started process (PID=315) to work on /home/airflow/.local/lib/python3.7/site-packages/airflow/example_dags/example_branch_python_dop_operator_3.py
[2023-05-14T15:48:33.297+0000] {processor.py:799} INFO - Processing file /home/airflow/.local/lib/python3.7/site-packages/airflow/example_dags/example_branch_python_dop_operator_3.py for tasks to queue
[2023-05-14T15:48:33.301+0000] {logging_mixin.py:149} INFO - [2023-05-14T15:48:33.301+0000] {dagbag.py:541} INFO - Filling up the DagBag from /home/airflow/.local/lib/python3.7/site-packages/airflow/example_dags/example_branch_python_dop_operator_3.py
[2023-05-14T15:48:33.336+0000] {processor.py:809} INFO - DAG(s) dict_keys(['example_branch_dop_operator_v3']) retrieved from /home/airflow/.local/lib/python3.7/site-packages/airflow/example_dags/example_branch_python_dop_operator_3.py
[2023-05-14T15:48:33.423+0000] {logging_mixin.py:149} INFO - [2023-05-14T15:48:33.422+0000] {dag.py:2726} INFO - Sync 1 DAGs
[2023-05-14T15:48:33.505+0000] {logging_mixin.py:149} INFO - [2023-05-14T15:48:33.504+0000] {dag.py:3490} INFO - Setting next_dagrun for example_branch_dop_operator_v3 to 2023-05-14T15:47:00+00:00, run_after=2023-05-14T15:48:00+00:00
[2023-05-14T15:48:33.582+0000] {processor.py:178} INFO - Processing /home/airflow/.local/lib/python3.7/site-packages/airflow/example_dags/example_branch_python_dop_operator_3.py took 0.292 seconds
[2023-05-14T15:49:03.786+0000] {processor.py:156} INFO - Started process (PID=381) to work on /home/airflow/.local/lib/python3.7/site-packages/airflow/example_dags/example_branch_python_dop_operator_3.py
[2023-05-14T15:49:03.794+0000] {processor.py:799} INFO - Processing file /home/airflow/.local/lib/python3.7/site-packages/airflow/example_dags/example_branch_python_dop_operator_3.py for tasks to queue
[2023-05-14T15:49:03.797+0000] {logging_mixin.py:149} INFO - [2023-05-14T15:49:03.797+0000] {dagbag.py:541} INFO - Filling up the DagBag from /home/airflow/.local/lib/python3.7/site-packages/airflow/example_dags/example_branch_python_dop_operator_3.py
[2023-05-14T15:49:03.850+0000] {processor.py:809} INFO - DAG(s) dict_keys(['example_branch_dop_operator_v3']) retrieved from /home/airflow/.local/lib/python3.7/site-packages/airflow/example_dags/example_branch_python_dop_operator_3.py
[2023-05-14T15:49:03.985+0000] {logging_mixin.py:149} INFO - [2023-05-14T15:49:03.984+0000] {dag.py:2726} INFO - Sync 1 DAGs
[2023-05-14T15:49:04.085+0000] {logging_mixin.py:149} INFO - [2023-05-14T15:49:04.084+0000] {dag.py:3490} INFO - Setting next_dagrun for example_branch_dop_operator_v3 to 2023-05-14T15:48:00+00:00, run_after=2023-05-14T15:49:00+00:00
[2023-05-14T15:49:04.166+0000] {processor.py:178} INFO - Processing /home/airflow/.local/lib/python3.7/site-packages/airflow/example_dags/example_branch_python_dop_operator_3.py took 0.396 seconds
[2023-05-14T15:49:34.394+0000] {processor.py:156} INFO - Started process (PID=447) to work on /home/airflow/.local/lib/python3.7/site-packages/airflow/example_dags/example_branch_python_dop_operator_3.py
[2023-05-14T15:49:34.404+0000] {processor.py:799} INFO - Processing file /home/airflow/.local/lib/python3.7/site-packages/airflow/example_dags/example_branch_python_dop_operator_3.py for tasks to queue
[2023-05-14T15:49:34.408+0000] {logging_mixin.py:149} INFO - [2023-05-14T15:49:34.407+0000] {dagbag.py:541} INFO - Filling up the DagBag from /home/airflow/.local/lib/python3.7/site-packages/airflow/example_dags/example_branch_python_dop_operator_3.py
[2023-05-14T15:49:34.458+0000] {processor.py:809} INFO - DAG(s) dict_keys(['example_branch_dop_operator_v3']) retrieved from /home/airflow/.local/lib/python3.7/site-packages/airflow/example_dags/example_branch_python_dop_operator_3.py
[2023-05-14T15:49:34.587+0000] {logging_mixin.py:149} INFO - [2023-05-14T15:49:34.587+0000] {dag.py:2726} INFO - Sync 1 DAGs
[2023-05-14T15:49:34.655+0000] {logging_mixin.py:149} INFO - [2023-05-14T15:49:34.654+0000] {dag.py:3490} INFO - Setting next_dagrun for example_branch_dop_operator_v3 to 2023-05-14T15:48:00+00:00, run_after=2023-05-14T15:49:00+00:00
[2023-05-14T15:49:34.717+0000] {processor.py:178} INFO - Processing /home/airflow/.local/lib/python3.7/site-packages/airflow/example_dags/example_branch_python_dop_operator_3.py took 0.329 seconds
[2023-05-14T15:50:05.344+0000] {processor.py:156} INFO - Started process (PID=513) to work on /home/airflow/.local/lib/python3.7/site-packages/airflow/example_dags/example_branch_python_dop_operator_3.py
[2023-05-14T15:50:05.347+0000] {processor.py:799} INFO - Processing file /home/airflow/.local/lib/python3.7/site-packages/airflow/example_dags/example_branch_python_dop_operator_3.py for tasks to queue
[2023-05-14T15:50:05.349+0000] {logging_mixin.py:149} INFO - [2023-05-14T15:50:05.349+0000] {dagbag.py:541} INFO - Filling up the DagBag from /home/airflow/.local/lib/python3.7/site-packages/airflow/example_dags/example_branch_python_dop_operator_3.py
[2023-05-14T15:50:05.369+0000] {processor.py:809} INFO - DAG(s) dict_keys(['example_branch_dop_operator_v3']) retrieved from /home/airflow/.local/lib/python3.7/site-packages/airflow/example_dags/example_branch_python_dop_operator_3.py
[2023-05-14T15:50:05.438+0000] {logging_mixin.py:149} INFO - [2023-05-14T15:50:05.438+0000] {dag.py:2726} INFO - Sync 1 DAGs
[2023-05-14T15:50:05.519+0000] {logging_mixin.py:149} INFO - [2023-05-14T15:50:05.519+0000] {dag.py:3490} INFO - Setting next_dagrun for example_branch_dop_operator_v3 to 2023-05-14T15:49:00+00:00, run_after=2023-05-14T15:50:00+00:00
[2023-05-14T15:50:05.574+0000] {processor.py:178} INFO - Processing /home/airflow/.local/lib/python3.7/site-packages/airflow/example_dags/example_branch_python_dop_operator_3.py took 0.242 seconds
[2023-05-14T15:50:35.735+0000] {processor.py:156} INFO - Started process (PID=582) to work on /home/airflow/.local/lib/python3.7/site-packages/airflow/example_dags/example_branch_python_dop_operator_3.py
[2023-05-14T15:50:35.741+0000] {processor.py:799} INFO - Processing file /home/airflow/.local/lib/python3.7/site-packages/airflow/example_dags/example_branch_python_dop_operator_3.py for tasks to queue
[2023-05-14T15:50:35.746+0000] {logging_mixin.py:149} INFO - [2023-05-14T15:50:35.746+0000] {dagbag.py:541} INFO - Filling up the DagBag from /home/airflow/.local/lib/python3.7/site-packages/airflow/example_dags/example_branch_python_dop_operator_3.py
[2023-05-14T15:50:35.774+0000] {processor.py:809} INFO - DAG(s) dict_keys(['example_branch_dop_operator_v3']) retrieved from /home/airflow/.local/lib/python3.7/site-packages/airflow/example_dags/example_branch_python_dop_operator_3.py
[2023-05-14T15:50:35.864+0000] {logging_mixin.py:149} INFO - [2023-05-14T15:50:35.864+0000] {dag.py:2726} INFO - Sync 1 DAGs
[2023-05-14T15:50:35.936+0000] {logging_mixin.py:149} INFO - [2023-05-14T15:50:35.935+0000] {dag.py:3490} INFO - Setting next_dagrun for example_branch_dop_operator_v3 to 2023-05-14T15:49:00+00:00, run_after=2023-05-14T15:50:00+00:00
[2023-05-14T15:50:35.989+0000] {processor.py:178} INFO - Processing /home/airflow/.local/lib/python3.7/site-packages/airflow/example_dags/example_branch_python_dop_operator_3.py took 0.267 seconds
[2023-05-14T15:51:06.199+0000] {processor.py:156} INFO - Started process (PID=647) to work on /home/airflow/.local/lib/python3.7/site-packages/airflow/example_dags/example_branch_python_dop_operator_3.py
[2023-05-14T15:51:06.204+0000] {processor.py:799} INFO - Processing file /home/airflow/.local/lib/python3.7/site-packages/airflow/example_dags/example_branch_python_dop_operator_3.py for tasks to queue
[2023-05-14T15:51:06.207+0000] {logging_mixin.py:149} INFO - [2023-05-14T15:51:06.207+0000] {dagbag.py:541} INFO - Filling up the DagBag from /home/airflow/.local/lib/python3.7/site-packages/airflow/example_dags/example_branch_python_dop_operator_3.py
[2023-05-14T15:51:06.242+0000] {processor.py:809} INFO - DAG(s) dict_keys(['example_branch_dop_operator_v3']) retrieved from /home/airflow/.local/lib/python3.7/site-packages/airflow/example_dags/example_branch_python_dop_operator_3.py
[2023-05-14T15:51:06.346+0000] {logging_mixin.py:149} INFO - [2023-05-14T15:51:06.345+0000] {dag.py:2726} INFO - Sync 1 DAGs
[2023-05-14T15:51:06.432+0000] {logging_mixin.py:149} INFO - [2023-05-14T15:51:06.431+0000] {dag.py:3490} INFO - Setting next_dagrun for example_branch_dop_operator_v3 to 2023-05-14T15:50:00+00:00, run_after=2023-05-14T15:51:00+00:00
[2023-05-14T15:51:06.493+0000] {processor.py:178} INFO - Processing /home/airflow/.local/lib/python3.7/site-packages/airflow/example_dags/example_branch_python_dop_operator_3.py took 0.315 seconds
