[2023-05-14T15:44:06.662+0000] {processor.py:156} INFO - Started process (PID=51) to work on /home/airflow/.local/lib/python3.7/site-packages/airflow/example_dags/example_branch_labels.py
[2023-05-14T15:44:06.667+0000] {processor.py:799} INFO - Processing file /home/airflow/.local/lib/python3.7/site-packages/airflow/example_dags/example_branch_labels.py for tasks to queue
[2023-05-14T15:44:06.671+0000] {logging_mixin.py:149} INFO - [2023-05-14T15:44:06.670+0000] {dagbag.py:541} INFO - Filling up the DagBag from /home/airflow/.local/lib/python3.7/site-packages/airflow/example_dags/example_branch_labels.py
[2023-05-14T15:44:06.694+0000] {processor.py:809} INFO - DAG(s) dict_keys(['example_branch_labels']) retrieved from /home/airflow/.local/lib/python3.7/site-packages/airflow/example_dags/example_branch_labels.py
[2023-05-14T15:44:06.931+0000] {logging_mixin.py:149} INFO - [2023-05-14T15:44:06.931+0000] {manager.py:504} INFO - Created Permission View: can read on DAG:example_branch_labels
[2023-05-14T15:44:06.950+0000] {logging_mixin.py:149} INFO - [2023-05-14T15:44:06.949+0000] {manager.py:504} INFO - Created Permission View: can delete on DAG:example_branch_labels
[2023-05-14T15:44:06.965+0000] {logging_mixin.py:149} INFO - [2023-05-14T15:44:06.965+0000] {manager.py:504} INFO - Created Permission View: can edit on DAG:example_branch_labels
[2023-05-14T15:44:06.968+0000] {logging_mixin.py:149} INFO - [2023-05-14T15:44:06.967+0000] {dag.py:2726} INFO - Sync 1 DAGs
[2023-05-14T15:44:06.990+0000] {logging_mixin.py:149} INFO - [2023-05-14T15:44:06.990+0000] {dag.py:2747} INFO - Creating ORM DAG for example_branch_labels
[2023-05-14T15:44:07.015+0000] {logging_mixin.py:149} INFO - [2023-05-14T15:44:07.014+0000] {dag.py:3490} INFO - Setting next_dagrun for example_branch_labels to 2023-05-13T00:00:00+00:00, run_after=2023-05-14T00:00:00+00:00
[2023-05-14T15:44:07.054+0000] {processor.py:178} INFO - Processing /home/airflow/.local/lib/python3.7/site-packages/airflow/example_dags/example_branch_labels.py took 0.399 seconds
[2023-05-14T15:46:19.917+0000] {processor.py:156} INFO - Started process (PID=45) to work on /home/airflow/.local/lib/python3.7/site-packages/airflow/example_dags/example_branch_labels.py
[2023-05-14T15:46:19.920+0000] {processor.py:799} INFO - Processing file /home/airflow/.local/lib/python3.7/site-packages/airflow/example_dags/example_branch_labels.py for tasks to queue
[2023-05-14T15:46:19.924+0000] {logging_mixin.py:149} INFO - [2023-05-14T15:46:19.923+0000] {dagbag.py:541} INFO - Filling up the DagBag from /home/airflow/.local/lib/python3.7/site-packages/airflow/example_dags/example_branch_labels.py
[2023-05-14T15:46:19.948+0000] {processor.py:809} INFO - DAG(s) dict_keys(['example_branch_labels']) retrieved from /home/airflow/.local/lib/python3.7/site-packages/airflow/example_dags/example_branch_labels.py
[2023-05-14T15:46:19.978+0000] {logging_mixin.py:149} INFO - [2023-05-14T15:46:19.978+0000] {dag.py:2726} INFO - Sync 1 DAGs
[2023-05-14T15:46:20.034+0000] {logging_mixin.py:149} INFO - [2023-05-14T15:46:20.034+0000] {dag.py:3490} INFO - Setting next_dagrun for example_branch_labels to 2023-05-13T00:00:00+00:00, run_after=2023-05-14T00:00:00+00:00
[2023-05-14T15:46:20.077+0000] {processor.py:178} INFO - Processing /home/airflow/.local/lib/python3.7/site-packages/airflow/example_dags/example_branch_labels.py took 0.166 seconds
[2023-05-14T15:46:51.163+0000] {processor.py:156} INFO - Started process (PID=110) to work on /home/airflow/.local/lib/python3.7/site-packages/airflow/example_dags/example_branch_labels.py
[2023-05-14T15:46:51.168+0000] {processor.py:799} INFO - Processing file /home/airflow/.local/lib/python3.7/site-packages/airflow/example_dags/example_branch_labels.py for tasks to queue
[2023-05-14T15:46:51.171+0000] {logging_mixin.py:149} INFO - [2023-05-14T15:46:51.171+0000] {dagbag.py:541} INFO - Filling up the DagBag from /home/airflow/.local/lib/python3.7/site-packages/airflow/example_dags/example_branch_labels.py
[2023-05-14T15:46:51.185+0000] {processor.py:809} INFO - DAG(s) dict_keys(['example_branch_labels']) retrieved from /home/airflow/.local/lib/python3.7/site-packages/airflow/example_dags/example_branch_labels.py
[2023-05-14T15:46:51.227+0000] {logging_mixin.py:149} INFO - [2023-05-14T15:46:51.226+0000] {dag.py:2726} INFO - Sync 1 DAGs
[2023-05-14T15:46:51.259+0000] {logging_mixin.py:149} INFO - [2023-05-14T15:46:51.259+0000] {dag.py:3490} INFO - Setting next_dagrun for example_branch_labels to 2023-05-13T00:00:00+00:00, run_after=2023-05-14T00:00:00+00:00
[2023-05-14T15:46:51.289+0000] {processor.py:178} INFO - Processing /home/airflow/.local/lib/python3.7/site-packages/airflow/example_dags/example_branch_labels.py took 0.130 seconds
[2023-05-14T15:47:28.195+0000] {processor.py:156} INFO - Started process (PID=180) to work on /home/airflow/.local/lib/python3.7/site-packages/airflow/example_dags/example_branch_labels.py
[2023-05-14T15:47:28.208+0000] {processor.py:799} INFO - Processing file /home/airflow/.local/lib/python3.7/site-packages/airflow/example_dags/example_branch_labels.py for tasks to queue
[2023-05-14T15:47:28.214+0000] {logging_mixin.py:149} INFO - [2023-05-14T15:47:28.213+0000] {dagbag.py:541} INFO - Filling up the DagBag from /home/airflow/.local/lib/python3.7/site-packages/airflow/example_dags/example_branch_labels.py
[2023-05-14T15:47:28.316+0000] {processor.py:809} INFO - DAG(s) dict_keys(['example_branch_labels']) retrieved from /home/airflow/.local/lib/python3.7/site-packages/airflow/example_dags/example_branch_labels.py
[2023-05-14T15:47:28.852+0000] {logging_mixin.py:149} INFO - [2023-05-14T15:47:28.852+0000] {dag.py:2726} INFO - Sync 1 DAGs
[2023-05-14T15:47:29.072+0000] {logging_mixin.py:149} INFO - [2023-05-14T15:47:29.072+0000] {dag.py:3490} INFO - Setting next_dagrun for example_branch_labels to 2023-05-13T00:00:00+00:00, run_after=2023-05-14T00:00:00+00:00
[2023-05-14T15:47:29.356+0000] {processor.py:178} INFO - Processing /home/airflow/.local/lib/python3.7/site-packages/airflow/example_dags/example_branch_labels.py took 1.179 seconds
[2023-05-14T15:48:00.351+0000] {processor.py:156} INFO - Started process (PID=246) to work on /home/airflow/.local/lib/python3.7/site-packages/airflow/example_dags/example_branch_labels.py
[2023-05-14T15:48:00.355+0000] {processor.py:799} INFO - Processing file /home/airflow/.local/lib/python3.7/site-packages/airflow/example_dags/example_branch_labels.py for tasks to queue
[2023-05-14T15:48:00.359+0000] {logging_mixin.py:149} INFO - [2023-05-14T15:48:00.358+0000] {dagbag.py:541} INFO - Filling up the DagBag from /home/airflow/.local/lib/python3.7/site-packages/airflow/example_dags/example_branch_labels.py
[2023-05-14T15:48:00.390+0000] {processor.py:809} INFO - DAG(s) dict_keys(['example_branch_labels']) retrieved from /home/airflow/.local/lib/python3.7/site-packages/airflow/example_dags/example_branch_labels.py
[2023-05-14T15:48:00.450+0000] {logging_mixin.py:149} INFO - [2023-05-14T15:48:00.449+0000] {dag.py:2726} INFO - Sync 1 DAGs
[2023-05-14T15:48:00.506+0000] {logging_mixin.py:149} INFO - [2023-05-14T15:48:00.505+0000] {dag.py:3490} INFO - Setting next_dagrun for example_branch_labels to 2023-05-13T00:00:00+00:00, run_after=2023-05-14T00:00:00+00:00
[2023-05-14T15:48:00.569+0000] {processor.py:178} INFO - Processing /home/airflow/.local/lib/python3.7/site-packages/airflow/example_dags/example_branch_labels.py took 0.231 seconds
[2023-05-14T15:48:30.965+0000] {processor.py:156} INFO - Started process (PID=312) to work on /home/airflow/.local/lib/python3.7/site-packages/airflow/example_dags/example_branch_labels.py
[2023-05-14T15:48:30.968+0000] {processor.py:799} INFO - Processing file /home/airflow/.local/lib/python3.7/site-packages/airflow/example_dags/example_branch_labels.py for tasks to queue
[2023-05-14T15:48:30.970+0000] {logging_mixin.py:149} INFO - [2023-05-14T15:48:30.970+0000] {dagbag.py:541} INFO - Filling up the DagBag from /home/airflow/.local/lib/python3.7/site-packages/airflow/example_dags/example_branch_labels.py
[2023-05-14T15:48:30.997+0000] {processor.py:809} INFO - DAG(s) dict_keys(['example_branch_labels']) retrieved from /home/airflow/.local/lib/python3.7/site-packages/airflow/example_dags/example_branch_labels.py
[2023-05-14T15:48:31.070+0000] {logging_mixin.py:149} INFO - [2023-05-14T15:48:31.070+0000] {dag.py:2726} INFO - Sync 1 DAGs
[2023-05-14T15:48:31.127+0000] {logging_mixin.py:149} INFO - [2023-05-14T15:48:31.127+0000] {dag.py:3490} INFO - Setting next_dagrun for example_branch_labels to 2023-05-13T00:00:00+00:00, run_after=2023-05-14T00:00:00+00:00
[2023-05-14T15:48:31.192+0000] {processor.py:178} INFO - Processing /home/airflow/.local/lib/python3.7/site-packages/airflow/example_dags/example_branch_labels.py took 0.237 seconds
[2023-05-14T15:49:01.430+0000] {processor.py:156} INFO - Started process (PID=378) to work on /home/airflow/.local/lib/python3.7/site-packages/airflow/example_dags/example_branch_labels.py
[2023-05-14T15:49:01.435+0000] {processor.py:799} INFO - Processing file /home/airflow/.local/lib/python3.7/site-packages/airflow/example_dags/example_branch_labels.py for tasks to queue
[2023-05-14T15:49:01.439+0000] {logging_mixin.py:149} INFO - [2023-05-14T15:49:01.438+0000] {dagbag.py:541} INFO - Filling up the DagBag from /home/airflow/.local/lib/python3.7/site-packages/airflow/example_dags/example_branch_labels.py
[2023-05-14T15:49:01.459+0000] {processor.py:809} INFO - DAG(s) dict_keys(['example_branch_labels']) retrieved from /home/airflow/.local/lib/python3.7/site-packages/airflow/example_dags/example_branch_labels.py
[2023-05-14T15:49:01.536+0000] {logging_mixin.py:149} INFO - [2023-05-14T15:49:01.536+0000] {dag.py:2726} INFO - Sync 1 DAGs
[2023-05-14T15:49:01.595+0000] {logging_mixin.py:149} INFO - [2023-05-14T15:49:01.594+0000] {dag.py:3490} INFO - Setting next_dagrun for example_branch_labels to 2023-05-13T00:00:00+00:00, run_after=2023-05-14T00:00:00+00:00
[2023-05-14T15:49:01.636+0000] {processor.py:178} INFO - Processing /home/airflow/.local/lib/python3.7/site-packages/airflow/example_dags/example_branch_labels.py took 0.215 seconds
[2023-05-14T15:49:32.071+0000] {processor.py:156} INFO - Started process (PID=444) to work on /home/airflow/.local/lib/python3.7/site-packages/airflow/example_dags/example_branch_labels.py
[2023-05-14T15:49:32.078+0000] {processor.py:799} INFO - Processing file /home/airflow/.local/lib/python3.7/site-packages/airflow/example_dags/example_branch_labels.py for tasks to queue
[2023-05-14T15:49:32.083+0000] {logging_mixin.py:149} INFO - [2023-05-14T15:49:32.082+0000] {dagbag.py:541} INFO - Filling up the DagBag from /home/airflow/.local/lib/python3.7/site-packages/airflow/example_dags/example_branch_labels.py
[2023-05-14T15:49:32.109+0000] {processor.py:809} INFO - DAG(s) dict_keys(['example_branch_labels']) retrieved from /home/airflow/.local/lib/python3.7/site-packages/airflow/example_dags/example_branch_labels.py
[2023-05-14T15:49:32.164+0000] {logging_mixin.py:149} INFO - [2023-05-14T15:49:32.164+0000] {dag.py:2726} INFO - Sync 1 DAGs
[2023-05-14T15:49:32.222+0000] {logging_mixin.py:149} INFO - [2023-05-14T15:49:32.222+0000] {dag.py:3490} INFO - Setting next_dagrun for example_branch_labels to 2023-05-13T00:00:00+00:00, run_after=2023-05-14T00:00:00+00:00
[2023-05-14T15:49:32.270+0000] {processor.py:178} INFO - Processing /home/airflow/.local/lib/python3.7/site-packages/airflow/example_dags/example_branch_labels.py took 0.208 seconds
[2023-05-14T15:50:03.030+0000] {processor.py:156} INFO - Started process (PID=510) to work on /home/airflow/.local/lib/python3.7/site-packages/airflow/example_dags/example_branch_labels.py
[2023-05-14T15:50:03.036+0000] {processor.py:799} INFO - Processing file /home/airflow/.local/lib/python3.7/site-packages/airflow/example_dags/example_branch_labels.py for tasks to queue
[2023-05-14T15:50:03.042+0000] {logging_mixin.py:149} INFO - [2023-05-14T15:50:03.041+0000] {dagbag.py:541} INFO - Filling up the DagBag from /home/airflow/.local/lib/python3.7/site-packages/airflow/example_dags/example_branch_labels.py
[2023-05-14T15:50:03.063+0000] {processor.py:809} INFO - DAG(s) dict_keys(['example_branch_labels']) retrieved from /home/airflow/.local/lib/python3.7/site-packages/airflow/example_dags/example_branch_labels.py
[2023-05-14T15:50:03.130+0000] {logging_mixin.py:149} INFO - [2023-05-14T15:50:03.130+0000] {dag.py:2726} INFO - Sync 1 DAGs
[2023-05-14T15:50:03.192+0000] {logging_mixin.py:149} INFO - [2023-05-14T15:50:03.192+0000] {dag.py:3490} INFO - Setting next_dagrun for example_branch_labels to 2023-05-13T00:00:00+00:00, run_after=2023-05-14T00:00:00+00:00
[2023-05-14T15:50:03.244+0000] {processor.py:178} INFO - Processing /home/airflow/.local/lib/python3.7/site-packages/airflow/example_dags/example_branch_labels.py took 0.222 seconds
[2023-05-14T15:50:33.370+0000] {processor.py:156} INFO - Started process (PID=575) to work on /home/airflow/.local/lib/python3.7/site-packages/airflow/example_dags/example_branch_labels.py
[2023-05-14T15:50:33.374+0000] {processor.py:799} INFO - Processing file /home/airflow/.local/lib/python3.7/site-packages/airflow/example_dags/example_branch_labels.py for tasks to queue
[2023-05-14T15:50:33.379+0000] {logging_mixin.py:149} INFO - [2023-05-14T15:50:33.379+0000] {dagbag.py:541} INFO - Filling up the DagBag from /home/airflow/.local/lib/python3.7/site-packages/airflow/example_dags/example_branch_labels.py
[2023-05-14T15:50:33.403+0000] {processor.py:809} INFO - DAG(s) dict_keys(['example_branch_labels']) retrieved from /home/airflow/.local/lib/python3.7/site-packages/airflow/example_dags/example_branch_labels.py
[2023-05-14T15:50:33.458+0000] {logging_mixin.py:149} INFO - [2023-05-14T15:50:33.458+0000] {dag.py:2726} INFO - Sync 1 DAGs
[2023-05-14T15:50:33.521+0000] {logging_mixin.py:149} INFO - [2023-05-14T15:50:33.521+0000] {dag.py:3490} INFO - Setting next_dagrun for example_branch_labels to 2023-05-13T00:00:00+00:00, run_after=2023-05-14T00:00:00+00:00
[2023-05-14T15:50:33.569+0000] {processor.py:178} INFO - Processing /home/airflow/.local/lib/python3.7/site-packages/airflow/example_dags/example_branch_labels.py took 0.206 seconds
[2023-05-14T15:51:03.936+0000] {processor.py:156} INFO - Started process (PID=645) to work on /home/airflow/.local/lib/python3.7/site-packages/airflow/example_dags/example_branch_labels.py
[2023-05-14T15:51:03.939+0000] {processor.py:799} INFO - Processing file /home/airflow/.local/lib/python3.7/site-packages/airflow/example_dags/example_branch_labels.py for tasks to queue
[2023-05-14T15:51:03.942+0000] {logging_mixin.py:149} INFO - [2023-05-14T15:51:03.942+0000] {dagbag.py:541} INFO - Filling up the DagBag from /home/airflow/.local/lib/python3.7/site-packages/airflow/example_dags/example_branch_labels.py
[2023-05-14T15:51:03.953+0000] {processor.py:809} INFO - DAG(s) dict_keys(['example_branch_labels']) retrieved from /home/airflow/.local/lib/python3.7/site-packages/airflow/example_dags/example_branch_labels.py
[2023-05-14T15:51:03.989+0000] {logging_mixin.py:149} INFO - [2023-05-14T15:51:03.988+0000] {dag.py:2726} INFO - Sync 1 DAGs
[2023-05-14T15:51:04.023+0000] {logging_mixin.py:149} INFO - [2023-05-14T15:51:04.023+0000] {dag.py:3490} INFO - Setting next_dagrun for example_branch_labels to 2023-05-13T00:00:00+00:00, run_after=2023-05-14T00:00:00+00:00
[2023-05-14T15:51:04.052+0000] {processor.py:178} INFO - Processing /home/airflow/.local/lib/python3.7/site-packages/airflow/example_dags/example_branch_labels.py took 0.122 seconds
