[2023-05-14T15:44:08.905+0000] {processor.py:156} INFO - Started process (PID=60) to work on /home/airflow/.local/lib/python3.7/site-packages/airflow/example_dags/example_short_circuit_decorator.py
[2023-05-14T15:44:08.922+0000] {processor.py:799} INFO - Processing file /home/airflow/.local/lib/python3.7/site-packages/airflow/example_dags/example_short_circuit_decorator.py for tasks to queue
[2023-05-14T15:44:08.927+0000] {logging_mixin.py:149} INFO - [2023-05-14T15:44:08.927+0000] {dagbag.py:541} INFO - Filling up the DagBag from /home/airflow/.local/lib/python3.7/site-packages/airflow/example_dags/example_short_circuit_decorator.py
[2023-05-14T15:44:08.957+0000] {processor.py:809} INFO - DAG(s) dict_keys(['example_short_circuit_decorator']) retrieved from /home/airflow/.local/lib/python3.7/site-packages/airflow/example_dags/example_short_circuit_decorator.py
[2023-05-14T15:44:09.183+0000] {logging_mixin.py:149} INFO - [2023-05-14T15:44:09.182+0000] {manager.py:504} INFO - Created Permission View: can read on DAG:example_short_circuit_decorator
[2023-05-14T15:44:09.204+0000] {logging_mixin.py:149} INFO - [2023-05-14T15:44:09.204+0000] {manager.py:504} INFO - Created Permission View: can delete on DAG:example_short_circuit_decorator
[2023-05-14T15:44:09.221+0000] {logging_mixin.py:149} INFO - [2023-05-14T15:44:09.221+0000] {manager.py:504} INFO - Created Permission View: can edit on DAG:example_short_circuit_decorator
[2023-05-14T15:44:09.224+0000] {logging_mixin.py:149} INFO - [2023-05-14T15:44:09.223+0000] {dag.py:2726} INFO - Sync 1 DAGs
[2023-05-14T15:44:09.263+0000] {logging_mixin.py:149} INFO - [2023-05-14T15:44:09.263+0000] {dag.py:2747} INFO - Creating ORM DAG for example_short_circuit_decorator
[2023-05-14T15:44:09.292+0000] {logging_mixin.py:149} INFO - [2023-05-14T15:44:09.292+0000] {dag.py:3490} INFO - Setting next_dagrun for example_short_circuit_decorator to 2023-05-13T15:44:09.291686+00:00, run_after=2023-05-14T15:44:09.291686+00:00
[2023-05-14T15:44:09.346+0000] {processor.py:178} INFO - Processing /home/airflow/.local/lib/python3.7/site-packages/airflow/example_dags/example_short_circuit_decorator.py took 0.447 seconds
[2023-05-14T15:46:20.946+0000] {processor.py:156} INFO - Started process (PID=54) to work on /home/airflow/.local/lib/python3.7/site-packages/airflow/example_dags/example_short_circuit_decorator.py
[2023-05-14T15:46:20.949+0000] {processor.py:799} INFO - Processing file /home/airflow/.local/lib/python3.7/site-packages/airflow/example_dags/example_short_circuit_decorator.py for tasks to queue
[2023-05-14T15:46:20.952+0000] {logging_mixin.py:149} INFO - [2023-05-14T15:46:20.952+0000] {dagbag.py:541} INFO - Filling up the DagBag from /home/airflow/.local/lib/python3.7/site-packages/airflow/example_dags/example_short_circuit_decorator.py
[2023-05-14T15:46:20.980+0000] {processor.py:809} INFO - DAG(s) dict_keys(['example_short_circuit_decorator']) retrieved from /home/airflow/.local/lib/python3.7/site-packages/airflow/example_dags/example_short_circuit_decorator.py
[2023-05-14T15:46:21.006+0000] {logging_mixin.py:149} INFO - [2023-05-14T15:46:21.006+0000] {dag.py:2726} INFO - Sync 1 DAGs
[2023-05-14T15:46:21.064+0000] {logging_mixin.py:149} INFO - [2023-05-14T15:46:21.064+0000] {dag.py:3490} INFO - Setting next_dagrun for example_short_circuit_decorator to 2023-05-13T15:46:21.063721+00:00, run_after=2023-05-14T15:46:21.063721+00:00
[2023-05-14T15:46:21.106+0000] {processor.py:178} INFO - Processing /home/airflow/.local/lib/python3.7/site-packages/airflow/example_dags/example_short_circuit_decorator.py took 0.167 seconds
[2023-05-14T15:46:52.289+0000] {processor.py:156} INFO - Started process (PID=119) to work on /home/airflow/.local/lib/python3.7/site-packages/airflow/example_dags/example_short_circuit_decorator.py
[2023-05-14T15:46:52.293+0000] {processor.py:799} INFO - Processing file /home/airflow/.local/lib/python3.7/site-packages/airflow/example_dags/example_short_circuit_decorator.py for tasks to queue
[2023-05-14T15:46:52.296+0000] {logging_mixin.py:149} INFO - [2023-05-14T15:46:52.296+0000] {dagbag.py:541} INFO - Filling up the DagBag from /home/airflow/.local/lib/python3.7/site-packages/airflow/example_dags/example_short_circuit_decorator.py
[2023-05-14T15:46:52.315+0000] {processor.py:809} INFO - DAG(s) dict_keys(['example_short_circuit_decorator']) retrieved from /home/airflow/.local/lib/python3.7/site-packages/airflow/example_dags/example_short_circuit_decorator.py
[2023-05-14T15:46:52.355+0000] {logging_mixin.py:149} INFO - [2023-05-14T15:46:52.355+0000] {dag.py:2726} INFO - Sync 1 DAGs
[2023-05-14T15:46:52.391+0000] {logging_mixin.py:149} INFO - [2023-05-14T15:46:52.391+0000] {dag.py:3490} INFO - Setting next_dagrun for example_short_circuit_decorator to 2023-05-13T15:46:52.390668+00:00, run_after=2023-05-14T15:46:52.390668+00:00
[2023-05-14T15:46:52.432+0000] {processor.py:178} INFO - Processing /home/airflow/.local/lib/python3.7/site-packages/airflow/example_dags/example_short_circuit_decorator.py took 0.149 seconds
[2023-05-14T15:47:35.090+0000] {processor.py:156} INFO - Started process (PID=189) to work on /home/airflow/.local/lib/python3.7/site-packages/airflow/example_dags/example_short_circuit_decorator.py
[2023-05-14T15:47:35.096+0000] {processor.py:799} INFO - Processing file /home/airflow/.local/lib/python3.7/site-packages/airflow/example_dags/example_short_circuit_decorator.py for tasks to queue
[2023-05-14T15:47:35.107+0000] {logging_mixin.py:149} INFO - [2023-05-14T15:47:35.107+0000] {dagbag.py:541} INFO - Filling up the DagBag from /home/airflow/.local/lib/python3.7/site-packages/airflow/example_dags/example_short_circuit_decorator.py
[2023-05-14T15:47:35.162+0000] {processor.py:809} INFO - DAG(s) dict_keys(['example_short_circuit_decorator']) retrieved from /home/airflow/.local/lib/python3.7/site-packages/airflow/example_dags/example_short_circuit_decorator.py
[2023-05-14T15:47:35.427+0000] {logging_mixin.py:149} INFO - [2023-05-14T15:47:35.426+0000] {dag.py:2726} INFO - Sync 1 DAGs
[2023-05-14T15:47:35.565+0000] {logging_mixin.py:149} INFO - [2023-05-14T15:47:35.565+0000] {dag.py:3490} INFO - Setting next_dagrun for example_short_circuit_decorator to 2023-05-13T15:47:35.564649+00:00, run_after=2023-05-14T15:47:35.564649+00:00
[2023-05-14T15:47:35.696+0000] {processor.py:178} INFO - Processing /home/airflow/.local/lib/python3.7/site-packages/airflow/example_dags/example_short_circuit_decorator.py took 0.648 seconds
[2023-05-14T15:48:05.990+0000] {processor.py:156} INFO - Started process (PID=263) to work on /home/airflow/.local/lib/python3.7/site-packages/airflow/example_dags/example_short_circuit_decorator.py
[2023-05-14T15:48:05.994+0000] {processor.py:799} INFO - Processing file /home/airflow/.local/lib/python3.7/site-packages/airflow/example_dags/example_short_circuit_decorator.py for tasks to queue
[2023-05-14T15:48:05.999+0000] {logging_mixin.py:149} INFO - [2023-05-14T15:48:05.998+0000] {dagbag.py:541} INFO - Filling up the DagBag from /home/airflow/.local/lib/python3.7/site-packages/airflow/example_dags/example_short_circuit_decorator.py
[2023-05-14T15:48:06.016+0000] {processor.py:809} INFO - DAG(s) dict_keys(['example_short_circuit_decorator']) retrieved from /home/airflow/.local/lib/python3.7/site-packages/airflow/example_dags/example_short_circuit_decorator.py
[2023-05-14T15:48:06.069+0000] {logging_mixin.py:149} INFO - [2023-05-14T15:48:06.069+0000] {dag.py:2726} INFO - Sync 1 DAGs
[2023-05-14T15:48:06.117+0000] {logging_mixin.py:149} INFO - [2023-05-14T15:48:06.117+0000] {dag.py:3490} INFO - Setting next_dagrun for example_short_circuit_decorator to 2023-05-13T15:48:06.116837+00:00, run_after=2023-05-14T15:48:06.116837+00:00
[2023-05-14T15:48:06.160+0000] {processor.py:178} INFO - Processing /home/airflow/.local/lib/python3.7/site-packages/airflow/example_dags/example_short_circuit_decorator.py took 0.178 seconds
[2023-05-14T15:48:36.246+0000] {processor.py:156} INFO - Started process (PID=328) to work on /home/airflow/.local/lib/python3.7/site-packages/airflow/example_dags/example_short_circuit_decorator.py
[2023-05-14T15:48:36.249+0000] {processor.py:799} INFO - Processing file /home/airflow/.local/lib/python3.7/site-packages/airflow/example_dags/example_short_circuit_decorator.py for tasks to queue
[2023-05-14T15:48:36.252+0000] {logging_mixin.py:149} INFO - [2023-05-14T15:48:36.252+0000] {dagbag.py:541} INFO - Filling up the DagBag from /home/airflow/.local/lib/python3.7/site-packages/airflow/example_dags/example_short_circuit_decorator.py
[2023-05-14T15:48:36.266+0000] {processor.py:809} INFO - DAG(s) dict_keys(['example_short_circuit_decorator']) retrieved from /home/airflow/.local/lib/python3.7/site-packages/airflow/example_dags/example_short_circuit_decorator.py
[2023-05-14T15:48:36.312+0000] {logging_mixin.py:149} INFO - [2023-05-14T15:48:36.312+0000] {dag.py:2726} INFO - Sync 1 DAGs
[2023-05-14T15:48:36.358+0000] {logging_mixin.py:149} INFO - [2023-05-14T15:48:36.358+0000] {dag.py:3490} INFO - Setting next_dagrun for example_short_circuit_decorator to 2023-05-13T15:48:36.357764+00:00, run_after=2023-05-14T15:48:36.357764+00:00
[2023-05-14T15:48:36.396+0000] {processor.py:178} INFO - Processing /home/airflow/.local/lib/python3.7/site-packages/airflow/example_dags/example_short_circuit_decorator.py took 0.154 seconds
[2023-05-14T15:49:07.219+0000] {processor.py:156} INFO - Started process (PID=394) to work on /home/airflow/.local/lib/python3.7/site-packages/airflow/example_dags/example_short_circuit_decorator.py
[2023-05-14T15:49:07.229+0000] {processor.py:799} INFO - Processing file /home/airflow/.local/lib/python3.7/site-packages/airflow/example_dags/example_short_circuit_decorator.py for tasks to queue
[2023-05-14T15:49:07.238+0000] {logging_mixin.py:149} INFO - [2023-05-14T15:49:07.232+0000] {dagbag.py:541} INFO - Filling up the DagBag from /home/airflow/.local/lib/python3.7/site-packages/airflow/example_dags/example_short_circuit_decorator.py
[2023-05-14T15:49:07.302+0000] {processor.py:809} INFO - DAG(s) dict_keys(['example_short_circuit_decorator']) retrieved from /home/airflow/.local/lib/python3.7/site-packages/airflow/example_dags/example_short_circuit_decorator.py
[2023-05-14T15:49:07.427+0000] {logging_mixin.py:149} INFO - [2023-05-14T15:49:07.427+0000] {dag.py:2726} INFO - Sync 1 DAGs
[2023-05-14T15:49:07.723+0000] {logging_mixin.py:149} INFO - [2023-05-14T15:49:07.723+0000] {dag.py:3490} INFO - Setting next_dagrun for example_short_circuit_decorator to 2023-05-13T15:49:07.722989+00:00, run_after=2023-05-14T15:49:07.722989+00:00
[2023-05-14T15:49:07.798+0000] {processor.py:178} INFO - Processing /home/airflow/.local/lib/python3.7/site-packages/airflow/example_dags/example_short_circuit_decorator.py took 0.605 seconds
[2023-05-14T15:49:38.433+0000] {processor.py:156} INFO - Started process (PID=460) to work on /home/airflow/.local/lib/python3.7/site-packages/airflow/example_dags/example_short_circuit_decorator.py
[2023-05-14T15:49:38.438+0000] {processor.py:799} INFO - Processing file /home/airflow/.local/lib/python3.7/site-packages/airflow/example_dags/example_short_circuit_decorator.py for tasks to queue
[2023-05-14T15:49:38.449+0000] {logging_mixin.py:149} INFO - [2023-05-14T15:49:38.449+0000] {dagbag.py:541} INFO - Filling up the DagBag from /home/airflow/.local/lib/python3.7/site-packages/airflow/example_dags/example_short_circuit_decorator.py
[2023-05-14T15:49:38.479+0000] {processor.py:809} INFO - DAG(s) dict_keys(['example_short_circuit_decorator']) retrieved from /home/airflow/.local/lib/python3.7/site-packages/airflow/example_dags/example_short_circuit_decorator.py
[2023-05-14T15:49:38.552+0000] {logging_mixin.py:149} INFO - [2023-05-14T15:49:38.552+0000] {dag.py:2726} INFO - Sync 1 DAGs
[2023-05-14T15:49:38.645+0000] {logging_mixin.py:149} INFO - [2023-05-14T15:49:38.645+0000] {dag.py:3490} INFO - Setting next_dagrun for example_short_circuit_decorator to 2023-05-13T15:49:38.644457+00:00, run_after=2023-05-14T15:49:38.644457+00:00
[2023-05-14T15:49:38.722+0000] {processor.py:178} INFO - Processing /home/airflow/.local/lib/python3.7/site-packages/airflow/example_dags/example_short_circuit_decorator.py took 0.302 seconds
[2023-05-14T15:50:09.818+0000] {processor.py:156} INFO - Started process (PID=525) to work on /home/airflow/.local/lib/python3.7/site-packages/airflow/example_dags/example_short_circuit_decorator.py
[2023-05-14T15:50:09.847+0000] {processor.py:799} INFO - Processing file /home/airflow/.local/lib/python3.7/site-packages/airflow/example_dags/example_short_circuit_decorator.py for tasks to queue
[2023-05-14T15:50:09.850+0000] {logging_mixin.py:149} INFO - [2023-05-14T15:50:09.850+0000] {dagbag.py:541} INFO - Filling up the DagBag from /home/airflow/.local/lib/python3.7/site-packages/airflow/example_dags/example_short_circuit_decorator.py
[2023-05-14T15:50:09.898+0000] {processor.py:809} INFO - DAG(s) dict_keys(['example_short_circuit_decorator']) retrieved from /home/airflow/.local/lib/python3.7/site-packages/airflow/example_dags/example_short_circuit_decorator.py
[2023-05-14T15:50:09.979+0000] {logging_mixin.py:149} INFO - [2023-05-14T15:50:09.978+0000] {dag.py:2726} INFO - Sync 1 DAGs
[2023-05-14T15:50:10.064+0000] {logging_mixin.py:149} INFO - [2023-05-14T15:50:10.063+0000] {dag.py:3490} INFO - Setting next_dagrun for example_short_circuit_decorator to 2023-05-13T15:50:10.063078+00:00, run_after=2023-05-14T15:50:10.063078+00:00
[2023-05-14T15:50:10.179+0000] {processor.py:178} INFO - Processing /home/airflow/.local/lib/python3.7/site-packages/airflow/example_dags/example_short_circuit_decorator.py took 0.373 seconds
[2023-05-14T15:50:40.718+0000] {processor.py:156} INFO - Started process (PID=595) to work on /home/airflow/.local/lib/python3.7/site-packages/airflow/example_dags/example_short_circuit_decorator.py
[2023-05-14T15:50:40.721+0000] {processor.py:799} INFO - Processing file /home/airflow/.local/lib/python3.7/site-packages/airflow/example_dags/example_short_circuit_decorator.py for tasks to queue
[2023-05-14T15:50:40.724+0000] {logging_mixin.py:149} INFO - [2023-05-14T15:50:40.723+0000] {dagbag.py:541} INFO - Filling up the DagBag from /home/airflow/.local/lib/python3.7/site-packages/airflow/example_dags/example_short_circuit_decorator.py
[2023-05-14T15:50:40.743+0000] {processor.py:809} INFO - DAG(s) dict_keys(['example_short_circuit_decorator']) retrieved from /home/airflow/.local/lib/python3.7/site-packages/airflow/example_dags/example_short_circuit_decorator.py
[2023-05-14T15:50:40.788+0000] {logging_mixin.py:149} INFO - [2023-05-14T15:50:40.788+0000] {dag.py:2726} INFO - Sync 1 DAGs
[2023-05-14T15:50:40.831+0000] {logging_mixin.py:149} INFO - [2023-05-14T15:50:40.830+0000] {dag.py:3490} INFO - Setting next_dagrun for example_short_circuit_decorator to 2023-05-13T15:50:40.830145+00:00, run_after=2023-05-14T15:50:40.830145+00:00
[2023-05-14T15:50:40.867+0000] {processor.py:178} INFO - Processing /home/airflow/.local/lib/python3.7/site-packages/airflow/example_dags/example_short_circuit_decorator.py took 0.156 seconds
[2023-05-14T15:51:11.448+0000] {processor.py:156} INFO - Started process (PID=661) to work on /home/airflow/.local/lib/python3.7/site-packages/airflow/example_dags/example_short_circuit_decorator.py
[2023-05-14T15:51:11.452+0000] {processor.py:799} INFO - Processing file /home/airflow/.local/lib/python3.7/site-packages/airflow/example_dags/example_short_circuit_decorator.py for tasks to queue
[2023-05-14T15:51:11.456+0000] {logging_mixin.py:149} INFO - [2023-05-14T15:51:11.456+0000] {dagbag.py:541} INFO - Filling up the DagBag from /home/airflow/.local/lib/python3.7/site-packages/airflow/example_dags/example_short_circuit_decorator.py
[2023-05-14T15:51:11.481+0000] {processor.py:809} INFO - DAG(s) dict_keys(['example_short_circuit_decorator']) retrieved from /home/airflow/.local/lib/python3.7/site-packages/airflow/example_dags/example_short_circuit_decorator.py
[2023-05-14T15:51:11.548+0000] {logging_mixin.py:149} INFO - [2023-05-14T15:51:11.547+0000] {dag.py:2726} INFO - Sync 1 DAGs
[2023-05-14T15:51:11.595+0000] {logging_mixin.py:149} INFO - [2023-05-14T15:51:11.595+0000] {dag.py:3490} INFO - Setting next_dagrun for example_short_circuit_decorator to 2023-05-13T15:51:11.594849+00:00, run_after=2023-05-14T15:51:11.594849+00:00
[2023-05-14T15:51:11.636+0000] {processor.py:178} INFO - Processing /home/airflow/.local/lib/python3.7/site-packages/airflow/example_dags/example_short_circuit_decorator.py took 0.195 seconds
