[2023-05-14T15:44:10.337+0000] {processor.py:156} INFO - Started process (PID=65) to work on /home/airflow/.local/lib/python3.7/site-packages/airflow/example_dags/example_python_operator.py
[2023-05-14T15:44:10.340+0000] {processor.py:799} INFO - Processing file /home/airflow/.local/lib/python3.7/site-packages/airflow/example_dags/example_python_operator.py for tasks to queue
[2023-05-14T15:44:10.343+0000] {logging_mixin.py:149} INFO - [2023-05-14T15:44:10.343+0000] {dagbag.py:541} INFO - Filling up the DagBag from /home/airflow/.local/lib/python3.7/site-packages/airflow/example_dags/example_python_operator.py
[2023-05-14T15:44:10.365+0000] {logging_mixin.py:149} INFO - [2023-05-14T15:44:10.365+0000] {taskmixin.py:211} WARNING - Dependency <Task(_PythonDecoratedOperator): print_the_context>, log_sql_query already registered for DAG: example_python_operator
[2023-05-14T15:44:10.369+0000] {logging_mixin.py:149} INFO - [2023-05-14T15:44:10.368+0000] {taskmixin.py:211} WARNING - Dependency <Task(_PythonDecoratedOperator): log_sql_query>, print_the_context already registered for DAG: example_python_operator
[2023-05-14T15:44:10.372+0000] {logging_mixin.py:149} INFO - [2023-05-14T15:44:10.372+0000] {taskmixin.py:211} WARNING - Dependency <Task(_PythonDecoratedOperator): print_the_context>, log_sql_query already registered for DAG: example_python_operator
[2023-05-14T15:44:10.375+0000] {logging_mixin.py:149} INFO - [2023-05-14T15:44:10.374+0000] {taskmixin.py:211} WARNING - Dependency <Task(_PythonDecoratedOperator): log_sql_query>, print_the_context already registered for DAG: example_python_operator
[2023-05-14T15:44:10.379+0000] {logging_mixin.py:149} INFO - [2023-05-14T15:44:10.378+0000] {taskmixin.py:211} WARNING - Dependency <Task(_PythonDecoratedOperator): print_the_context>, log_sql_query already registered for DAG: example_python_operator
[2023-05-14T15:44:10.382+0000] {logging_mixin.py:149} INFO - [2023-05-14T15:44:10.381+0000] {taskmixin.py:211} WARNING - Dependency <Task(_PythonDecoratedOperator): log_sql_query>, print_the_context already registered for DAG: example_python_operator
[2023-05-14T15:44:10.386+0000] {logging_mixin.py:149} INFO - [2023-05-14T15:44:10.385+0000] {taskmixin.py:211} WARNING - Dependency <Task(_PythonDecoratedOperator): print_the_context>, log_sql_query already registered for DAG: example_python_operator
[2023-05-14T15:44:10.388+0000] {logging_mixin.py:149} INFO - [2023-05-14T15:44:10.388+0000] {taskmixin.py:211} WARNING - Dependency <Task(_PythonDecoratedOperator): log_sql_query>, print_the_context already registered for DAG: example_python_operator
[2023-05-14T15:44:10.398+0000] {processor.py:809} INFO - DAG(s) dict_keys(['example_python_operator']) retrieved from /home/airflow/.local/lib/python3.7/site-packages/airflow/example_dags/example_python_operator.py
[2023-05-14T15:44:10.719+0000] {logging_mixin.py:149} INFO - [2023-05-14T15:44:10.719+0000] {manager.py:504} INFO - Created Permission View: can read on DAG:example_python_operator
[2023-05-14T15:44:10.753+0000] {logging_mixin.py:149} INFO - [2023-05-14T15:44:10.753+0000] {manager.py:504} INFO - Created Permission View: can delete on DAG:example_python_operator
[2023-05-14T15:44:10.775+0000] {logging_mixin.py:149} INFO - [2023-05-14T15:44:10.775+0000] {manager.py:504} INFO - Created Permission View: can edit on DAG:example_python_operator
[2023-05-14T15:44:10.778+0000] {logging_mixin.py:149} INFO - [2023-05-14T15:44:10.778+0000] {dag.py:2726} INFO - Sync 1 DAGs
[2023-05-14T15:44:10.817+0000] {logging_mixin.py:149} INFO - [2023-05-14T15:44:10.817+0000] {dag.py:2747} INFO - Creating ORM DAG for example_python_operator
[2023-05-14T15:44:10.849+0000] {logging_mixin.py:149} INFO - [2023-05-14T15:44:10.848+0000] {dag.py:3490} INFO - Setting next_dagrun for example_python_operator to None, run_after=None
[2023-05-14T15:44:10.898+0000] {processor.py:178} INFO - Processing /home/airflow/.local/lib/python3.7/site-packages/airflow/example_dags/example_python_operator.py took 0.569 seconds
[2023-05-14T15:46:21.446+0000] {processor.py:156} INFO - Started process (PID=59) to work on /home/airflow/.local/lib/python3.7/site-packages/airflow/example_dags/example_python_operator.py
[2023-05-14T15:46:21.454+0000] {processor.py:799} INFO - Processing file /home/airflow/.local/lib/python3.7/site-packages/airflow/example_dags/example_python_operator.py for tasks to queue
[2023-05-14T15:46:21.460+0000] {logging_mixin.py:149} INFO - [2023-05-14T15:46:21.460+0000] {dagbag.py:541} INFO - Filling up the DagBag from /home/airflow/.local/lib/python3.7/site-packages/airflow/example_dags/example_python_operator.py
[2023-05-14T15:46:21.478+0000] {logging_mixin.py:149} INFO - [2023-05-14T15:46:21.477+0000] {taskmixin.py:211} WARNING - Dependency <Task(_PythonDecoratedOperator): print_the_context>, log_sql_query already registered for DAG: example_python_operator
[2023-05-14T15:46:21.480+0000] {logging_mixin.py:149} INFO - [2023-05-14T15:46:21.480+0000] {taskmixin.py:211} WARNING - Dependency <Task(_PythonDecoratedOperator): log_sql_query>, print_the_context already registered for DAG: example_python_operator
[2023-05-14T15:46:21.484+0000] {logging_mixin.py:149} INFO - [2023-05-14T15:46:21.484+0000] {taskmixin.py:211} WARNING - Dependency <Task(_PythonDecoratedOperator): print_the_context>, log_sql_query already registered for DAG: example_python_operator
[2023-05-14T15:46:21.487+0000] {logging_mixin.py:149} INFO - [2023-05-14T15:46:21.486+0000] {taskmixin.py:211} WARNING - Dependency <Task(_PythonDecoratedOperator): log_sql_query>, print_the_context already registered for DAG: example_python_operator
[2023-05-14T15:46:21.491+0000] {logging_mixin.py:149} INFO - [2023-05-14T15:46:21.491+0000] {taskmixin.py:211} WARNING - Dependency <Task(_PythonDecoratedOperator): print_the_context>, log_sql_query already registered for DAG: example_python_operator
[2023-05-14T15:46:21.494+0000] {logging_mixin.py:149} INFO - [2023-05-14T15:46:21.493+0000] {taskmixin.py:211} WARNING - Dependency <Task(_PythonDecoratedOperator): log_sql_query>, print_the_context already registered for DAG: example_python_operator
[2023-05-14T15:46:21.498+0000] {logging_mixin.py:149} INFO - [2023-05-14T15:46:21.497+0000] {taskmixin.py:211} WARNING - Dependency <Task(_PythonDecoratedOperator): print_the_context>, log_sql_query already registered for DAG: example_python_operator
[2023-05-14T15:46:21.501+0000] {logging_mixin.py:149} INFO - [2023-05-14T15:46:21.500+0000] {taskmixin.py:211} WARNING - Dependency <Task(_PythonDecoratedOperator): log_sql_query>, print_the_context already registered for DAG: example_python_operator
[2023-05-14T15:46:21.515+0000] {processor.py:809} INFO - DAG(s) dict_keys(['example_python_operator']) retrieved from /home/airflow/.local/lib/python3.7/site-packages/airflow/example_dags/example_python_operator.py
[2023-05-14T15:46:21.546+0000] {logging_mixin.py:149} INFO - [2023-05-14T15:46:21.545+0000] {dag.py:2726} INFO - Sync 1 DAGs
[2023-05-14T15:46:21.595+0000] {logging_mixin.py:149} INFO - [2023-05-14T15:46:21.594+0000] {dag.py:3490} INFO - Setting next_dagrun for example_python_operator to None, run_after=None
[2023-05-14T15:46:21.639+0000] {processor.py:178} INFO - Processing /home/airflow/.local/lib/python3.7/site-packages/airflow/example_dags/example_python_operator.py took 0.199 seconds
[2023-05-14T15:46:52.846+0000] {processor.py:156} INFO - Started process (PID=124) to work on /home/airflow/.local/lib/python3.7/site-packages/airflow/example_dags/example_python_operator.py
[2023-05-14T15:46:52.850+0000] {processor.py:799} INFO - Processing file /home/airflow/.local/lib/python3.7/site-packages/airflow/example_dags/example_python_operator.py for tasks to queue
[2023-05-14T15:46:52.853+0000] {logging_mixin.py:149} INFO - [2023-05-14T15:46:52.853+0000] {dagbag.py:541} INFO - Filling up the DagBag from /home/airflow/.local/lib/python3.7/site-packages/airflow/example_dags/example_python_operator.py
[2023-05-14T15:46:52.867+0000] {logging_mixin.py:149} INFO - [2023-05-14T15:46:52.867+0000] {taskmixin.py:211} WARNING - Dependency <Task(_PythonDecoratedOperator): print_the_context>, log_sql_query already registered for DAG: example_python_operator
[2023-05-14T15:46:52.871+0000] {logging_mixin.py:149} INFO - [2023-05-14T15:46:52.871+0000] {taskmixin.py:211} WARNING - Dependency <Task(_PythonDecoratedOperator): log_sql_query>, print_the_context already registered for DAG: example_python_operator
[2023-05-14T15:46:52.875+0000] {logging_mixin.py:149} INFO - [2023-05-14T15:46:52.875+0000] {taskmixin.py:211} WARNING - Dependency <Task(_PythonDecoratedOperator): print_the_context>, log_sql_query already registered for DAG: example_python_operator
[2023-05-14T15:46:52.877+0000] {logging_mixin.py:149} INFO - [2023-05-14T15:46:52.877+0000] {taskmixin.py:211} WARNING - Dependency <Task(_PythonDecoratedOperator): log_sql_query>, print_the_context already registered for DAG: example_python_operator
[2023-05-14T15:46:52.881+0000] {logging_mixin.py:149} INFO - [2023-05-14T15:46:52.881+0000] {taskmixin.py:211} WARNING - Dependency <Task(_PythonDecoratedOperator): print_the_context>, log_sql_query already registered for DAG: example_python_operator
[2023-05-14T15:46:52.883+0000] {logging_mixin.py:149} INFO - [2023-05-14T15:46:52.883+0000] {taskmixin.py:211} WARNING - Dependency <Task(_PythonDecoratedOperator): log_sql_query>, print_the_context already registered for DAG: example_python_operator
[2023-05-14T15:46:52.887+0000] {logging_mixin.py:149} INFO - [2023-05-14T15:46:52.887+0000] {taskmixin.py:211} WARNING - Dependency <Task(_PythonDecoratedOperator): print_the_context>, log_sql_query already registered for DAG: example_python_operator
[2023-05-14T15:46:52.889+0000] {logging_mixin.py:149} INFO - [2023-05-14T15:46:52.889+0000] {taskmixin.py:211} WARNING - Dependency <Task(_PythonDecoratedOperator): log_sql_query>, print_the_context already registered for DAG: example_python_operator
[2023-05-14T15:46:52.895+0000] {processor.py:809} INFO - DAG(s) dict_keys(['example_python_operator']) retrieved from /home/airflow/.local/lib/python3.7/site-packages/airflow/example_dags/example_python_operator.py
[2023-05-14T15:46:53.006+0000] {logging_mixin.py:149} INFO - [2023-05-14T15:46:53.005+0000] {dag.py:2726} INFO - Sync 1 DAGs
[2023-05-14T15:46:53.044+0000] {logging_mixin.py:149} INFO - [2023-05-14T15:46:53.043+0000] {dag.py:3490} INFO - Setting next_dagrun for example_python_operator to None, run_after=None
[2023-05-14T15:46:53.083+0000] {processor.py:178} INFO - Processing /home/airflow/.local/lib/python3.7/site-packages/airflow/example_dags/example_python_operator.py took 0.242 seconds
[2023-05-14T15:47:36.434+0000] {processor.py:156} INFO - Started process (PID=202) to work on /home/airflow/.local/lib/python3.7/site-packages/airflow/example_dags/example_python_operator.py
[2023-05-14T15:47:36.441+0000] {processor.py:799} INFO - Processing file /home/airflow/.local/lib/python3.7/site-packages/airflow/example_dags/example_python_operator.py for tasks to queue
[2023-05-14T15:47:36.445+0000] {logging_mixin.py:149} INFO - [2023-05-14T15:47:36.444+0000] {dagbag.py:541} INFO - Filling up the DagBag from /home/airflow/.local/lib/python3.7/site-packages/airflow/example_dags/example_python_operator.py
[2023-05-14T15:47:36.469+0000] {logging_mixin.py:149} INFO - [2023-05-14T15:47:36.468+0000] {taskmixin.py:211} WARNING - Dependency <Task(_PythonDecoratedOperator): print_the_context>, log_sql_query already registered for DAG: example_python_operator
[2023-05-14T15:47:36.472+0000] {logging_mixin.py:149} INFO - [2023-05-14T15:47:36.472+0000] {taskmixin.py:211} WARNING - Dependency <Task(_PythonDecoratedOperator): log_sql_query>, print_the_context already registered for DAG: example_python_operator
[2023-05-14T15:47:36.475+0000] {logging_mixin.py:149} INFO - [2023-05-14T15:47:36.475+0000] {taskmixin.py:211} WARNING - Dependency <Task(_PythonDecoratedOperator): print_the_context>, log_sql_query already registered for DAG: example_python_operator
[2023-05-14T15:47:36.478+0000] {logging_mixin.py:149} INFO - [2023-05-14T15:47:36.477+0000] {taskmixin.py:211} WARNING - Dependency <Task(_PythonDecoratedOperator): log_sql_query>, print_the_context already registered for DAG: example_python_operator
[2023-05-14T15:47:36.483+0000] {logging_mixin.py:149} INFO - [2023-05-14T15:47:36.483+0000] {taskmixin.py:211} WARNING - Dependency <Task(_PythonDecoratedOperator): print_the_context>, log_sql_query already registered for DAG: example_python_operator
[2023-05-14T15:47:36.486+0000] {logging_mixin.py:149} INFO - [2023-05-14T15:47:36.485+0000] {taskmixin.py:211} WARNING - Dependency <Task(_PythonDecoratedOperator): log_sql_query>, print_the_context already registered for DAG: example_python_operator
[2023-05-14T15:47:36.493+0000] {logging_mixin.py:149} INFO - [2023-05-14T15:47:36.492+0000] {taskmixin.py:211} WARNING - Dependency <Task(_PythonDecoratedOperator): print_the_context>, log_sql_query already registered for DAG: example_python_operator
[2023-05-14T15:47:36.495+0000] {logging_mixin.py:149} INFO - [2023-05-14T15:47:36.494+0000] {taskmixin.py:211} WARNING - Dependency <Task(_PythonDecoratedOperator): log_sql_query>, print_the_context already registered for DAG: example_python_operator
[2023-05-14T15:47:36.503+0000] {processor.py:809} INFO - DAG(s) dict_keys(['example_python_operator']) retrieved from /home/airflow/.local/lib/python3.7/site-packages/airflow/example_dags/example_python_operator.py
[2023-05-14T15:47:36.588+0000] {logging_mixin.py:149} INFO - [2023-05-14T15:47:36.587+0000] {dag.py:2726} INFO - Sync 1 DAGs
[2023-05-14T15:47:36.659+0000] {logging_mixin.py:149} INFO - [2023-05-14T15:47:36.658+0000] {dag.py:3490} INFO - Setting next_dagrun for example_python_operator to None, run_after=None
[2023-05-14T15:47:36.717+0000] {processor.py:178} INFO - Processing /home/airflow/.local/lib/python3.7/site-packages/airflow/example_dags/example_python_operator.py took 0.294 seconds
[2023-05-14T15:48:07.005+0000] {processor.py:156} INFO - Started process (PID=268) to work on /home/airflow/.local/lib/python3.7/site-packages/airflow/example_dags/example_python_operator.py
[2023-05-14T15:48:07.008+0000] {processor.py:799} INFO - Processing file /home/airflow/.local/lib/python3.7/site-packages/airflow/example_dags/example_python_operator.py for tasks to queue
[2023-05-14T15:48:07.010+0000] {logging_mixin.py:149} INFO - [2023-05-14T15:48:07.010+0000] {dagbag.py:541} INFO - Filling up the DagBag from /home/airflow/.local/lib/python3.7/site-packages/airflow/example_dags/example_python_operator.py
[2023-05-14T15:48:07.020+0000] {logging_mixin.py:149} INFO - [2023-05-14T15:48:07.020+0000] {taskmixin.py:211} WARNING - Dependency <Task(_PythonDecoratedOperator): print_the_context>, log_sql_query already registered for DAG: example_python_operator
[2023-05-14T15:48:07.021+0000] {logging_mixin.py:149} INFO - [2023-05-14T15:48:07.021+0000] {taskmixin.py:211} WARNING - Dependency <Task(_PythonDecoratedOperator): log_sql_query>, print_the_context already registered for DAG: example_python_operator
[2023-05-14T15:48:07.023+0000] {logging_mixin.py:149} INFO - [2023-05-14T15:48:07.023+0000] {taskmixin.py:211} WARNING - Dependency <Task(_PythonDecoratedOperator): print_the_context>, log_sql_query already registered for DAG: example_python_operator
[2023-05-14T15:48:07.025+0000] {logging_mixin.py:149} INFO - [2023-05-14T15:48:07.025+0000] {taskmixin.py:211} WARNING - Dependency <Task(_PythonDecoratedOperator): log_sql_query>, print_the_context already registered for DAG: example_python_operator
[2023-05-14T15:48:07.029+0000] {logging_mixin.py:149} INFO - [2023-05-14T15:48:07.028+0000] {taskmixin.py:211} WARNING - Dependency <Task(_PythonDecoratedOperator): print_the_context>, log_sql_query already registered for DAG: example_python_operator
[2023-05-14T15:48:07.031+0000] {logging_mixin.py:149} INFO - [2023-05-14T15:48:07.031+0000] {taskmixin.py:211} WARNING - Dependency <Task(_PythonDecoratedOperator): log_sql_query>, print_the_context already registered for DAG: example_python_operator
[2023-05-14T15:48:07.034+0000] {logging_mixin.py:149} INFO - [2023-05-14T15:48:07.034+0000] {taskmixin.py:211} WARNING - Dependency <Task(_PythonDecoratedOperator): print_the_context>, log_sql_query already registered for DAG: example_python_operator
[2023-05-14T15:48:07.038+0000] {logging_mixin.py:149} INFO - [2023-05-14T15:48:07.038+0000] {taskmixin.py:211} WARNING - Dependency <Task(_PythonDecoratedOperator): log_sql_query>, print_the_context already registered for DAG: example_python_operator
[2023-05-14T15:48:07.045+0000] {processor.py:809} INFO - DAG(s) dict_keys(['example_python_operator']) retrieved from /home/airflow/.local/lib/python3.7/site-packages/airflow/example_dags/example_python_operator.py
[2023-05-14T15:48:07.087+0000] {logging_mixin.py:149} INFO - [2023-05-14T15:48:07.086+0000] {dag.py:2726} INFO - Sync 1 DAGs
[2023-05-14T15:48:07.123+0000] {logging_mixin.py:149} INFO - [2023-05-14T15:48:07.123+0000] {dag.py:3490} INFO - Setting next_dagrun for example_python_operator to None, run_after=None
[2023-05-14T15:48:07.174+0000] {processor.py:178} INFO - Processing /home/airflow/.local/lib/python3.7/site-packages/airflow/example_dags/example_python_operator.py took 0.173 seconds
[2023-05-14T15:48:38.498+0000] {processor.py:156} INFO - Started process (PID=334) to work on /home/airflow/.local/lib/python3.7/site-packages/airflow/example_dags/example_python_operator.py
[2023-05-14T15:48:38.503+0000] {processor.py:799} INFO - Processing file /home/airflow/.local/lib/python3.7/site-packages/airflow/example_dags/example_python_operator.py for tasks to queue
[2023-05-14T15:48:38.506+0000] {logging_mixin.py:149} INFO - [2023-05-14T15:48:38.506+0000] {dagbag.py:541} INFO - Filling up the DagBag from /home/airflow/.local/lib/python3.7/site-packages/airflow/example_dags/example_python_operator.py
[2023-05-14T15:48:38.538+0000] {logging_mixin.py:149} INFO - [2023-05-14T15:48:38.537+0000] {taskmixin.py:211} WARNING - Dependency <Task(_PythonDecoratedOperator): print_the_context>, log_sql_query already registered for DAG: example_python_operator
[2023-05-14T15:48:38.541+0000] {logging_mixin.py:149} INFO - [2023-05-14T15:48:38.540+0000] {taskmixin.py:211} WARNING - Dependency <Task(_PythonDecoratedOperator): log_sql_query>, print_the_context already registered for DAG: example_python_operator
[2023-05-14T15:48:38.546+0000] {logging_mixin.py:149} INFO - [2023-05-14T15:48:38.546+0000] {taskmixin.py:211} WARNING - Dependency <Task(_PythonDecoratedOperator): print_the_context>, log_sql_query already registered for DAG: example_python_operator
[2023-05-14T15:48:38.548+0000] {logging_mixin.py:149} INFO - [2023-05-14T15:48:38.548+0000] {taskmixin.py:211} WARNING - Dependency <Task(_PythonDecoratedOperator): log_sql_query>, print_the_context already registered for DAG: example_python_operator
[2023-05-14T15:48:38.553+0000] {logging_mixin.py:149} INFO - [2023-05-14T15:48:38.552+0000] {taskmixin.py:211} WARNING - Dependency <Task(_PythonDecoratedOperator): print_the_context>, log_sql_query already registered for DAG: example_python_operator
[2023-05-14T15:48:38.555+0000] {logging_mixin.py:149} INFO - [2023-05-14T15:48:38.554+0000] {taskmixin.py:211} WARNING - Dependency <Task(_PythonDecoratedOperator): log_sql_query>, print_the_context already registered for DAG: example_python_operator
[2023-05-14T15:48:38.557+0000] {logging_mixin.py:149} INFO - [2023-05-14T15:48:38.557+0000] {taskmixin.py:211} WARNING - Dependency <Task(_PythonDecoratedOperator): print_the_context>, log_sql_query already registered for DAG: example_python_operator
[2023-05-14T15:48:38.559+0000] {logging_mixin.py:149} INFO - [2023-05-14T15:48:38.559+0000] {taskmixin.py:211} WARNING - Dependency <Task(_PythonDecoratedOperator): log_sql_query>, print_the_context already registered for DAG: example_python_operator
[2023-05-14T15:48:38.569+0000] {processor.py:809} INFO - DAG(s) dict_keys(['example_python_operator']) retrieved from /home/airflow/.local/lib/python3.7/site-packages/airflow/example_dags/example_python_operator.py
[2023-05-14T15:48:38.655+0000] {logging_mixin.py:149} INFO - [2023-05-14T15:48:38.655+0000] {dag.py:2726} INFO - Sync 1 DAGs
[2023-05-14T15:48:38.751+0000] {logging_mixin.py:149} INFO - [2023-05-14T15:48:38.751+0000] {dag.py:3490} INFO - Setting next_dagrun for example_python_operator to None, run_after=None
[2023-05-14T15:48:38.811+0000] {processor.py:178} INFO - Processing /home/airflow/.local/lib/python3.7/site-packages/airflow/example_dags/example_python_operator.py took 0.325 seconds
[2023-05-14T15:49:09.566+0000] {processor.py:156} INFO - Started process (PID=399) to work on /home/airflow/.local/lib/python3.7/site-packages/airflow/example_dags/example_python_operator.py
[2023-05-14T15:49:09.574+0000] {processor.py:799} INFO - Processing file /home/airflow/.local/lib/python3.7/site-packages/airflow/example_dags/example_python_operator.py for tasks to queue
[2023-05-14T15:49:09.579+0000] {logging_mixin.py:149} INFO - [2023-05-14T15:49:09.578+0000] {dagbag.py:541} INFO - Filling up the DagBag from /home/airflow/.local/lib/python3.7/site-packages/airflow/example_dags/example_python_operator.py
[2023-05-14T15:49:09.633+0000] {logging_mixin.py:149} INFO - [2023-05-14T15:49:09.632+0000] {taskmixin.py:211} WARNING - Dependency <Task(_PythonDecoratedOperator): print_the_context>, log_sql_query already registered for DAG: example_python_operator
[2023-05-14T15:49:09.636+0000] {logging_mixin.py:149} INFO - [2023-05-14T15:49:09.636+0000] {taskmixin.py:211} WARNING - Dependency <Task(_PythonDecoratedOperator): log_sql_query>, print_the_context already registered for DAG: example_python_operator
[2023-05-14T15:49:09.648+0000] {logging_mixin.py:149} INFO - [2023-05-14T15:49:09.645+0000] {taskmixin.py:211} WARNING - Dependency <Task(_PythonDecoratedOperator): print_the_context>, log_sql_query already registered for DAG: example_python_operator
[2023-05-14T15:49:09.652+0000] {logging_mixin.py:149} INFO - [2023-05-14T15:49:09.651+0000] {taskmixin.py:211} WARNING - Dependency <Task(_PythonDecoratedOperator): log_sql_query>, print_the_context already registered for DAG: example_python_operator
[2023-05-14T15:49:09.658+0000] {logging_mixin.py:149} INFO - [2023-05-14T15:49:09.658+0000] {taskmixin.py:211} WARNING - Dependency <Task(_PythonDecoratedOperator): print_the_context>, log_sql_query already registered for DAG: example_python_operator
[2023-05-14T15:49:09.661+0000] {logging_mixin.py:149} INFO - [2023-05-14T15:49:09.660+0000] {taskmixin.py:211} WARNING - Dependency <Task(_PythonDecoratedOperator): log_sql_query>, print_the_context already registered for DAG: example_python_operator
[2023-05-14T15:49:09.666+0000] {logging_mixin.py:149} INFO - [2023-05-14T15:49:09.665+0000] {taskmixin.py:211} WARNING - Dependency <Task(_PythonDecoratedOperator): print_the_context>, log_sql_query already registered for DAG: example_python_operator
[2023-05-14T15:49:09.669+0000] {logging_mixin.py:149} INFO - [2023-05-14T15:49:09.668+0000] {taskmixin.py:211} WARNING - Dependency <Task(_PythonDecoratedOperator): log_sql_query>, print_the_context already registered for DAG: example_python_operator
[2023-05-14T15:49:09.694+0000] {processor.py:809} INFO - DAG(s) dict_keys(['example_python_operator']) retrieved from /home/airflow/.local/lib/python3.7/site-packages/airflow/example_dags/example_python_operator.py
[2023-05-14T15:49:09.784+0000] {logging_mixin.py:149} INFO - [2023-05-14T15:49:09.783+0000] {dag.py:2726} INFO - Sync 1 DAGs
[2023-05-14T15:49:09.859+0000] {logging_mixin.py:149} INFO - [2023-05-14T15:49:09.858+0000] {dag.py:3490} INFO - Setting next_dagrun for example_python_operator to None, run_after=None
[2023-05-14T15:49:09.946+0000] {processor.py:178} INFO - Processing /home/airflow/.local/lib/python3.7/site-packages/airflow/example_dags/example_python_operator.py took 0.398 seconds
[2023-05-14T15:49:40.318+0000] {processor.py:156} INFO - Started process (PID=465) to work on /home/airflow/.local/lib/python3.7/site-packages/airflow/example_dags/example_python_operator.py
[2023-05-14T15:49:40.323+0000] {processor.py:799} INFO - Processing file /home/airflow/.local/lib/python3.7/site-packages/airflow/example_dags/example_python_operator.py for tasks to queue
[2023-05-14T15:49:40.326+0000] {logging_mixin.py:149} INFO - [2023-05-14T15:49:40.326+0000] {dagbag.py:541} INFO - Filling up the DagBag from /home/airflow/.local/lib/python3.7/site-packages/airflow/example_dags/example_python_operator.py
[2023-05-14T15:49:40.395+0000] {logging_mixin.py:149} INFO - [2023-05-14T15:49:40.392+0000] {taskmixin.py:211} WARNING - Dependency <Task(_PythonDecoratedOperator): print_the_context>, log_sql_query already registered for DAG: example_python_operator
[2023-05-14T15:49:40.409+0000] {logging_mixin.py:149} INFO - [2023-05-14T15:49:40.409+0000] {taskmixin.py:211} WARNING - Dependency <Task(_PythonDecoratedOperator): log_sql_query>, print_the_context already registered for DAG: example_python_operator
[2023-05-14T15:49:40.414+0000] {logging_mixin.py:149} INFO - [2023-05-14T15:49:40.414+0000] {taskmixin.py:211} WARNING - Dependency <Task(_PythonDecoratedOperator): print_the_context>, log_sql_query already registered for DAG: example_python_operator
[2023-05-14T15:49:40.422+0000] {logging_mixin.py:149} INFO - [2023-05-14T15:49:40.422+0000] {taskmixin.py:211} WARNING - Dependency <Task(_PythonDecoratedOperator): log_sql_query>, print_the_context already registered for DAG: example_python_operator
[2023-05-14T15:49:40.432+0000] {logging_mixin.py:149} INFO - [2023-05-14T15:49:40.432+0000] {taskmixin.py:211} WARNING - Dependency <Task(_PythonDecoratedOperator): print_the_context>, log_sql_query already registered for DAG: example_python_operator
[2023-05-14T15:49:40.437+0000] {logging_mixin.py:149} INFO - [2023-05-14T15:49:40.436+0000] {taskmixin.py:211} WARNING - Dependency <Task(_PythonDecoratedOperator): log_sql_query>, print_the_context already registered for DAG: example_python_operator
[2023-05-14T15:49:40.447+0000] {logging_mixin.py:149} INFO - [2023-05-14T15:49:40.444+0000] {taskmixin.py:211} WARNING - Dependency <Task(_PythonDecoratedOperator): print_the_context>, log_sql_query already registered for DAG: example_python_operator
[2023-05-14T15:49:40.452+0000] {logging_mixin.py:149} INFO - [2023-05-14T15:49:40.452+0000] {taskmixin.py:211} WARNING - Dependency <Task(_PythonDecoratedOperator): log_sql_query>, print_the_context already registered for DAG: example_python_operator
[2023-05-14T15:49:40.469+0000] {processor.py:809} INFO - DAG(s) dict_keys(['example_python_operator']) retrieved from /home/airflow/.local/lib/python3.7/site-packages/airflow/example_dags/example_python_operator.py
[2023-05-14T15:49:40.560+0000] {logging_mixin.py:149} INFO - [2023-05-14T15:49:40.559+0000] {dag.py:2726} INFO - Sync 1 DAGs
[2023-05-14T15:49:40.657+0000] {logging_mixin.py:149} INFO - [2023-05-14T15:49:40.657+0000] {dag.py:3490} INFO - Setting next_dagrun for example_python_operator to None, run_after=None
[2023-05-14T15:49:40.751+0000] {processor.py:178} INFO - Processing /home/airflow/.local/lib/python3.7/site-packages/airflow/example_dags/example_python_operator.py took 0.440 seconds
[2023-05-14T15:50:10.976+0000] {processor.py:156} INFO - Started process (PID=530) to work on /home/airflow/.local/lib/python3.7/site-packages/airflow/example_dags/example_python_operator.py
[2023-05-14T15:50:10.981+0000] {processor.py:799} INFO - Processing file /home/airflow/.local/lib/python3.7/site-packages/airflow/example_dags/example_python_operator.py for tasks to queue
[2023-05-14T15:50:10.985+0000] {logging_mixin.py:149} INFO - [2023-05-14T15:50:10.984+0000] {dagbag.py:541} INFO - Filling up the DagBag from /home/airflow/.local/lib/python3.7/site-packages/airflow/example_dags/example_python_operator.py
[2023-05-14T15:50:11.024+0000] {logging_mixin.py:149} INFO - [2023-05-14T15:50:11.024+0000] {taskmixin.py:211} WARNING - Dependency <Task(_PythonDecoratedOperator): print_the_context>, log_sql_query already registered for DAG: example_python_operator
[2023-05-14T15:50:11.026+0000] {logging_mixin.py:149} INFO - [2023-05-14T15:50:11.026+0000] {taskmixin.py:211} WARNING - Dependency <Task(_PythonDecoratedOperator): log_sql_query>, print_the_context already registered for DAG: example_python_operator
[2023-05-14T15:50:11.030+0000] {logging_mixin.py:149} INFO - [2023-05-14T15:50:11.029+0000] {taskmixin.py:211} WARNING - Dependency <Task(_PythonDecoratedOperator): print_the_context>, log_sql_query already registered for DAG: example_python_operator
[2023-05-14T15:50:11.034+0000] {logging_mixin.py:149} INFO - [2023-05-14T15:50:11.034+0000] {taskmixin.py:211} WARNING - Dependency <Task(_PythonDecoratedOperator): log_sql_query>, print_the_context already registered for DAG: example_python_operator
[2023-05-14T15:50:11.038+0000] {logging_mixin.py:149} INFO - [2023-05-14T15:50:11.038+0000] {taskmixin.py:211} WARNING - Dependency <Task(_PythonDecoratedOperator): print_the_context>, log_sql_query already registered for DAG: example_python_operator
[2023-05-14T15:50:11.040+0000] {logging_mixin.py:149} INFO - [2023-05-14T15:50:11.040+0000] {taskmixin.py:211} WARNING - Dependency <Task(_PythonDecoratedOperator): log_sql_query>, print_the_context already registered for DAG: example_python_operator
[2023-05-14T15:50:11.044+0000] {logging_mixin.py:149} INFO - [2023-05-14T15:50:11.043+0000] {taskmixin.py:211} WARNING - Dependency <Task(_PythonDecoratedOperator): print_the_context>, log_sql_query already registered for DAG: example_python_operator
[2023-05-14T15:50:11.046+0000] {logging_mixin.py:149} INFO - [2023-05-14T15:50:11.045+0000] {taskmixin.py:211} WARNING - Dependency <Task(_PythonDecoratedOperator): log_sql_query>, print_the_context already registered for DAG: example_python_operator
[2023-05-14T15:50:11.065+0000] {processor.py:809} INFO - DAG(s) dict_keys(['example_python_operator']) retrieved from /home/airflow/.local/lib/python3.7/site-packages/airflow/example_dags/example_python_operator.py
[2023-05-14T15:50:11.193+0000] {logging_mixin.py:149} INFO - [2023-05-14T15:50:11.193+0000] {dag.py:2726} INFO - Sync 1 DAGs
[2023-05-14T15:50:11.266+0000] {logging_mixin.py:149} INFO - [2023-05-14T15:50:11.266+0000] {dag.py:3490} INFO - Setting next_dagrun for example_python_operator to None, run_after=None
[2023-05-14T15:50:11.324+0000] {processor.py:178} INFO - Processing /home/airflow/.local/lib/python3.7/site-packages/airflow/example_dags/example_python_operator.py took 0.363 seconds
[2023-05-14T15:50:42.504+0000] {processor.py:156} INFO - Started process (PID=601) to work on /home/airflow/.local/lib/python3.7/site-packages/airflow/example_dags/example_python_operator.py
[2023-05-14T15:50:42.510+0000] {processor.py:799} INFO - Processing file /home/airflow/.local/lib/python3.7/site-packages/airflow/example_dags/example_python_operator.py for tasks to queue
[2023-05-14T15:50:42.516+0000] {logging_mixin.py:149} INFO - [2023-05-14T15:50:42.515+0000] {dagbag.py:541} INFO - Filling up the DagBag from /home/airflow/.local/lib/python3.7/site-packages/airflow/example_dags/example_python_operator.py
[2023-05-14T15:50:42.543+0000] {logging_mixin.py:149} INFO - [2023-05-14T15:50:42.542+0000] {taskmixin.py:211} WARNING - Dependency <Task(_PythonDecoratedOperator): print_the_context>, log_sql_query already registered for DAG: example_python_operator
[2023-05-14T15:50:42.545+0000] {logging_mixin.py:149} INFO - [2023-05-14T15:50:42.545+0000] {taskmixin.py:211} WARNING - Dependency <Task(_PythonDecoratedOperator): log_sql_query>, print_the_context already registered for DAG: example_python_operator
[2023-05-14T15:50:42.548+0000] {logging_mixin.py:149} INFO - [2023-05-14T15:50:42.548+0000] {taskmixin.py:211} WARNING - Dependency <Task(_PythonDecoratedOperator): print_the_context>, log_sql_query already registered for DAG: example_python_operator
[2023-05-14T15:50:42.552+0000] {logging_mixin.py:149} INFO - [2023-05-14T15:50:42.551+0000] {taskmixin.py:211} WARNING - Dependency <Task(_PythonDecoratedOperator): log_sql_query>, print_the_context already registered for DAG: example_python_operator
[2023-05-14T15:50:42.555+0000] {logging_mixin.py:149} INFO - [2023-05-14T15:50:42.555+0000] {taskmixin.py:211} WARNING - Dependency <Task(_PythonDecoratedOperator): print_the_context>, log_sql_query already registered for DAG: example_python_operator
[2023-05-14T15:50:42.558+0000] {logging_mixin.py:149} INFO - [2023-05-14T15:50:42.557+0000] {taskmixin.py:211} WARNING - Dependency <Task(_PythonDecoratedOperator): log_sql_query>, print_the_context already registered for DAG: example_python_operator
[2023-05-14T15:50:42.562+0000] {logging_mixin.py:149} INFO - [2023-05-14T15:50:42.562+0000] {taskmixin.py:211} WARNING - Dependency <Task(_PythonDecoratedOperator): print_the_context>, log_sql_query already registered for DAG: example_python_operator
[2023-05-14T15:50:42.564+0000] {logging_mixin.py:149} INFO - [2023-05-14T15:50:42.564+0000] {taskmixin.py:211} WARNING - Dependency <Task(_PythonDecoratedOperator): log_sql_query>, print_the_context already registered for DAG: example_python_operator
[2023-05-14T15:50:42.574+0000] {processor.py:809} INFO - DAG(s) dict_keys(['example_python_operator']) retrieved from /home/airflow/.local/lib/python3.7/site-packages/airflow/example_dags/example_python_operator.py
[2023-05-14T15:50:42.639+0000] {logging_mixin.py:149} INFO - [2023-05-14T15:50:42.639+0000] {dag.py:2726} INFO - Sync 1 DAGs
[2023-05-14T15:50:42.681+0000] {logging_mixin.py:149} INFO - [2023-05-14T15:50:42.681+0000] {dag.py:3490} INFO - Setting next_dagrun for example_python_operator to None, run_after=None
[2023-05-14T15:50:42.726+0000] {processor.py:178} INFO - Processing /home/airflow/.local/lib/python3.7/site-packages/airflow/example_dags/example_python_operator.py took 0.239 seconds
[2023-05-14T15:51:13.153+0000] {processor.py:156} INFO - Started process (PID=666) to work on /home/airflow/.local/lib/python3.7/site-packages/airflow/example_dags/example_python_operator.py
[2023-05-14T15:51:13.157+0000] {processor.py:799} INFO - Processing file /home/airflow/.local/lib/python3.7/site-packages/airflow/example_dags/example_python_operator.py for tasks to queue
[2023-05-14T15:51:13.160+0000] {logging_mixin.py:149} INFO - [2023-05-14T15:51:13.159+0000] {dagbag.py:541} INFO - Filling up the DagBag from /home/airflow/.local/lib/python3.7/site-packages/airflow/example_dags/example_python_operator.py
[2023-05-14T15:51:13.171+0000] {logging_mixin.py:149} INFO - [2023-05-14T15:51:13.171+0000] {taskmixin.py:211} WARNING - Dependency <Task(_PythonDecoratedOperator): print_the_context>, log_sql_query already registered for DAG: example_python_operator
[2023-05-14T15:51:13.173+0000] {logging_mixin.py:149} INFO - [2023-05-14T15:51:13.172+0000] {taskmixin.py:211} WARNING - Dependency <Task(_PythonDecoratedOperator): log_sql_query>, print_the_context already registered for DAG: example_python_operator
[2023-05-14T15:51:13.175+0000] {logging_mixin.py:149} INFO - [2023-05-14T15:51:13.175+0000] {taskmixin.py:211} WARNING - Dependency <Task(_PythonDecoratedOperator): print_the_context>, log_sql_query already registered for DAG: example_python_operator
[2023-05-14T15:51:13.178+0000] {logging_mixin.py:149} INFO - [2023-05-14T15:51:13.177+0000] {taskmixin.py:211} WARNING - Dependency <Task(_PythonDecoratedOperator): log_sql_query>, print_the_context already registered for DAG: example_python_operator
[2023-05-14T15:51:13.181+0000] {logging_mixin.py:149} INFO - [2023-05-14T15:51:13.181+0000] {taskmixin.py:211} WARNING - Dependency <Task(_PythonDecoratedOperator): print_the_context>, log_sql_query already registered for DAG: example_python_operator
[2023-05-14T15:51:13.183+0000] {logging_mixin.py:149} INFO - [2023-05-14T15:51:13.183+0000] {taskmixin.py:211} WARNING - Dependency <Task(_PythonDecoratedOperator): log_sql_query>, print_the_context already registered for DAG: example_python_operator
[2023-05-14T15:51:13.187+0000] {logging_mixin.py:149} INFO - [2023-05-14T15:51:13.186+0000] {taskmixin.py:211} WARNING - Dependency <Task(_PythonDecoratedOperator): print_the_context>, log_sql_query already registered for DAG: example_python_operator
[2023-05-14T15:51:13.189+0000] {logging_mixin.py:149} INFO - [2023-05-14T15:51:13.188+0000] {taskmixin.py:211} WARNING - Dependency <Task(_PythonDecoratedOperator): log_sql_query>, print_the_context already registered for DAG: example_python_operator
[2023-05-14T15:51:13.195+0000] {processor.py:809} INFO - DAG(s) dict_keys(['example_python_operator']) retrieved from /home/airflow/.local/lib/python3.7/site-packages/airflow/example_dags/example_python_operator.py
[2023-05-14T15:51:13.242+0000] {logging_mixin.py:149} INFO - [2023-05-14T15:51:13.242+0000] {dag.py:2726} INFO - Sync 1 DAGs
[2023-05-14T15:51:13.293+0000] {logging_mixin.py:149} INFO - [2023-05-14T15:51:13.293+0000] {dag.py:3490} INFO - Setting next_dagrun for example_python_operator to None, run_after=None
[2023-05-14T15:51:13.360+0000] {processor.py:178} INFO - Processing /home/airflow/.local/lib/python3.7/site-packages/airflow/example_dags/example_python_operator.py took 0.214 seconds
