[2023-05-14T15:44:09.435+0000] {processor.py:156} INFO - Started process (PID=62) to work on /home/airflow/.local/lib/python3.7/site-packages/airflow/example_dags/example_sla_dag.py
[2023-05-14T15:44:09.439+0000] {processor.py:799} INFO - Processing file /home/airflow/.local/lib/python3.7/site-packages/airflow/example_dags/example_sla_dag.py for tasks to queue
[2023-05-14T15:44:09.444+0000] {logging_mixin.py:149} INFO - [2023-05-14T15:44:09.444+0000] {dagbag.py:541} INFO - Filling up the DagBag from /home/airflow/.local/lib/python3.7/site-packages/airflow/example_dags/example_sla_dag.py
[2023-05-14T15:44:09.470+0000] {processor.py:809} INFO - DAG(s) dict_keys(['example_sla_dag']) retrieved from /home/airflow/.local/lib/python3.7/site-packages/airflow/example_dags/example_sla_dag.py
[2023-05-14T15:44:09.712+0000] {logging_mixin.py:149} INFO - [2023-05-14T15:44:09.712+0000] {manager.py:504} INFO - Created Permission View: can read on DAG:example_sla_dag
[2023-05-14T15:44:09.735+0000] {logging_mixin.py:149} INFO - [2023-05-14T15:44:09.735+0000] {manager.py:504} INFO - Created Permission View: can delete on DAG:example_sla_dag
[2023-05-14T15:44:09.758+0000] {logging_mixin.py:149} INFO - [2023-05-14T15:44:09.757+0000] {manager.py:504} INFO - Created Permission View: can edit on DAG:example_sla_dag
[2023-05-14T15:44:09.760+0000] {logging_mixin.py:149} INFO - [2023-05-14T15:44:09.759+0000] {dag.py:2726} INFO - Sync 1 DAGs
[2023-05-14T15:44:09.794+0000] {logging_mixin.py:149} INFO - [2023-05-14T15:44:09.793+0000] {dag.py:2747} INFO - Creating ORM DAG for example_sla_dag
[2023-05-14T15:44:09.829+0000] {logging_mixin.py:149} INFO - [2023-05-14T15:44:09.829+0000] {dag.py:3490} INFO - Setting next_dagrun for example_sla_dag to 2023-05-14T15:42:00+00:00, run_after=2023-05-14T15:44:00+00:00
[2023-05-14T15:44:09.871+0000] {processor.py:178} INFO - Processing /home/airflow/.local/lib/python3.7/site-packages/airflow/example_dags/example_sla_dag.py took 0.445 seconds
[2023-05-14T15:46:21.166+0000] {processor.py:156} INFO - Started process (PID=56) to work on /home/airflow/.local/lib/python3.7/site-packages/airflow/example_dags/example_sla_dag.py
[2023-05-14T15:46:21.171+0000] {processor.py:799} INFO - Processing file /home/airflow/.local/lib/python3.7/site-packages/airflow/example_dags/example_sla_dag.py for tasks to queue
[2023-05-14T15:46:21.174+0000] {logging_mixin.py:149} INFO - [2023-05-14T15:46:21.173+0000] {dagbag.py:541} INFO - Filling up the DagBag from /home/airflow/.local/lib/python3.7/site-packages/airflow/example_dags/example_sla_dag.py
[2023-05-14T15:46:21.199+0000] {processor.py:809} INFO - DAG(s) dict_keys(['example_sla_dag']) retrieved from /home/airflow/.local/lib/python3.7/site-packages/airflow/example_dags/example_sla_dag.py
[2023-05-14T15:46:21.230+0000] {logging_mixin.py:149} INFO - [2023-05-14T15:46:21.229+0000] {dag.py:2726} INFO - Sync 1 DAGs
[2023-05-14T15:46:21.302+0000] {logging_mixin.py:149} INFO - [2023-05-14T15:46:21.301+0000] {dag.py:3490} INFO - Setting next_dagrun for example_sla_dag to 2023-05-14T15:44:00+00:00, run_after=2023-05-14T15:46:00+00:00
[2023-05-14T15:46:21.341+0000] {processor.py:178} INFO - Processing /home/airflow/.local/lib/python3.7/site-packages/airflow/example_dags/example_sla_dag.py took 0.182 seconds
[2023-05-14T15:46:52.477+0000] {processor.py:156} INFO - Started process (PID=121) to work on /home/airflow/.local/lib/python3.7/site-packages/airflow/example_dags/example_sla_dag.py
[2023-05-14T15:46:52.480+0000] {processor.py:799} INFO - Processing file /home/airflow/.local/lib/python3.7/site-packages/airflow/example_dags/example_sla_dag.py for tasks to queue
[2023-05-14T15:46:52.482+0000] {logging_mixin.py:149} INFO - [2023-05-14T15:46:52.482+0000] {dagbag.py:541} INFO - Filling up the DagBag from /home/airflow/.local/lib/python3.7/site-packages/airflow/example_dags/example_sla_dag.py
[2023-05-14T15:46:52.495+0000] {processor.py:809} INFO - DAG(s) dict_keys(['example_sla_dag']) retrieved from /home/airflow/.local/lib/python3.7/site-packages/airflow/example_dags/example_sla_dag.py
[2023-05-14T15:46:52.531+0000] {logging_mixin.py:149} INFO - [2023-05-14T15:46:52.530+0000] {dag.py:2726} INFO - Sync 1 DAGs
[2023-05-14T15:46:52.595+0000] {logging_mixin.py:149} INFO - [2023-05-14T15:46:52.595+0000] {dag.py:3490} INFO - Setting next_dagrun for example_sla_dag to 2023-05-14T15:44:00+00:00, run_after=2023-05-14T15:46:00+00:00
[2023-05-14T15:46:52.662+0000] {processor.py:178} INFO - Processing /home/airflow/.local/lib/python3.7/site-packages/airflow/example_dags/example_sla_dag.py took 0.189 seconds
[2023-05-14T15:47:35.863+0000] {processor.py:156} INFO - Started process (PID=199) to work on /home/airflow/.local/lib/python3.7/site-packages/airflow/example_dags/example_sla_dag.py
[2023-05-14T15:47:35.867+0000] {processor.py:799} INFO - Processing file /home/airflow/.local/lib/python3.7/site-packages/airflow/example_dags/example_sla_dag.py for tasks to queue
[2023-05-14T15:47:35.871+0000] {logging_mixin.py:149} INFO - [2023-05-14T15:47:35.871+0000] {dagbag.py:541} INFO - Filling up the DagBag from /home/airflow/.local/lib/python3.7/site-packages/airflow/example_dags/example_sla_dag.py
[2023-05-14T15:47:35.922+0000] {processor.py:809} INFO - DAG(s) dict_keys(['example_sla_dag']) retrieved from /home/airflow/.local/lib/python3.7/site-packages/airflow/example_dags/example_sla_dag.py
[2023-05-14T15:47:36.045+0000] {logging_mixin.py:149} INFO - [2023-05-14T15:47:36.044+0000] {dag.py:2726} INFO - Sync 1 DAGs
[2023-05-14T15:47:36.177+0000] {logging_mixin.py:149} INFO - [2023-05-14T15:47:36.177+0000] {dag.py:3490} INFO - Setting next_dagrun for example_sla_dag to 2023-05-14T15:44:00+00:00, run_after=2023-05-14T15:46:00+00:00
[2023-05-14T15:47:36.250+0000] {processor.py:178} INFO - Processing /home/airflow/.local/lib/python3.7/site-packages/airflow/example_dags/example_sla_dag.py took 0.408 seconds
[2023-05-14T15:48:06.409+0000] {processor.py:156} INFO - Started process (PID=265) to work on /home/airflow/.local/lib/python3.7/site-packages/airflow/example_dags/example_sla_dag.py
[2023-05-14T15:48:06.412+0000] {processor.py:799} INFO - Processing file /home/airflow/.local/lib/python3.7/site-packages/airflow/example_dags/example_sla_dag.py for tasks to queue
[2023-05-14T15:48:06.415+0000] {logging_mixin.py:149} INFO - [2023-05-14T15:48:06.415+0000] {dagbag.py:541} INFO - Filling up the DagBag from /home/airflow/.local/lib/python3.7/site-packages/airflow/example_dags/example_sla_dag.py
[2023-05-14T15:48:06.430+0000] {processor.py:809} INFO - DAG(s) dict_keys(['example_sla_dag']) retrieved from /home/airflow/.local/lib/python3.7/site-packages/airflow/example_dags/example_sla_dag.py
[2023-05-14T15:48:06.481+0000] {logging_mixin.py:149} INFO - [2023-05-14T15:48:06.481+0000] {dag.py:2726} INFO - Sync 1 DAGs
[2023-05-14T15:48:06.534+0000] {logging_mixin.py:149} INFO - [2023-05-14T15:48:06.534+0000] {dag.py:3490} INFO - Setting next_dagrun for example_sla_dag to 2023-05-14T15:46:00+00:00, run_after=2023-05-14T15:48:00+00:00
[2023-05-14T15:48:06.570+0000] {processor.py:178} INFO - Processing /home/airflow/.local/lib/python3.7/site-packages/airflow/example_dags/example_sla_dag.py took 0.166 seconds
[2023-05-14T15:48:37.525+0000] {processor.py:156} INFO - Started process (PID=331) to work on /home/airflow/.local/lib/python3.7/site-packages/airflow/example_dags/example_sla_dag.py
[2023-05-14T15:48:37.531+0000] {processor.py:799} INFO - Processing file /home/airflow/.local/lib/python3.7/site-packages/airflow/example_dags/example_sla_dag.py for tasks to queue
[2023-05-14T15:48:37.535+0000] {logging_mixin.py:149} INFO - [2023-05-14T15:48:37.535+0000] {dagbag.py:541} INFO - Filling up the DagBag from /home/airflow/.local/lib/python3.7/site-packages/airflow/example_dags/example_sla_dag.py
[2023-05-14T15:48:37.569+0000] {processor.py:809} INFO - DAG(s) dict_keys(['example_sla_dag']) retrieved from /home/airflow/.local/lib/python3.7/site-packages/airflow/example_dags/example_sla_dag.py
[2023-05-14T15:48:37.629+0000] {logging_mixin.py:149} INFO - [2023-05-14T15:48:37.629+0000] {dag.py:2726} INFO - Sync 1 DAGs
[2023-05-14T15:48:37.711+0000] {logging_mixin.py:149} INFO - [2023-05-14T15:48:37.711+0000] {dag.py:3490} INFO - Setting next_dagrun for example_sla_dag to 2023-05-14T15:46:00+00:00, run_after=2023-05-14T15:48:00+00:00
[2023-05-14T15:48:37.764+0000] {processor.py:178} INFO - Processing /home/airflow/.local/lib/python3.7/site-packages/airflow/example_dags/example_sla_dag.py took 0.266 seconds
[2023-05-14T15:49:07.895+0000] {processor.py:156} INFO - Started process (PID=396) to work on /home/airflow/.local/lib/python3.7/site-packages/airflow/example_dags/example_sla_dag.py
[2023-05-14T15:49:07.906+0000] {processor.py:799} INFO - Processing file /home/airflow/.local/lib/python3.7/site-packages/airflow/example_dags/example_sla_dag.py for tasks to queue
[2023-05-14T15:49:07.911+0000] {logging_mixin.py:149} INFO - [2023-05-14T15:49:07.910+0000] {dagbag.py:541} INFO - Filling up the DagBag from /home/airflow/.local/lib/python3.7/site-packages/airflow/example_dags/example_sla_dag.py
[2023-05-14T15:49:07.956+0000] {processor.py:809} INFO - DAG(s) dict_keys(['example_sla_dag']) retrieved from /home/airflow/.local/lib/python3.7/site-packages/airflow/example_dags/example_sla_dag.py
[2023-05-14T15:49:08.069+0000] {logging_mixin.py:149} INFO - [2023-05-14T15:49:08.069+0000] {dag.py:2726} INFO - Sync 1 DAGs
[2023-05-14T15:49:08.144+0000] {logging_mixin.py:149} INFO - [2023-05-14T15:49:08.144+0000] {dag.py:3490} INFO - Setting next_dagrun for example_sla_dag to 2023-05-14T15:46:00+00:00, run_after=2023-05-14T15:48:00+00:00
[2023-05-14T15:49:08.204+0000] {processor.py:178} INFO - Processing /home/airflow/.local/lib/python3.7/site-packages/airflow/example_dags/example_sla_dag.py took 0.326 seconds
[2023-05-14T15:49:38.806+0000] {processor.py:156} INFO - Started process (PID=462) to work on /home/airflow/.local/lib/python3.7/site-packages/airflow/example_dags/example_sla_dag.py
[2023-05-14T15:49:38.810+0000] {processor.py:799} INFO - Processing file /home/airflow/.local/lib/python3.7/site-packages/airflow/example_dags/example_sla_dag.py for tasks to queue
[2023-05-14T15:49:38.813+0000] {logging_mixin.py:149} INFO - [2023-05-14T15:49:38.812+0000] {dagbag.py:541} INFO - Filling up the DagBag from /home/airflow/.local/lib/python3.7/site-packages/airflow/example_dags/example_sla_dag.py
[2023-05-14T15:49:38.855+0000] {processor.py:809} INFO - DAG(s) dict_keys(['example_sla_dag']) retrieved from /home/airflow/.local/lib/python3.7/site-packages/airflow/example_dags/example_sla_dag.py
[2023-05-14T15:49:38.947+0000] {logging_mixin.py:149} INFO - [2023-05-14T15:49:38.947+0000] {dag.py:2726} INFO - Sync 1 DAGs
[2023-05-14T15:49:39.042+0000] {logging_mixin.py:149} INFO - [2023-05-14T15:49:39.042+0000] {dag.py:3490} INFO - Setting next_dagrun for example_sla_dag to 2023-05-14T15:46:00+00:00, run_after=2023-05-14T15:48:00+00:00
[2023-05-14T15:49:39.096+0000] {processor.py:178} INFO - Processing /home/airflow/.local/lib/python3.7/site-packages/airflow/example_dags/example_sla_dag.py took 0.295 seconds
[2023-05-14T15:50:10.255+0000] {processor.py:156} INFO - Started process (PID=527) to work on /home/airflow/.local/lib/python3.7/site-packages/airflow/example_dags/example_sla_dag.py
[2023-05-14T15:50:10.264+0000] {processor.py:799} INFO - Processing file /home/airflow/.local/lib/python3.7/site-packages/airflow/example_dags/example_sla_dag.py for tasks to queue
[2023-05-14T15:50:10.279+0000] {logging_mixin.py:149} INFO - [2023-05-14T15:50:10.278+0000] {dagbag.py:541} INFO - Filling up the DagBag from /home/airflow/.local/lib/python3.7/site-packages/airflow/example_dags/example_sla_dag.py
[2023-05-14T15:50:10.316+0000] {processor.py:809} INFO - DAG(s) dict_keys(['example_sla_dag']) retrieved from /home/airflow/.local/lib/python3.7/site-packages/airflow/example_dags/example_sla_dag.py
[2023-05-14T15:50:10.398+0000] {logging_mixin.py:149} INFO - [2023-05-14T15:50:10.398+0000] {dag.py:2726} INFO - Sync 1 DAGs
[2023-05-14T15:50:10.476+0000] {logging_mixin.py:149} INFO - [2023-05-14T15:50:10.475+0000] {dag.py:3490} INFO - Setting next_dagrun for example_sla_dag to 2023-05-14T15:48:00+00:00, run_after=2023-05-14T15:50:00+00:00
[2023-05-14T15:50:10.555+0000] {processor.py:178} INFO - Processing /home/airflow/.local/lib/python3.7/site-packages/airflow/example_dags/example_sla_dag.py took 0.307 seconds
[2023-05-14T15:50:41.099+0000] {processor.py:156} INFO - Started process (PID=597) to work on /home/airflow/.local/lib/python3.7/site-packages/airflow/example_dags/example_sla_dag.py
[2023-05-14T15:50:41.102+0000] {processor.py:799} INFO - Processing file /home/airflow/.local/lib/python3.7/site-packages/airflow/example_dags/example_sla_dag.py for tasks to queue
[2023-05-14T15:50:41.105+0000] {logging_mixin.py:149} INFO - [2023-05-14T15:50:41.104+0000] {dagbag.py:541} INFO - Filling up the DagBag from /home/airflow/.local/lib/python3.7/site-packages/airflow/example_dags/example_sla_dag.py
[2023-05-14T15:50:41.120+0000] {processor.py:809} INFO - DAG(s) dict_keys(['example_sla_dag']) retrieved from /home/airflow/.local/lib/python3.7/site-packages/airflow/example_dags/example_sla_dag.py
[2023-05-14T15:50:41.161+0000] {logging_mixin.py:149} INFO - [2023-05-14T15:50:41.161+0000] {dag.py:2726} INFO - Sync 1 DAGs
[2023-05-14T15:50:41.221+0000] {logging_mixin.py:149} INFO - [2023-05-14T15:50:41.221+0000] {dag.py:3490} INFO - Setting next_dagrun for example_sla_dag to 2023-05-14T15:48:00+00:00, run_after=2023-05-14T15:50:00+00:00
[2023-05-14T15:50:41.268+0000] {processor.py:178} INFO - Processing /home/airflow/.local/lib/python3.7/site-packages/airflow/example_dags/example_sla_dag.py took 0.174 seconds
[2023-05-14T15:51:11.709+0000] {processor.py:156} INFO - Started process (PID=663) to work on /home/airflow/.local/lib/python3.7/site-packages/airflow/example_dags/example_sla_dag.py
[2023-05-14T15:51:11.713+0000] {processor.py:799} INFO - Processing file /home/airflow/.local/lib/python3.7/site-packages/airflow/example_dags/example_sla_dag.py for tasks to queue
[2023-05-14T15:51:11.716+0000] {logging_mixin.py:149} INFO - [2023-05-14T15:51:11.716+0000] {dagbag.py:541} INFO - Filling up the DagBag from /home/airflow/.local/lib/python3.7/site-packages/airflow/example_dags/example_sla_dag.py
[2023-05-14T15:51:11.735+0000] {processor.py:809} INFO - DAG(s) dict_keys(['example_sla_dag']) retrieved from /home/airflow/.local/lib/python3.7/site-packages/airflow/example_dags/example_sla_dag.py
[2023-05-14T15:51:11.793+0000] {logging_mixin.py:149} INFO - [2023-05-14T15:51:11.793+0000] {dag.py:2726} INFO - Sync 1 DAGs
[2023-05-14T15:51:11.856+0000] {logging_mixin.py:149} INFO - [2023-05-14T15:51:11.856+0000] {dag.py:3490} INFO - Setting next_dagrun for example_sla_dag to 2023-05-14T15:48:00+00:00, run_after=2023-05-14T15:50:00+00:00
[2023-05-14T15:51:11.898+0000] {processor.py:178} INFO - Processing /home/airflow/.local/lib/python3.7/site-packages/airflow/example_dags/example_sla_dag.py took 0.195 seconds
