[2023-05-14T15:46:23.638+0000] {processor.py:156} INFO - Started process (PID=66) to work on /home/airflow/.local/lib/python3.7/site-packages/airflow/example_dags/example_setup_teardown.py
[2023-05-14T15:46:23.641+0000] {processor.py:799} INFO - Processing file /home/airflow/.local/lib/python3.7/site-packages/airflow/example_dags/example_setup_teardown.py for tasks to queue
[2023-05-14T15:46:23.643+0000] {logging_mixin.py:149} INFO - [2023-05-14T15:46:23.643+0000] {dagbag.py:541} INFO - Filling up the DagBag from /home/airflow/.local/lib/python3.7/site-packages/airflow/example_dags/example_setup_teardown.py
[2023-05-14T15:46:23.648+0000] {processor.py:811} WARNING - No viable dags retrieved from /home/airflow/.local/lib/python3.7/site-packages/airflow/example_dags/example_setup_teardown.py
[2023-05-14T15:46:23.672+0000] {processor.py:178} INFO - Processing /home/airflow/.local/lib/python3.7/site-packages/airflow/example_dags/example_setup_teardown.py took 0.040 seconds
[2023-05-14T15:46:56.225+0000] {processor.py:156} INFO - Started process (PID=131) to work on /home/airflow/.local/lib/python3.7/site-packages/airflow/example_dags/example_setup_teardown.py
[2023-05-14T15:46:56.230+0000] {processor.py:799} INFO - Processing file /home/airflow/.local/lib/python3.7/site-packages/airflow/example_dags/example_setup_teardown.py for tasks to queue
[2023-05-14T15:46:56.234+0000] {logging_mixin.py:149} INFO - [2023-05-14T15:46:56.234+0000] {dagbag.py:541} INFO - Filling up the DagBag from /home/airflow/.local/lib/python3.7/site-packages/airflow/example_dags/example_setup_teardown.py
[2023-05-14T15:46:56.240+0000] {processor.py:811} WARNING - No viable dags retrieved from /home/airflow/.local/lib/python3.7/site-packages/airflow/example_dags/example_setup_teardown.py
[2023-05-14T15:46:56.273+0000] {processor.py:178} INFO - Processing /home/airflow/.local/lib/python3.7/site-packages/airflow/example_dags/example_setup_teardown.py took 0.058 seconds
[2023-05-14T15:47:38.950+0000] {processor.py:156} INFO - Started process (PID=209) to work on /home/airflow/.local/lib/python3.7/site-packages/airflow/example_dags/example_setup_teardown.py
[2023-05-14T15:47:38.959+0000] {processor.py:799} INFO - Processing file /home/airflow/.local/lib/python3.7/site-packages/airflow/example_dags/example_setup_teardown.py for tasks to queue
[2023-05-14T15:47:38.963+0000] {logging_mixin.py:149} INFO - [2023-05-14T15:47:38.963+0000] {dagbag.py:541} INFO - Filling up the DagBag from /home/airflow/.local/lib/python3.7/site-packages/airflow/example_dags/example_setup_teardown.py
[2023-05-14T15:47:38.970+0000] {processor.py:811} WARNING - No viable dags retrieved from /home/airflow/.local/lib/python3.7/site-packages/airflow/example_dags/example_setup_teardown.py
[2023-05-14T15:47:39.026+0000] {processor.py:178} INFO - Processing /home/airflow/.local/lib/python3.7/site-packages/airflow/example_dags/example_setup_teardown.py took 0.082 seconds
[2023-05-14T15:48:09.875+0000] {processor.py:156} INFO - Started process (PID=275) to work on /home/airflow/.local/lib/python3.7/site-packages/airflow/example_dags/example_setup_teardown.py
[2023-05-14T15:48:09.882+0000] {processor.py:799} INFO - Processing file /home/airflow/.local/lib/python3.7/site-packages/airflow/example_dags/example_setup_teardown.py for tasks to queue
[2023-05-14T15:48:09.885+0000] {logging_mixin.py:149} INFO - [2023-05-14T15:48:09.884+0000] {dagbag.py:541} INFO - Filling up the DagBag from /home/airflow/.local/lib/python3.7/site-packages/airflow/example_dags/example_setup_teardown.py
[2023-05-14T15:48:09.890+0000] {processor.py:811} WARNING - No viable dags retrieved from /home/airflow/.local/lib/python3.7/site-packages/airflow/example_dags/example_setup_teardown.py
[2023-05-14T15:48:09.962+0000] {processor.py:178} INFO - Processing /home/airflow/.local/lib/python3.7/site-packages/airflow/example_dags/example_setup_teardown.py took 0.093 seconds
[2023-05-14T15:48:41.722+0000] {processor.py:156} INFO - Started process (PID=340) to work on /home/airflow/.local/lib/python3.7/site-packages/airflow/example_dags/example_setup_teardown.py
[2023-05-14T15:48:41.729+0000] {processor.py:799} INFO - Processing file /home/airflow/.local/lib/python3.7/site-packages/airflow/example_dags/example_setup_teardown.py for tasks to queue
[2023-05-14T15:48:41.734+0000] {logging_mixin.py:149} INFO - [2023-05-14T15:48:41.733+0000] {dagbag.py:541} INFO - Filling up the DagBag from /home/airflow/.local/lib/python3.7/site-packages/airflow/example_dags/example_setup_teardown.py
[2023-05-14T15:48:41.745+0000] {processor.py:811} WARNING - No viable dags retrieved from /home/airflow/.local/lib/python3.7/site-packages/airflow/example_dags/example_setup_teardown.py
[2023-05-14T15:48:41.784+0000] {processor.py:178} INFO - Processing /home/airflow/.local/lib/python3.7/site-packages/airflow/example_dags/example_setup_teardown.py took 0.073 seconds
[2023-05-14T15:49:12.011+0000] {processor.py:156} INFO - Started process (PID=405) to work on /home/airflow/.local/lib/python3.7/site-packages/airflow/example_dags/example_setup_teardown.py
[2023-05-14T15:49:12.015+0000] {processor.py:799} INFO - Processing file /home/airflow/.local/lib/python3.7/site-packages/airflow/example_dags/example_setup_teardown.py for tasks to queue
[2023-05-14T15:49:12.018+0000] {logging_mixin.py:149} INFO - [2023-05-14T15:49:12.017+0000] {dagbag.py:541} INFO - Filling up the DagBag from /home/airflow/.local/lib/python3.7/site-packages/airflow/example_dags/example_setup_teardown.py
[2023-05-14T15:49:12.023+0000] {processor.py:811} WARNING - No viable dags retrieved from /home/airflow/.local/lib/python3.7/site-packages/airflow/example_dags/example_setup_teardown.py
[2023-05-14T15:49:12.057+0000] {processor.py:178} INFO - Processing /home/airflow/.local/lib/python3.7/site-packages/airflow/example_dags/example_setup_teardown.py took 0.051 seconds
[2023-05-14T15:49:43.271+0000] {processor.py:156} INFO - Started process (PID=470) to work on /home/airflow/.local/lib/python3.7/site-packages/airflow/example_dags/example_setup_teardown.py
[2023-05-14T15:49:43.280+0000] {processor.py:799} INFO - Processing file /home/airflow/.local/lib/python3.7/site-packages/airflow/example_dags/example_setup_teardown.py for tasks to queue
[2023-05-14T15:49:43.284+0000] {logging_mixin.py:149} INFO - [2023-05-14T15:49:43.284+0000] {dagbag.py:541} INFO - Filling up the DagBag from /home/airflow/.local/lib/python3.7/site-packages/airflow/example_dags/example_setup_teardown.py
[2023-05-14T15:49:43.304+0000] {processor.py:811} WARNING - No viable dags retrieved from /home/airflow/.local/lib/python3.7/site-packages/airflow/example_dags/example_setup_teardown.py
[2023-05-14T15:49:43.384+0000] {processor.py:178} INFO - Processing /home/airflow/.local/lib/python3.7/site-packages/airflow/example_dags/example_setup_teardown.py took 0.121 seconds
[2023-05-14T15:50:13.639+0000] {processor.py:156} INFO - Started process (PID=534) to work on /home/airflow/.local/lib/python3.7/site-packages/airflow/example_dags/example_setup_teardown.py
[2023-05-14T15:50:13.643+0000] {processor.py:799} INFO - Processing file /home/airflow/.local/lib/python3.7/site-packages/airflow/example_dags/example_setup_teardown.py for tasks to queue
[2023-05-14T15:50:13.648+0000] {logging_mixin.py:149} INFO - [2023-05-14T15:50:13.647+0000] {dagbag.py:541} INFO - Filling up the DagBag from /home/airflow/.local/lib/python3.7/site-packages/airflow/example_dags/example_setup_teardown.py
[2023-05-14T15:50:13.655+0000] {processor.py:811} WARNING - No viable dags retrieved from /home/airflow/.local/lib/python3.7/site-packages/airflow/example_dags/example_setup_teardown.py
[2023-05-14T15:50:13.710+0000] {processor.py:178} INFO - Processing /home/airflow/.local/lib/python3.7/site-packages/airflow/example_dags/example_setup_teardown.py took 0.081 seconds
[2023-05-14T15:50:43.804+0000] {processor.py:156} INFO - Started process (PID=604) to work on /home/airflow/.local/lib/python3.7/site-packages/airflow/example_dags/example_setup_teardown.py
[2023-05-14T15:50:43.807+0000] {processor.py:799} INFO - Processing file /home/airflow/.local/lib/python3.7/site-packages/airflow/example_dags/example_setup_teardown.py for tasks to queue
[2023-05-14T15:50:43.812+0000] {logging_mixin.py:149} INFO - [2023-05-14T15:50:43.811+0000] {dagbag.py:541} INFO - Filling up the DagBag from /home/airflow/.local/lib/python3.7/site-packages/airflow/example_dags/example_setup_teardown.py
[2023-05-14T15:50:43.816+0000] {processor.py:811} WARNING - No viable dags retrieved from /home/airflow/.local/lib/python3.7/site-packages/airflow/example_dags/example_setup_teardown.py
[2023-05-14T15:50:43.843+0000] {processor.py:178} INFO - Processing /home/airflow/.local/lib/python3.7/site-packages/airflow/example_dags/example_setup_teardown.py took 0.044 seconds
