[2023-05-14T15:44:12.470+0000] {processor.py:156} INFO - Started process (PID=70) to work on /home/airflow/.local/lib/python3.7/site-packages/airflow/example_dags/example_local_kubernetes_executor.py
[2023-05-14T15:44:12.474+0000] {processor.py:799} INFO - Processing file /home/airflow/.local/lib/python3.7/site-packages/airflow/example_dags/example_local_kubernetes_executor.py for tasks to queue
[2023-05-14T15:44:12.479+0000] {logging_mixin.py:149} INFO - [2023-05-14T15:44:12.478+0000] {dagbag.py:541} INFO - Filling up the DagBag from /home/airflow/.local/lib/python3.7/site-packages/airflow/example_dags/example_local_kubernetes_executor.py
[2023-05-14T15:44:14.342+0000] {processor.py:809} INFO - DAG(s) dict_keys(['example_local_kubernetes_executor']) retrieved from /home/airflow/.local/lib/python3.7/site-packages/airflow/example_dags/example_local_kubernetes_executor.py
[2023-05-14T15:44:15.473+0000] {logging_mixin.py:149} INFO - [2023-05-14T15:44:15.473+0000] {manager.py:504} INFO - Created Permission View: can read on DAG:example_local_kubernetes_executor
[2023-05-14T15:44:15.509+0000] {logging_mixin.py:149} INFO - [2023-05-14T15:44:15.509+0000] {manager.py:504} INFO - Created Permission View: can delete on DAG:example_local_kubernetes_executor
[2023-05-14T15:44:15.660+0000] {logging_mixin.py:149} INFO - [2023-05-14T15:44:15.660+0000] {manager.py:504} INFO - Created Permission View: can edit on DAG:example_local_kubernetes_executor
[2023-05-14T15:44:15.673+0000] {logging_mixin.py:149} INFO - [2023-05-14T15:44:15.672+0000] {dag.py:2726} INFO - Sync 1 DAGs
[2023-05-14T15:44:15.797+0000] {logging_mixin.py:149} INFO - [2023-05-14T15:44:15.796+0000] {dag.py:2747} INFO - Creating ORM DAG for example_local_kubernetes_executor
[2023-05-14T15:44:15.832+0000] {logging_mixin.py:149} INFO - [2023-05-14T15:44:15.832+0000] {dag.py:3490} INFO - Setting next_dagrun for example_local_kubernetes_executor to None, run_after=None
[2023-05-14T15:44:15.897+0000] {processor.py:178} INFO - Processing /home/airflow/.local/lib/python3.7/site-packages/airflow/example_dags/example_local_kubernetes_executor.py took 3.436 seconds
[2023-05-14T15:46:22.230+0000] {processor.py:156} INFO - Started process (PID=64) to work on /home/airflow/.local/lib/python3.7/site-packages/airflow/example_dags/example_local_kubernetes_executor.py
[2023-05-14T15:46:22.234+0000] {processor.py:799} INFO - Processing file /home/airflow/.local/lib/python3.7/site-packages/airflow/example_dags/example_local_kubernetes_executor.py for tasks to queue
[2023-05-14T15:46:22.238+0000] {logging_mixin.py:149} INFO - [2023-05-14T15:46:22.238+0000] {dagbag.py:541} INFO - Filling up the DagBag from /home/airflow/.local/lib/python3.7/site-packages/airflow/example_dags/example_local_kubernetes_executor.py
[2023-05-14T15:46:23.291+0000] {processor.py:809} INFO - DAG(s) dict_keys(['example_local_kubernetes_executor']) retrieved from /home/airflow/.local/lib/python3.7/site-packages/airflow/example_dags/example_local_kubernetes_executor.py
[2023-05-14T15:46:23.312+0000] {logging_mixin.py:149} INFO - [2023-05-14T15:46:23.311+0000] {dag.py:2726} INFO - Sync 1 DAGs
[2023-05-14T15:46:23.350+0000] {logging_mixin.py:149} INFO - [2023-05-14T15:46:23.350+0000] {dag.py:3490} INFO - Setting next_dagrun for example_local_kubernetes_executor to None, run_after=None
[2023-05-14T15:46:23.405+0000] {processor.py:178} INFO - Processing /home/airflow/.local/lib/python3.7/site-packages/airflow/example_dags/example_local_kubernetes_executor.py took 1.181 seconds
[2023-05-14T15:46:54.365+0000] {processor.py:156} INFO - Started process (PID=129) to work on /home/airflow/.local/lib/python3.7/site-packages/airflow/example_dags/example_local_kubernetes_executor.py
[2023-05-14T15:46:54.369+0000] {processor.py:799} INFO - Processing file /home/airflow/.local/lib/python3.7/site-packages/airflow/example_dags/example_local_kubernetes_executor.py for tasks to queue
[2023-05-14T15:46:54.372+0000] {logging_mixin.py:149} INFO - [2023-05-14T15:46:54.372+0000] {dagbag.py:541} INFO - Filling up the DagBag from /home/airflow/.local/lib/python3.7/site-packages/airflow/example_dags/example_local_kubernetes_executor.py
[2023-05-14T15:46:55.535+0000] {processor.py:809} INFO - DAG(s) dict_keys(['example_local_kubernetes_executor']) retrieved from /home/airflow/.local/lib/python3.7/site-packages/airflow/example_dags/example_local_kubernetes_executor.py
[2023-05-14T15:46:55.859+0000] {logging_mixin.py:149} INFO - [2023-05-14T15:46:55.858+0000] {dag.py:2726} INFO - Sync 1 DAGs
[2023-05-14T15:46:55.971+0000] {logging_mixin.py:149} INFO - [2023-05-14T15:46:55.970+0000] {dag.py:3490} INFO - Setting next_dagrun for example_local_kubernetes_executor to None, run_after=None
[2023-05-14T15:46:56.037+0000] {processor.py:178} INFO - Processing /home/airflow/.local/lib/python3.7/site-packages/airflow/example_dags/example_local_kubernetes_executor.py took 1.679 seconds
[2023-05-14T15:47:37.787+0000] {processor.py:156} INFO - Started process (PID=207) to work on /home/airflow/.local/lib/python3.7/site-packages/airflow/example_dags/example_local_kubernetes_executor.py
[2023-05-14T15:47:37.803+0000] {processor.py:799} INFO - Processing file /home/airflow/.local/lib/python3.7/site-packages/airflow/example_dags/example_local_kubernetes_executor.py for tasks to queue
[2023-05-14T15:47:37.818+0000] {logging_mixin.py:149} INFO - [2023-05-14T15:47:37.814+0000] {dagbag.py:541} INFO - Filling up the DagBag from /home/airflow/.local/lib/python3.7/site-packages/airflow/example_dags/example_local_kubernetes_executor.py
[2023-05-14T15:47:38.625+0000] {processor.py:809} INFO - DAG(s) dict_keys(['example_local_kubernetes_executor']) retrieved from /home/airflow/.local/lib/python3.7/site-packages/airflow/example_dags/example_local_kubernetes_executor.py
[2023-05-14T15:47:38.723+0000] {logging_mixin.py:149} INFO - [2023-05-14T15:47:38.723+0000] {dag.py:2726} INFO - Sync 1 DAGs
[2023-05-14T15:47:38.811+0000] {logging_mixin.py:149} INFO - [2023-05-14T15:47:38.810+0000] {dag.py:3490} INFO - Setting next_dagrun for example_local_kubernetes_executor to None, run_after=None
[2023-05-14T15:47:38.872+0000] {processor.py:178} INFO - Processing /home/airflow/.local/lib/python3.7/site-packages/airflow/example_dags/example_local_kubernetes_executor.py took 1.125 seconds
[2023-05-14T15:48:09.398+0000] {processor.py:156} INFO - Started process (PID=273) to work on /home/airflow/.local/lib/python3.7/site-packages/airflow/example_dags/example_local_kubernetes_executor.py
[2023-05-14T15:48:09.408+0000] {processor.py:799} INFO - Processing file /home/airflow/.local/lib/python3.7/site-packages/airflow/example_dags/example_local_kubernetes_executor.py for tasks to queue
[2023-05-14T15:48:09.415+0000] {logging_mixin.py:149} INFO - [2023-05-14T15:48:09.415+0000] {dagbag.py:541} INFO - Filling up the DagBag from /home/airflow/.local/lib/python3.7/site-packages/airflow/example_dags/example_local_kubernetes_executor.py
[2023-05-14T15:48:10.065+0000] {processor.py:809} INFO - DAG(s) dict_keys(['example_local_kubernetes_executor']) retrieved from /home/airflow/.local/lib/python3.7/site-packages/airflow/example_dags/example_local_kubernetes_executor.py
[2023-05-14T15:48:10.216+0000] {logging_mixin.py:149} INFO - [2023-05-14T15:48:10.216+0000] {dag.py:2726} INFO - Sync 1 DAGs
[2023-05-14T15:48:10.287+0000] {logging_mixin.py:149} INFO - [2023-05-14T15:48:10.287+0000] {dag.py:3490} INFO - Setting next_dagrun for example_local_kubernetes_executor to None, run_after=None
[2023-05-14T15:48:10.390+0000] {processor.py:178} INFO - Processing /home/airflow/.local/lib/python3.7/site-packages/airflow/example_dags/example_local_kubernetes_executor.py took 0.999 seconds
[2023-05-14T15:48:41.874+0000] {processor.py:156} INFO - Started process (PID=341) to work on /home/airflow/.local/lib/python3.7/site-packages/airflow/example_dags/example_local_kubernetes_executor.py
[2023-05-14T15:48:41.879+0000] {processor.py:799} INFO - Processing file /home/airflow/.local/lib/python3.7/site-packages/airflow/example_dags/example_local_kubernetes_executor.py for tasks to queue
[2023-05-14T15:48:41.884+0000] {logging_mixin.py:149} INFO - [2023-05-14T15:48:41.882+0000] {dagbag.py:541} INFO - Filling up the DagBag from /home/airflow/.local/lib/python3.7/site-packages/airflow/example_dags/example_local_kubernetes_executor.py
[2023-05-14T15:48:42.521+0000] {processor.py:809} INFO - DAG(s) dict_keys(['example_local_kubernetes_executor']) retrieved from /home/airflow/.local/lib/python3.7/site-packages/airflow/example_dags/example_local_kubernetes_executor.py
[2023-05-14T15:48:42.627+0000] {logging_mixin.py:149} INFO - [2023-05-14T15:48:42.626+0000] {dag.py:2726} INFO - Sync 1 DAGs
[2023-05-14T15:48:42.696+0000] {logging_mixin.py:149} INFO - [2023-05-14T15:48:42.695+0000] {dag.py:3490} INFO - Setting next_dagrun for example_local_kubernetes_executor to None, run_after=None
[2023-05-14T15:48:42.785+0000] {processor.py:178} INFO - Processing /home/airflow/.local/lib/python3.7/site-packages/airflow/example_dags/example_local_kubernetes_executor.py took 0.920 seconds
[2023-05-14T15:49:13.146+0000] {processor.py:156} INFO - Started process (PID=407) to work on /home/airflow/.local/lib/python3.7/site-packages/airflow/example_dags/example_local_kubernetes_executor.py
[2023-05-14T15:49:13.153+0000] {processor.py:799} INFO - Processing file /home/airflow/.local/lib/python3.7/site-packages/airflow/example_dags/example_local_kubernetes_executor.py for tasks to queue
[2023-05-14T15:49:13.156+0000] {logging_mixin.py:149} INFO - [2023-05-14T15:49:13.155+0000] {dagbag.py:541} INFO - Filling up the DagBag from /home/airflow/.local/lib/python3.7/site-packages/airflow/example_dags/example_local_kubernetes_executor.py
[2023-05-14T15:49:13.707+0000] {processor.py:809} INFO - DAG(s) dict_keys(['example_local_kubernetes_executor']) retrieved from /home/airflow/.local/lib/python3.7/site-packages/airflow/example_dags/example_local_kubernetes_executor.py
[2023-05-14T15:49:13.781+0000] {logging_mixin.py:149} INFO - [2023-05-14T15:49:13.780+0000] {dag.py:2726} INFO - Sync 1 DAGs
[2023-05-14T15:49:13.844+0000] {logging_mixin.py:149} INFO - [2023-05-14T15:49:13.844+0000] {dag.py:3490} INFO - Setting next_dagrun for example_local_kubernetes_executor to None, run_after=None
[2023-05-14T15:49:13.899+0000] {processor.py:178} INFO - Processing /home/airflow/.local/lib/python3.7/site-packages/airflow/example_dags/example_local_kubernetes_executor.py took 0.763 seconds
[2023-05-14T15:49:44.149+0000] {processor.py:156} INFO - Started process (PID=472) to work on /home/airflow/.local/lib/python3.7/site-packages/airflow/example_dags/example_local_kubernetes_executor.py
[2023-05-14T15:49:44.154+0000] {processor.py:799} INFO - Processing file /home/airflow/.local/lib/python3.7/site-packages/airflow/example_dags/example_local_kubernetes_executor.py for tasks to queue
[2023-05-14T15:49:44.157+0000] {logging_mixin.py:149} INFO - [2023-05-14T15:49:44.156+0000] {dagbag.py:541} INFO - Filling up the DagBag from /home/airflow/.local/lib/python3.7/site-packages/airflow/example_dags/example_local_kubernetes_executor.py
[2023-05-14T15:49:44.630+0000] {processor.py:809} INFO - DAG(s) dict_keys(['example_local_kubernetes_executor']) retrieved from /home/airflow/.local/lib/python3.7/site-packages/airflow/example_dags/example_local_kubernetes_executor.py
[2023-05-14T15:49:44.702+0000] {logging_mixin.py:149} INFO - [2023-05-14T15:49:44.702+0000] {dag.py:2726} INFO - Sync 1 DAGs
[2023-05-14T15:49:44.760+0000] {logging_mixin.py:149} INFO - [2023-05-14T15:49:44.760+0000] {dag.py:3490} INFO - Setting next_dagrun for example_local_kubernetes_executor to None, run_after=None
[2023-05-14T15:49:44.817+0000] {processor.py:178} INFO - Processing /home/airflow/.local/lib/python3.7/site-packages/airflow/example_dags/example_local_kubernetes_executor.py took 0.675 seconds
[2023-05-14T15:50:15.140+0000] {processor.py:156} INFO - Started process (PID=537) to work on /home/airflow/.local/lib/python3.7/site-packages/airflow/example_dags/example_local_kubernetes_executor.py
[2023-05-14T15:50:15.144+0000] {processor.py:799} INFO - Processing file /home/airflow/.local/lib/python3.7/site-packages/airflow/example_dags/example_local_kubernetes_executor.py for tasks to queue
[2023-05-14T15:50:15.151+0000] {logging_mixin.py:149} INFO - [2023-05-14T15:50:15.151+0000] {dagbag.py:541} INFO - Filling up the DagBag from /home/airflow/.local/lib/python3.7/site-packages/airflow/example_dags/example_local_kubernetes_executor.py
[2023-05-14T15:50:15.680+0000] {processor.py:809} INFO - DAG(s) dict_keys(['example_local_kubernetes_executor']) retrieved from /home/airflow/.local/lib/python3.7/site-packages/airflow/example_dags/example_local_kubernetes_executor.py
[2023-05-14T15:50:15.848+0000] {logging_mixin.py:149} INFO - [2023-05-14T15:50:15.847+0000] {dag.py:2726} INFO - Sync 1 DAGs
[2023-05-14T15:50:16.002+0000] {logging_mixin.py:149} INFO - [2023-05-14T15:50:16.002+0000] {dag.py:3490} INFO - Setting next_dagrun for example_local_kubernetes_executor to None, run_after=None
[2023-05-14T15:50:16.067+0000] {processor.py:178} INFO - Processing /home/airflow/.local/lib/python3.7/site-packages/airflow/example_dags/example_local_kubernetes_executor.py took 0.939 seconds
[2023-05-14T15:50:46.704+0000] {processor.py:156} INFO - Started process (PID=607) to work on /home/airflow/.local/lib/python3.7/site-packages/airflow/example_dags/example_local_kubernetes_executor.py
[2023-05-14T15:50:46.709+0000] {processor.py:799} INFO - Processing file /home/airflow/.local/lib/python3.7/site-packages/airflow/example_dags/example_local_kubernetes_executor.py for tasks to queue
[2023-05-14T15:50:46.737+0000] {logging_mixin.py:149} INFO - [2023-05-14T15:50:46.737+0000] {dagbag.py:541} INFO - Filling up the DagBag from /home/airflow/.local/lib/python3.7/site-packages/airflow/example_dags/example_local_kubernetes_executor.py
[2023-05-14T15:50:47.660+0000] {processor.py:809} INFO - DAG(s) dict_keys(['example_local_kubernetes_executor']) retrieved from /home/airflow/.local/lib/python3.7/site-packages/airflow/example_dags/example_local_kubernetes_executor.py
[2023-05-14T15:50:47.819+0000] {logging_mixin.py:149} INFO - [2023-05-14T15:50:47.818+0000] {dag.py:2726} INFO - Sync 1 DAGs
[2023-05-14T15:50:47.920+0000] {logging_mixin.py:149} INFO - [2023-05-14T15:50:47.920+0000] {dag.py:3490} INFO - Setting next_dagrun for example_local_kubernetes_executor to None, run_after=None
[2023-05-14T15:50:48.055+0000] {processor.py:178} INFO - Processing /home/airflow/.local/lib/python3.7/site-packages/airflow/example_dags/example_local_kubernetes_executor.py took 1.365 seconds
