[2023-05-14T15:46:23.903+0000] {processor.py:156} INFO - Started process (PID=70) to work on /home/airflow/.local/lib/python3.7/site-packages/airflow/example_dags/example_datasets.py
[2023-05-14T15:46:23.905+0000] {processor.py:799} INFO - Processing file /home/airflow/.local/lib/python3.7/site-packages/airflow/example_dags/example_datasets.py for tasks to queue
[2023-05-14T15:46:23.908+0000] {logging_mixin.py:149} INFO - [2023-05-14T15:46:23.907+0000] {dagbag.py:541} INFO - Filling up the DagBag from /home/airflow/.local/lib/python3.7/site-packages/airflow/example_dags/example_datasets.py
[2023-05-14T15:46:23.924+0000] {processor.py:809} INFO - DAG(s) dict_keys(['dataset_consumes_1_and_2', 'dataset_consumes_unknown_never_scheduled', 'dataset_produces_1', 'dataset_consumes_1_never_scheduled', 'dataset_produces_2', 'dataset_consumes_1']) retrieved from /home/airflow/.local/lib/python3.7/site-packages/airflow/example_dags/example_datasets.py
[2023-05-14T15:46:23.960+0000] {logging_mixin.py:149} INFO - [2023-05-14T15:46:23.960+0000] {dag.py:2726} INFO - Sync 6 DAGs
[2023-05-14T15:46:24.008+0000] {logging_mixin.py:149} INFO - [2023-05-14T15:46:24.007+0000] {dag.py:3490} INFO - Setting next_dagrun for dataset_consumes_1 to None, run_after=None
[2023-05-14T15:46:24.016+0000] {logging_mixin.py:149} INFO - [2023-05-14T15:46:24.016+0000] {dag.py:3490} INFO - Setting next_dagrun for dataset_consumes_1_and_2 to None, run_after=None
[2023-05-14T15:46:24.021+0000] {logging_mixin.py:149} INFO - [2023-05-14T15:46:24.021+0000] {dag.py:3490} INFO - Setting next_dagrun for dataset_consumes_1_never_scheduled to None, run_after=None
[2023-05-14T15:46:24.025+0000] {logging_mixin.py:149} INFO - [2023-05-14T15:46:24.025+0000] {dag.py:3490} INFO - Setting next_dagrun for dataset_consumes_unknown_never_scheduled to None, run_after=None
[2023-05-14T15:46:24.032+0000] {logging_mixin.py:149} INFO - [2023-05-14T15:46:24.031+0000] {dag.py:3490} INFO - Setting next_dagrun for dataset_produces_1 to 2023-05-13T00:00:00+00:00, run_after=2023-05-14T00:00:00+00:00
[2023-05-14T15:46:24.036+0000] {logging_mixin.py:149} INFO - [2023-05-14T15:46:24.036+0000] {dag.py:3490} INFO - Setting next_dagrun for dataset_produces_2 to None, run_after=None
[2023-05-14T15:46:24.112+0000] {processor.py:178} INFO - Processing /home/airflow/.local/lib/python3.7/site-packages/airflow/example_dags/example_datasets.py took 0.215 seconds
[2023-05-14T15:46:56.794+0000] {processor.py:156} INFO - Started process (PID=135) to work on /home/airflow/.local/lib/python3.7/site-packages/airflow/example_dags/example_datasets.py
[2023-05-14T15:46:56.800+0000] {processor.py:799} INFO - Processing file /home/airflow/.local/lib/python3.7/site-packages/airflow/example_dags/example_datasets.py for tasks to queue
[2023-05-14T15:46:56.805+0000] {logging_mixin.py:149} INFO - [2023-05-14T15:46:56.804+0000] {dagbag.py:541} INFO - Filling up the DagBag from /home/airflow/.local/lib/python3.7/site-packages/airflow/example_dags/example_datasets.py
[2023-05-14T15:46:56.847+0000] {processor.py:809} INFO - DAG(s) dict_keys(['dataset_consumes_1_and_2', 'dataset_consumes_1_never_scheduled', 'dataset_consumes_1', 'dataset_produces_2', 'dataset_produces_1', 'dataset_consumes_unknown_never_scheduled']) retrieved from /home/airflow/.local/lib/python3.7/site-packages/airflow/example_dags/example_datasets.py
[2023-05-14T15:46:57.120+0000] {logging_mixin.py:149} INFO - [2023-05-14T15:46:57.120+0000] {dag.py:2726} INFO - Sync 6 DAGs
[2023-05-14T15:46:57.182+0000] {logging_mixin.py:149} INFO - [2023-05-14T15:46:57.182+0000] {dag.py:3490} INFO - Setting next_dagrun for dataset_consumes_1 to None, run_after=None
[2023-05-14T15:46:57.192+0000] {logging_mixin.py:149} INFO - [2023-05-14T15:46:57.192+0000] {dag.py:3490} INFO - Setting next_dagrun for dataset_consumes_1_and_2 to None, run_after=None
[2023-05-14T15:46:57.197+0000] {logging_mixin.py:149} INFO - [2023-05-14T15:46:57.197+0000] {dag.py:3490} INFO - Setting next_dagrun for dataset_consumes_1_never_scheduled to None, run_after=None
[2023-05-14T15:46:57.202+0000] {logging_mixin.py:149} INFO - [2023-05-14T15:46:57.201+0000] {dag.py:3490} INFO - Setting next_dagrun for dataset_consumes_unknown_never_scheduled to None, run_after=None
[2023-05-14T15:46:57.212+0000] {logging_mixin.py:149} INFO - [2023-05-14T15:46:57.212+0000] {dag.py:3490} INFO - Setting next_dagrun for dataset_produces_1 to 2023-05-13T00:00:00+00:00, run_after=2023-05-14T00:00:00+00:00
[2023-05-14T15:46:57.217+0000] {logging_mixin.py:149} INFO - [2023-05-14T15:46:57.217+0000] {dag.py:3490} INFO - Setting next_dagrun for dataset_produces_2 to None, run_after=None
[2023-05-14T15:46:57.307+0000] {processor.py:178} INFO - Processing /home/airflow/.local/lib/python3.7/site-packages/airflow/example_dags/example_datasets.py took 0.523 seconds
[2023-05-14T15:47:39.567+0000] {processor.py:156} INFO - Started process (PID=213) to work on /home/airflow/.local/lib/python3.7/site-packages/airflow/example_dags/example_datasets.py
[2023-05-14T15:47:39.576+0000] {processor.py:799} INFO - Processing file /home/airflow/.local/lib/python3.7/site-packages/airflow/example_dags/example_datasets.py for tasks to queue
[2023-05-14T15:47:39.579+0000] {logging_mixin.py:149} INFO - [2023-05-14T15:47:39.579+0000] {dagbag.py:541} INFO - Filling up the DagBag from /home/airflow/.local/lib/python3.7/site-packages/airflow/example_dags/example_datasets.py
[2023-05-14T15:47:39.633+0000] {processor.py:809} INFO - DAG(s) dict_keys(['dataset_produces_2', 'dataset_consumes_1', 'dataset_consumes_1_never_scheduled', 'dataset_consumes_1_and_2', 'dataset_consumes_unknown_never_scheduled', 'dataset_produces_1']) retrieved from /home/airflow/.local/lib/python3.7/site-packages/airflow/example_dags/example_datasets.py
[2023-05-14T15:47:39.790+0000] {logging_mixin.py:149} INFO - [2023-05-14T15:47:39.790+0000] {dag.py:2726} INFO - Sync 6 DAGs
[2023-05-14T15:47:39.865+0000] {logging_mixin.py:149} INFO - [2023-05-14T15:47:39.865+0000] {dag.py:3490} INFO - Setting next_dagrun for dataset_consumes_1 to None, run_after=None
[2023-05-14T15:47:39.878+0000] {logging_mixin.py:149} INFO - [2023-05-14T15:47:39.878+0000] {dag.py:3490} INFO - Setting next_dagrun for dataset_consumes_1_and_2 to None, run_after=None
[2023-05-14T15:47:39.890+0000] {logging_mixin.py:149} INFO - [2023-05-14T15:47:39.888+0000] {dag.py:3490} INFO - Setting next_dagrun for dataset_consumes_1_never_scheduled to None, run_after=None
[2023-05-14T15:47:39.896+0000] {logging_mixin.py:149} INFO - [2023-05-14T15:47:39.896+0000] {dag.py:3490} INFO - Setting next_dagrun for dataset_consumes_unknown_never_scheduled to None, run_after=None
[2023-05-14T15:47:39.909+0000] {logging_mixin.py:149} INFO - [2023-05-14T15:47:39.908+0000] {dag.py:3490} INFO - Setting next_dagrun for dataset_produces_1 to 2023-05-13T00:00:00+00:00, run_after=2023-05-14T00:00:00+00:00
[2023-05-14T15:47:39.916+0000] {logging_mixin.py:149} INFO - [2023-05-14T15:47:39.916+0000] {dag.py:3490} INFO - Setting next_dagrun for dataset_produces_2 to None, run_after=None
[2023-05-14T15:47:40.067+0000] {processor.py:178} INFO - Processing /home/airflow/.local/lib/python3.7/site-packages/airflow/example_dags/example_datasets.py took 0.520 seconds
[2023-05-14T15:48:10.932+0000] {processor.py:156} INFO - Started process (PID=279) to work on /home/airflow/.local/lib/python3.7/site-packages/airflow/example_dags/example_datasets.py
[2023-05-14T15:48:10.936+0000] {processor.py:799} INFO - Processing file /home/airflow/.local/lib/python3.7/site-packages/airflow/example_dags/example_datasets.py for tasks to queue
[2023-05-14T15:48:10.941+0000] {logging_mixin.py:149} INFO - [2023-05-14T15:48:10.941+0000] {dagbag.py:541} INFO - Filling up the DagBag from /home/airflow/.local/lib/python3.7/site-packages/airflow/example_dags/example_datasets.py
[2023-05-14T15:48:10.970+0000] {processor.py:809} INFO - DAG(s) dict_keys(['dataset_consumes_unknown_never_scheduled', 'dataset_consumes_1_never_scheduled', 'dataset_consumes_1_and_2', 'dataset_produces_1', 'dataset_produces_2', 'dataset_consumes_1']) retrieved from /home/airflow/.local/lib/python3.7/site-packages/airflow/example_dags/example_datasets.py
[2023-05-14T15:48:11.095+0000] {logging_mixin.py:149} INFO - [2023-05-14T15:48:11.094+0000] {dag.py:2726} INFO - Sync 6 DAGs
[2023-05-14T15:48:11.173+0000] {logging_mixin.py:149} INFO - [2023-05-14T15:48:11.173+0000] {dag.py:3490} INFO - Setting next_dagrun for dataset_consumes_1 to None, run_after=None
[2023-05-14T15:48:11.188+0000] {logging_mixin.py:149} INFO - [2023-05-14T15:48:11.188+0000] {dag.py:3490} INFO - Setting next_dagrun for dataset_consumes_1_and_2 to None, run_after=None
[2023-05-14T15:48:11.195+0000] {logging_mixin.py:149} INFO - [2023-05-14T15:48:11.195+0000] {dag.py:3490} INFO - Setting next_dagrun for dataset_consumes_1_never_scheduled to None, run_after=None
[2023-05-14T15:48:11.199+0000] {logging_mixin.py:149} INFO - [2023-05-14T15:48:11.199+0000] {dag.py:3490} INFO - Setting next_dagrun for dataset_consumes_unknown_never_scheduled to None, run_after=None
[2023-05-14T15:48:11.208+0000] {logging_mixin.py:149} INFO - [2023-05-14T15:48:11.208+0000] {dag.py:3490} INFO - Setting next_dagrun for dataset_produces_1 to 2023-05-13T00:00:00+00:00, run_after=2023-05-14T00:00:00+00:00
[2023-05-14T15:48:11.215+0000] {logging_mixin.py:149} INFO - [2023-05-14T15:48:11.215+0000] {dag.py:3490} INFO - Setting next_dagrun for dataset_produces_2 to None, run_after=None
[2023-05-14T15:48:11.350+0000] {processor.py:178} INFO - Processing /home/airflow/.local/lib/python3.7/site-packages/airflow/example_dags/example_datasets.py took 0.424 seconds
[2023-05-14T15:48:43.258+0000] {processor.py:156} INFO - Started process (PID=345) to work on /home/airflow/.local/lib/python3.7/site-packages/airflow/example_dags/example_datasets.py
[2023-05-14T15:48:43.262+0000] {processor.py:799} INFO - Processing file /home/airflow/.local/lib/python3.7/site-packages/airflow/example_dags/example_datasets.py for tasks to queue
[2023-05-14T15:48:43.265+0000] {logging_mixin.py:149} INFO - [2023-05-14T15:48:43.264+0000] {dagbag.py:541} INFO - Filling up the DagBag from /home/airflow/.local/lib/python3.7/site-packages/airflow/example_dags/example_datasets.py
[2023-05-14T15:48:43.299+0000] {processor.py:809} INFO - DAG(s) dict_keys(['dataset_consumes_1_never_scheduled', 'dataset_consumes_1_and_2', 'dataset_consumes_1', 'dataset_consumes_unknown_never_scheduled', 'dataset_produces_2', 'dataset_produces_1']) retrieved from /home/airflow/.local/lib/python3.7/site-packages/airflow/example_dags/example_datasets.py
[2023-05-14T15:48:43.413+0000] {logging_mixin.py:149} INFO - [2023-05-14T15:48:43.413+0000] {dag.py:2726} INFO - Sync 6 DAGs
[2023-05-14T15:48:43.484+0000] {logging_mixin.py:149} INFO - [2023-05-14T15:48:43.484+0000] {dag.py:3490} INFO - Setting next_dagrun for dataset_consumes_1 to None, run_after=None
[2023-05-14T15:48:43.496+0000] {logging_mixin.py:149} INFO - [2023-05-14T15:48:43.496+0000] {dag.py:3490} INFO - Setting next_dagrun for dataset_consumes_1_and_2 to None, run_after=None
[2023-05-14T15:48:43.505+0000] {logging_mixin.py:149} INFO - [2023-05-14T15:48:43.504+0000] {dag.py:3490} INFO - Setting next_dagrun for dataset_consumes_1_never_scheduled to None, run_after=None
[2023-05-14T15:48:43.516+0000] {logging_mixin.py:149} INFO - [2023-05-14T15:48:43.515+0000] {dag.py:3490} INFO - Setting next_dagrun for dataset_consumes_unknown_never_scheduled to None, run_after=None
[2023-05-14T15:48:43.530+0000] {logging_mixin.py:149} INFO - [2023-05-14T15:48:43.529+0000] {dag.py:3490} INFO - Setting next_dagrun for dataset_produces_1 to 2023-05-13T00:00:00+00:00, run_after=2023-05-14T00:00:00+00:00
[2023-05-14T15:48:43.538+0000] {logging_mixin.py:149} INFO - [2023-05-14T15:48:43.537+0000] {dag.py:3490} INFO - Setting next_dagrun for dataset_produces_2 to None, run_after=None
[2023-05-14T15:48:43.679+0000] {processor.py:178} INFO - Processing /home/airflow/.local/lib/python3.7/site-packages/airflow/example_dags/example_datasets.py took 0.428 seconds
[2023-05-14T15:49:15.810+0000] {processor.py:156} INFO - Started process (PID=411) to work on /home/airflow/.local/lib/python3.7/site-packages/airflow/example_dags/example_datasets.py
[2023-05-14T15:49:15.870+0000] {processor.py:799} INFO - Processing file /home/airflow/.local/lib/python3.7/site-packages/airflow/example_dags/example_datasets.py for tasks to queue
[2023-05-14T15:49:15.880+0000] {logging_mixin.py:149} INFO - [2023-05-14T15:49:15.879+0000] {dagbag.py:541} INFO - Filling up the DagBag from /home/airflow/.local/lib/python3.7/site-packages/airflow/example_dags/example_datasets.py
[2023-05-14T15:49:16.040+0000] {processor.py:809} INFO - DAG(s) dict_keys(['dataset_consumes_1_never_scheduled', 'dataset_consumes_unknown_never_scheduled', 'dataset_consumes_1', 'dataset_produces_2', 'dataset_produces_1', 'dataset_consumes_1_and_2']) retrieved from /home/airflow/.local/lib/python3.7/site-packages/airflow/example_dags/example_datasets.py
[2023-05-14T15:49:16.394+0000] {logging_mixin.py:149} INFO - [2023-05-14T15:49:16.394+0000] {dag.py:2726} INFO - Sync 6 DAGs
[2023-05-14T15:49:16.548+0000] {logging_mixin.py:149} INFO - [2023-05-14T15:49:16.548+0000] {dag.py:3490} INFO - Setting next_dagrun for dataset_consumes_1 to None, run_after=None
[2023-05-14T15:49:16.579+0000] {logging_mixin.py:149} INFO - [2023-05-14T15:49:16.578+0000] {dag.py:3490} INFO - Setting next_dagrun for dataset_consumes_1_and_2 to None, run_after=None
[2023-05-14T15:49:16.605+0000] {logging_mixin.py:149} INFO - [2023-05-14T15:49:16.599+0000] {dag.py:3490} INFO - Setting next_dagrun for dataset_consumes_1_never_scheduled to None, run_after=None
[2023-05-14T15:49:16.617+0000] {logging_mixin.py:149} INFO - [2023-05-14T15:49:16.617+0000] {dag.py:3490} INFO - Setting next_dagrun for dataset_consumes_unknown_never_scheduled to None, run_after=None
[2023-05-14T15:49:16.675+0000] {logging_mixin.py:149} INFO - [2023-05-14T15:49:16.662+0000] {dag.py:3490} INFO - Setting next_dagrun for dataset_produces_1 to 2023-05-13T00:00:00+00:00, run_after=2023-05-14T00:00:00+00:00
[2023-05-14T15:49:16.750+0000] {logging_mixin.py:149} INFO - [2023-05-14T15:49:16.749+0000] {dag.py:3490} INFO - Setting next_dagrun for dataset_produces_2 to None, run_after=None
[2023-05-14T15:49:16.912+0000] {processor.py:178} INFO - Processing /home/airflow/.local/lib/python3.7/site-packages/airflow/example_dags/example_datasets.py took 1.119 seconds
[2023-05-14T15:49:47.457+0000] {processor.py:156} INFO - Started process (PID=477) to work on /home/airflow/.local/lib/python3.7/site-packages/airflow/example_dags/example_datasets.py
[2023-05-14T15:49:47.468+0000] {processor.py:799} INFO - Processing file /home/airflow/.local/lib/python3.7/site-packages/airflow/example_dags/example_datasets.py for tasks to queue
[2023-05-14T15:49:47.477+0000] {logging_mixin.py:149} INFO - [2023-05-14T15:49:47.477+0000] {dagbag.py:541} INFO - Filling up the DagBag from /home/airflow/.local/lib/python3.7/site-packages/airflow/example_dags/example_datasets.py
[2023-05-14T15:49:47.514+0000] {processor.py:809} INFO - DAG(s) dict_keys(['dataset_consumes_1_and_2', 'dataset_produces_2', 'dataset_consumes_1', 'dataset_consumes_unknown_never_scheduled', 'dataset_consumes_1_never_scheduled', 'dataset_produces_1']) retrieved from /home/airflow/.local/lib/python3.7/site-packages/airflow/example_dags/example_datasets.py
[2023-05-14T15:49:47.617+0000] {logging_mixin.py:149} INFO - [2023-05-14T15:49:47.616+0000] {dag.py:2726} INFO - Sync 6 DAGs
[2023-05-14T15:49:47.724+0000] {logging_mixin.py:149} INFO - [2023-05-14T15:49:47.722+0000] {dag.py:3490} INFO - Setting next_dagrun for dataset_consumes_1 to None, run_after=None
[2023-05-14T15:49:47.738+0000] {logging_mixin.py:149} INFO - [2023-05-14T15:49:47.737+0000] {dag.py:3490} INFO - Setting next_dagrun for dataset_consumes_1_and_2 to None, run_after=None
[2023-05-14T15:49:47.749+0000] {logging_mixin.py:149} INFO - [2023-05-14T15:49:47.748+0000] {dag.py:3490} INFO - Setting next_dagrun for dataset_consumes_1_never_scheduled to None, run_after=None
[2023-05-14T15:49:47.754+0000] {logging_mixin.py:149} INFO - [2023-05-14T15:49:47.754+0000] {dag.py:3490} INFO - Setting next_dagrun for dataset_consumes_unknown_never_scheduled to None, run_after=None
[2023-05-14T15:49:47.773+0000] {logging_mixin.py:149} INFO - [2023-05-14T15:49:47.773+0000] {dag.py:3490} INFO - Setting next_dagrun for dataset_produces_1 to 2023-05-13T00:00:00+00:00, run_after=2023-05-14T00:00:00+00:00
[2023-05-14T15:49:47.789+0000] {logging_mixin.py:149} INFO - [2023-05-14T15:49:47.789+0000] {dag.py:3490} INFO - Setting next_dagrun for dataset_produces_2 to None, run_after=None
[2023-05-14T15:49:47.920+0000] {processor.py:178} INFO - Processing /home/airflow/.local/lib/python3.7/site-packages/airflow/example_dags/example_datasets.py took 0.479 seconds
[2023-05-14T15:50:18.574+0000] {processor.py:156} INFO - Started process (PID=541) to work on /home/airflow/.local/lib/python3.7/site-packages/airflow/example_dags/example_datasets.py
[2023-05-14T15:50:18.580+0000] {processor.py:799} INFO - Processing file /home/airflow/.local/lib/python3.7/site-packages/airflow/example_dags/example_datasets.py for tasks to queue
[2023-05-14T15:50:18.584+0000] {logging_mixin.py:149} INFO - [2023-05-14T15:50:18.584+0000] {dagbag.py:541} INFO - Filling up the DagBag from /home/airflow/.local/lib/python3.7/site-packages/airflow/example_dags/example_datasets.py
[2023-05-14T15:50:18.613+0000] {processor.py:809} INFO - DAG(s) dict_keys(['dataset_consumes_1', 'dataset_consumes_1_and_2', 'dataset_produces_1', 'dataset_produces_2', 'dataset_consumes_unknown_never_scheduled', 'dataset_consumes_1_never_scheduled']) retrieved from /home/airflow/.local/lib/python3.7/site-packages/airflow/example_dags/example_datasets.py
[2023-05-14T15:50:18.717+0000] {logging_mixin.py:149} INFO - [2023-05-14T15:50:18.716+0000] {dag.py:2726} INFO - Sync 6 DAGs
[2023-05-14T15:50:18.812+0000] {logging_mixin.py:149} INFO - [2023-05-14T15:50:18.811+0000] {dag.py:3490} INFO - Setting next_dagrun for dataset_consumes_1 to None, run_after=None
[2023-05-14T15:50:18.852+0000] {logging_mixin.py:149} INFO - [2023-05-14T15:50:18.851+0000] {dag.py:3490} INFO - Setting next_dagrun for dataset_consumes_1_and_2 to None, run_after=None
[2023-05-14T15:50:18.859+0000] {logging_mixin.py:149} INFO - [2023-05-14T15:50:18.859+0000] {dag.py:3490} INFO - Setting next_dagrun for dataset_consumes_1_never_scheduled to None, run_after=None
[2023-05-14T15:50:18.875+0000] {logging_mixin.py:149} INFO - [2023-05-14T15:50:18.875+0000] {dag.py:3490} INFO - Setting next_dagrun for dataset_consumes_unknown_never_scheduled to None, run_after=None
[2023-05-14T15:50:18.902+0000] {logging_mixin.py:149} INFO - [2023-05-14T15:50:18.901+0000] {dag.py:3490} INFO - Setting next_dagrun for dataset_produces_1 to 2023-05-13T00:00:00+00:00, run_after=2023-05-14T00:00:00+00:00
[2023-05-14T15:50:18.914+0000] {logging_mixin.py:149} INFO - [2023-05-14T15:50:18.913+0000] {dag.py:3490} INFO - Setting next_dagrun for dataset_produces_2 to None, run_after=None
[2023-05-14T15:50:19.034+0000] {processor.py:178} INFO - Processing /home/airflow/.local/lib/python3.7/site-packages/airflow/example_dags/example_datasets.py took 0.477 seconds
[2023-05-14T15:50:49.316+0000] {processor.py:156} INFO - Started process (PID=612) to work on /home/airflow/.local/lib/python3.7/site-packages/airflow/example_dags/example_datasets.py
[2023-05-14T15:50:49.321+0000] {processor.py:799} INFO - Processing file /home/airflow/.local/lib/python3.7/site-packages/airflow/example_dags/example_datasets.py for tasks to queue
[2023-05-14T15:50:49.323+0000] {logging_mixin.py:149} INFO - [2023-05-14T15:50:49.323+0000] {dagbag.py:541} INFO - Filling up the DagBag from /home/airflow/.local/lib/python3.7/site-packages/airflow/example_dags/example_datasets.py
[2023-05-14T15:50:49.356+0000] {processor.py:809} INFO - DAG(s) dict_keys(['dataset_consumes_1_and_2', 'dataset_produces_1', 'dataset_consumes_unknown_never_scheduled', 'dataset_consumes_1', 'dataset_produces_2', 'dataset_consumes_1_never_scheduled']) retrieved from /home/airflow/.local/lib/python3.7/site-packages/airflow/example_dags/example_datasets.py
[2023-05-14T15:50:49.486+0000] {logging_mixin.py:149} INFO - [2023-05-14T15:50:49.486+0000] {dag.py:2726} INFO - Sync 6 DAGs
[2023-05-14T15:50:49.552+0000] {logging_mixin.py:149} INFO - [2023-05-14T15:50:49.551+0000] {dag.py:3490} INFO - Setting next_dagrun for dataset_consumes_1 to None, run_after=None
[2023-05-14T15:50:49.561+0000] {logging_mixin.py:149} INFO - [2023-05-14T15:50:49.561+0000] {dag.py:3490} INFO - Setting next_dagrun for dataset_consumes_1_and_2 to None, run_after=None
[2023-05-14T15:50:49.567+0000] {logging_mixin.py:149} INFO - [2023-05-14T15:50:49.567+0000] {dag.py:3490} INFO - Setting next_dagrun for dataset_consumes_1_never_scheduled to None, run_after=None
[2023-05-14T15:50:49.571+0000] {logging_mixin.py:149} INFO - [2023-05-14T15:50:49.571+0000] {dag.py:3490} INFO - Setting next_dagrun for dataset_consumes_unknown_never_scheduled to None, run_after=None
[2023-05-14T15:50:49.579+0000] {logging_mixin.py:149} INFO - [2023-05-14T15:50:49.579+0000] {dag.py:3490} INFO - Setting next_dagrun for dataset_produces_1 to 2023-05-13T00:00:00+00:00, run_after=2023-05-14T00:00:00+00:00
[2023-05-14T15:50:49.583+0000] {logging_mixin.py:149} INFO - [2023-05-14T15:50:49.582+0000] {dag.py:3490} INFO - Setting next_dagrun for dataset_produces_2 to None, run_after=None
[2023-05-14T15:50:49.663+0000] {processor.py:178} INFO - Processing /home/airflow/.local/lib/python3.7/site-packages/airflow/example_dags/example_datasets.py took 0.356 seconds
