[2023-05-14T15:46:24.766+0000] {processor.py:156} INFO - Started process (PID=78) to work on /home/airflow/.local/lib/python3.7/site-packages/airflow/example_dags/example_sensors.py
[2023-05-14T15:46:24.769+0000] {processor.py:799} INFO - Processing file /home/airflow/.local/lib/python3.7/site-packages/airflow/example_dags/example_sensors.py for tasks to queue
[2023-05-14T15:46:24.772+0000] {logging_mixin.py:149} INFO - [2023-05-14T15:46:24.772+0000] {dagbag.py:541} INFO - Filling up the DagBag from /home/airflow/.local/lib/python3.7/site-packages/airflow/example_dags/example_sensors.py
[2023-05-14T15:46:24.796+0000] {processor.py:809} INFO - DAG(s) dict_keys(['example_sensors']) retrieved from /home/airflow/.local/lib/python3.7/site-packages/airflow/example_dags/example_sensors.py
[2023-05-14T15:46:24.818+0000] {logging_mixin.py:149} INFO - [2023-05-14T15:46:24.818+0000] {dag.py:2726} INFO - Sync 1 DAGs
[2023-05-14T15:46:24.858+0000] {logging_mixin.py:149} INFO - [2023-05-14T15:46:24.857+0000] {dag.py:3490} INFO - Setting next_dagrun for example_sensors to None, run_after=None
[2023-05-14T15:46:24.901+0000] {processor.py:178} INFO - Processing /home/airflow/.local/lib/python3.7/site-packages/airflow/example_dags/example_sensors.py took 0.146 seconds
[2023-05-14T15:46:57.977+0000] {processor.py:156} INFO - Started process (PID=143) to work on /home/airflow/.local/lib/python3.7/site-packages/airflow/example_dags/example_sensors.py
[2023-05-14T15:46:57.983+0000] {processor.py:799} INFO - Processing file /home/airflow/.local/lib/python3.7/site-packages/airflow/example_dags/example_sensors.py for tasks to queue
[2023-05-14T15:46:57.991+0000] {logging_mixin.py:149} INFO - [2023-05-14T15:46:57.990+0000] {dagbag.py:541} INFO - Filling up the DagBag from /home/airflow/.local/lib/python3.7/site-packages/airflow/example_dags/example_sensors.py
[2023-05-14T15:46:58.020+0000] {processor.py:809} INFO - DAG(s) dict_keys(['example_sensors']) retrieved from /home/airflow/.local/lib/python3.7/site-packages/airflow/example_dags/example_sensors.py
[2023-05-14T15:46:58.077+0000] {logging_mixin.py:149} INFO - [2023-05-14T15:46:58.077+0000] {dag.py:2726} INFO - Sync 1 DAGs
[2023-05-14T15:46:58.137+0000] {logging_mixin.py:149} INFO - [2023-05-14T15:46:58.137+0000] {dag.py:3490} INFO - Setting next_dagrun for example_sensors to None, run_after=None
[2023-05-14T15:46:58.180+0000] {processor.py:178} INFO - Processing /home/airflow/.local/lib/python3.7/site-packages/airflow/example_dags/example_sensors.py took 0.213 seconds
[2023-05-14T15:47:41.144+0000] {processor.py:156} INFO - Started process (PID=221) to work on /home/airflow/.local/lib/python3.7/site-packages/airflow/example_dags/example_sensors.py
[2023-05-14T15:47:41.149+0000] {processor.py:799} INFO - Processing file /home/airflow/.local/lib/python3.7/site-packages/airflow/example_dags/example_sensors.py for tasks to queue
[2023-05-14T15:47:41.152+0000] {logging_mixin.py:149} INFO - [2023-05-14T15:47:41.152+0000] {dagbag.py:541} INFO - Filling up the DagBag from /home/airflow/.local/lib/python3.7/site-packages/airflow/example_dags/example_sensors.py
[2023-05-14T15:47:41.190+0000] {processor.py:809} INFO - DAG(s) dict_keys(['example_sensors']) retrieved from /home/airflow/.local/lib/python3.7/site-packages/airflow/example_dags/example_sensors.py
[2023-05-14T15:47:41.278+0000] {logging_mixin.py:149} INFO - [2023-05-14T15:47:41.277+0000] {dag.py:2726} INFO - Sync 1 DAGs
[2023-05-14T15:47:41.347+0000] {logging_mixin.py:149} INFO - [2023-05-14T15:47:41.347+0000] {dag.py:3490} INFO - Setting next_dagrun for example_sensors to None, run_after=None
[2023-05-14T15:47:41.402+0000] {processor.py:178} INFO - Processing /home/airflow/.local/lib/python3.7/site-packages/airflow/example_dags/example_sensors.py took 0.266 seconds
[2023-05-14T15:48:12.583+0000] {processor.py:156} INFO - Started process (PID=287) to work on /home/airflow/.local/lib/python3.7/site-packages/airflow/example_dags/example_sensors.py
[2023-05-14T15:48:12.587+0000] {processor.py:799} INFO - Processing file /home/airflow/.local/lib/python3.7/site-packages/airflow/example_dags/example_sensors.py for tasks to queue
[2023-05-14T15:48:12.591+0000] {logging_mixin.py:149} INFO - [2023-05-14T15:48:12.591+0000] {dagbag.py:541} INFO - Filling up the DagBag from /home/airflow/.local/lib/python3.7/site-packages/airflow/example_dags/example_sensors.py
[2023-05-14T15:48:12.638+0000] {processor.py:809} INFO - DAG(s) dict_keys(['example_sensors']) retrieved from /home/airflow/.local/lib/python3.7/site-packages/airflow/example_dags/example_sensors.py
[2023-05-14T15:48:12.711+0000] {logging_mixin.py:149} INFO - [2023-05-14T15:48:12.711+0000] {dag.py:2726} INFO - Sync 1 DAGs
[2023-05-14T15:48:12.825+0000] {logging_mixin.py:149} INFO - [2023-05-14T15:48:12.824+0000] {dag.py:3490} INFO - Setting next_dagrun for example_sensors to None, run_after=None
[2023-05-14T15:48:12.894+0000] {processor.py:178} INFO - Processing /home/airflow/.local/lib/python3.7/site-packages/airflow/example_dags/example_sensors.py took 0.326 seconds
[2023-05-14T15:48:44.698+0000] {processor.py:156} INFO - Started process (PID=353) to work on /home/airflow/.local/lib/python3.7/site-packages/airflow/example_dags/example_sensors.py
[2023-05-14T15:48:44.708+0000] {processor.py:799} INFO - Processing file /home/airflow/.local/lib/python3.7/site-packages/airflow/example_dags/example_sensors.py for tasks to queue
[2023-05-14T15:48:44.715+0000] {logging_mixin.py:149} INFO - [2023-05-14T15:48:44.714+0000] {dagbag.py:541} INFO - Filling up the DagBag from /home/airflow/.local/lib/python3.7/site-packages/airflow/example_dags/example_sensors.py
[2023-05-14T15:48:44.748+0000] {processor.py:809} INFO - DAG(s) dict_keys(['example_sensors']) retrieved from /home/airflow/.local/lib/python3.7/site-packages/airflow/example_dags/example_sensors.py
[2023-05-14T15:48:44.820+0000] {logging_mixin.py:149} INFO - [2023-05-14T15:48:44.820+0000] {dag.py:2726} INFO - Sync 1 DAGs
[2023-05-14T15:48:44.901+0000] {logging_mixin.py:149} INFO - [2023-05-14T15:48:44.901+0000] {dag.py:3490} INFO - Setting next_dagrun for example_sensors to None, run_after=None
[2023-05-14T15:48:44.960+0000] {processor.py:178} INFO - Processing /home/airflow/.local/lib/python3.7/site-packages/airflow/example_dags/example_sensors.py took 0.279 seconds
[2023-05-14T15:49:18.655+0000] {processor.py:156} INFO - Started process (PID=419) to work on /home/airflow/.local/lib/python3.7/site-packages/airflow/example_dags/example_sensors.py
[2023-05-14T15:49:18.660+0000] {processor.py:799} INFO - Processing file /home/airflow/.local/lib/python3.7/site-packages/airflow/example_dags/example_sensors.py for tasks to queue
[2023-05-14T15:49:18.664+0000] {logging_mixin.py:149} INFO - [2023-05-14T15:49:18.663+0000] {dagbag.py:541} INFO - Filling up the DagBag from /home/airflow/.local/lib/python3.7/site-packages/airflow/example_dags/example_sensors.py
[2023-05-14T15:49:18.702+0000] {processor.py:809} INFO - DAG(s) dict_keys(['example_sensors']) retrieved from /home/airflow/.local/lib/python3.7/site-packages/airflow/example_dags/example_sensors.py
[2023-05-14T15:49:18.856+0000] {logging_mixin.py:149} INFO - [2023-05-14T15:49:18.856+0000] {dag.py:2726} INFO - Sync 1 DAGs
[2023-05-14T15:49:19.156+0000] {logging_mixin.py:149} INFO - [2023-05-14T15:49:19.146+0000] {dag.py:3490} INFO - Setting next_dagrun for example_sensors to None, run_after=None
[2023-05-14T15:49:19.322+0000] {processor.py:178} INFO - Processing /home/airflow/.local/lib/python3.7/site-packages/airflow/example_dags/example_sensors.py took 0.708 seconds
[2023-05-14T15:49:50.350+0000] {processor.py:156} INFO - Started process (PID=485) to work on /home/airflow/.local/lib/python3.7/site-packages/airflow/example_dags/example_sensors.py
[2023-05-14T15:49:50.358+0000] {processor.py:799} INFO - Processing file /home/airflow/.local/lib/python3.7/site-packages/airflow/example_dags/example_sensors.py for tasks to queue
[2023-05-14T15:49:50.363+0000] {logging_mixin.py:149} INFO - [2023-05-14T15:49:50.363+0000] {dagbag.py:541} INFO - Filling up the DagBag from /home/airflow/.local/lib/python3.7/site-packages/airflow/example_dags/example_sensors.py
[2023-05-14T15:49:50.419+0000] {processor.py:809} INFO - DAG(s) dict_keys(['example_sensors']) retrieved from /home/airflow/.local/lib/python3.7/site-packages/airflow/example_dags/example_sensors.py
[2023-05-14T15:49:50.527+0000] {logging_mixin.py:149} INFO - [2023-05-14T15:49:50.527+0000] {dag.py:2726} INFO - Sync 1 DAGs
[2023-05-14T15:49:50.589+0000] {logging_mixin.py:149} INFO - [2023-05-14T15:49:50.589+0000] {dag.py:3490} INFO - Setting next_dagrun for example_sensors to None, run_after=None
[2023-05-14T15:49:50.648+0000] {processor.py:178} INFO - Processing /home/airflow/.local/lib/python3.7/site-packages/airflow/example_dags/example_sensors.py took 0.318 seconds
[2023-05-14T15:50:22.558+0000] {processor.py:156} INFO - Started process (PID=550) to work on /home/airflow/.local/lib/python3.7/site-packages/airflow/example_dags/example_sensors.py
[2023-05-14T15:50:22.569+0000] {processor.py:799} INFO - Processing file /home/airflow/.local/lib/python3.7/site-packages/airflow/example_dags/example_sensors.py for tasks to queue
[2023-05-14T15:50:22.575+0000] {logging_mixin.py:149} INFO - [2023-05-14T15:50:22.575+0000] {dagbag.py:541} INFO - Filling up the DagBag from /home/airflow/.local/lib/python3.7/site-packages/airflow/example_dags/example_sensors.py
[2023-05-14T15:50:22.624+0000] {processor.py:809} INFO - DAG(s) dict_keys(['example_sensors']) retrieved from /home/airflow/.local/lib/python3.7/site-packages/airflow/example_dags/example_sensors.py
[2023-05-14T15:50:22.759+0000] {logging_mixin.py:149} INFO - [2023-05-14T15:50:22.759+0000] {dag.py:2726} INFO - Sync 1 DAGs
[2023-05-14T15:50:22.878+0000] {logging_mixin.py:149} INFO - [2023-05-14T15:50:22.878+0000] {dag.py:3490} INFO - Setting next_dagrun for example_sensors to None, run_after=None
[2023-05-14T15:50:23.060+0000] {processor.py:178} INFO - Processing /home/airflow/.local/lib/python3.7/site-packages/airflow/example_dags/example_sensors.py took 0.518 seconds
[2023-05-14T15:50:53.236+0000] {processor.py:156} INFO - Started process (PID=619) to work on /home/airflow/.local/lib/python3.7/site-packages/airflow/example_dags/example_sensors.py
[2023-05-14T15:50:53.239+0000] {processor.py:799} INFO - Processing file /home/airflow/.local/lib/python3.7/site-packages/airflow/example_dags/example_sensors.py for tasks to queue
[2023-05-14T15:50:53.241+0000] {logging_mixin.py:149} INFO - [2023-05-14T15:50:53.241+0000] {dagbag.py:541} INFO - Filling up the DagBag from /home/airflow/.local/lib/python3.7/site-packages/airflow/example_dags/example_sensors.py
[2023-05-14T15:50:53.255+0000] {processor.py:809} INFO - DAG(s) dict_keys(['example_sensors']) retrieved from /home/airflow/.local/lib/python3.7/site-packages/airflow/example_dags/example_sensors.py
[2023-05-14T15:50:53.302+0000] {logging_mixin.py:149} INFO - [2023-05-14T15:50:53.302+0000] {dag.py:2726} INFO - Sync 1 DAGs
[2023-05-14T15:50:53.348+0000] {logging_mixin.py:149} INFO - [2023-05-14T15:50:53.347+0000] {dag.py:3490} INFO - Setting next_dagrun for example_sensors to None, run_after=None
[2023-05-14T15:50:53.384+0000] {processor.py:178} INFO - Processing /home/airflow/.local/lib/python3.7/site-packages/airflow/example_dags/example_sensors.py took 0.154 seconds
