[2023-05-14T15:44:07.130+0000] {processor.py:156} INFO - Started process (PID=53) to work on /home/airflow/.local/lib/python3.7/site-packages/airflow/example_dags/example_task_group_decorator.py
[2023-05-14T15:44:07.134+0000] {processor.py:799} INFO - Processing file /home/airflow/.local/lib/python3.7/site-packages/airflow/example_dags/example_task_group_decorator.py for tasks to queue
[2023-05-14T15:44:07.137+0000] {logging_mixin.py:149} INFO - [2023-05-14T15:44:07.136+0000] {dagbag.py:541} INFO - Filling up the DagBag from /home/airflow/.local/lib/python3.7/site-packages/airflow/example_dags/example_task_group_decorator.py
[2023-05-14T15:44:07.192+0000] {processor.py:809} INFO - DAG(s) dict_keys(['example_task_group_decorator']) retrieved from /home/airflow/.local/lib/python3.7/site-packages/airflow/example_dags/example_task_group_decorator.py
[2023-05-14T15:44:07.448+0000] {logging_mixin.py:149} INFO - [2023-05-14T15:44:07.448+0000] {manager.py:504} INFO - Created Permission View: can read on DAG:example_task_group_decorator
[2023-05-14T15:44:07.472+0000] {logging_mixin.py:149} INFO - [2023-05-14T15:44:07.471+0000] {manager.py:504} INFO - Created Permission View: can delete on DAG:example_task_group_decorator
[2023-05-14T15:44:07.493+0000] {logging_mixin.py:149} INFO - [2023-05-14T15:44:07.493+0000] {manager.py:504} INFO - Created Permission View: can edit on DAG:example_task_group_decorator
[2023-05-14T15:44:07.495+0000] {logging_mixin.py:149} INFO - [2023-05-14T15:44:07.495+0000] {dag.py:2726} INFO - Sync 1 DAGs
[2023-05-14T15:44:07.524+0000] {logging_mixin.py:149} INFO - [2023-05-14T15:44:07.524+0000] {dag.py:2747} INFO - Creating ORM DAG for example_task_group_decorator
[2023-05-14T15:44:07.549+0000] {logging_mixin.py:149} INFO - [2023-05-14T15:44:07.549+0000] {dag.py:3490} INFO - Setting next_dagrun for example_task_group_decorator to 2023-05-13T15:44:07.548698+00:00, run_after=2023-05-14T15:44:07.548698+00:00
[2023-05-14T15:44:07.680+0000] {processor.py:178} INFO - Processing /home/airflow/.local/lib/python3.7/site-packages/airflow/example_dags/example_task_group_decorator.py took 0.559 seconds
[2023-05-14T15:46:20.153+0000] {processor.py:156} INFO - Started process (PID=47) to work on /home/airflow/.local/lib/python3.7/site-packages/airflow/example_dags/example_task_group_decorator.py
[2023-05-14T15:46:20.157+0000] {processor.py:799} INFO - Processing file /home/airflow/.local/lib/python3.7/site-packages/airflow/example_dags/example_task_group_decorator.py for tasks to queue
[2023-05-14T15:46:20.161+0000] {logging_mixin.py:149} INFO - [2023-05-14T15:46:20.160+0000] {dagbag.py:541} INFO - Filling up the DagBag from /home/airflow/.local/lib/python3.7/site-packages/airflow/example_dags/example_task_group_decorator.py
[2023-05-14T15:46:20.194+0000] {processor.py:809} INFO - DAG(s) dict_keys(['example_task_group_decorator']) retrieved from /home/airflow/.local/lib/python3.7/site-packages/airflow/example_dags/example_task_group_decorator.py
[2023-05-14T15:46:20.223+0000] {logging_mixin.py:149} INFO - [2023-05-14T15:46:20.223+0000] {dag.py:2726} INFO - Sync 1 DAGs
[2023-05-14T15:46:20.270+0000] {logging_mixin.py:149} INFO - [2023-05-14T15:46:20.269+0000] {dag.py:3490} INFO - Setting next_dagrun for example_task_group_decorator to 2023-05-13T15:46:20.269233+00:00, run_after=2023-05-14T15:46:20.269233+00:00
[2023-05-14T15:46:20.314+0000] {processor.py:178} INFO - Processing /home/airflow/.local/lib/python3.7/site-packages/airflow/example_dags/example_task_group_decorator.py took 0.166 seconds
[2023-05-14T15:46:51.520+0000] {processor.py:156} INFO - Started process (PID=112) to work on /home/airflow/.local/lib/python3.7/site-packages/airflow/example_dags/example_task_group_decorator.py
[2023-05-14T15:46:51.526+0000] {processor.py:799} INFO - Processing file /home/airflow/.local/lib/python3.7/site-packages/airflow/example_dags/example_task_group_decorator.py for tasks to queue
[2023-05-14T15:46:51.529+0000] {logging_mixin.py:149} INFO - [2023-05-14T15:46:51.529+0000] {dagbag.py:541} INFO - Filling up the DagBag from /home/airflow/.local/lib/python3.7/site-packages/airflow/example_dags/example_task_group_decorator.py
[2023-05-14T15:46:51.552+0000] {processor.py:809} INFO - DAG(s) dict_keys(['example_task_group_decorator']) retrieved from /home/airflow/.local/lib/python3.7/site-packages/airflow/example_dags/example_task_group_decorator.py
[2023-05-14T15:46:51.609+0000] {logging_mixin.py:149} INFO - [2023-05-14T15:46:51.609+0000] {dag.py:2726} INFO - Sync 1 DAGs
[2023-05-14T15:46:51.653+0000] {logging_mixin.py:149} INFO - [2023-05-14T15:46:51.653+0000] {dag.py:3490} INFO - Setting next_dagrun for example_task_group_decorator to 2023-05-13T15:46:51.652891+00:00, run_after=2023-05-14T15:46:51.652891+00:00
[2023-05-14T15:46:51.692+0000] {processor.py:178} INFO - Processing /home/airflow/.local/lib/python3.7/site-packages/airflow/example_dags/example_task_group_decorator.py took 0.177 seconds
[2023-05-14T15:47:30.911+0000] {processor.py:156} INFO - Started process (PID=182) to work on /home/airflow/.local/lib/python3.7/site-packages/airflow/example_dags/example_task_group_decorator.py
[2023-05-14T15:47:30.932+0000] {processor.py:799} INFO - Processing file /home/airflow/.local/lib/python3.7/site-packages/airflow/example_dags/example_task_group_decorator.py for tasks to queue
[2023-05-14T15:47:30.938+0000] {logging_mixin.py:149} INFO - [2023-05-14T15:47:30.937+0000] {dagbag.py:541} INFO - Filling up the DagBag from /home/airflow/.local/lib/python3.7/site-packages/airflow/example_dags/example_task_group_decorator.py
[2023-05-14T15:47:31.087+0000] {processor.py:809} INFO - DAG(s) dict_keys(['example_task_group_decorator']) retrieved from /home/airflow/.local/lib/python3.7/site-packages/airflow/example_dags/example_task_group_decorator.py
[2023-05-14T15:47:31.300+0000] {logging_mixin.py:149} INFO - [2023-05-14T15:47:31.300+0000] {dag.py:2726} INFO - Sync 1 DAGs
[2023-05-14T15:47:31.775+0000] {logging_mixin.py:149} INFO - [2023-05-14T15:47:31.774+0000] {dag.py:3490} INFO - Setting next_dagrun for example_task_group_decorator to 2023-05-13T15:47:31.749946+00:00, run_after=2023-05-14T15:47:31.749946+00:00
[2023-05-14T15:47:32.143+0000] {processor.py:178} INFO - Processing /home/airflow/.local/lib/python3.7/site-packages/airflow/example_dags/example_task_group_decorator.py took 1.260 seconds
[2023-05-14T15:48:02.662+0000] {processor.py:156} INFO - Started process (PID=248) to work on /home/airflow/.local/lib/python3.7/site-packages/airflow/example_dags/example_task_group_decorator.py
[2023-05-14T15:48:02.665+0000] {processor.py:799} INFO - Processing file /home/airflow/.local/lib/python3.7/site-packages/airflow/example_dags/example_task_group_decorator.py for tasks to queue
[2023-05-14T15:48:02.669+0000] {logging_mixin.py:149} INFO - [2023-05-14T15:48:02.669+0000] {dagbag.py:541} INFO - Filling up the DagBag from /home/airflow/.local/lib/python3.7/site-packages/airflow/example_dags/example_task_group_decorator.py
[2023-05-14T15:48:02.713+0000] {processor.py:809} INFO - DAG(s) dict_keys(['example_task_group_decorator']) retrieved from /home/airflow/.local/lib/python3.7/site-packages/airflow/example_dags/example_task_group_decorator.py
[2023-05-14T15:48:02.813+0000] {logging_mixin.py:149} INFO - [2023-05-14T15:48:02.813+0000] {dag.py:2726} INFO - Sync 1 DAGs
[2023-05-14T15:48:02.883+0000] {logging_mixin.py:149} INFO - [2023-05-14T15:48:02.883+0000] {dag.py:3490} INFO - Setting next_dagrun for example_task_group_decorator to 2023-05-13T15:48:02.882645+00:00, run_after=2023-05-14T15:48:02.882645+00:00
[2023-05-14T15:48:02.945+0000] {processor.py:178} INFO - Processing /home/airflow/.local/lib/python3.7/site-packages/airflow/example_dags/example_task_group_decorator.py took 0.291 seconds
[2023-05-14T15:48:33.267+0000] {processor.py:156} INFO - Started process (PID=314) to work on /home/airflow/.local/lib/python3.7/site-packages/airflow/example_dags/example_task_group_decorator.py
[2023-05-14T15:48:33.270+0000] {processor.py:799} INFO - Processing file /home/airflow/.local/lib/python3.7/site-packages/airflow/example_dags/example_task_group_decorator.py for tasks to queue
[2023-05-14T15:48:33.274+0000] {logging_mixin.py:149} INFO - [2023-05-14T15:48:33.274+0000] {dagbag.py:541} INFO - Filling up the DagBag from /home/airflow/.local/lib/python3.7/site-packages/airflow/example_dags/example_task_group_decorator.py
[2023-05-14T15:48:33.308+0000] {processor.py:809} INFO - DAG(s) dict_keys(['example_task_group_decorator']) retrieved from /home/airflow/.local/lib/python3.7/site-packages/airflow/example_dags/example_task_group_decorator.py
[2023-05-14T15:48:33.393+0000] {logging_mixin.py:149} INFO - [2023-05-14T15:48:33.393+0000] {dag.py:2726} INFO - Sync 1 DAGs
[2023-05-14T15:48:33.470+0000] {logging_mixin.py:149} INFO - [2023-05-14T15:48:33.470+0000] {dag.py:3490} INFO - Setting next_dagrun for example_task_group_decorator to 2023-05-13T15:48:33.470306+00:00, run_after=2023-05-14T15:48:33.470306+00:00
[2023-05-14T15:48:33.540+0000] {processor.py:178} INFO - Processing /home/airflow/.local/lib/python3.7/site-packages/airflow/example_dags/example_task_group_decorator.py took 0.279 seconds
[2023-05-14T15:49:03.769+0000] {processor.py:156} INFO - Started process (PID=380) to work on /home/airflow/.local/lib/python3.7/site-packages/airflow/example_dags/example_task_group_decorator.py
[2023-05-14T15:49:03.774+0000] {processor.py:799} INFO - Processing file /home/airflow/.local/lib/python3.7/site-packages/airflow/example_dags/example_task_group_decorator.py for tasks to queue
[2023-05-14T15:49:03.787+0000] {logging_mixin.py:149} INFO - [2023-05-14T15:49:03.780+0000] {dagbag.py:541} INFO - Filling up the DagBag from /home/airflow/.local/lib/python3.7/site-packages/airflow/example_dags/example_task_group_decorator.py
[2023-05-14T15:49:03.844+0000] {processor.py:809} INFO - DAG(s) dict_keys(['example_task_group_decorator']) retrieved from /home/airflow/.local/lib/python3.7/site-packages/airflow/example_dags/example_task_group_decorator.py
[2023-05-14T15:49:03.990+0000] {logging_mixin.py:149} INFO - [2023-05-14T15:49:03.990+0000] {dag.py:2726} INFO - Sync 1 DAGs
[2023-05-14T15:49:04.078+0000] {logging_mixin.py:149} INFO - [2023-05-14T15:49:04.078+0000] {dag.py:3490} INFO - Setting next_dagrun for example_task_group_decorator to 2023-05-13T15:49:04.077639+00:00, run_after=2023-05-14T15:49:04.077639+00:00
[2023-05-14T15:49:04.148+0000] {processor.py:178} INFO - Processing /home/airflow/.local/lib/python3.7/site-packages/airflow/example_dags/example_task_group_decorator.py took 0.406 seconds
[2023-05-14T15:49:34.358+0000] {processor.py:156} INFO - Started process (PID=446) to work on /home/airflow/.local/lib/python3.7/site-packages/airflow/example_dags/example_task_group_decorator.py
[2023-05-14T15:49:34.363+0000] {processor.py:799} INFO - Processing file /home/airflow/.local/lib/python3.7/site-packages/airflow/example_dags/example_task_group_decorator.py for tasks to queue
[2023-05-14T15:49:34.367+0000] {logging_mixin.py:149} INFO - [2023-05-14T15:49:34.366+0000] {dagbag.py:541} INFO - Filling up the DagBag from /home/airflow/.local/lib/python3.7/site-packages/airflow/example_dags/example_task_group_decorator.py
[2023-05-14T15:49:34.410+0000] {processor.py:809} INFO - DAG(s) dict_keys(['example_task_group_decorator']) retrieved from /home/airflow/.local/lib/python3.7/site-packages/airflow/example_dags/example_task_group_decorator.py
[2023-05-14T15:49:34.515+0000] {logging_mixin.py:149} INFO - [2023-05-14T15:49:34.515+0000] {dag.py:2726} INFO - Sync 1 DAGs
[2023-05-14T15:49:34.602+0000] {logging_mixin.py:149} INFO - [2023-05-14T15:49:34.602+0000] {dag.py:3490} INFO - Setting next_dagrun for example_task_group_decorator to 2023-05-13T15:49:34.601633+00:00, run_after=2023-05-14T15:49:34.601633+00:00
[2023-05-14T15:49:34.656+0000] {processor.py:178} INFO - Processing /home/airflow/.local/lib/python3.7/site-packages/airflow/example_dags/example_task_group_decorator.py took 0.305 seconds
[2023-05-14T15:50:05.326+0000] {processor.py:156} INFO - Started process (PID=512) to work on /home/airflow/.local/lib/python3.7/site-packages/airflow/example_dags/example_task_group_decorator.py
[2023-05-14T15:50:05.331+0000] {processor.py:799} INFO - Processing file /home/airflow/.local/lib/python3.7/site-packages/airflow/example_dags/example_task_group_decorator.py for tasks to queue
[2023-05-14T15:50:05.339+0000] {logging_mixin.py:149} INFO - [2023-05-14T15:50:05.339+0000] {dagbag.py:541} INFO - Filling up the DagBag from /home/airflow/.local/lib/python3.7/site-packages/airflow/example_dags/example_task_group_decorator.py
[2023-05-14T15:50:05.379+0000] {processor.py:809} INFO - DAG(s) dict_keys(['example_task_group_decorator']) retrieved from /home/airflow/.local/lib/python3.7/site-packages/airflow/example_dags/example_task_group_decorator.py
[2023-05-14T15:50:05.479+0000] {logging_mixin.py:149} INFO - [2023-05-14T15:50:05.479+0000] {dag.py:2726} INFO - Sync 1 DAGs
[2023-05-14T15:50:05.560+0000] {logging_mixin.py:149} INFO - [2023-05-14T15:50:05.560+0000] {dag.py:3490} INFO - Setting next_dagrun for example_task_group_decorator to 2023-05-13T15:50:05.559757+00:00, run_after=2023-05-14T15:50:05.559757+00:00
[2023-05-14T15:50:05.628+0000] {processor.py:178} INFO - Processing /home/airflow/.local/lib/python3.7/site-packages/airflow/example_dags/example_task_group_decorator.py took 0.310 seconds
[2023-05-14T15:50:35.701+0000] {processor.py:156} INFO - Started process (PID=581) to work on /home/airflow/.local/lib/python3.7/site-packages/airflow/example_dags/example_task_group_decorator.py
[2023-05-14T15:50:35.705+0000] {processor.py:799} INFO - Processing file /home/airflow/.local/lib/python3.7/site-packages/airflow/example_dags/example_task_group_decorator.py for tasks to queue
[2023-05-14T15:50:35.710+0000] {logging_mixin.py:149} INFO - [2023-05-14T15:50:35.709+0000] {dagbag.py:541} INFO - Filling up the DagBag from /home/airflow/.local/lib/python3.7/site-packages/airflow/example_dags/example_task_group_decorator.py
[2023-05-14T15:50:35.799+0000] {processor.py:809} INFO - DAG(s) dict_keys(['example_task_group_decorator']) retrieved from /home/airflow/.local/lib/python3.7/site-packages/airflow/example_dags/example_task_group_decorator.py
[2023-05-14T15:50:35.931+0000] {logging_mixin.py:149} INFO - [2023-05-14T15:50:35.930+0000] {dag.py:2726} INFO - Sync 1 DAGs
[2023-05-14T15:50:36.035+0000] {logging_mixin.py:149} INFO - [2023-05-14T15:50:36.034+0000] {dag.py:3490} INFO - Setting next_dagrun for example_task_group_decorator to 2023-05-13T15:50:36.034367+00:00, run_after=2023-05-14T15:50:36.034367+00:00
[2023-05-14T15:50:36.096+0000] {processor.py:178} INFO - Processing /home/airflow/.local/lib/python3.7/site-packages/airflow/example_dags/example_task_group_decorator.py took 0.408 seconds
[2023-05-14T15:51:06.466+0000] {processor.py:156} INFO - Started process (PID=648) to work on /home/airflow/.local/lib/python3.7/site-packages/airflow/example_dags/example_task_group_decorator.py
[2023-05-14T15:51:06.471+0000] {processor.py:799} INFO - Processing file /home/airflow/.local/lib/python3.7/site-packages/airflow/example_dags/example_task_group_decorator.py for tasks to queue
[2023-05-14T15:51:06.474+0000] {logging_mixin.py:149} INFO - [2023-05-14T15:51:06.474+0000] {dagbag.py:541} INFO - Filling up the DagBag from /home/airflow/.local/lib/python3.7/site-packages/airflow/example_dags/example_task_group_decorator.py
[2023-05-14T15:51:06.537+0000] {processor.py:809} INFO - DAG(s) dict_keys(['example_task_group_decorator']) retrieved from /home/airflow/.local/lib/python3.7/site-packages/airflow/example_dags/example_task_group_decorator.py
[2023-05-14T15:51:06.605+0000] {logging_mixin.py:149} INFO - [2023-05-14T15:51:06.604+0000] {dag.py:2726} INFO - Sync 1 DAGs
[2023-05-14T15:51:06.713+0000] {logging_mixin.py:149} INFO - [2023-05-14T15:51:06.713+0000] {dag.py:3490} INFO - Setting next_dagrun for example_task_group_decorator to 2023-05-13T15:51:06.711659+00:00, run_after=2023-05-14T15:51:06.711659+00:00
[2023-05-14T15:51:06.779+0000] {processor.py:178} INFO - Processing /home/airflow/.local/lib/python3.7/site-packages/airflow/example_dags/example_task_group_decorator.py took 0.323 seconds
