[2023-05-14T15:46:23.843+0000] {processor.py:156} INFO - Started process (PID=69) to work on /home/airflow/.local/lib/python3.7/site-packages/airflow/example_dags/example_subdag_operator.py
[2023-05-14T15:46:23.846+0000] {processor.py:799} INFO - Processing file /home/airflow/.local/lib/python3.7/site-packages/airflow/example_dags/example_subdag_operator.py for tasks to queue
[2023-05-14T15:46:23.849+0000] {logging_mixin.py:149} INFO - [2023-05-14T15:46:23.848+0000] {dagbag.py:541} INFO - Filling up the DagBag from /home/airflow/.local/lib/python3.7/site-packages/airflow/example_dags/example_subdag_operator.py
[2023-05-14T15:46:23.897+0000] {processor.py:809} INFO - DAG(s) dict_keys(['example_subdag_operator.section-1', 'example_subdag_operator.section-2', 'example_subdag_operator']) retrieved from /home/airflow/.local/lib/python3.7/site-packages/airflow/example_dags/example_subdag_operator.py
[2023-05-14T15:46:23.905+0000] {logging_mixin.py:149} INFO - [2023-05-14T15:46:23.905+0000] {dag.py:2726} INFO - Sync 3 DAGs
[2023-05-14T15:46:23.945+0000] {logging_mixin.py:149} INFO - [2023-05-14T15:46:23.945+0000] {dag.py:3490} INFO - Setting next_dagrun for example_subdag_operator to 2022-01-01T00:00:00+00:00, run_after=2022-01-01T00:00:00+00:00
[2023-05-14T15:46:23.953+0000] {logging_mixin.py:149} INFO - [2023-05-14T15:46:23.953+0000] {dag.py:3490} INFO - Setting next_dagrun for example_subdag_operator.section-1 to None, run_after=None
[2023-05-14T15:46:23.958+0000] {logging_mixin.py:149} INFO - [2023-05-14T15:46:23.958+0000] {dag.py:3490} INFO - Setting next_dagrun for example_subdag_operator.section-2 to None, run_after=None
[2023-05-14T15:46:23.976+0000] {logging_mixin.py:149} INFO - [2023-05-14T15:46:23.975+0000] {dag.py:2726} INFO - Sync 2 DAGs
[2023-05-14T15:46:23.986+0000] {logging_mixin.py:149} INFO - [2023-05-14T15:46:23.986+0000] {dag.py:3490} INFO - Setting next_dagrun for example_subdag_operator.section-1 to None, run_after=None
[2023-05-14T15:46:23.989+0000] {logging_mixin.py:149} INFO - [2023-05-14T15:46:23.988+0000] {dag.py:3490} INFO - Setting next_dagrun for example_subdag_operator.section-2 to None, run_after=None
[2023-05-14T15:46:24.015+0000] {processor.py:178} INFO - Processing /home/airflow/.local/lib/python3.7/site-packages/airflow/example_dags/example_subdag_operator.py took 0.177 seconds
[2023-05-14T15:46:56.747+0000] {processor.py:156} INFO - Started process (PID=134) to work on /home/airflow/.local/lib/python3.7/site-packages/airflow/example_dags/example_subdag_operator.py
[2023-05-14T15:46:56.751+0000] {processor.py:799} INFO - Processing file /home/airflow/.local/lib/python3.7/site-packages/airflow/example_dags/example_subdag_operator.py for tasks to queue
[2023-05-14T15:46:56.755+0000] {logging_mixin.py:149} INFO - [2023-05-14T15:46:56.755+0000] {dagbag.py:541} INFO - Filling up the DagBag from /home/airflow/.local/lib/python3.7/site-packages/airflow/example_dags/example_subdag_operator.py
[2023-05-14T15:46:56.838+0000] {processor.py:809} INFO - DAG(s) dict_keys(['example_subdag_operator.section-1', 'example_subdag_operator.section-2', 'example_subdag_operator']) retrieved from /home/airflow/.local/lib/python3.7/site-packages/airflow/example_dags/example_subdag_operator.py
[2023-05-14T15:46:56.914+0000] {logging_mixin.py:149} INFO - [2023-05-14T15:46:56.914+0000] {dag.py:2726} INFO - Sync 3 DAGs
[2023-05-14T15:46:56.995+0000] {logging_mixin.py:149} INFO - [2023-05-14T15:46:56.995+0000] {dag.py:3490} INFO - Setting next_dagrun for example_subdag_operator to 2022-01-01T00:00:00+00:00, run_after=2022-01-01T00:00:00+00:00
[2023-05-14T15:46:57.004+0000] {logging_mixin.py:149} INFO - [2023-05-14T15:46:57.004+0000] {dag.py:3490} INFO - Setting next_dagrun for example_subdag_operator.section-1 to None, run_after=None
[2023-05-14T15:46:57.010+0000] {logging_mixin.py:149} INFO - [2023-05-14T15:46:57.010+0000] {dag.py:3490} INFO - Setting next_dagrun for example_subdag_operator.section-2 to None, run_after=None
[2023-05-14T15:46:57.027+0000] {logging_mixin.py:149} INFO - [2023-05-14T15:46:57.027+0000] {dag.py:2726} INFO - Sync 2 DAGs
[2023-05-14T15:46:57.044+0000] {logging_mixin.py:149} INFO - [2023-05-14T15:46:57.043+0000] {dag.py:3490} INFO - Setting next_dagrun for example_subdag_operator.section-1 to None, run_after=None
[2023-05-14T15:46:57.046+0000] {logging_mixin.py:149} INFO - [2023-05-14T15:46:57.046+0000] {dag.py:3490} INFO - Setting next_dagrun for example_subdag_operator.section-2 to None, run_after=None
[2023-05-14T15:46:57.076+0000] {processor.py:178} INFO - Processing /home/airflow/.local/lib/python3.7/site-packages/airflow/example_dags/example_subdag_operator.py took 0.335 seconds
[2023-05-14T15:47:39.414+0000] {processor.py:156} INFO - Started process (PID=212) to work on /home/airflow/.local/lib/python3.7/site-packages/airflow/example_dags/example_subdag_operator.py
[2023-05-14T15:47:39.418+0000] {processor.py:799} INFO - Processing file /home/airflow/.local/lib/python3.7/site-packages/airflow/example_dags/example_subdag_operator.py for tasks to queue
[2023-05-14T15:47:39.422+0000] {logging_mixin.py:149} INFO - [2023-05-14T15:47:39.422+0000] {dagbag.py:541} INFO - Filling up the DagBag from /home/airflow/.local/lib/python3.7/site-packages/airflow/example_dags/example_subdag_operator.py
[2023-05-14T15:47:39.502+0000] {processor.py:809} INFO - DAG(s) dict_keys(['example_subdag_operator.section-1', 'example_subdag_operator.section-2', 'example_subdag_operator']) retrieved from /home/airflow/.local/lib/python3.7/site-packages/airflow/example_dags/example_subdag_operator.py
[2023-05-14T15:47:39.571+0000] {logging_mixin.py:149} INFO - [2023-05-14T15:47:39.571+0000] {dag.py:2726} INFO - Sync 3 DAGs
[2023-05-14T15:47:39.712+0000] {logging_mixin.py:149} INFO - [2023-05-14T15:47:39.712+0000] {dag.py:3490} INFO - Setting next_dagrun for example_subdag_operator to 2022-01-01T00:00:00+00:00, run_after=2022-01-01T00:00:00+00:00
[2023-05-14T15:47:39.730+0000] {logging_mixin.py:149} INFO - [2023-05-14T15:47:39.729+0000] {dag.py:3490} INFO - Setting next_dagrun for example_subdag_operator.section-1 to None, run_after=None
[2023-05-14T15:47:39.736+0000] {logging_mixin.py:149} INFO - [2023-05-14T15:47:39.736+0000] {dag.py:3490} INFO - Setting next_dagrun for example_subdag_operator.section-2 to None, run_after=None
[2023-05-14T15:47:39.776+0000] {logging_mixin.py:149} INFO - [2023-05-14T15:47:39.776+0000] {dag.py:2726} INFO - Sync 2 DAGs
[2023-05-14T15:47:39.798+0000] {logging_mixin.py:149} INFO - [2023-05-14T15:47:39.798+0000] {dag.py:3490} INFO - Setting next_dagrun for example_subdag_operator.section-1 to None, run_after=None
[2023-05-14T15:47:39.800+0000] {logging_mixin.py:149} INFO - [2023-05-14T15:47:39.800+0000] {dag.py:3490} INFO - Setting next_dagrun for example_subdag_operator.section-2 to None, run_after=None
[2023-05-14T15:47:39.848+0000] {processor.py:178} INFO - Processing /home/airflow/.local/lib/python3.7/site-packages/airflow/example_dags/example_subdag_operator.py took 0.445 seconds
[2023-05-14T15:48:10.492+0000] {processor.py:156} INFO - Started process (PID=278) to work on /home/airflow/.local/lib/python3.7/site-packages/airflow/example_dags/example_subdag_operator.py
[2023-05-14T15:48:10.497+0000] {processor.py:799} INFO - Processing file /home/airflow/.local/lib/python3.7/site-packages/airflow/example_dags/example_subdag_operator.py for tasks to queue
[2023-05-14T15:48:10.500+0000] {logging_mixin.py:149} INFO - [2023-05-14T15:48:10.500+0000] {dagbag.py:541} INFO - Filling up the DagBag from /home/airflow/.local/lib/python3.7/site-packages/airflow/example_dags/example_subdag_operator.py
[2023-05-14T15:48:10.579+0000] {processor.py:809} INFO - DAG(s) dict_keys(['example_subdag_operator.section-1', 'example_subdag_operator.section-2', 'example_subdag_operator']) retrieved from /home/airflow/.local/lib/python3.7/site-packages/airflow/example_dags/example_subdag_operator.py
[2023-05-14T15:48:10.650+0000] {logging_mixin.py:149} INFO - [2023-05-14T15:48:10.650+0000] {dag.py:2726} INFO - Sync 3 DAGs
[2023-05-14T15:48:10.730+0000] {logging_mixin.py:149} INFO - [2023-05-14T15:48:10.730+0000] {dag.py:3490} INFO - Setting next_dagrun for example_subdag_operator to 2022-01-01T00:00:00+00:00, run_after=2022-01-01T00:00:00+00:00
[2023-05-14T15:48:10.745+0000] {logging_mixin.py:149} INFO - [2023-05-14T15:48:10.745+0000] {dag.py:3490} INFO - Setting next_dagrun for example_subdag_operator.section-1 to None, run_after=None
[2023-05-14T15:48:10.750+0000] {logging_mixin.py:149} INFO - [2023-05-14T15:48:10.749+0000] {dag.py:3490} INFO - Setting next_dagrun for example_subdag_operator.section-2 to None, run_after=None
[2023-05-14T15:48:10.779+0000] {logging_mixin.py:149} INFO - [2023-05-14T15:48:10.778+0000] {dag.py:2726} INFO - Sync 2 DAGs
[2023-05-14T15:48:10.795+0000] {logging_mixin.py:149} INFO - [2023-05-14T15:48:10.795+0000] {dag.py:3490} INFO - Setting next_dagrun for example_subdag_operator.section-1 to None, run_after=None
[2023-05-14T15:48:10.797+0000] {logging_mixin.py:149} INFO - [2023-05-14T15:48:10.797+0000] {dag.py:3490} INFO - Setting next_dagrun for example_subdag_operator.section-2 to None, run_after=None
[2023-05-14T15:48:10.848+0000] {processor.py:178} INFO - Processing /home/airflow/.local/lib/python3.7/site-packages/airflow/example_dags/example_subdag_operator.py took 0.371 seconds
[2023-05-14T15:48:42.866+0000] {processor.py:156} INFO - Started process (PID=344) to work on /home/airflow/.local/lib/python3.7/site-packages/airflow/example_dags/example_subdag_operator.py
[2023-05-14T15:48:42.870+0000] {processor.py:799} INFO - Processing file /home/airflow/.local/lib/python3.7/site-packages/airflow/example_dags/example_subdag_operator.py for tasks to queue
[2023-05-14T15:48:42.874+0000] {logging_mixin.py:149} INFO - [2023-05-14T15:48:42.874+0000] {dagbag.py:541} INFO - Filling up the DagBag from /home/airflow/.local/lib/python3.7/site-packages/airflow/example_dags/example_subdag_operator.py
[2023-05-14T15:48:42.953+0000] {processor.py:809} INFO - DAG(s) dict_keys(['example_subdag_operator.section-1', 'example_subdag_operator.section-2', 'example_subdag_operator']) retrieved from /home/airflow/.local/lib/python3.7/site-packages/airflow/example_dags/example_subdag_operator.py
[2023-05-14T15:48:43.004+0000] {logging_mixin.py:149} INFO - [2023-05-14T15:48:43.004+0000] {dag.py:2726} INFO - Sync 3 DAGs
[2023-05-14T15:48:43.065+0000] {logging_mixin.py:149} INFO - [2023-05-14T15:48:43.064+0000] {dag.py:3490} INFO - Setting next_dagrun for example_subdag_operator to 2022-01-01T00:00:00+00:00, run_after=2022-01-01T00:00:00+00:00
[2023-05-14T15:48:43.073+0000] {logging_mixin.py:149} INFO - [2023-05-14T15:48:43.072+0000] {dag.py:3490} INFO - Setting next_dagrun for example_subdag_operator.section-1 to None, run_after=None
[2023-05-14T15:48:43.077+0000] {logging_mixin.py:149} INFO - [2023-05-14T15:48:43.077+0000] {dag.py:3490} INFO - Setting next_dagrun for example_subdag_operator.section-2 to None, run_after=None
[2023-05-14T15:48:43.096+0000] {logging_mixin.py:149} INFO - [2023-05-14T15:48:43.095+0000] {dag.py:2726} INFO - Sync 2 DAGs
[2023-05-14T15:48:43.111+0000] {logging_mixin.py:149} INFO - [2023-05-14T15:48:43.111+0000] {dag.py:3490} INFO - Setting next_dagrun for example_subdag_operator.section-1 to None, run_after=None
[2023-05-14T15:48:43.122+0000] {logging_mixin.py:149} INFO - [2023-05-14T15:48:43.116+0000] {dag.py:3490} INFO - Setting next_dagrun for example_subdag_operator.section-2 to None, run_after=None
[2023-05-14T15:48:43.184+0000] {processor.py:178} INFO - Processing /home/airflow/.local/lib/python3.7/site-packages/airflow/example_dags/example_subdag_operator.py took 0.325 seconds
[2023-05-14T15:49:15.102+0000] {processor.py:156} INFO - Started process (PID=410) to work on /home/airflow/.local/lib/python3.7/site-packages/airflow/example_dags/example_subdag_operator.py
[2023-05-14T15:49:15.109+0000] {processor.py:799} INFO - Processing file /home/airflow/.local/lib/python3.7/site-packages/airflow/example_dags/example_subdag_operator.py for tasks to queue
[2023-05-14T15:49:15.113+0000] {logging_mixin.py:149} INFO - [2023-05-14T15:49:15.112+0000] {dagbag.py:541} INFO - Filling up the DagBag from /home/airflow/.local/lib/python3.7/site-packages/airflow/example_dags/example_subdag_operator.py
[2023-05-14T15:49:15.234+0000] {processor.py:809} INFO - DAG(s) dict_keys(['example_subdag_operator.section-1', 'example_subdag_operator.section-2', 'example_subdag_operator']) retrieved from /home/airflow/.local/lib/python3.7/site-packages/airflow/example_dags/example_subdag_operator.py
[2023-05-14T15:49:15.322+0000] {logging_mixin.py:149} INFO - [2023-05-14T15:49:15.321+0000] {dag.py:2726} INFO - Sync 3 DAGs
[2023-05-14T15:49:15.472+0000] {logging_mixin.py:149} INFO - [2023-05-14T15:49:15.470+0000] {dag.py:3490} INFO - Setting next_dagrun for example_subdag_operator to 2022-01-01T00:00:00+00:00, run_after=2022-01-01T00:00:00+00:00
[2023-05-14T15:49:15.482+0000] {logging_mixin.py:149} INFO - [2023-05-14T15:49:15.481+0000] {dag.py:3490} INFO - Setting next_dagrun for example_subdag_operator.section-1 to None, run_after=None
[2023-05-14T15:49:15.496+0000] {logging_mixin.py:149} INFO - [2023-05-14T15:49:15.495+0000] {dag.py:3490} INFO - Setting next_dagrun for example_subdag_operator.section-2 to None, run_after=None
[2023-05-14T15:49:15.527+0000] {logging_mixin.py:149} INFO - [2023-05-14T15:49:15.526+0000] {dag.py:2726} INFO - Sync 2 DAGs
[2023-05-14T15:49:15.548+0000] {logging_mixin.py:149} INFO - [2023-05-14T15:49:15.548+0000] {dag.py:3490} INFO - Setting next_dagrun for example_subdag_operator.section-1 to None, run_after=None
[2023-05-14T15:49:15.551+0000] {logging_mixin.py:149} INFO - [2023-05-14T15:49:15.551+0000] {dag.py:3490} INFO - Setting next_dagrun for example_subdag_operator.section-2 to None, run_after=None
[2023-05-14T15:49:15.602+0000] {processor.py:178} INFO - Processing /home/airflow/.local/lib/python3.7/site-packages/airflow/example_dags/example_subdag_operator.py took 0.508 seconds
[2023-05-14T15:49:46.307+0000] {processor.py:156} INFO - Started process (PID=476) to work on /home/airflow/.local/lib/python3.7/site-packages/airflow/example_dags/example_subdag_operator.py
[2023-05-14T15:49:46.311+0000] {processor.py:799} INFO - Processing file /home/airflow/.local/lib/python3.7/site-packages/airflow/example_dags/example_subdag_operator.py for tasks to queue
[2023-05-14T15:49:46.314+0000] {logging_mixin.py:149} INFO - [2023-05-14T15:49:46.314+0000] {dagbag.py:541} INFO - Filling up the DagBag from /home/airflow/.local/lib/python3.7/site-packages/airflow/example_dags/example_subdag_operator.py
[2023-05-14T15:49:46.363+0000] {processor.py:809} INFO - DAG(s) dict_keys(['example_subdag_operator.section-1', 'example_subdag_operator.section-2', 'example_subdag_operator']) retrieved from /home/airflow/.local/lib/python3.7/site-packages/airflow/example_dags/example_subdag_operator.py
[2023-05-14T15:49:46.406+0000] {logging_mixin.py:149} INFO - [2023-05-14T15:49:46.405+0000] {dag.py:2726} INFO - Sync 3 DAGs
[2023-05-14T15:49:46.475+0000] {logging_mixin.py:149} INFO - [2023-05-14T15:49:46.475+0000] {dag.py:3490} INFO - Setting next_dagrun for example_subdag_operator to 2022-01-01T00:00:00+00:00, run_after=2022-01-01T00:00:00+00:00
[2023-05-14T15:49:46.485+0000] {logging_mixin.py:149} INFO - [2023-05-14T15:49:46.485+0000] {dag.py:3490} INFO - Setting next_dagrun for example_subdag_operator.section-1 to None, run_after=None
[2023-05-14T15:49:46.491+0000] {logging_mixin.py:149} INFO - [2023-05-14T15:49:46.490+0000] {dag.py:3490} INFO - Setting next_dagrun for example_subdag_operator.section-2 to None, run_after=None
[2023-05-14T15:49:46.516+0000] {logging_mixin.py:149} INFO - [2023-05-14T15:49:46.515+0000] {dag.py:2726} INFO - Sync 2 DAGs
[2023-05-14T15:49:46.534+0000] {logging_mixin.py:149} INFO - [2023-05-14T15:49:46.534+0000] {dag.py:3490} INFO - Setting next_dagrun for example_subdag_operator.section-1 to None, run_after=None
[2023-05-14T15:49:46.539+0000] {logging_mixin.py:149} INFO - [2023-05-14T15:49:46.538+0000] {dag.py:3490} INFO - Setting next_dagrun for example_subdag_operator.section-2 to None, run_after=None
[2023-05-14T15:49:46.569+0000] {processor.py:178} INFO - Processing /home/airflow/.local/lib/python3.7/site-packages/airflow/example_dags/example_subdag_operator.py took 0.271 seconds
[2023-05-14T15:50:17.280+0000] {processor.py:156} INFO - Started process (PID=540) to work on /home/airflow/.local/lib/python3.7/site-packages/airflow/example_dags/example_subdag_operator.py
[2023-05-14T15:50:17.283+0000] {processor.py:799} INFO - Processing file /home/airflow/.local/lib/python3.7/site-packages/airflow/example_dags/example_subdag_operator.py for tasks to queue
[2023-05-14T15:50:17.286+0000] {logging_mixin.py:149} INFO - [2023-05-14T15:50:17.286+0000] {dagbag.py:541} INFO - Filling up the DagBag from /home/airflow/.local/lib/python3.7/site-packages/airflow/example_dags/example_subdag_operator.py
[2023-05-14T15:50:17.326+0000] {processor.py:809} INFO - DAG(s) dict_keys(['example_subdag_operator.section-1', 'example_subdag_operator.section-2', 'example_subdag_operator']) retrieved from /home/airflow/.local/lib/python3.7/site-packages/airflow/example_dags/example_subdag_operator.py
[2023-05-14T15:50:17.369+0000] {logging_mixin.py:149} INFO - [2023-05-14T15:50:17.369+0000] {dag.py:2726} INFO - Sync 3 DAGs
[2023-05-14T15:50:17.412+0000] {logging_mixin.py:149} INFO - [2023-05-14T15:50:17.412+0000] {dag.py:3490} INFO - Setting next_dagrun for example_subdag_operator to 2022-01-01T00:00:00+00:00, run_after=2022-01-01T00:00:00+00:00
[2023-05-14T15:50:17.420+0000] {logging_mixin.py:149} INFO - [2023-05-14T15:50:17.420+0000] {dag.py:3490} INFO - Setting next_dagrun for example_subdag_operator.section-1 to None, run_after=None
[2023-05-14T15:50:17.424+0000] {logging_mixin.py:149} INFO - [2023-05-14T15:50:17.424+0000] {dag.py:3490} INFO - Setting next_dagrun for example_subdag_operator.section-2 to None, run_after=None
[2023-05-14T15:50:17.439+0000] {logging_mixin.py:149} INFO - [2023-05-14T15:50:17.439+0000] {dag.py:2726} INFO - Sync 2 DAGs
[2023-05-14T15:50:17.449+0000] {logging_mixin.py:149} INFO - [2023-05-14T15:50:17.449+0000] {dag.py:3490} INFO - Setting next_dagrun for example_subdag_operator.section-1 to None, run_after=None
[2023-05-14T15:50:17.451+0000] {logging_mixin.py:149} INFO - [2023-05-14T15:50:17.451+0000] {dag.py:3490} INFO - Setting next_dagrun for example_subdag_operator.section-2 to None, run_after=None
[2023-05-14T15:50:17.474+0000] {processor.py:178} INFO - Processing /home/airflow/.local/lib/python3.7/site-packages/airflow/example_dags/example_subdag_operator.py took 0.200 seconds
[2023-05-14T15:50:48.403+0000] {processor.py:156} INFO - Started process (PID=610) to work on /home/airflow/.local/lib/python3.7/site-packages/airflow/example_dags/example_subdag_operator.py
[2023-05-14T15:50:48.409+0000] {processor.py:799} INFO - Processing file /home/airflow/.local/lib/python3.7/site-packages/airflow/example_dags/example_subdag_operator.py for tasks to queue
[2023-05-14T15:50:48.415+0000] {logging_mixin.py:149} INFO - [2023-05-14T15:50:48.414+0000] {dagbag.py:541} INFO - Filling up the DagBag from /home/airflow/.local/lib/python3.7/site-packages/airflow/example_dags/example_subdag_operator.py
[2023-05-14T15:50:48.519+0000] {processor.py:809} INFO - DAG(s) dict_keys(['example_subdag_operator.section-1', 'example_subdag_operator.section-2', 'example_subdag_operator']) retrieved from /home/airflow/.local/lib/python3.7/site-packages/airflow/example_dags/example_subdag_operator.py
[2023-05-14T15:50:48.595+0000] {logging_mixin.py:149} INFO - [2023-05-14T15:50:48.595+0000] {dag.py:2726} INFO - Sync 3 DAGs
[2023-05-14T15:50:48.709+0000] {logging_mixin.py:149} INFO - [2023-05-14T15:50:48.709+0000] {dag.py:3490} INFO - Setting next_dagrun for example_subdag_operator to 2022-01-01T00:00:00+00:00, run_after=2022-01-01T00:00:00+00:00
[2023-05-14T15:50:48.722+0000] {logging_mixin.py:149} INFO - [2023-05-14T15:50:48.721+0000] {dag.py:3490} INFO - Setting next_dagrun for example_subdag_operator.section-1 to None, run_after=None
[2023-05-14T15:50:48.725+0000] {logging_mixin.py:149} INFO - [2023-05-14T15:50:48.725+0000] {dag.py:3490} INFO - Setting next_dagrun for example_subdag_operator.section-2 to None, run_after=None
[2023-05-14T15:50:48.757+0000] {logging_mixin.py:149} INFO - [2023-05-14T15:50:48.756+0000] {dag.py:2726} INFO - Sync 2 DAGs
[2023-05-14T15:50:48.779+0000] {logging_mixin.py:149} INFO - [2023-05-14T15:50:48.779+0000] {dag.py:3490} INFO - Setting next_dagrun for example_subdag_operator.section-1 to None, run_after=None
[2023-05-14T15:50:48.787+0000] {logging_mixin.py:149} INFO - [2023-05-14T15:50:48.786+0000] {dag.py:3490} INFO - Setting next_dagrun for example_subdag_operator.section-2 to None, run_after=None
[2023-05-14T15:50:48.819+0000] {processor.py:178} INFO - Processing /home/airflow/.local/lib/python3.7/site-packages/airflow/example_dags/example_subdag_operator.py took 0.426 seconds
