[2023-05-14T15:44:06.265+0000] {processor.py:156} INFO - Started process (PID=50) to work on /home/airflow/.local/lib/python3.7/site-packages/airflow/example_dags/example_dag_decorator.py
[2023-05-14T15:44:06.268+0000] {processor.py:799} INFO - Processing file /home/airflow/.local/lib/python3.7/site-packages/airflow/example_dags/example_dag_decorator.py for tasks to queue
[2023-05-14T15:44:06.272+0000] {logging_mixin.py:149} INFO - [2023-05-14T15:44:06.271+0000] {dagbag.py:541} INFO - Filling up the DagBag from /home/airflow/.local/lib/python3.7/site-packages/airflow/example_dags/example_dag_decorator.py
[2023-05-14T15:44:06.291+0000] {logging_mixin.py:149} INFO - [2023-05-14T15:44:06.291+0000] {taskmixin.py:211} WARNING - Dependency <Task(_PythonDecoratedOperator): prepare_email>, send_email already registered for DAG: example_dag_decorator
[2023-05-14T15:44:06.294+0000] {logging_mixin.py:149} INFO - [2023-05-14T15:44:06.294+0000] {taskmixin.py:211} WARNING - Dependency <Task(EmailOperator): send_email>, prepare_email already registered for DAG: example_dag_decorator
[2023-05-14T15:44:06.316+0000] {processor.py:809} INFO - DAG(s) dict_keys(['example_dag_decorator']) retrieved from /home/airflow/.local/lib/python3.7/site-packages/airflow/example_dags/example_dag_decorator.py
[2023-05-14T15:44:06.612+0000] {logging_mixin.py:149} INFO - [2023-05-14T15:44:06.611+0000] {manager.py:504} INFO - Created Permission View: can read on DAG:example_dag_decorator
[2023-05-14T15:44:06.644+0000] {logging_mixin.py:149} INFO - [2023-05-14T15:44:06.644+0000] {manager.py:504} INFO - Created Permission View: can delete on DAG:example_dag_decorator
[2023-05-14T15:44:06.664+0000] {logging_mixin.py:149} INFO - [2023-05-14T15:44:06.664+0000] {manager.py:504} INFO - Created Permission View: can edit on DAG:example_dag_decorator
[2023-05-14T15:44:06.667+0000] {logging_mixin.py:149} INFO - [2023-05-14T15:44:06.667+0000] {dag.py:2726} INFO - Sync 1 DAGs
[2023-05-14T15:44:06.699+0000] {logging_mixin.py:149} INFO - [2023-05-14T15:44:06.699+0000] {dag.py:2747} INFO - Creating ORM DAG for example_dag_decorator
[2023-05-14T15:44:06.722+0000] {logging_mixin.py:149} INFO - [2023-05-14T15:44:06.721+0000] {dag.py:3490} INFO - Setting next_dagrun for example_dag_decorator to None, run_after=None
[2023-05-14T15:44:06.766+0000] {processor.py:178} INFO - Processing /home/airflow/.local/lib/python3.7/site-packages/airflow/example_dags/example_dag_decorator.py took 0.508 seconds
[2023-05-14T15:46:19.872+0000] {processor.py:156} INFO - Started process (PID=44) to work on /home/airflow/.local/lib/python3.7/site-packages/airflow/example_dags/example_dag_decorator.py
[2023-05-14T15:46:19.875+0000] {processor.py:799} INFO - Processing file /home/airflow/.local/lib/python3.7/site-packages/airflow/example_dags/example_dag_decorator.py for tasks to queue
[2023-05-14T15:46:19.879+0000] {logging_mixin.py:149} INFO - [2023-05-14T15:46:19.878+0000] {dagbag.py:541} INFO - Filling up the DagBag from /home/airflow/.local/lib/python3.7/site-packages/airflow/example_dags/example_dag_decorator.py
[2023-05-14T15:46:19.894+0000] {logging_mixin.py:149} INFO - [2023-05-14T15:46:19.893+0000] {taskmixin.py:211} WARNING - Dependency <Task(_PythonDecoratedOperator): prepare_email>, send_email already registered for DAG: example_dag_decorator
[2023-05-14T15:46:19.896+0000] {logging_mixin.py:149} INFO - [2023-05-14T15:46:19.896+0000] {taskmixin.py:211} WARNING - Dependency <Task(EmailOperator): send_email>, prepare_email already registered for DAG: example_dag_decorator
[2023-05-14T15:46:19.918+0000] {processor.py:809} INFO - DAG(s) dict_keys(['example_dag_decorator']) retrieved from /home/airflow/.local/lib/python3.7/site-packages/airflow/example_dags/example_dag_decorator.py
[2023-05-14T15:46:19.945+0000] {logging_mixin.py:149} INFO - [2023-05-14T15:46:19.944+0000] {dag.py:2726} INFO - Sync 1 DAGs
[2023-05-14T15:46:20.002+0000] {logging_mixin.py:149} INFO - [2023-05-14T15:46:20.002+0000] {dag.py:3490} INFO - Setting next_dagrun for example_dag_decorator to None, run_after=None
[2023-05-14T15:46:20.049+0000] {processor.py:178} INFO - Processing /home/airflow/.local/lib/python3.7/site-packages/airflow/example_dags/example_dag_decorator.py took 0.185 seconds
[2023-05-14T15:46:50.934+0000] {processor.py:156} INFO - Started process (PID=109) to work on /home/airflow/.local/lib/python3.7/site-packages/airflow/example_dags/example_dag_decorator.py
[2023-05-14T15:46:50.938+0000] {processor.py:799} INFO - Processing file /home/airflow/.local/lib/python3.7/site-packages/airflow/example_dags/example_dag_decorator.py for tasks to queue
[2023-05-14T15:46:50.941+0000] {logging_mixin.py:149} INFO - [2023-05-14T15:46:50.941+0000] {dagbag.py:541} INFO - Filling up the DagBag from /home/airflow/.local/lib/python3.7/site-packages/airflow/example_dags/example_dag_decorator.py
[2023-05-14T15:46:50.952+0000] {logging_mixin.py:149} INFO - [2023-05-14T15:46:50.952+0000] {taskmixin.py:211} WARNING - Dependency <Task(_PythonDecoratedOperator): prepare_email>, send_email already registered for DAG: example_dag_decorator
[2023-05-14T15:46:50.955+0000] {logging_mixin.py:149} INFO - [2023-05-14T15:46:50.955+0000] {taskmixin.py:211} WARNING - Dependency <Task(EmailOperator): send_email>, prepare_email already registered for DAG: example_dag_decorator
[2023-05-14T15:46:50.969+0000] {processor.py:809} INFO - DAG(s) dict_keys(['example_dag_decorator']) retrieved from /home/airflow/.local/lib/python3.7/site-packages/airflow/example_dags/example_dag_decorator.py
[2023-05-14T15:46:51.057+0000] {logging_mixin.py:149} INFO - [2023-05-14T15:46:51.057+0000] {dag.py:2726} INFO - Sync 1 DAGs
[2023-05-14T15:46:51.091+0000] {logging_mixin.py:149} INFO - [2023-05-14T15:46:51.091+0000] {dag.py:3490} INFO - Setting next_dagrun for example_dag_decorator to None, run_after=None
[2023-05-14T15:46:51.122+0000] {processor.py:178} INFO - Processing /home/airflow/.local/lib/python3.7/site-packages/airflow/example_dags/example_dag_decorator.py took 0.194 seconds
[2023-05-14T15:47:27.167+0000] {processor.py:156} INFO - Started process (PID=179) to work on /home/airflow/.local/lib/python3.7/site-packages/airflow/example_dags/example_dag_decorator.py
[2023-05-14T15:47:27.178+0000] {processor.py:799} INFO - Processing file /home/airflow/.local/lib/python3.7/site-packages/airflow/example_dags/example_dag_decorator.py for tasks to queue
[2023-05-14T15:47:27.184+0000] {logging_mixin.py:149} INFO - [2023-05-14T15:47:27.183+0000] {dagbag.py:541} INFO - Filling up the DagBag from /home/airflow/.local/lib/python3.7/site-packages/airflow/example_dags/example_dag_decorator.py
[2023-05-14T15:47:27.211+0000] {logging_mixin.py:149} INFO - [2023-05-14T15:47:27.207+0000] {taskmixin.py:211} WARNING - Dependency <Task(_PythonDecoratedOperator): prepare_email>, send_email already registered for DAG: example_dag_decorator
[2023-05-14T15:47:27.216+0000] {logging_mixin.py:149} INFO - [2023-05-14T15:47:27.215+0000] {taskmixin.py:211} WARNING - Dependency <Task(EmailOperator): send_email>, prepare_email already registered for DAG: example_dag_decorator
[2023-05-14T15:47:27.257+0000] {processor.py:809} INFO - DAG(s) dict_keys(['example_dag_decorator']) retrieved from /home/airflow/.local/lib/python3.7/site-packages/airflow/example_dags/example_dag_decorator.py
[2023-05-14T15:47:27.532+0000] {logging_mixin.py:149} INFO - [2023-05-14T15:47:27.532+0000] {dag.py:2726} INFO - Sync 1 DAGs
[2023-05-14T15:47:27.679+0000] {logging_mixin.py:149} INFO - [2023-05-14T15:47:27.679+0000] {dag.py:3490} INFO - Setting next_dagrun for example_dag_decorator to None, run_after=None
[2023-05-14T15:47:28.069+0000] {processor.py:178} INFO - Processing /home/airflow/.local/lib/python3.7/site-packages/airflow/example_dags/example_dag_decorator.py took 0.917 seconds
[2023-05-14T15:47:58.316+0000] {processor.py:156} INFO - Started process (PID=245) to work on /home/airflow/.local/lib/python3.7/site-packages/airflow/example_dags/example_dag_decorator.py
[2023-05-14T15:47:58.320+0000] {processor.py:799} INFO - Processing file /home/airflow/.local/lib/python3.7/site-packages/airflow/example_dags/example_dag_decorator.py for tasks to queue
[2023-05-14T15:47:58.327+0000] {logging_mixin.py:149} INFO - [2023-05-14T15:47:58.326+0000] {dagbag.py:541} INFO - Filling up the DagBag from /home/airflow/.local/lib/python3.7/site-packages/airflow/example_dags/example_dag_decorator.py
[2023-05-14T15:47:58.358+0000] {logging_mixin.py:149} INFO - [2023-05-14T15:47:58.357+0000] {taskmixin.py:211} WARNING - Dependency <Task(_PythonDecoratedOperator): prepare_email>, send_email already registered for DAG: example_dag_decorator
[2023-05-14T15:47:58.362+0000] {logging_mixin.py:149} INFO - [2023-05-14T15:47:58.361+0000] {taskmixin.py:211} WARNING - Dependency <Task(EmailOperator): send_email>, prepare_email already registered for DAG: example_dag_decorator
[2023-05-14T15:47:58.425+0000] {processor.py:809} INFO - DAG(s) dict_keys(['example_dag_decorator']) retrieved from /home/airflow/.local/lib/python3.7/site-packages/airflow/example_dags/example_dag_decorator.py
[2023-05-14T15:47:59.068+0000] {logging_mixin.py:149} INFO - [2023-05-14T15:47:59.067+0000] {dag.py:2726} INFO - Sync 1 DAGs
[2023-05-14T15:47:59.246+0000] {logging_mixin.py:149} INFO - [2023-05-14T15:47:59.246+0000] {dag.py:3490} INFO - Setting next_dagrun for example_dag_decorator to None, run_after=None
[2023-05-14T15:47:59.326+0000] {processor.py:178} INFO - Processing /home/airflow/.local/lib/python3.7/site-packages/airflow/example_dags/example_dag_decorator.py took 1.019 seconds
[2023-05-14T15:48:29.483+0000] {processor.py:156} INFO - Started process (PID=311) to work on /home/airflow/.local/lib/python3.7/site-packages/airflow/example_dags/example_dag_decorator.py
[2023-05-14T15:48:29.488+0000] {processor.py:799} INFO - Processing file /home/airflow/.local/lib/python3.7/site-packages/airflow/example_dags/example_dag_decorator.py for tasks to queue
[2023-05-14T15:48:29.493+0000] {logging_mixin.py:149} INFO - [2023-05-14T15:48:29.492+0000] {dagbag.py:541} INFO - Filling up the DagBag from /home/airflow/.local/lib/python3.7/site-packages/airflow/example_dags/example_dag_decorator.py
[2023-05-14T15:48:29.512+0000] {logging_mixin.py:149} INFO - [2023-05-14T15:48:29.511+0000] {taskmixin.py:211} WARNING - Dependency <Task(_PythonDecoratedOperator): prepare_email>, send_email already registered for DAG: example_dag_decorator
[2023-05-14T15:48:29.517+0000] {logging_mixin.py:149} INFO - [2023-05-14T15:48:29.517+0000] {taskmixin.py:211} WARNING - Dependency <Task(EmailOperator): send_email>, prepare_email already registered for DAG: example_dag_decorator
[2023-05-14T15:48:29.547+0000] {processor.py:809} INFO - DAG(s) dict_keys(['example_dag_decorator']) retrieved from /home/airflow/.local/lib/python3.7/site-packages/airflow/example_dags/example_dag_decorator.py
[2023-05-14T15:48:29.757+0000] {logging_mixin.py:149} INFO - [2023-05-14T15:48:29.756+0000] {dag.py:2726} INFO - Sync 1 DAGs
[2023-05-14T15:48:29.830+0000] {logging_mixin.py:149} INFO - [2023-05-14T15:48:29.830+0000] {dag.py:3490} INFO - Setting next_dagrun for example_dag_decorator to None, run_after=None
[2023-05-14T15:48:29.885+0000] {processor.py:178} INFO - Processing /home/airflow/.local/lib/python3.7/site-packages/airflow/example_dags/example_dag_decorator.py took 0.414 seconds
[2023-05-14T15:49:00.107+0000] {processor.py:156} INFO - Started process (PID=377) to work on /home/airflow/.local/lib/python3.7/site-packages/airflow/example_dags/example_dag_decorator.py
[2023-05-14T15:49:00.111+0000] {processor.py:799} INFO - Processing file /home/airflow/.local/lib/python3.7/site-packages/airflow/example_dags/example_dag_decorator.py for tasks to queue
[2023-05-14T15:49:00.114+0000] {logging_mixin.py:149} INFO - [2023-05-14T15:49:00.114+0000] {dagbag.py:541} INFO - Filling up the DagBag from /home/airflow/.local/lib/python3.7/site-packages/airflow/example_dags/example_dag_decorator.py
[2023-05-14T15:49:00.129+0000] {logging_mixin.py:149} INFO - [2023-05-14T15:49:00.129+0000] {taskmixin.py:211} WARNING - Dependency <Task(_PythonDecoratedOperator): prepare_email>, send_email already registered for DAG: example_dag_decorator
[2023-05-14T15:49:00.132+0000] {logging_mixin.py:149} INFO - [2023-05-14T15:49:00.132+0000] {taskmixin.py:211} WARNING - Dependency <Task(EmailOperator): send_email>, prepare_email already registered for DAG: example_dag_decorator
[2023-05-14T15:49:00.151+0000] {processor.py:809} INFO - DAG(s) dict_keys(['example_dag_decorator']) retrieved from /home/airflow/.local/lib/python3.7/site-packages/airflow/example_dags/example_dag_decorator.py
[2023-05-14T15:49:00.265+0000] {logging_mixin.py:149} INFO - [2023-05-14T15:49:00.265+0000] {dag.py:2726} INFO - Sync 1 DAGs
[2023-05-14T15:49:00.315+0000] {logging_mixin.py:149} INFO - [2023-05-14T15:49:00.314+0000] {dag.py:3490} INFO - Setting next_dagrun for example_dag_decorator to None, run_after=None
[2023-05-14T15:49:00.355+0000] {processor.py:178} INFO - Processing /home/airflow/.local/lib/python3.7/site-packages/airflow/example_dags/example_dag_decorator.py took 0.255 seconds
[2023-05-14T15:49:30.662+0000] {processor.py:156} INFO - Started process (PID=443) to work on /home/airflow/.local/lib/python3.7/site-packages/airflow/example_dags/example_dag_decorator.py
[2023-05-14T15:49:30.667+0000] {processor.py:799} INFO - Processing file /home/airflow/.local/lib/python3.7/site-packages/airflow/example_dags/example_dag_decorator.py for tasks to queue
[2023-05-14T15:49:30.670+0000] {logging_mixin.py:149} INFO - [2023-05-14T15:49:30.670+0000] {dagbag.py:541} INFO - Filling up the DagBag from /home/airflow/.local/lib/python3.7/site-packages/airflow/example_dags/example_dag_decorator.py
[2023-05-14T15:49:30.689+0000] {logging_mixin.py:149} INFO - [2023-05-14T15:49:30.689+0000] {taskmixin.py:211} WARNING - Dependency <Task(_PythonDecoratedOperator): prepare_email>, send_email already registered for DAG: example_dag_decorator
[2023-05-14T15:49:30.695+0000] {logging_mixin.py:149} INFO - [2023-05-14T15:49:30.695+0000] {taskmixin.py:211} WARNING - Dependency <Task(EmailOperator): send_email>, prepare_email already registered for DAG: example_dag_decorator
[2023-05-14T15:49:30.718+0000] {processor.py:809} INFO - DAG(s) dict_keys(['example_dag_decorator']) retrieved from /home/airflow/.local/lib/python3.7/site-packages/airflow/example_dags/example_dag_decorator.py
[2023-05-14T15:49:30.872+0000] {logging_mixin.py:149} INFO - [2023-05-14T15:49:30.872+0000] {dag.py:2726} INFO - Sync 1 DAGs
[2023-05-14T15:49:30.932+0000] {logging_mixin.py:149} INFO - [2023-05-14T15:49:30.932+0000] {dag.py:3490} INFO - Setting next_dagrun for example_dag_decorator to None, run_after=None
[2023-05-14T15:49:30.989+0000] {processor.py:178} INFO - Processing /home/airflow/.local/lib/python3.7/site-packages/airflow/example_dags/example_dag_decorator.py took 0.332 seconds
[2023-05-14T15:50:01.855+0000] {processor.py:156} INFO - Started process (PID=509) to work on /home/airflow/.local/lib/python3.7/site-packages/airflow/example_dags/example_dag_decorator.py
[2023-05-14T15:50:01.861+0000] {processor.py:799} INFO - Processing file /home/airflow/.local/lib/python3.7/site-packages/airflow/example_dags/example_dag_decorator.py for tasks to queue
[2023-05-14T15:50:01.868+0000] {logging_mixin.py:149} INFO - [2023-05-14T15:50:01.867+0000] {dagbag.py:541} INFO - Filling up the DagBag from /home/airflow/.local/lib/python3.7/site-packages/airflow/example_dags/example_dag_decorator.py
[2023-05-14T15:50:01.895+0000] {logging_mixin.py:149} INFO - [2023-05-14T15:50:01.892+0000] {taskmixin.py:211} WARNING - Dependency <Task(_PythonDecoratedOperator): prepare_email>, send_email already registered for DAG: example_dag_decorator
[2023-05-14T15:50:01.899+0000] {logging_mixin.py:149} INFO - [2023-05-14T15:50:01.899+0000] {taskmixin.py:211} WARNING - Dependency <Task(EmailOperator): send_email>, prepare_email already registered for DAG: example_dag_decorator
[2023-05-14T15:50:01.923+0000] {processor.py:809} INFO - DAG(s) dict_keys(['example_dag_decorator']) retrieved from /home/airflow/.local/lib/python3.7/site-packages/airflow/example_dags/example_dag_decorator.py
[2023-05-14T15:50:02.096+0000] {logging_mixin.py:149} INFO - [2023-05-14T15:50:02.096+0000] {dag.py:2726} INFO - Sync 1 DAGs
[2023-05-14T15:50:02.179+0000] {logging_mixin.py:149} INFO - [2023-05-14T15:50:02.178+0000] {dag.py:3490} INFO - Setting next_dagrun for example_dag_decorator to None, run_after=None
[2023-05-14T15:50:02.244+0000] {processor.py:178} INFO - Processing /home/airflow/.local/lib/python3.7/site-packages/airflow/example_dags/example_dag_decorator.py took 0.399 seconds
[2023-05-14T15:50:32.354+0000] {processor.py:156} INFO - Started process (PID=574) to work on /home/airflow/.local/lib/python3.7/site-packages/airflow/example_dags/example_dag_decorator.py
[2023-05-14T15:50:32.358+0000] {processor.py:799} INFO - Processing file /home/airflow/.local/lib/python3.7/site-packages/airflow/example_dags/example_dag_decorator.py for tasks to queue
[2023-05-14T15:50:32.362+0000] {logging_mixin.py:149} INFO - [2023-05-14T15:50:32.361+0000] {dagbag.py:541} INFO - Filling up the DagBag from /home/airflow/.local/lib/python3.7/site-packages/airflow/example_dags/example_dag_decorator.py
[2023-05-14T15:50:32.380+0000] {logging_mixin.py:149} INFO - [2023-05-14T15:50:32.380+0000] {taskmixin.py:211} WARNING - Dependency <Task(_PythonDecoratedOperator): prepare_email>, send_email already registered for DAG: example_dag_decorator
[2023-05-14T15:50:32.382+0000] {logging_mixin.py:149} INFO - [2023-05-14T15:50:32.382+0000] {taskmixin.py:211} WARNING - Dependency <Task(EmailOperator): send_email>, prepare_email already registered for DAG: example_dag_decorator
[2023-05-14T15:50:32.407+0000] {processor.py:809} INFO - DAG(s) dict_keys(['example_dag_decorator']) retrieved from /home/airflow/.local/lib/python3.7/site-packages/airflow/example_dags/example_dag_decorator.py
[2023-05-14T15:50:32.567+0000] {logging_mixin.py:149} INFO - [2023-05-14T15:50:32.567+0000] {dag.py:2726} INFO - Sync 1 DAGs
[2023-05-14T15:50:32.617+0000] {logging_mixin.py:149} INFO - [2023-05-14T15:50:32.616+0000] {dag.py:3490} INFO - Setting next_dagrun for example_dag_decorator to None, run_after=None
[2023-05-14T15:50:32.664+0000] {processor.py:178} INFO - Processing /home/airflow/.local/lib/python3.7/site-packages/airflow/example_dags/example_dag_decorator.py took 0.316 seconds
[2023-05-14T15:51:02.913+0000] {processor.py:156} INFO - Started process (PID=644) to work on /home/airflow/.local/lib/python3.7/site-packages/airflow/example_dags/example_dag_decorator.py
[2023-05-14T15:51:02.915+0000] {processor.py:799} INFO - Processing file /home/airflow/.local/lib/python3.7/site-packages/airflow/example_dags/example_dag_decorator.py for tasks to queue
[2023-05-14T15:51:02.917+0000] {logging_mixin.py:149} INFO - [2023-05-14T15:51:02.917+0000] {dagbag.py:541} INFO - Filling up the DagBag from /home/airflow/.local/lib/python3.7/site-packages/airflow/example_dags/example_dag_decorator.py
[2023-05-14T15:51:02.929+0000] {logging_mixin.py:149} INFO - [2023-05-14T15:51:02.929+0000] {taskmixin.py:211} WARNING - Dependency <Task(_PythonDecoratedOperator): prepare_email>, send_email already registered for DAG: example_dag_decorator
[2023-05-14T15:51:02.932+0000] {logging_mixin.py:149} INFO - [2023-05-14T15:51:02.931+0000] {taskmixin.py:211} WARNING - Dependency <Task(EmailOperator): send_email>, prepare_email already registered for DAG: example_dag_decorator
[2023-05-14T15:51:02.947+0000] {processor.py:809} INFO - DAG(s) dict_keys(['example_dag_decorator']) retrieved from /home/airflow/.local/lib/python3.7/site-packages/airflow/example_dags/example_dag_decorator.py
[2023-05-14T15:51:03.060+0000] {logging_mixin.py:149} INFO - [2023-05-14T15:51:03.059+0000] {dag.py:2726} INFO - Sync 1 DAGs
[2023-05-14T15:51:03.091+0000] {logging_mixin.py:149} INFO - [2023-05-14T15:51:03.091+0000] {dag.py:3490} INFO - Setting next_dagrun for example_dag_decorator to None, run_after=None
[2023-05-14T15:51:03.119+0000] {processor.py:178} INFO - Processing /home/airflow/.local/lib/python3.7/site-packages/airflow/example_dags/example_dag_decorator.py took 0.211 seconds
