[2023-05-14T15:44:11.235+0000] {processor.py:156} INFO - Started process (PID=68) to work on /home/airflow/.local/lib/python3.7/site-packages/airflow/example_dags/example_kubernetes_executor.py
[2023-05-14T15:44:11.239+0000] {processor.py:799} INFO - Processing file /home/airflow/.local/lib/python3.7/site-packages/airflow/example_dags/example_kubernetes_executor.py for tasks to queue
[2023-05-14T15:44:11.243+0000] {logging_mixin.py:149} INFO - [2023-05-14T15:44:11.242+0000] {dagbag.py:541} INFO - Filling up the DagBag from /home/airflow/.local/lib/python3.7/site-packages/airflow/example_dags/example_kubernetes_executor.py
[2023-05-14T15:44:14.371+0000] {processor.py:809} INFO - DAG(s) dict_keys(['example_kubernetes_executor']) retrieved from /home/airflow/.local/lib/python3.7/site-packages/airflow/example_dags/example_kubernetes_executor.py
[2023-05-14T15:44:15.795+0000] {logging_mixin.py:149} INFO - [2023-05-14T15:44:15.794+0000] {manager.py:504} INFO - Created Permission View: can read on DAG:example_kubernetes_executor
[2023-05-14T15:44:15.821+0000] {logging_mixin.py:149} INFO - [2023-05-14T15:44:15.821+0000] {manager.py:504} INFO - Created Permission View: can delete on DAG:example_kubernetes_executor
[2023-05-14T15:44:15.842+0000] {logging_mixin.py:149} INFO - [2023-05-14T15:44:15.842+0000] {manager.py:504} INFO - Created Permission View: can edit on DAG:example_kubernetes_executor
[2023-05-14T15:44:15.845+0000] {logging_mixin.py:149} INFO - [2023-05-14T15:44:15.845+0000] {dag.py:2726} INFO - Sync 1 DAGs
[2023-05-14T15:44:15.916+0000] {logging_mixin.py:149} INFO - [2023-05-14T15:44:15.916+0000] {dag.py:2747} INFO - Creating ORM DAG for example_kubernetes_executor
[2023-05-14T15:44:15.942+0000] {logging_mixin.py:149} INFO - [2023-05-14T15:44:15.942+0000] {dag.py:3490} INFO - Setting next_dagrun for example_kubernetes_executor to None, run_after=None
[2023-05-14T15:44:15.992+0000] {processor.py:178} INFO - Processing /home/airflow/.local/lib/python3.7/site-packages/airflow/example_dags/example_kubernetes_executor.py took 4.765 seconds
[2023-05-14T15:46:21.862+0000] {processor.py:156} INFO - Started process (PID=62) to work on /home/airflow/.local/lib/python3.7/site-packages/airflow/example_dags/example_kubernetes_executor.py
[2023-05-14T15:46:21.868+0000] {processor.py:799} INFO - Processing file /home/airflow/.local/lib/python3.7/site-packages/airflow/example_dags/example_kubernetes_executor.py for tasks to queue
[2023-05-14T15:46:21.873+0000] {logging_mixin.py:149} INFO - [2023-05-14T15:46:21.872+0000] {dagbag.py:541} INFO - Filling up the DagBag from /home/airflow/.local/lib/python3.7/site-packages/airflow/example_dags/example_kubernetes_executor.py
[2023-05-14T15:46:23.297+0000] {processor.py:809} INFO - DAG(s) dict_keys(['example_kubernetes_executor']) retrieved from /home/airflow/.local/lib/python3.7/site-packages/airflow/example_dags/example_kubernetes_executor.py
[2023-05-14T15:46:23.319+0000] {logging_mixin.py:149} INFO - [2023-05-14T15:46:23.319+0000] {dag.py:2726} INFO - Sync 1 DAGs
[2023-05-14T15:46:23.358+0000] {logging_mixin.py:149} INFO - [2023-05-14T15:46:23.357+0000] {dag.py:3490} INFO - Setting next_dagrun for example_kubernetes_executor to None, run_after=None
[2023-05-14T15:46:23.405+0000] {processor.py:178} INFO - Processing /home/airflow/.local/lib/python3.7/site-packages/airflow/example_dags/example_kubernetes_executor.py took 1.552 seconds
[2023-05-14T15:46:54.356+0000] {processor.py:156} INFO - Started process (PID=128) to work on /home/airflow/.local/lib/python3.7/site-packages/airflow/example_dags/example_kubernetes_executor.py
[2023-05-14T15:46:54.360+0000] {processor.py:799} INFO - Processing file /home/airflow/.local/lib/python3.7/site-packages/airflow/example_dags/example_kubernetes_executor.py for tasks to queue
[2023-05-14T15:46:54.364+0000] {logging_mixin.py:149} INFO - [2023-05-14T15:46:54.363+0000] {dagbag.py:541} INFO - Filling up the DagBag from /home/airflow/.local/lib/python3.7/site-packages/airflow/example_dags/example_kubernetes_executor.py
[2023-05-14T15:46:55.558+0000] {processor.py:809} INFO - DAG(s) dict_keys(['example_kubernetes_executor']) retrieved from /home/airflow/.local/lib/python3.7/site-packages/airflow/example_dags/example_kubernetes_executor.py
[2023-05-14T15:46:55.891+0000] {logging_mixin.py:149} INFO - [2023-05-14T15:46:55.890+0000] {dag.py:2726} INFO - Sync 1 DAGs
[2023-05-14T15:46:56.032+0000] {logging_mixin.py:149} INFO - [2023-05-14T15:46:56.031+0000] {dag.py:3490} INFO - Setting next_dagrun for example_kubernetes_executor to None, run_after=None
[2023-05-14T15:46:56.122+0000] {processor.py:178} INFO - Processing /home/airflow/.local/lib/python3.7/site-packages/airflow/example_dags/example_kubernetes_executor.py took 1.776 seconds
[2023-05-14T15:47:37.281+0000] {processor.py:156} INFO - Started process (PID=206) to work on /home/airflow/.local/lib/python3.7/site-packages/airflow/example_dags/example_kubernetes_executor.py
[2023-05-14T15:47:37.329+0000] {processor.py:799} INFO - Processing file /home/airflow/.local/lib/python3.7/site-packages/airflow/example_dags/example_kubernetes_executor.py for tasks to queue
[2023-05-14T15:47:37.339+0000] {logging_mixin.py:149} INFO - [2023-05-14T15:47:37.339+0000] {dagbag.py:541} INFO - Filling up the DagBag from /home/airflow/.local/lib/python3.7/site-packages/airflow/example_dags/example_kubernetes_executor.py
[2023-05-14T15:47:38.299+0000] {processor.py:809} INFO - DAG(s) dict_keys(['example_kubernetes_executor']) retrieved from /home/airflow/.local/lib/python3.7/site-packages/airflow/example_dags/example_kubernetes_executor.py
[2023-05-14T15:47:38.423+0000] {logging_mixin.py:149} INFO - [2023-05-14T15:47:38.423+0000] {dag.py:2726} INFO - Sync 1 DAGs
[2023-05-14T15:47:38.497+0000] {logging_mixin.py:149} INFO - [2023-05-14T15:47:38.497+0000] {dag.py:3490} INFO - Setting next_dagrun for example_kubernetes_executor to None, run_after=None
[2023-05-14T15:47:38.552+0000] {processor.py:178} INFO - Processing /home/airflow/.local/lib/python3.7/site-packages/airflow/example_dags/example_kubernetes_executor.py took 1.287 seconds
[2023-05-14T15:48:08.657+0000] {processor.py:156} INFO - Started process (PID=272) to work on /home/airflow/.local/lib/python3.7/site-packages/airflow/example_dags/example_kubernetes_executor.py
[2023-05-14T15:48:08.661+0000] {processor.py:799} INFO - Processing file /home/airflow/.local/lib/python3.7/site-packages/airflow/example_dags/example_kubernetes_executor.py for tasks to queue
[2023-05-14T15:48:08.664+0000] {logging_mixin.py:149} INFO - [2023-05-14T15:48:08.663+0000] {dagbag.py:541} INFO - Filling up the DagBag from /home/airflow/.local/lib/python3.7/site-packages/airflow/example_dags/example_kubernetes_executor.py
[2023-05-14T15:48:09.071+0000] {processor.py:809} INFO - DAG(s) dict_keys(['example_kubernetes_executor']) retrieved from /home/airflow/.local/lib/python3.7/site-packages/airflow/example_dags/example_kubernetes_executor.py
[2023-05-14T15:48:09.173+0000] {logging_mixin.py:149} INFO - [2023-05-14T15:48:09.173+0000] {dag.py:2726} INFO - Sync 1 DAGs
[2023-05-14T15:48:09.236+0000] {logging_mixin.py:149} INFO - [2023-05-14T15:48:09.236+0000] {dag.py:3490} INFO - Setting next_dagrun for example_kubernetes_executor to None, run_after=None
[2023-05-14T15:48:09.315+0000] {processor.py:178} INFO - Processing /home/airflow/.local/lib/python3.7/site-packages/airflow/example_dags/example_kubernetes_executor.py took 0.664 seconds
[2023-05-14T15:48:40.358+0000] {processor.py:156} INFO - Started process (PID=338) to work on /home/airflow/.local/lib/python3.7/site-packages/airflow/example_dags/example_kubernetes_executor.py
[2023-05-14T15:48:40.368+0000] {processor.py:799} INFO - Processing file /home/airflow/.local/lib/python3.7/site-packages/airflow/example_dags/example_kubernetes_executor.py for tasks to queue
[2023-05-14T15:48:40.371+0000] {logging_mixin.py:149} INFO - [2023-05-14T15:48:40.371+0000] {dagbag.py:541} INFO - Filling up the DagBag from /home/airflow/.local/lib/python3.7/site-packages/airflow/example_dags/example_kubernetes_executor.py
[2023-05-14T15:48:40.914+0000] {processor.py:809} INFO - DAG(s) dict_keys(['example_kubernetes_executor']) retrieved from /home/airflow/.local/lib/python3.7/site-packages/airflow/example_dags/example_kubernetes_executor.py
[2023-05-14T15:48:41.054+0000] {logging_mixin.py:149} INFO - [2023-05-14T15:48:41.054+0000] {dag.py:2726} INFO - Sync 1 DAGs
[2023-05-14T15:48:41.141+0000] {logging_mixin.py:149} INFO - [2023-05-14T15:48:41.141+0000] {dag.py:3490} INFO - Setting next_dagrun for example_kubernetes_executor to None, run_after=None
[2023-05-14T15:48:41.194+0000] {processor.py:178} INFO - Processing /home/airflow/.local/lib/python3.7/site-packages/airflow/example_dags/example_kubernetes_executor.py took 0.842 seconds
[2023-05-14T15:49:11.287+0000] {processor.py:156} INFO - Started process (PID=403) to work on /home/airflow/.local/lib/python3.7/site-packages/airflow/example_dags/example_kubernetes_executor.py
[2023-05-14T15:49:11.294+0000] {processor.py:799} INFO - Processing file /home/airflow/.local/lib/python3.7/site-packages/airflow/example_dags/example_kubernetes_executor.py for tasks to queue
[2023-05-14T15:49:11.297+0000] {logging_mixin.py:149} INFO - [2023-05-14T15:49:11.297+0000] {dagbag.py:541} INFO - Filling up the DagBag from /home/airflow/.local/lib/python3.7/site-packages/airflow/example_dags/example_kubernetes_executor.py
[2023-05-14T15:49:11.735+0000] {processor.py:809} INFO - DAG(s) dict_keys(['example_kubernetes_executor']) retrieved from /home/airflow/.local/lib/python3.7/site-packages/airflow/example_dags/example_kubernetes_executor.py
[2023-05-14T15:49:11.812+0000] {logging_mixin.py:149} INFO - [2023-05-14T15:49:11.812+0000] {dag.py:2726} INFO - Sync 1 DAGs
[2023-05-14T15:49:11.862+0000] {logging_mixin.py:149} INFO - [2023-05-14T15:49:11.862+0000] {dag.py:3490} INFO - Setting next_dagrun for example_kubernetes_executor to None, run_after=None
[2023-05-14T15:49:11.937+0000] {processor.py:178} INFO - Processing /home/airflow/.local/lib/python3.7/site-packages/airflow/example_dags/example_kubernetes_executor.py took 0.656 seconds
[2023-05-14T15:49:42.344+0000] {processor.py:156} INFO - Started process (PID=469) to work on /home/airflow/.local/lib/python3.7/site-packages/airflow/example_dags/example_kubernetes_executor.py
[2023-05-14T15:49:42.401+0000] {processor.py:799} INFO - Processing file /home/airflow/.local/lib/python3.7/site-packages/airflow/example_dags/example_kubernetes_executor.py for tasks to queue
[2023-05-14T15:49:42.522+0000] {logging_mixin.py:149} INFO - [2023-05-14T15:49:42.499+0000] {dagbag.py:541} INFO - Filling up the DagBag from /home/airflow/.local/lib/python3.7/site-packages/airflow/example_dags/example_kubernetes_executor.py
[2023-05-14T15:49:43.843+0000] {processor.py:809} INFO - DAG(s) dict_keys(['example_kubernetes_executor']) retrieved from /home/airflow/.local/lib/python3.7/site-packages/airflow/example_dags/example_kubernetes_executor.py
[2023-05-14T15:49:43.953+0000] {logging_mixin.py:149} INFO - [2023-05-14T15:49:43.952+0000] {dag.py:2726} INFO - Sync 1 DAGs
[2023-05-14T15:49:44.021+0000] {logging_mixin.py:149} INFO - [2023-05-14T15:49:44.021+0000] {dag.py:3490} INFO - Setting next_dagrun for example_kubernetes_executor to None, run_after=None
[2023-05-14T15:49:44.078+0000] {processor.py:178} INFO - Processing /home/airflow/.local/lib/python3.7/site-packages/airflow/example_dags/example_kubernetes_executor.py took 1.827 seconds
[2023-05-14T15:50:14.756+0000] {processor.py:156} INFO - Started process (PID=535) to work on /home/airflow/.local/lib/python3.7/site-packages/airflow/example_dags/example_kubernetes_executor.py
[2023-05-14T15:50:14.760+0000] {processor.py:799} INFO - Processing file /home/airflow/.local/lib/python3.7/site-packages/airflow/example_dags/example_kubernetes_executor.py for tasks to queue
[2023-05-14T15:50:14.767+0000] {logging_mixin.py:149} INFO - [2023-05-14T15:50:14.767+0000] {dagbag.py:541} INFO - Filling up the DagBag from /home/airflow/.local/lib/python3.7/site-packages/airflow/example_dags/example_kubernetes_executor.py
[2023-05-14T15:50:15.295+0000] {processor.py:809} INFO - DAG(s) dict_keys(['example_kubernetes_executor']) retrieved from /home/airflow/.local/lib/python3.7/site-packages/airflow/example_dags/example_kubernetes_executor.py
[2023-05-14T15:50:15.385+0000] {logging_mixin.py:149} INFO - [2023-05-14T15:50:15.385+0000] {dag.py:2726} INFO - Sync 1 DAGs
[2023-05-14T15:50:15.470+0000] {logging_mixin.py:149} INFO - [2023-05-14T15:50:15.470+0000] {dag.py:3490} INFO - Setting next_dagrun for example_kubernetes_executor to None, run_after=None
[2023-05-14T15:50:15.520+0000] {processor.py:178} INFO - Processing /home/airflow/.local/lib/python3.7/site-packages/airflow/example_dags/example_kubernetes_executor.py took 0.769 seconds
[2023-05-14T15:50:45.915+0000] {processor.py:156} INFO - Started process (PID=605) to work on /home/airflow/.local/lib/python3.7/site-packages/airflow/example_dags/example_kubernetes_executor.py
[2023-05-14T15:50:45.919+0000] {processor.py:799} INFO - Processing file /home/airflow/.local/lib/python3.7/site-packages/airflow/example_dags/example_kubernetes_executor.py for tasks to queue
[2023-05-14T15:50:45.922+0000] {logging_mixin.py:149} INFO - [2023-05-14T15:50:45.921+0000] {dagbag.py:541} INFO - Filling up the DagBag from /home/airflow/.local/lib/python3.7/site-packages/airflow/example_dags/example_kubernetes_executor.py
[2023-05-14T15:50:47.202+0000] {processor.py:809} INFO - DAG(s) dict_keys(['example_kubernetes_executor']) retrieved from /home/airflow/.local/lib/python3.7/site-packages/airflow/example_dags/example_kubernetes_executor.py
[2023-05-14T15:50:47.358+0000] {logging_mixin.py:149} INFO - [2023-05-14T15:50:47.358+0000] {dag.py:2726} INFO - Sync 1 DAGs
[2023-05-14T15:50:47.502+0000] {logging_mixin.py:149} INFO - [2023-05-14T15:50:47.501+0000] {dag.py:3490} INFO - Setting next_dagrun for example_kubernetes_executor to None, run_after=None
[2023-05-14T15:50:47.578+0000] {processor.py:178} INFO - Processing /home/airflow/.local/lib/python3.7/site-packages/airflow/example_dags/example_kubernetes_executor.py took 1.673 seconds
