[2023-05-14T15:46:23.720+0000] {processor.py:156} INFO - Started process (PID=68) to work on /home/airflow/.local/lib/python3.7/site-packages/airflow/example_dags/tutorial.py
[2023-05-14T15:46:23.724+0000] {processor.py:799} INFO - Processing file /home/airflow/.local/lib/python3.7/site-packages/airflow/example_dags/tutorial.py for tasks to queue
[2023-05-14T15:46:23.726+0000] {logging_mixin.py:149} INFO - [2023-05-14T15:46:23.726+0000] {dagbag.py:541} INFO - Filling up the DagBag from /home/airflow/.local/lib/python3.7/site-packages/airflow/example_dags/tutorial.py
[2023-05-14T15:46:23.741+0000] {processor.py:809} INFO - DAG(s) dict_keys(['tutorial']) retrieved from /home/airflow/.local/lib/python3.7/site-packages/airflow/example_dags/tutorial.py
[2023-05-14T15:46:23.764+0000] {logging_mixin.py:149} INFO - [2023-05-14T15:46:23.764+0000] {dag.py:2726} INFO - Sync 1 DAGs
[2023-05-14T15:46:23.805+0000] {logging_mixin.py:149} INFO - [2023-05-14T15:46:23.805+0000] {dag.py:3490} INFO - Setting next_dagrun for tutorial to 2023-05-13T15:46:23.804885+00:00, run_after=2023-05-14T15:46:23.804885+00:00
[2023-05-14T15:46:23.846+0000] {processor.py:178} INFO - Processing /home/airflow/.local/lib/python3.7/site-packages/airflow/example_dags/tutorial.py took 0.131 seconds
[2023-05-14T15:46:56.476+0000] {processor.py:156} INFO - Started process (PID=133) to work on /home/airflow/.local/lib/python3.7/site-packages/airflow/example_dags/tutorial.py
[2023-05-14T15:46:56.480+0000] {processor.py:799} INFO - Processing file /home/airflow/.local/lib/python3.7/site-packages/airflow/example_dags/tutorial.py for tasks to queue
[2023-05-14T15:46:56.484+0000] {logging_mixin.py:149} INFO - [2023-05-14T15:46:56.484+0000] {dagbag.py:541} INFO - Filling up the DagBag from /home/airflow/.local/lib/python3.7/site-packages/airflow/example_dags/tutorial.py
[2023-05-14T15:46:56.502+0000] {processor.py:809} INFO - DAG(s) dict_keys(['tutorial']) retrieved from /home/airflow/.local/lib/python3.7/site-packages/airflow/example_dags/tutorial.py
[2023-05-14T15:46:56.554+0000] {logging_mixin.py:149} INFO - [2023-05-14T15:46:56.554+0000] {dag.py:2726} INFO - Sync 1 DAGs
[2023-05-14T15:46:56.608+0000] {logging_mixin.py:149} INFO - [2023-05-14T15:46:56.608+0000] {dag.py:3490} INFO - Setting next_dagrun for tutorial to 2023-05-13T15:46:56.607591+00:00, run_after=2023-05-14T15:46:56.607591+00:00
[2023-05-14T15:46:56.677+0000] {processor.py:178} INFO - Processing /home/airflow/.local/lib/python3.7/site-packages/airflow/example_dags/tutorial.py took 0.213 seconds
[2023-05-14T15:47:39.111+0000] {processor.py:156} INFO - Started process (PID=211) to work on /home/airflow/.local/lib/python3.7/site-packages/airflow/example_dags/tutorial.py
[2023-05-14T15:47:39.116+0000] {processor.py:799} INFO - Processing file /home/airflow/.local/lib/python3.7/site-packages/airflow/example_dags/tutorial.py for tasks to queue
[2023-05-14T15:47:39.122+0000] {logging_mixin.py:149} INFO - [2023-05-14T15:47:39.121+0000] {dagbag.py:541} INFO - Filling up the DagBag from /home/airflow/.local/lib/python3.7/site-packages/airflow/example_dags/tutorial.py
[2023-05-14T15:47:39.145+0000] {processor.py:809} INFO - DAG(s) dict_keys(['tutorial']) retrieved from /home/airflow/.local/lib/python3.7/site-packages/airflow/example_dags/tutorial.py
[2023-05-14T15:47:39.203+0000] {logging_mixin.py:149} INFO - [2023-05-14T15:47:39.202+0000] {dag.py:2726} INFO - Sync 1 DAGs
[2023-05-14T15:47:39.269+0000] {logging_mixin.py:149} INFO - [2023-05-14T15:47:39.268+0000] {dag.py:3490} INFO - Setting next_dagrun for tutorial to 2023-05-13T15:47:39.268669+00:00, run_after=2023-05-14T15:47:39.268669+00:00
[2023-05-14T15:47:39.314+0000] {processor.py:178} INFO - Processing /home/airflow/.local/lib/python3.7/site-packages/airflow/example_dags/tutorial.py took 0.209 seconds
[2023-05-14T15:48:10.024+0000] {processor.py:156} INFO - Started process (PID=276) to work on /home/airflow/.local/lib/python3.7/site-packages/airflow/example_dags/tutorial.py
[2023-05-14T15:48:10.031+0000] {processor.py:799} INFO - Processing file /home/airflow/.local/lib/python3.7/site-packages/airflow/example_dags/tutorial.py for tasks to queue
[2023-05-14T15:48:10.036+0000] {logging_mixin.py:149} INFO - [2023-05-14T15:48:10.035+0000] {dagbag.py:541} INFO - Filling up the DagBag from /home/airflow/.local/lib/python3.7/site-packages/airflow/example_dags/tutorial.py
[2023-05-14T15:48:10.059+0000] {processor.py:809} INFO - DAG(s) dict_keys(['tutorial']) retrieved from /home/airflow/.local/lib/python3.7/site-packages/airflow/example_dags/tutorial.py
[2023-05-14T15:48:10.140+0000] {logging_mixin.py:149} INFO - [2023-05-14T15:48:10.139+0000] {dag.py:2726} INFO - Sync 1 DAGs
[2023-05-14T15:48:10.255+0000] {logging_mixin.py:149} INFO - [2023-05-14T15:48:10.254+0000] {dag.py:3490} INFO - Setting next_dagrun for tutorial to 2023-05-13T15:48:10.254381+00:00, run_after=2023-05-14T15:48:10.254381+00:00
[2023-05-14T15:48:10.325+0000] {processor.py:178} INFO - Processing /home/airflow/.local/lib/python3.7/site-packages/airflow/example_dags/tutorial.py took 0.308 seconds
[2023-05-14T15:48:42.596+0000] {processor.py:156} INFO - Started process (PID=343) to work on /home/airflow/.local/lib/python3.7/site-packages/airflow/example_dags/tutorial.py
[2023-05-14T15:48:42.600+0000] {processor.py:799} INFO - Processing file /home/airflow/.local/lib/python3.7/site-packages/airflow/example_dags/tutorial.py for tasks to queue
[2023-05-14T15:48:42.603+0000] {logging_mixin.py:149} INFO - [2023-05-14T15:48:42.603+0000] {dagbag.py:541} INFO - Filling up the DagBag from /home/airflow/.local/lib/python3.7/site-packages/airflow/example_dags/tutorial.py
[2023-05-14T15:48:42.616+0000] {processor.py:809} INFO - DAG(s) dict_keys(['tutorial']) retrieved from /home/airflow/.local/lib/python3.7/site-packages/airflow/example_dags/tutorial.py
[2023-05-14T15:48:42.669+0000] {logging_mixin.py:149} INFO - [2023-05-14T15:48:42.668+0000] {dag.py:2726} INFO - Sync 1 DAGs
[2023-05-14T15:48:42.733+0000] {logging_mixin.py:149} INFO - [2023-05-14T15:48:42.732+0000] {dag.py:3490} INFO - Setting next_dagrun for tutorial to 2023-05-13T15:48:42.732076+00:00, run_after=2023-05-14T15:48:42.732076+00:00
[2023-05-14T15:48:42.819+0000] {processor.py:178} INFO - Processing /home/airflow/.local/lib/python3.7/site-packages/airflow/example_dags/tutorial.py took 0.229 seconds
[2023-05-14T15:49:14.646+0000] {processor.py:156} INFO - Started process (PID=409) to work on /home/airflow/.local/lib/python3.7/site-packages/airflow/example_dags/tutorial.py
[2023-05-14T15:49:14.653+0000] {processor.py:799} INFO - Processing file /home/airflow/.local/lib/python3.7/site-packages/airflow/example_dags/tutorial.py for tasks to queue
[2023-05-14T15:49:14.657+0000] {logging_mixin.py:149} INFO - [2023-05-14T15:49:14.657+0000] {dagbag.py:541} INFO - Filling up the DagBag from /home/airflow/.local/lib/python3.7/site-packages/airflow/example_dags/tutorial.py
[2023-05-14T15:49:14.683+0000] {processor.py:809} INFO - DAG(s) dict_keys(['tutorial']) retrieved from /home/airflow/.local/lib/python3.7/site-packages/airflow/example_dags/tutorial.py
[2023-05-14T15:49:14.776+0000] {logging_mixin.py:149} INFO - [2023-05-14T15:49:14.776+0000] {dag.py:2726} INFO - Sync 1 DAGs
[2023-05-14T15:49:14.890+0000] {logging_mixin.py:149} INFO - [2023-05-14T15:49:14.889+0000] {dag.py:3490} INFO - Setting next_dagrun for tutorial to 2023-05-13T15:49:14.889285+00:00, run_after=2023-05-14T15:49:14.889285+00:00
[2023-05-14T15:49:14.983+0000] {processor.py:178} INFO - Processing /home/airflow/.local/lib/python3.7/site-packages/airflow/example_dags/tutorial.py took 0.351 seconds
[2023-05-14T15:49:45.172+0000] {processor.py:156} INFO - Started process (PID=474) to work on /home/airflow/.local/lib/python3.7/site-packages/airflow/example_dags/tutorial.py
[2023-05-14T15:49:45.176+0000] {processor.py:799} INFO - Processing file /home/airflow/.local/lib/python3.7/site-packages/airflow/example_dags/tutorial.py for tasks to queue
[2023-05-14T15:49:45.181+0000] {logging_mixin.py:149} INFO - [2023-05-14T15:49:45.181+0000] {dagbag.py:541} INFO - Filling up the DagBag from /home/airflow/.local/lib/python3.7/site-packages/airflow/example_dags/tutorial.py
[2023-05-14T15:49:45.199+0000] {processor.py:809} INFO - DAG(s) dict_keys(['tutorial']) retrieved from /home/airflow/.local/lib/python3.7/site-packages/airflow/example_dags/tutorial.py
[2023-05-14T15:49:45.250+0000] {logging_mixin.py:149} INFO - [2023-05-14T15:49:45.250+0000] {dag.py:2726} INFO - Sync 1 DAGs
[2023-05-14T15:49:45.296+0000] {logging_mixin.py:149} INFO - [2023-05-14T15:49:45.295+0000] {dag.py:3490} INFO - Setting next_dagrun for tutorial to 2023-05-13T15:49:45.294565+00:00, run_after=2023-05-14T15:49:45.294565+00:00
[2023-05-14T15:49:45.351+0000] {processor.py:178} INFO - Processing /home/airflow/.local/lib/python3.7/site-packages/airflow/example_dags/tutorial.py took 0.187 seconds
[2023-05-14T15:50:16.270+0000] {processor.py:156} INFO - Started process (PID=539) to work on /home/airflow/.local/lib/python3.7/site-packages/airflow/example_dags/tutorial.py
[2023-05-14T15:50:16.274+0000] {processor.py:799} INFO - Processing file /home/airflow/.local/lib/python3.7/site-packages/airflow/example_dags/tutorial.py for tasks to queue
[2023-05-14T15:50:16.278+0000] {logging_mixin.py:149} INFO - [2023-05-14T15:50:16.277+0000] {dagbag.py:541} INFO - Filling up the DagBag from /home/airflow/.local/lib/python3.7/site-packages/airflow/example_dags/tutorial.py
[2023-05-14T15:50:16.301+0000] {processor.py:809} INFO - DAG(s) dict_keys(['tutorial']) retrieved from /home/airflow/.local/lib/python3.7/site-packages/airflow/example_dags/tutorial.py
[2023-05-14T15:50:16.393+0000] {logging_mixin.py:149} INFO - [2023-05-14T15:50:16.392+0000] {dag.py:2726} INFO - Sync 1 DAGs
[2023-05-14T15:50:16.437+0000] {logging_mixin.py:149} INFO - [2023-05-14T15:50:16.436+0000] {dag.py:3490} INFO - Setting next_dagrun for tutorial to 2023-05-13T15:50:16.436440+00:00, run_after=2023-05-14T15:50:16.436440+00:00
[2023-05-14T15:50:16.464+0000] {processor.py:178} INFO - Processing /home/airflow/.local/lib/python3.7/site-packages/airflow/example_dags/tutorial.py took 0.200 seconds
[2023-05-14T15:50:48.169+0000] {processor.py:156} INFO - Started process (PID=609) to work on /home/airflow/.local/lib/python3.7/site-packages/airflow/example_dags/tutorial.py
[2023-05-14T15:50:48.175+0000] {processor.py:799} INFO - Processing file /home/airflow/.local/lib/python3.7/site-packages/airflow/example_dags/tutorial.py for tasks to queue
[2023-05-14T15:50:48.181+0000] {logging_mixin.py:149} INFO - [2023-05-14T15:50:48.180+0000] {dagbag.py:541} INFO - Filling up the DagBag from /home/airflow/.local/lib/python3.7/site-packages/airflow/example_dags/tutorial.py
[2023-05-14T15:50:48.211+0000] {processor.py:809} INFO - DAG(s) dict_keys(['tutorial']) retrieved from /home/airflow/.local/lib/python3.7/site-packages/airflow/example_dags/tutorial.py
[2023-05-14T15:50:48.321+0000] {logging_mixin.py:149} INFO - [2023-05-14T15:50:48.320+0000] {dag.py:2726} INFO - Sync 1 DAGs
[2023-05-14T15:50:48.419+0000] {logging_mixin.py:149} INFO - [2023-05-14T15:50:48.418+0000] {dag.py:3490} INFO - Setting next_dagrun for tutorial to 2023-05-13T15:50:48.417733+00:00, run_after=2023-05-14T15:50:48.417733+00:00
[2023-05-14T15:50:48.519+0000] {processor.py:178} INFO - Processing /home/airflow/.local/lib/python3.7/site-packages/airflow/example_dags/tutorial.py took 0.360 seconds
