[2023-05-14T15:50:04.157+0000] {taskinstance.py:1125} INFO - Dependencies all met for dep_context=non-requeueable deps ti=<TaskInstance: alert_dag.t1 scheduled__2019-06-13T00:00:00+00:00 [queued]>
[2023-05-14T15:50:04.457+0000] {taskinstance.py:1125} INFO - Dependencies all met for dep_context=requeueable deps ti=<TaskInstance: alert_dag.t1 scheduled__2019-06-13T00:00:00+00:00 [queued]>
[2023-05-14T15:50:04.459+0000] {taskinstance.py:1331} INFO - Starting attempt 1 of 1
[2023-05-14T15:50:04.514+0000] {taskinstance.py:1350} INFO - Executing <Task(BashOperator): t1> on 2019-06-13 00:00:00+00:00
[2023-05-14T15:50:04.532+0000] {standard_task_runner.py:57} INFO - Started process 780 to run task
[2023-05-14T15:50:04.545+0000] {standard_task_runner.py:84} INFO - Running: ['***', 'tasks', 'run', 'alert_dag', 't1', 'scheduled__2019-06-13T00:00:00+00:00', '--job-id', '171', '--raw', '--subdir', 'DAGS_FOLDER/alert_dag.py', '--cfg-path', '/tmp/tmp3nvj0dv3']
[2023-05-14T15:50:04.557+0000] {standard_task_runner.py:85} INFO - Job 171: Subtask t1
[2023-05-14T15:50:04.757+0000] {task_command.py:410} INFO - Running <TaskInstance: alert_dag.t1 scheduled__2019-06-13T00:00:00+00:00 [running]> on host ccd7d24ea349
[2023-05-14T15:50:05.022+0000] {taskinstance.py:1570} INFO - Exporting env vars: AIRFLOW_CTX_DAG_OWNER='Airflow' AIRFLOW_CTX_DAG_ID='alert_dag' AIRFLOW_CTX_TASK_ID='t1' AIRFLOW_CTX_EXECUTION_DATE='2019-06-13T00:00:00+00:00' AIRFLOW_CTX_TRY_NUMBER='1' AIRFLOW_CTX_DAG_RUN_ID='scheduled__2019-06-13T00:00:00+00:00'
[2023-05-14T15:50:05.034+0000] {subprocess.py:63} INFO - Tmp dir root location: 
 /tmp
[2023-05-14T15:50:05.041+0000] {subprocess.py:75} INFO - Running command: ['/bin/bash', '-c', 'exit 1']
[2023-05-14T15:50:05.082+0000] {subprocess.py:86} INFO - Output:
[2023-05-14T15:50:05.087+0000] {subprocess.py:97} INFO - Command exited with return code 1
[2023-05-14T15:50:05.127+0000] {taskinstance.py:1847} ERROR - Task failed with exception
Traceback (most recent call last):
  File "/home/airflow/.local/lib/python3.7/site-packages/airflow/operators/bash.py", line 211, in execute
    f"Bash command failed. The command returned a non-zero exit code {result.exit_code}."
airflow.exceptions.AirflowException: Bash command failed. The command returned a non-zero exit code 1.
[2023-05-14T15:50:05.140+0000] {taskinstance.py:1373} INFO - Marking task as FAILED. dag_id=alert_dag, task_id=t1, execution_date=20190613T000000, start_date=20230514T155004, end_date=20230514T155005
[2023-05-14T15:50:05.176+0000] {standard_task_runner.py:109} ERROR - Failed to execute job 171 for task t1 (Bash command failed. The command returned a non-zero exit code 1.; 780)
[2023-05-14T15:50:05.245+0000] {local_task_job_runner.py:232} INFO - Task exited with return code 1
[2023-05-14T15:50:05.313+0000] {taskinstance.py:2674} INFO - 0 downstream tasks scheduled from follow-on schedule check
