[2023-05-15T07:51:07.665+0000] {processor.py:156} INFO - Started process (PID=38) to work on /opt/airflow/dags/add_dagbags.py
[2023-05-15T07:51:07.670+0000] {processor.py:799} INFO - Processing file /opt/airflow/dags/add_dagbags.py for tasks to queue
[2023-05-15T07:51:07.673+0000] {logging_mixin.py:149} INFO - [2023-05-15T07:51:07.673+0000] {dagbag.py:541} INFO - Filling up the DagBag from /opt/airflow/dags/add_dagbags.py
[2023-05-15T07:51:07.690+0000] {processor.py:811} WARNING - No viable dags retrieved from /opt/airflow/dags/add_dagbags.py
[2023-05-15T07:51:07.764+0000] {processor.py:178} INFO - Processing /opt/airflow/dags/add_dagbags.py took 0.106 seconds
[2023-05-15T07:51:38.174+0000] {processor.py:156} INFO - Started process (PID=103) to work on /opt/airflow/dags/add_dagbags.py
[2023-05-15T07:51:38.177+0000] {processor.py:799} INFO - Processing file /opt/airflow/dags/add_dagbags.py for tasks to queue
[2023-05-15T07:51:38.180+0000] {logging_mixin.py:149} INFO - [2023-05-15T07:51:38.180+0000] {dagbag.py:541} INFO - Filling up the DagBag from /opt/airflow/dags/add_dagbags.py
[2023-05-15T07:51:38.189+0000] {processor.py:811} WARNING - No viable dags retrieved from /opt/airflow/dags/add_dagbags.py
[2023-05-15T07:51:38.218+0000] {processor.py:178} INFO - Processing /opt/airflow/dags/add_dagbags.py took 0.049 seconds
[2023-05-15T07:52:09.149+0000] {processor.py:156} INFO - Started process (PID=169) to work on /opt/airflow/dags/add_dagbags.py
[2023-05-15T07:52:09.153+0000] {processor.py:799} INFO - Processing file /opt/airflow/dags/add_dagbags.py for tasks to queue
[2023-05-15T07:52:09.157+0000] {logging_mixin.py:149} INFO - [2023-05-15T07:52:09.157+0000] {dagbag.py:541} INFO - Filling up the DagBag from /opt/airflow/dags/add_dagbags.py
[2023-05-15T07:52:09.171+0000] {processor.py:811} WARNING - No viable dags retrieved from /opt/airflow/dags/add_dagbags.py
[2023-05-15T07:52:09.201+0000] {processor.py:178} INFO - Processing /opt/airflow/dags/add_dagbags.py took 0.058 seconds
[2023-05-15T07:52:39.680+0000] {processor.py:156} INFO - Started process (PID=236) to work on /opt/airflow/dags/add_dagbags.py
[2023-05-15T07:52:39.685+0000] {processor.py:799} INFO - Processing file /opt/airflow/dags/add_dagbags.py for tasks to queue
[2023-05-15T07:52:39.687+0000] {logging_mixin.py:149} INFO - [2023-05-15T07:52:39.687+0000] {dagbag.py:541} INFO - Filling up the DagBag from /opt/airflow/dags/add_dagbags.py
[2023-05-15T07:52:39.701+0000] {processor.py:811} WARNING - No viable dags retrieved from /opt/airflow/dags/add_dagbags.py
[2023-05-15T07:52:39.731+0000] {processor.py:178} INFO - Processing /opt/airflow/dags/add_dagbags.py took 0.058 seconds
[2023-05-15T07:53:09.802+0000] {processor.py:156} INFO - Started process (PID=295) to work on /opt/airflow/dags/add_dagbags.py
[2023-05-15T07:53:09.806+0000] {processor.py:799} INFO - Processing file /opt/airflow/dags/add_dagbags.py for tasks to queue
[2023-05-15T07:53:09.809+0000] {logging_mixin.py:149} INFO - [2023-05-15T07:53:09.809+0000] {dagbag.py:541} INFO - Filling up the DagBag from /opt/airflow/dags/add_dagbags.py
[2023-05-15T07:53:09.819+0000] {processor.py:811} WARNING - No viable dags retrieved from /opt/airflow/dags/add_dagbags.py
[2023-05-15T07:53:09.844+0000] {processor.py:178} INFO - Processing /opt/airflow/dags/add_dagbags.py took 0.052 seconds
[2023-05-15T07:53:40.086+0000] {processor.py:156} INFO - Started process (PID=362) to work on /opt/airflow/dags/add_dagbags.py
[2023-05-15T07:53:40.089+0000] {processor.py:799} INFO - Processing file /opt/airflow/dags/add_dagbags.py for tasks to queue
[2023-05-15T07:53:40.092+0000] {logging_mixin.py:149} INFO - [2023-05-15T07:53:40.092+0000] {dagbag.py:541} INFO - Filling up the DagBag from /opt/airflow/dags/add_dagbags.py
[2023-05-15T07:53:40.102+0000] {processor.py:811} WARNING - No viable dags retrieved from /opt/airflow/dags/add_dagbags.py
[2023-05-15T07:53:40.128+0000] {processor.py:178} INFO - Processing /opt/airflow/dags/add_dagbags.py took 0.046 seconds
