[2023-05-15T07:51:06.349+0000] {processor.py:156} INFO - Started process (PID=35) to work on /opt/airflow/dags/alert_dag.py
[2023-05-15T07:51:06.352+0000] {processor.py:799} INFO - Processing file /opt/airflow/dags/alert_dag.py for tasks to queue
[2023-05-15T07:51:06.358+0000] {logging_mixin.py:149} INFO - [2023-05-15T07:51:06.358+0000] {dagbag.py:541} INFO - Filling up the DagBag from /opt/airflow/dags/alert_dag.py
[2023-05-15T07:51:06.877+0000] {processor.py:809} INFO - DAG(s) dict_keys(['alert_dag']) retrieved from /opt/airflow/dags/alert_dag.py
[2023-05-15T07:51:07.138+0000] {logging_mixin.py:149} INFO - [2023-05-15T07:51:07.137+0000] {manager.py:504} INFO - Created Permission View: can edit on DAG:alert_dag
[2023-05-15T07:51:07.173+0000] {logging_mixin.py:149} INFO - [2023-05-15T07:51:07.173+0000] {manager.py:504} INFO - Created Permission View: can read on DAG:alert_dag
[2023-05-15T07:51:07.193+0000] {logging_mixin.py:149} INFO - [2023-05-15T07:51:07.193+0000] {manager.py:504} INFO - Created Permission View: can delete on DAG:alert_dag
[2023-05-15T07:51:07.197+0000] {logging_mixin.py:149} INFO - [2023-05-15T07:51:07.197+0000] {dag.py:2726} INFO - Sync 1 DAGs
[2023-05-15T07:51:07.226+0000] {logging_mixin.py:149} INFO - [2023-05-15T07:51:07.225+0000] {dag.py:2747} INFO - Creating ORM DAG for alert_dag
[2023-05-15T07:51:07.253+0000] {logging_mixin.py:149} INFO - [2023-05-15T07:51:07.252+0000] {dag.py:3490} INFO - Setting next_dagrun for alert_dag to 2023-01-01T00:00:00+00:00, run_after=2023-01-02T00:00:00+00:00
[2023-05-15T07:51:07.296+0000] {processor.py:178} INFO - Processing /opt/airflow/dags/alert_dag.py took 0.955 seconds
[2023-05-15T07:51:37.712+0000] {processor.py:156} INFO - Started process (PID=101) to work on /opt/airflow/dags/alert_dag.py
[2023-05-15T07:51:37.718+0000] {processor.py:799} INFO - Processing file /opt/airflow/dags/alert_dag.py for tasks to queue
[2023-05-15T07:51:37.722+0000] {logging_mixin.py:149} INFO - [2023-05-15T07:51:37.722+0000] {dagbag.py:541} INFO - Filling up the DagBag from /opt/airflow/dags/alert_dag.py
[2023-05-15T07:51:37.751+0000] {processor.py:809} INFO - DAG(s) dict_keys(['alert_dag']) retrieved from /opt/airflow/dags/alert_dag.py
[2023-05-15T07:51:37.803+0000] {logging_mixin.py:149} INFO - [2023-05-15T07:51:37.803+0000] {dag.py:2726} INFO - Sync 1 DAGs
[2023-05-15T07:51:37.854+0000] {logging_mixin.py:149} INFO - [2023-05-15T07:51:37.854+0000] {dag.py:3490} INFO - Setting next_dagrun for alert_dag to 2023-01-01T00:00:00+00:00, run_after=2023-01-02T00:00:00+00:00
[2023-05-15T07:51:37.896+0000] {processor.py:178} INFO - Processing /opt/airflow/dags/alert_dag.py took 0.196 seconds
[2023-05-15T07:52:08.738+0000] {processor.py:156} INFO - Started process (PID=167) to work on /opt/airflow/dags/alert_dag.py
[2023-05-15T07:52:08.741+0000] {processor.py:799} INFO - Processing file /opt/airflow/dags/alert_dag.py for tasks to queue
[2023-05-15T07:52:08.745+0000] {logging_mixin.py:149} INFO - [2023-05-15T07:52:08.744+0000] {dagbag.py:541} INFO - Filling up the DagBag from /opt/airflow/dags/alert_dag.py
[2023-05-15T07:52:08.773+0000] {processor.py:809} INFO - DAG(s) dict_keys(['alert_dag']) retrieved from /opt/airflow/dags/alert_dag.py
[2023-05-15T07:52:08.817+0000] {logging_mixin.py:149} INFO - [2023-05-15T07:52:08.817+0000] {dag.py:2726} INFO - Sync 1 DAGs
[2023-05-15T07:52:08.857+0000] {logging_mixin.py:149} INFO - [2023-05-15T07:52:08.857+0000] {dag.py:3490} INFO - Setting next_dagrun for alert_dag to 2023-01-01T00:00:00+00:00, run_after=2023-01-02T00:00:00+00:00
[2023-05-15T07:52:08.894+0000] {processor.py:178} INFO - Processing /opt/airflow/dags/alert_dag.py took 0.162 seconds
[2023-05-15T07:52:39.006+0000] {processor.py:156} INFO - Started process (PID=232) to work on /opt/airflow/dags/alert_dag.py
[2023-05-15T07:52:39.010+0000] {processor.py:799} INFO - Processing file /opt/airflow/dags/alert_dag.py for tasks to queue
[2023-05-15T07:52:39.013+0000] {logging_mixin.py:149} INFO - [2023-05-15T07:52:39.013+0000] {dagbag.py:541} INFO - Filling up the DagBag from /opt/airflow/dags/alert_dag.py
[2023-05-15T07:52:39.038+0000] {processor.py:809} INFO - DAG(s) dict_keys(['alert_dag']) retrieved from /opt/airflow/dags/alert_dag.py
[2023-05-15T07:52:39.078+0000] {logging_mixin.py:149} INFO - [2023-05-15T07:52:39.078+0000] {dag.py:2726} INFO - Sync 1 DAGs
[2023-05-15T07:52:39.131+0000] {logging_mixin.py:149} INFO - [2023-05-15T07:52:39.131+0000] {dag.py:3490} INFO - Setting next_dagrun for alert_dag to 2023-01-01T00:00:00+00:00, run_after=2023-01-02T00:00:00+00:00
[2023-05-15T07:52:39.167+0000] {processor.py:178} INFO - Processing /opt/airflow/dags/alert_dag.py took 0.169 seconds
[2023-05-15T07:53:09.479+0000] {processor.py:156} INFO - Started process (PID=293) to work on /opt/airflow/dags/alert_dag.py
[2023-05-15T07:53:09.482+0000] {processor.py:799} INFO - Processing file /opt/airflow/dags/alert_dag.py for tasks to queue
[2023-05-15T07:53:09.484+0000] {logging_mixin.py:149} INFO - [2023-05-15T07:53:09.484+0000] {dagbag.py:541} INFO - Filling up the DagBag from /opt/airflow/dags/alert_dag.py
[2023-05-15T07:53:09.503+0000] {processor.py:809} INFO - DAG(s) dict_keys(['alert_dag']) retrieved from /opt/airflow/dags/alert_dag.py
[2023-05-15T07:53:09.537+0000] {logging_mixin.py:149} INFO - [2023-05-15T07:53:09.537+0000] {dag.py:2726} INFO - Sync 1 DAGs
[2023-05-15T07:53:09.572+0000] {logging_mixin.py:149} INFO - [2023-05-15T07:53:09.572+0000] {dag.py:3490} INFO - Setting next_dagrun for alert_dag to 2023-01-01T00:00:00+00:00, run_after=2023-01-02T00:00:00+00:00
[2023-05-15T07:53:09.608+0000] {processor.py:178} INFO - Processing /opt/airflow/dags/alert_dag.py took 0.134 seconds
[2023-05-15T07:53:39.896+0000] {processor.py:156} INFO - Started process (PID=360) to work on /opt/airflow/dags/alert_dag.py
[2023-05-15T07:53:39.899+0000] {processor.py:799} INFO - Processing file /opt/airflow/dags/alert_dag.py for tasks to queue
[2023-05-15T07:53:39.902+0000] {logging_mixin.py:149} INFO - [2023-05-15T07:53:39.902+0000] {dagbag.py:541} INFO - Filling up the DagBag from /opt/airflow/dags/alert_dag.py
[2023-05-15T07:53:39.921+0000] {processor.py:809} INFO - DAG(s) dict_keys(['alert_dag']) retrieved from /opt/airflow/dags/alert_dag.py
[2023-05-15T07:53:39.958+0000] {logging_mixin.py:149} INFO - [2023-05-15T07:53:39.958+0000] {dag.py:2726} INFO - Sync 1 DAGs
[2023-05-15T07:53:40.000+0000] {logging_mixin.py:149} INFO - [2023-05-15T07:53:40.000+0000] {dag.py:3490} INFO - Setting next_dagrun for alert_dag to 2023-01-01T00:00:00+00:00, run_after=2023-01-02T00:00:00+00:00
[2023-05-15T07:53:40.039+0000] {processor.py:178} INFO - Processing /opt/airflow/dags/alert_dag.py took 0.148 seconds
