[2023-05-15T07:51:07.641+0000] {processor.py:156} INFO - Started process (PID=37) to work on /opt/airflow/dags/backfill.py
[2023-05-15T07:51:07.646+0000] {processor.py:799} INFO - Processing file /opt/airflow/dags/backfill.py for tasks to queue
[2023-05-15T07:51:07.650+0000] {logging_mixin.py:149} INFO - [2023-05-15T07:51:07.649+0000] {dagbag.py:541} INFO - Filling up the DagBag from /opt/airflow/dags/backfill.py
[2023-05-15T07:51:07.967+0000] {processor.py:809} INFO - DAG(s) dict_keys(['backfill']) retrieved from /opt/airflow/dags/backfill.py
[2023-05-15T07:51:08.328+0000] {logging_mixin.py:149} INFO - [2023-05-15T07:51:08.327+0000] {manager.py:504} INFO - Created Permission View: can edit on DAG:backfill
[2023-05-15T07:51:08.394+0000] {logging_mixin.py:149} INFO - [2023-05-15T07:51:08.394+0000] {manager.py:504} INFO - Created Permission View: can read on DAG:backfill
[2023-05-15T07:51:08.427+0000] {logging_mixin.py:149} INFO - [2023-05-15T07:51:08.426+0000] {manager.py:504} INFO - Created Permission View: can delete on DAG:backfill
[2023-05-15T07:51:08.430+0000] {logging_mixin.py:149} INFO - [2023-05-15T07:51:08.429+0000] {dag.py:2726} INFO - Sync 1 DAGs
[2023-05-15T07:51:08.455+0000] {logging_mixin.py:149} INFO - [2023-05-15T07:51:08.455+0000] {dag.py:2747} INFO - Creating ORM DAG for backfill
[2023-05-15T07:51:08.486+0000] {logging_mixin.py:149} INFO - [2023-05-15T07:51:08.486+0000] {dag.py:3490} INFO - Setting next_dagrun for backfill to 2023-05-14T00:00:00+00:00, run_after=2023-05-15T00:00:00+00:00
[2023-05-15T07:51:08.610+0000] {processor.py:178} INFO - Processing /opt/airflow/dags/backfill.py took 0.976 seconds
[2023-05-15T07:51:39.193+0000] {processor.py:156} INFO - Started process (PID=104) to work on /opt/airflow/dags/backfill.py
[2023-05-15T07:51:39.196+0000] {processor.py:799} INFO - Processing file /opt/airflow/dags/backfill.py for tasks to queue
[2023-05-15T07:51:39.201+0000] {logging_mixin.py:149} INFO - [2023-05-15T07:51:39.201+0000] {dagbag.py:541} INFO - Filling up the DagBag from /opt/airflow/dags/backfill.py
[2023-05-15T07:51:39.228+0000] {processor.py:809} INFO - DAG(s) dict_keys(['backfill']) retrieved from /opt/airflow/dags/backfill.py
[2023-05-15T07:51:39.314+0000] {logging_mixin.py:149} INFO - [2023-05-15T07:51:39.313+0000] {dag.py:2726} INFO - Sync 1 DAGs
[2023-05-15T07:51:39.697+0000] {logging_mixin.py:149} INFO - [2023-05-15T07:51:39.697+0000] {dag.py:3490} INFO - Setting next_dagrun for backfill to 2023-05-14T00:00:00+00:00, run_after=2023-05-15T00:00:00+00:00
[2023-05-15T07:51:39.810+0000] {processor.py:178} INFO - Processing /opt/airflow/dags/backfill.py took 0.625 seconds
[2023-05-15T07:52:10.266+0000] {processor.py:156} INFO - Started process (PID=170) to work on /opt/airflow/dags/backfill.py
[2023-05-15T07:52:10.270+0000] {processor.py:799} INFO - Processing file /opt/airflow/dags/backfill.py for tasks to queue
[2023-05-15T07:52:10.273+0000] {logging_mixin.py:149} INFO - [2023-05-15T07:52:10.272+0000] {dagbag.py:541} INFO - Filling up the DagBag from /opt/airflow/dags/backfill.py
[2023-05-15T07:52:10.299+0000] {processor.py:809} INFO - DAG(s) dict_keys(['backfill']) retrieved from /opt/airflow/dags/backfill.py
[2023-05-15T07:52:10.347+0000] {logging_mixin.py:149} INFO - [2023-05-15T07:52:10.347+0000] {dag.py:2726} INFO - Sync 1 DAGs
[2023-05-15T07:52:10.388+0000] {logging_mixin.py:149} INFO - [2023-05-15T07:52:10.388+0000] {dag.py:3490} INFO - Setting next_dagrun for backfill to 2023-05-14T00:00:00+00:00, run_after=2023-05-15T00:00:00+00:00
[2023-05-15T07:52:10.425+0000] {processor.py:178} INFO - Processing /opt/airflow/dags/backfill.py took 0.168 seconds
[2023-05-15T07:52:40.691+0000] {processor.py:156} INFO - Started process (PID=237) to work on /opt/airflow/dags/backfill.py
[2023-05-15T07:52:40.694+0000] {processor.py:799} INFO - Processing file /opt/airflow/dags/backfill.py for tasks to queue
[2023-05-15T07:52:40.698+0000] {logging_mixin.py:149} INFO - [2023-05-15T07:52:40.697+0000] {dagbag.py:541} INFO - Filling up the DagBag from /opt/airflow/dags/backfill.py
[2023-05-15T07:52:40.719+0000] {processor.py:809} INFO - DAG(s) dict_keys(['backfill']) retrieved from /opt/airflow/dags/backfill.py
[2023-05-15T07:52:40.761+0000] {logging_mixin.py:149} INFO - [2023-05-15T07:52:40.761+0000] {dag.py:2726} INFO - Sync 1 DAGs
[2023-05-15T07:52:40.800+0000] {logging_mixin.py:149} INFO - [2023-05-15T07:52:40.800+0000] {dag.py:3490} INFO - Setting next_dagrun for backfill to 2023-05-14T00:00:00+00:00, run_after=2023-05-15T00:00:00+00:00
[2023-05-15T07:52:40.837+0000] {processor.py:178} INFO - Processing /opt/airflow/dags/backfill.py took 0.152 seconds
[2023-05-15T07:53:10.921+0000] {processor.py:156} INFO - Started process (PID=303) to work on /opt/airflow/dags/backfill.py
[2023-05-15T07:53:10.924+0000] {processor.py:799} INFO - Processing file /opt/airflow/dags/backfill.py for tasks to queue
[2023-05-15T07:53:10.926+0000] {logging_mixin.py:149} INFO - [2023-05-15T07:53:10.926+0000] {dagbag.py:541} INFO - Filling up the DagBag from /opt/airflow/dags/backfill.py
[2023-05-15T07:53:10.944+0000] {processor.py:809} INFO - DAG(s) dict_keys(['backfill']) retrieved from /opt/airflow/dags/backfill.py
[2023-05-15T07:53:10.981+0000] {logging_mixin.py:149} INFO - [2023-05-15T07:53:10.980+0000] {dag.py:2726} INFO - Sync 1 DAGs
[2023-05-15T07:53:11.025+0000] {logging_mixin.py:149} INFO - [2023-05-15T07:53:11.025+0000] {dag.py:3490} INFO - Setting next_dagrun for backfill to 2023-05-14T00:00:00+00:00, run_after=2023-05-15T00:00:00+00:00
[2023-05-15T07:53:11.061+0000] {processor.py:178} INFO - Processing /opt/airflow/dags/backfill.py took 0.145 seconds
[2023-05-15T07:53:41.183+0000] {processor.py:156} INFO - Started process (PID=363) to work on /opt/airflow/dags/backfill.py
[2023-05-15T07:53:41.186+0000] {processor.py:799} INFO - Processing file /opt/airflow/dags/backfill.py for tasks to queue
[2023-05-15T07:53:41.189+0000] {logging_mixin.py:149} INFO - [2023-05-15T07:53:41.188+0000] {dagbag.py:541} INFO - Filling up the DagBag from /opt/airflow/dags/backfill.py
[2023-05-15T07:53:41.220+0000] {processor.py:809} INFO - DAG(s) dict_keys(['backfill']) retrieved from /opt/airflow/dags/backfill.py
[2023-05-15T07:53:41.342+0000] {logging_mixin.py:149} INFO - [2023-05-15T07:53:41.342+0000] {dag.py:2726} INFO - Sync 1 DAGs
[2023-05-15T07:53:41.403+0000] {logging_mixin.py:149} INFO - [2023-05-15T07:53:41.402+0000] {dag.py:3490} INFO - Setting next_dagrun for backfill to 2023-05-14T00:00:00+00:00, run_after=2023-05-15T00:00:00+00:00
[2023-05-15T07:53:41.439+0000] {processor.py:178} INFO - Processing /opt/airflow/dags/backfill.py took 0.265 seconds
