[2023-05-15T07:51:06.000+0000] {processor.py:156} INFO - Started process (PID=34) to work on /opt/airflow/dags/depends_dag.py
[2023-05-15T07:51:06.007+0000] {processor.py:799} INFO - Processing file /opt/airflow/dags/depends_dag.py for tasks to queue
[2023-05-15T07:51:06.012+0000] {logging_mixin.py:149} INFO - [2023-05-15T07:51:06.011+0000] {dagbag.py:541} INFO - Filling up the DagBag from /opt/airflow/dags/depends_dag.py
[2023-05-15T07:51:06.289+0000] {processor.py:809} INFO - DAG(s) dict_keys(['depends_task']) retrieved from /opt/airflow/dags/depends_dag.py
[2023-05-15T07:51:06.579+0000] {logging_mixin.py:149} INFO - [2023-05-15T07:51:06.579+0000] {manager.py:504} INFO - Created Permission View: can edit on DAG:depends_task
[2023-05-15T07:51:06.627+0000] {logging_mixin.py:149} INFO - [2023-05-15T07:51:06.627+0000] {manager.py:504} INFO - Created Permission View: can read on DAG:depends_task
[2023-05-15T07:51:06.649+0000] {logging_mixin.py:149} INFO - [2023-05-15T07:51:06.649+0000] {manager.py:504} INFO - Created Permission View: can delete on DAG:depends_task
[2023-05-15T07:51:06.653+0000] {logging_mixin.py:149} INFO - [2023-05-15T07:51:06.652+0000] {dag.py:2726} INFO - Sync 1 DAGs
[2023-05-15T07:51:06.681+0000] {logging_mixin.py:149} INFO - [2023-05-15T07:51:06.681+0000] {dag.py:2747} INFO - Creating ORM DAG for depends_task
[2023-05-15T07:51:06.714+0000] {logging_mixin.py:149} INFO - [2023-05-15T07:51:06.713+0000] {dag.py:3490} INFO - Setting next_dagrun for depends_task to 2023-01-01T00:00:00+00:00, run_after=2023-01-02T00:00:00+00:00
[2023-05-15T07:51:06.774+0000] {processor.py:178} INFO - Processing /opt/airflow/dags/depends_dag.py took 0.782 seconds
[2023-05-15T07:51:37.492+0000] {processor.py:156} INFO - Started process (PID=100) to work on /opt/airflow/dags/depends_dag.py
[2023-05-15T07:51:37.496+0000] {processor.py:799} INFO - Processing file /opt/airflow/dags/depends_dag.py for tasks to queue
[2023-05-15T07:51:37.502+0000] {logging_mixin.py:149} INFO - [2023-05-15T07:51:37.502+0000] {dagbag.py:541} INFO - Filling up the DagBag from /opt/airflow/dags/depends_dag.py
[2023-05-15T07:51:37.533+0000] {processor.py:809} INFO - DAG(s) dict_keys(['depends_task']) retrieved from /opt/airflow/dags/depends_dag.py
[2023-05-15T07:51:37.575+0000] {logging_mixin.py:149} INFO - [2023-05-15T07:51:37.575+0000] {dag.py:2726} INFO - Sync 1 DAGs
[2023-05-15T07:51:37.617+0000] {logging_mixin.py:149} INFO - [2023-05-15T07:51:37.616+0000] {dag.py:3490} INFO - Setting next_dagrun for depends_task to 2023-01-01T00:00:00+00:00, run_after=2023-01-02T00:00:00+00:00
[2023-05-15T07:51:37.652+0000] {processor.py:178} INFO - Processing /opt/airflow/dags/depends_dag.py took 0.168 seconds
[2023-05-15T07:52:07.882+0000] {processor.py:156} INFO - Started process (PID=164) to work on /opt/airflow/dags/depends_dag.py
[2023-05-15T07:52:07.892+0000] {processor.py:799} INFO - Processing file /opt/airflow/dags/depends_dag.py for tasks to queue
[2023-05-15T07:52:07.899+0000] {logging_mixin.py:149} INFO - [2023-05-15T07:52:07.899+0000] {dagbag.py:541} INFO - Filling up the DagBag from /opt/airflow/dags/depends_dag.py
[2023-05-15T07:52:07.932+0000] {processor.py:809} INFO - DAG(s) dict_keys(['depends_task']) retrieved from /opt/airflow/dags/depends_dag.py
[2023-05-15T07:52:07.989+0000] {logging_mixin.py:149} INFO - [2023-05-15T07:52:07.989+0000] {dag.py:2726} INFO - Sync 1 DAGs
[2023-05-15T07:52:08.052+0000] {logging_mixin.py:149} INFO - [2023-05-15T07:52:08.052+0000] {dag.py:3490} INFO - Setting next_dagrun for depends_task to 2023-01-01T00:00:00+00:00, run_after=2023-01-02T00:00:00+00:00
[2023-05-15T07:52:08.123+0000] {processor.py:178} INFO - Processing /opt/airflow/dags/depends_dag.py took 0.251 seconds
[2023-05-15T07:52:38.766+0000] {processor.py:156} INFO - Started process (PID=225) to work on /opt/airflow/dags/depends_dag.py
[2023-05-15T07:52:38.770+0000] {processor.py:799} INFO - Processing file /opt/airflow/dags/depends_dag.py for tasks to queue
[2023-05-15T07:52:38.777+0000] {logging_mixin.py:149} INFO - [2023-05-15T07:52:38.777+0000] {dagbag.py:541} INFO - Filling up the DagBag from /opt/airflow/dags/depends_dag.py
[2023-05-15T07:52:38.802+0000] {processor.py:809} INFO - DAG(s) dict_keys(['depends_task']) retrieved from /opt/airflow/dags/depends_dag.py
[2023-05-15T07:52:38.845+0000] {logging_mixin.py:149} INFO - [2023-05-15T07:52:38.845+0000] {dag.py:2726} INFO - Sync 1 DAGs
[2023-05-15T07:52:38.899+0000] {logging_mixin.py:149} INFO - [2023-05-15T07:52:38.899+0000] {dag.py:3490} INFO - Setting next_dagrun for depends_task to 2023-01-01T00:00:00+00:00, run_after=2023-01-02T00:00:00+00:00
[2023-05-15T07:52:38.941+0000] {processor.py:178} INFO - Processing /opt/airflow/dags/depends_dag.py took 0.184 seconds
[2023-05-15T07:53:09.444+0000] {processor.py:156} INFO - Started process (PID=292) to work on /opt/airflow/dags/depends_dag.py
[2023-05-15T07:53:09.447+0000] {processor.py:799} INFO - Processing file /opt/airflow/dags/depends_dag.py for tasks to queue
[2023-05-15T07:53:09.451+0000] {logging_mixin.py:149} INFO - [2023-05-15T07:53:09.450+0000] {dagbag.py:541} INFO - Filling up the DagBag from /opt/airflow/dags/depends_dag.py
[2023-05-15T07:53:09.471+0000] {processor.py:809} INFO - DAG(s) dict_keys(['depends_task']) retrieved from /opt/airflow/dags/depends_dag.py
[2023-05-15T07:53:09.508+0000] {logging_mixin.py:149} INFO - [2023-05-15T07:53:09.508+0000] {dag.py:2726} INFO - Sync 1 DAGs
[2023-05-15T07:53:09.541+0000] {logging_mixin.py:149} INFO - [2023-05-15T07:53:09.541+0000] {dag.py:3490} INFO - Setting next_dagrun for depends_task to 2023-01-01T00:00:00+00:00, run_after=2023-01-02T00:00:00+00:00
[2023-05-15T07:53:09.570+0000] {processor.py:178} INFO - Processing /opt/airflow/dags/depends_dag.py took 0.133 seconds
[2023-05-15T07:53:39.851+0000] {processor.py:156} INFO - Started process (PID=359) to work on /opt/airflow/dags/depends_dag.py
[2023-05-15T07:53:39.853+0000] {processor.py:799} INFO - Processing file /opt/airflow/dags/depends_dag.py for tasks to queue
[2023-05-15T07:53:39.856+0000] {logging_mixin.py:149} INFO - [2023-05-15T07:53:39.856+0000] {dagbag.py:541} INFO - Filling up the DagBag from /opt/airflow/dags/depends_dag.py
[2023-05-15T07:53:39.877+0000] {processor.py:809} INFO - DAG(s) dict_keys(['depends_task']) retrieved from /opt/airflow/dags/depends_dag.py
[2023-05-15T07:53:39.918+0000] {logging_mixin.py:149} INFO - [2023-05-15T07:53:39.917+0000] {dag.py:2726} INFO - Sync 1 DAGs
[2023-05-15T07:53:39.956+0000] {logging_mixin.py:149} INFO - [2023-05-15T07:53:39.956+0000] {dag.py:3490} INFO - Setting next_dagrun for depends_task to 2023-01-01T00:00:00+00:00, run_after=2023-01-02T00:00:00+00:00
[2023-05-15T07:53:39.990+0000] {processor.py:178} INFO - Processing /opt/airflow/dags/depends_dag.py took 0.144 seconds
