[2023-05-15T07:51:06.863+0000] {processor.py:156} INFO - Started process (PID=36) to work on /opt/airflow/dags/packaged_dag.py
[2023-05-15T07:51:06.868+0000] {processor.py:799} INFO - Processing file /opt/airflow/dags/packaged_dag.py for tasks to queue
[2023-05-15T07:51:06.872+0000] {logging_mixin.py:149} INFO - [2023-05-15T07:51:06.871+0000] {dagbag.py:541} INFO - Filling up the DagBag from /opt/airflow/dags/packaged_dag.py
[2023-05-15T07:51:07.127+0000] {processor.py:809} INFO - DAG(s) dict_keys(['packaged_dag']) retrieved from /opt/airflow/dags/packaged_dag.py
[2023-05-15T07:51:07.367+0000] {logging_mixin.py:149} INFO - [2023-05-15T07:51:07.367+0000] {manager.py:504} INFO - Created Permission View: can edit on DAG:packaged_dag
[2023-05-15T07:51:07.399+0000] {logging_mixin.py:149} INFO - [2023-05-15T07:51:07.399+0000] {manager.py:504} INFO - Created Permission View: can read on DAG:packaged_dag
[2023-05-15T07:51:07.429+0000] {logging_mixin.py:149} INFO - [2023-05-15T07:51:07.429+0000] {manager.py:504} INFO - Created Permission View: can delete on DAG:packaged_dag
[2023-05-15T07:51:07.433+0000] {logging_mixin.py:149} INFO - [2023-05-15T07:51:07.432+0000] {dag.py:2726} INFO - Sync 1 DAGs
[2023-05-15T07:51:07.486+0000] {logging_mixin.py:149} INFO - [2023-05-15T07:51:07.486+0000] {dag.py:2747} INFO - Creating ORM DAG for packaged_dag
[2023-05-15T07:51:07.516+0000] {logging_mixin.py:149} INFO - [2023-05-15T07:51:07.516+0000] {dag.py:3490} INFO - Setting next_dagrun for packaged_dag to 2019-01-01T00:00:00+00:00, run_after=2019-01-02T00:00:00+00:00
[2023-05-15T07:51:07.565+0000] {processor.py:178} INFO - Processing /opt/airflow/dags/packaged_dag.py took 0.708 seconds
[2023-05-15T07:51:37.961+0000] {processor.py:156} INFO - Started process (PID=102) to work on /opt/airflow/dags/packaged_dag.py
[2023-05-15T07:51:37.966+0000] {processor.py:799} INFO - Processing file /opt/airflow/dags/packaged_dag.py for tasks to queue
[2023-05-15T07:51:37.970+0000] {logging_mixin.py:149} INFO - [2023-05-15T07:51:37.970+0000] {dagbag.py:541} INFO - Filling up the DagBag from /opt/airflow/dags/packaged_dag.py
[2023-05-15T07:51:37.998+0000] {processor.py:809} INFO - DAG(s) dict_keys(['packaged_dag']) retrieved from /opt/airflow/dags/packaged_dag.py
[2023-05-15T07:51:38.045+0000] {logging_mixin.py:149} INFO - [2023-05-15T07:51:38.044+0000] {dag.py:2726} INFO - Sync 1 DAGs
[2023-05-15T07:51:38.088+0000] {logging_mixin.py:149} INFO - [2023-05-15T07:51:38.088+0000] {dag.py:3490} INFO - Setting next_dagrun for packaged_dag to 2019-01-01T00:00:00+00:00, run_after=2019-01-02T00:00:00+00:00
[2023-05-15T07:51:38.126+0000] {processor.py:178} INFO - Processing /opt/airflow/dags/packaged_dag.py took 0.171 seconds
[2023-05-15T07:52:08.949+0000] {processor.py:156} INFO - Started process (PID=168) to work on /opt/airflow/dags/packaged_dag.py
[2023-05-15T07:52:08.952+0000] {processor.py:799} INFO - Processing file /opt/airflow/dags/packaged_dag.py for tasks to queue
[2023-05-15T07:52:08.955+0000] {logging_mixin.py:149} INFO - [2023-05-15T07:52:08.955+0000] {dagbag.py:541} INFO - Filling up the DagBag from /opt/airflow/dags/packaged_dag.py
[2023-05-15T07:52:08.978+0000] {processor.py:809} INFO - DAG(s) dict_keys(['packaged_dag']) retrieved from /opt/airflow/dags/packaged_dag.py
[2023-05-15T07:52:09.012+0000] {logging_mixin.py:149} INFO - [2023-05-15T07:52:09.012+0000] {dag.py:2726} INFO - Sync 1 DAGs
[2023-05-15T07:52:09.054+0000] {logging_mixin.py:149} INFO - [2023-05-15T07:52:09.054+0000] {dag.py:3490} INFO - Setting next_dagrun for packaged_dag to 2019-01-01T00:00:00+00:00, run_after=2019-01-02T00:00:00+00:00
[2023-05-15T07:52:09.094+0000] {processor.py:178} INFO - Processing /opt/airflow/dags/packaged_dag.py took 0.150 seconds
[2023-05-15T07:52:39.222+0000] {processor.py:156} INFO - Started process (PID=234) to work on /opt/airflow/dags/packaged_dag.py
[2023-05-15T07:52:39.228+0000] {processor.py:799} INFO - Processing file /opt/airflow/dags/packaged_dag.py for tasks to queue
[2023-05-15T07:52:39.235+0000] {logging_mixin.py:149} INFO - [2023-05-15T07:52:39.232+0000] {dagbag.py:541} INFO - Filling up the DagBag from /opt/airflow/dags/packaged_dag.py
[2023-05-15T07:52:39.266+0000] {processor.py:809} INFO - DAG(s) dict_keys(['packaged_dag']) retrieved from /opt/airflow/dags/packaged_dag.py
[2023-05-15T07:52:39.310+0000] {logging_mixin.py:149} INFO - [2023-05-15T07:52:39.309+0000] {dag.py:2726} INFO - Sync 1 DAGs
[2023-05-15T07:52:39.381+0000] {logging_mixin.py:149} INFO - [2023-05-15T07:52:39.380+0000] {dag.py:3490} INFO - Setting next_dagrun for packaged_dag to 2019-01-01T00:00:00+00:00, run_after=2019-01-02T00:00:00+00:00
[2023-05-15T07:52:39.428+0000] {processor.py:178} INFO - Processing /opt/airflow/dags/packaged_dag.py took 0.213 seconds
[2023-05-15T07:53:09.618+0000] {processor.py:156} INFO - Started process (PID=294) to work on /opt/airflow/dags/packaged_dag.py
[2023-05-15T07:53:09.621+0000] {processor.py:799} INFO - Processing file /opt/airflow/dags/packaged_dag.py for tasks to queue
[2023-05-15T07:53:09.624+0000] {logging_mixin.py:149} INFO - [2023-05-15T07:53:09.624+0000] {dagbag.py:541} INFO - Filling up the DagBag from /opt/airflow/dags/packaged_dag.py
[2023-05-15T07:53:09.644+0000] {processor.py:809} INFO - DAG(s) dict_keys(['packaged_dag']) retrieved from /opt/airflow/dags/packaged_dag.py
[2023-05-15T07:53:09.675+0000] {logging_mixin.py:149} INFO - [2023-05-15T07:53:09.674+0000] {dag.py:2726} INFO - Sync 1 DAGs
[2023-05-15T07:53:09.720+0000] {logging_mixin.py:149} INFO - [2023-05-15T07:53:09.719+0000] {dag.py:3490} INFO - Setting next_dagrun for packaged_dag to 2019-01-01T00:00:00+00:00, run_after=2019-01-02T00:00:00+00:00
[2023-05-15T07:53:09.753+0000] {processor.py:178} INFO - Processing /opt/airflow/dags/packaged_dag.py took 0.140 seconds
[2023-05-15T07:53:40.041+0000] {processor.py:156} INFO - Started process (PID=361) to work on /opt/airflow/dags/packaged_dag.py
[2023-05-15T07:53:40.044+0000] {processor.py:799} INFO - Processing file /opt/airflow/dags/packaged_dag.py for tasks to queue
[2023-05-15T07:53:40.046+0000] {logging_mixin.py:149} INFO - [2023-05-15T07:53:40.046+0000] {dagbag.py:541} INFO - Filling up the DagBag from /opt/airflow/dags/packaged_dag.py
[2023-05-15T07:53:40.069+0000] {processor.py:809} INFO - DAG(s) dict_keys(['packaged_dag']) retrieved from /opt/airflow/dags/packaged_dag.py
[2023-05-15T07:53:40.112+0000] {logging_mixin.py:149} INFO - [2023-05-15T07:53:40.112+0000] {dag.py:2726} INFO - Sync 1 DAGs
[2023-05-15T07:53:40.156+0000] {logging_mixin.py:149} INFO - [2023-05-15T07:53:40.155+0000] {dag.py:3490} INFO - Setting next_dagrun for packaged_dag to 2019-01-01T00:00:00+00:00, run_after=2019-01-02T00:00:00+00:00
[2023-05-15T07:53:40.188+0000] {processor.py:178} INFO - Processing /opt/airflow/dags/packaged_dag.py took 0.152 seconds
