[2023-05-15T07:51:03.873+0000] {processor.py:156} INFO - Started process (PID=31) to work on /opt/airflow/dags/start_and_schedule_dag.py
[2023-05-15T07:51:03.879+0000] {processor.py:799} INFO - Processing file /opt/airflow/dags/start_and_schedule_dag.py for tasks to queue
[2023-05-15T07:51:03.883+0000] {logging_mixin.py:149} INFO - [2023-05-15T07:51:03.882+0000] {dagbag.py:541} INFO - Filling up the DagBag from /opt/airflow/dags/start_and_schedule_dag.py
[2023-05-15T07:51:06.230+0000] {logging_mixin.py:149} INFO - [2023-05-15T07:51:06.225+0000] {dagbag.py:350} ERROR - Failed to import: /opt/airflow/dags/start_and_schedule_dag.py
Traceback (most recent call last):
  File "/home/airflow/.local/lib/python3.7/site-packages/airflow/models/dagbag.py", line 346, in parse
    loader.exec_module(new_module)
  File "<frozen importlib._bootstrap_external>", line 728, in exec_module
  File "<frozen importlib._bootstrap>", line 219, in _call_with_frames_removed
  File "/opt/airflow/dags/start_and_schedule_dag.py", line 27, in <module>
    dag._schedule_interval,
AttributeError: 'DAG' object has no attribute '_schedule_interval'
[2023-05-15T07:51:06.236+0000] {processor.py:811} WARNING - No viable dags retrieved from /opt/airflow/dags/start_and_schedule_dag.py
[2023-05-15T07:51:06.290+0000] {processor.py:178} INFO - Processing /opt/airflow/dags/start_and_schedule_dag.py took 2.434 seconds
[2023-05-15T07:51:36.475+0000] {processor.py:156} INFO - Started process (PID=99) to work on /opt/airflow/dags/start_and_schedule_dag.py
[2023-05-15T07:51:36.478+0000] {processor.py:799} INFO - Processing file /opt/airflow/dags/start_and_schedule_dag.py for tasks to queue
[2023-05-15T07:51:36.484+0000] {logging_mixin.py:149} INFO - [2023-05-15T07:51:36.483+0000] {dagbag.py:541} INFO - Filling up the DagBag from /opt/airflow/dags/start_and_schedule_dag.py
[2023-05-15T07:51:37.876+0000] {logging_mixin.py:149} INFO - [2023-05-15T07:51:37.871+0000] {dagbag.py:350} ERROR - Failed to import: /opt/airflow/dags/start_and_schedule_dag.py
Traceback (most recent call last):
  File "/home/airflow/.local/lib/python3.7/site-packages/airflow/models/dagbag.py", line 346, in parse
    loader.exec_module(new_module)
  File "<frozen importlib._bootstrap_external>", line 728, in exec_module
  File "<frozen importlib._bootstrap>", line 219, in _call_with_frames_removed
  File "/opt/airflow/dags/start_and_schedule_dag.py", line 27, in <module>
    dag._schedule_interval,
AttributeError: 'DAG' object has no attribute '_schedule_interval'
[2023-05-15T07:51:37.878+0000] {processor.py:811} WARNING - No viable dags retrieved from /opt/airflow/dags/start_and_schedule_dag.py
[2023-05-15T07:51:37.917+0000] {processor.py:178} INFO - Processing /opt/airflow/dags/start_and_schedule_dag.py took 1.452 seconds
[2023-05-15T07:52:08.201+0000] {processor.py:156} INFO - Started process (PID=165) to work on /opt/airflow/dags/start_and_schedule_dag.py
[2023-05-15T07:52:08.205+0000] {processor.py:799} INFO - Processing file /opt/airflow/dags/start_and_schedule_dag.py for tasks to queue
[2023-05-15T07:52:08.210+0000] {logging_mixin.py:149} INFO - [2023-05-15T07:52:08.209+0000] {dagbag.py:541} INFO - Filling up the DagBag from /opt/airflow/dags/start_and_schedule_dag.py
[2023-05-15T07:52:09.679+0000] {logging_mixin.py:149} INFO - [2023-05-15T07:52:09.675+0000] {dagbag.py:350} ERROR - Failed to import: /opt/airflow/dags/start_and_schedule_dag.py
Traceback (most recent call last):
  File "/home/airflow/.local/lib/python3.7/site-packages/airflow/models/dagbag.py", line 346, in parse
    loader.exec_module(new_module)
  File "<frozen importlib._bootstrap_external>", line 728, in exec_module
  File "<frozen importlib._bootstrap>", line 219, in _call_with_frames_removed
  File "/opt/airflow/dags/start_and_schedule_dag.py", line 27, in <module>
    dag._schedule_interval,
AttributeError: 'DAG' object has no attribute '_schedule_interval'
[2023-05-15T07:52:09.681+0000] {processor.py:811} WARNING - No viable dags retrieved from /opt/airflow/dags/start_and_schedule_dag.py
[2023-05-15T07:52:09.705+0000] {processor.py:178} INFO - Processing /opt/airflow/dags/start_and_schedule_dag.py took 1.511 seconds
[2023-05-15T07:52:31.663+0000] {processor.py:156} INFO - Started process (PID=207) to work on /opt/airflow/dags/start_and_schedule_dag.py
[2023-05-15T07:52:31.666+0000] {processor.py:799} INFO - Processing file /opt/airflow/dags/start_and_schedule_dag.py for tasks to queue
[2023-05-15T07:52:31.670+0000] {logging_mixin.py:149} INFO - [2023-05-15T07:52:31.669+0000] {dagbag.py:541} INFO - Filling up the DagBag from /opt/airflow/dags/start_and_schedule_dag.py
[2023-05-15T07:52:33.063+0000] {logging_mixin.py:149} INFO - [2023-05-15T07:52:33.059+0000] {dagbag.py:350} ERROR - Failed to import: /opt/airflow/dags/start_and_schedule_dag.py
Traceback (most recent call last):
  File "/home/airflow/.local/lib/python3.7/site-packages/airflow/models/dagbag.py", line 346, in parse
    loader.exec_module(new_module)
  File "<frozen importlib._bootstrap_external>", line 728, in exec_module
  File "<frozen importlib._bootstrap>", line 219, in _call_with_frames_removed
  File "/opt/airflow/dags/start_and_schedule_dag.py", line 27, in <module>
    dag._schedule_interval,
AttributeError: 'DAG' object has no attribute '_schedule_interval'
[2023-05-15T07:52:33.066+0000] {processor.py:811} WARNING - No viable dags retrieved from /opt/airflow/dags/start_and_schedule_dag.py
[2023-05-15T07:52:33.108+0000] {processor.py:178} INFO - Processing /opt/airflow/dags/start_and_schedule_dag.py took 1.450 seconds
[2023-05-15T07:52:39.496+0000] {processor.py:156} INFO - Started process (PID=235) to work on /opt/airflow/dags/start_and_schedule_dag.py
[2023-05-15T07:52:39.502+0000] {processor.py:799} INFO - Processing file /opt/airflow/dags/start_and_schedule_dag.py for tasks to queue
[2023-05-15T07:52:39.506+0000] {logging_mixin.py:149} INFO - [2023-05-15T07:52:39.505+0000] {dagbag.py:541} INFO - Filling up the DagBag from /opt/airflow/dags/start_and_schedule_dag.py
[2023-05-15T07:52:40.685+0000] {logging_mixin.py:149} INFO - [2023-05-15T07:52:40.683+0000] {dagbag.py:350} ERROR - Failed to import: /opt/airflow/dags/start_and_schedule_dag.py
Traceback (most recent call last):
  File "/home/airflow/.local/lib/python3.7/site-packages/airflow/models/dagbag.py", line 346, in parse
    loader.exec_module(new_module)
  File "<frozen importlib._bootstrap_external>", line 728, in exec_module
  File "<frozen importlib._bootstrap>", line 219, in _call_with_frames_removed
  File "/opt/airflow/dags/start_and_schedule_dag.py", line 27, in <module>
    dag._schedule_interval,
AttributeError: 'DAG' object has no attribute '_schedule_interval'
[2023-05-15T07:52:40.688+0000] {processor.py:811} WARNING - No viable dags retrieved from /opt/airflow/dags/start_and_schedule_dag.py
[2023-05-15T07:52:40.722+0000] {processor.py:178} INFO - Processing /opt/airflow/dags/start_and_schedule_dag.py took 1.231 seconds
[2023-05-15T07:52:42.913+0000] {processor.py:156} INFO - Started process (PID=240) to work on /opt/airflow/dags/start_and_schedule_dag.py
[2023-05-15T07:52:42.916+0000] {processor.py:799} INFO - Processing file /opt/airflow/dags/start_and_schedule_dag.py for tasks to queue
[2023-05-15T07:52:42.919+0000] {logging_mixin.py:149} INFO - [2023-05-15T07:52:42.919+0000] {dagbag.py:541} INFO - Filling up the DagBag from /opt/airflow/dags/start_and_schedule_dag.py
[2023-05-15T07:52:44.417+0000] {logging_mixin.py:149} INFO - [2023-05-15T07:52:44.414+0000] {dagbag.py:350} ERROR - Failed to import: /opt/airflow/dags/start_and_schedule_dag.py
Traceback (most recent call last):
  File "/home/airflow/.local/lib/python3.7/site-packages/airflow/models/dagbag.py", line 346, in parse
    loader.exec_module(new_module)
  File "<frozen importlib._bootstrap_external>", line 728, in exec_module
  File "<frozen importlib._bootstrap>", line 219, in _call_with_frames_removed
  File "/opt/airflow/dags/start_and_schedule_dag.py", line 27, in <module>
    dag.schedule,
AttributeError: 'DAG' object has no attribute 'schedule'
[2023-05-15T07:52:44.419+0000] {processor.py:811} WARNING - No viable dags retrieved from /opt/airflow/dags/start_and_schedule_dag.py
[2023-05-15T07:52:44.452+0000] {processor.py:178} INFO - Processing /opt/airflow/dags/start_and_schedule_dag.py took 1.546 seconds
[2023-05-15T07:53:14.502+0000] {processor.py:156} INFO - Started process (PID=308) to work on /opt/airflow/dags/start_and_schedule_dag.py
[2023-05-15T07:53:14.506+0000] {processor.py:799} INFO - Processing file /opt/airflow/dags/start_and_schedule_dag.py for tasks to queue
[2023-05-15T07:53:14.509+0000] {logging_mixin.py:149} INFO - [2023-05-15T07:53:14.509+0000] {dagbag.py:541} INFO - Filling up the DagBag from /opt/airflow/dags/start_and_schedule_dag.py
[2023-05-15T07:53:15.502+0000] {logging_mixin.py:149} INFO - [2023-05-15T07:53:15.498+0000] {dagbag.py:350} ERROR - Failed to import: /opt/airflow/dags/start_and_schedule_dag.py
Traceback (most recent call last):
  File "/home/airflow/.local/lib/python3.7/site-packages/airflow/models/dagbag.py", line 346, in parse
    loader.exec_module(new_module)
  File "<frozen importlib._bootstrap_external>", line 728, in exec_module
  File "<frozen importlib._bootstrap>", line 219, in _call_with_frames_removed
  File "/opt/airflow/dags/start_and_schedule_dag.py", line 27, in <module>
    dag.schedule,
AttributeError: 'DAG' object has no attribute 'schedule'
[2023-05-15T07:53:15.504+0000] {processor.py:811} WARNING - No viable dags retrieved from /opt/airflow/dags/start_and_schedule_dag.py
[2023-05-15T07:53:15.540+0000] {processor.py:178} INFO - Processing /opt/airflow/dags/start_and_schedule_dag.py took 1.044 seconds
[2023-05-15T07:53:18.337+0000] {processor.py:156} INFO - Started process (PID=312) to work on /opt/airflow/dags/start_and_schedule_dag.py
[2023-05-15T07:53:18.340+0000] {processor.py:799} INFO - Processing file /opt/airflow/dags/start_and_schedule_dag.py for tasks to queue
[2023-05-15T07:53:18.342+0000] {logging_mixin.py:149} INFO - [2023-05-15T07:53:18.342+0000] {dagbag.py:541} INFO - Filling up the DagBag from /opt/airflow/dags/start_and_schedule_dag.py
[2023-05-15T07:53:19.447+0000] {logging_mixin.py:149} INFO - [DAG:start_and_schedule_dag] start_date: 2023-03-29T01:00:00+00:00 - schedule_interval: 0 * * * * - Last execution_date: None - next execution_date 2023-05-15T07:00:00+00:00 in UTC
[2023-05-15T07:53:19.450+0000] {processor.py:809} INFO - DAG(s) dict_keys(['start_and_schedule_dag']) retrieved from /opt/airflow/dags/start_and_schedule_dag.py
[2023-05-15T07:53:19.576+0000] {logging_mixin.py:149} INFO - [2023-05-15T07:53:19.576+0000] {manager.py:504} INFO - Created Permission View: can edit on DAG:start_and_schedule_dag
[2023-05-15T07:53:19.590+0000] {logging_mixin.py:149} INFO - [2023-05-15T07:53:19.590+0000] {manager.py:504} INFO - Created Permission View: can read on DAG:start_and_schedule_dag
[2023-05-15T07:53:19.601+0000] {logging_mixin.py:149} INFO - [2023-05-15T07:53:19.601+0000] {manager.py:504} INFO - Created Permission View: can delete on DAG:start_and_schedule_dag
[2023-05-15T07:53:19.603+0000] {logging_mixin.py:149} INFO - [2023-05-15T07:53:19.603+0000] {dag.py:2726} INFO - Sync 1 DAGs
[2023-05-15T07:53:19.619+0000] {logging_mixin.py:149} INFO - [2023-05-15T07:53:19.619+0000] {dag.py:2747} INFO - Creating ORM DAG for start_and_schedule_dag
[2023-05-15T07:53:19.634+0000] {logging_mixin.py:149} INFO - [2023-05-15T07:53:19.634+0000] {dag.py:3490} INFO - Setting next_dagrun for start_and_schedule_dag to 2023-03-29T01:00:00+00:00, run_after=2023-03-29T02:00:00+00:00
[2023-05-15T07:53:19.663+0000] {processor.py:178} INFO - Processing /opt/airflow/dags/start_and_schedule_dag.py took 1.332 seconds
[2023-05-15T07:53:49.796+0000] {processor.py:156} INFO - Started process (PID=379) to work on /opt/airflow/dags/start_and_schedule_dag.py
[2023-05-15T07:53:49.799+0000] {processor.py:799} INFO - Processing file /opt/airflow/dags/start_and_schedule_dag.py for tasks to queue
[2023-05-15T07:53:49.801+0000] {logging_mixin.py:149} INFO - [2023-05-15T07:53:49.801+0000] {dagbag.py:541} INFO - Filling up the DagBag from /opt/airflow/dags/start_and_schedule_dag.py
[2023-05-15T07:53:50.759+0000] {logging_mixin.py:149} INFO - [DAG:start_and_schedule_dag] start_date: 2023-03-29T01:00:00+00:00 - schedule_interval: 0 * * * * - Last execution_date: 2023-05-15 07:53:46.417762+00:00 - next execution_date 2023-05-15T07:00:00+00:00 in UTC
[2023-05-15T07:53:50.763+0000] {processor.py:809} INFO - DAG(s) dict_keys(['start_and_schedule_dag']) retrieved from /opt/airflow/dags/start_and_schedule_dag.py
[2023-05-15T07:53:50.783+0000] {logging_mixin.py:149} INFO - [2023-05-15T07:53:50.783+0000] {dag.py:2726} INFO - Sync 1 DAGs
[2023-05-15T07:53:50.816+0000] {logging_mixin.py:149} INFO - [2023-05-15T07:53:50.816+0000] {dag.py:3490} INFO - Setting next_dagrun for start_and_schedule_dag to 2023-03-29T08:00:00+00:00, run_after=2023-03-29T09:00:00+00:00
[2023-05-15T07:53:50.842+0000] {processor.py:178} INFO - Processing /opt/airflow/dags/start_and_schedule_dag.py took 1.052 seconds
