[2023-05-15T07:51:05.257+0000] {processor.py:156} INFO - Started process (PID=33) to work on /opt/airflow/dags/tst_dag.py
[2023-05-15T07:51:05.261+0000] {processor.py:799} INFO - Processing file /opt/airflow/dags/tst_dag.py for tasks to queue
[2023-05-15T07:51:05.264+0000] {logging_mixin.py:149} INFO - [2023-05-15T07:51:05.264+0000] {dagbag.py:541} INFO - Filling up the DagBag from /opt/airflow/dags/tst_dag.py
[2023-05-15T07:51:05.518+0000] {processor.py:809} INFO - DAG(s) dict_keys(['tst_dag']) retrieved from /opt/airflow/dags/tst_dag.py
[2023-05-15T07:51:05.744+0000] {logging_mixin.py:149} INFO - [2023-05-15T07:51:05.743+0000] {manager.py:504} INFO - Created Permission View: can edit on DAG:tst_dag
[2023-05-15T07:51:05.769+0000] {logging_mixin.py:149} INFO - [2023-05-15T07:51:05.768+0000] {manager.py:504} INFO - Created Permission View: can read on DAG:tst_dag
[2023-05-15T07:51:05.788+0000] {logging_mixin.py:149} INFO - [2023-05-15T07:51:05.788+0000] {manager.py:504} INFO - Created Permission View: can delete on DAG:tst_dag
[2023-05-15T07:51:05.791+0000] {logging_mixin.py:149} INFO - [2023-05-15T07:51:05.790+0000] {dag.py:2726} INFO - Sync 1 DAGs
[2023-05-15T07:51:05.818+0000] {logging_mixin.py:149} INFO - [2023-05-15T07:51:05.818+0000] {dag.py:2747} INFO - Creating ORM DAG for tst_dag
[2023-05-15T07:51:05.842+0000] {logging_mixin.py:149} INFO - [2023-05-15T07:51:05.842+0000] {dag.py:3490} INFO - Setting next_dagrun for tst_dag to 2023-05-14T00:00:00+00:00, run_after=2023-05-15T00:00:00+00:00
[2023-05-15T07:51:05.881+0000] {processor.py:178} INFO - Processing /opt/airflow/dags/tst_dag.py took 0.631 seconds
[2023-05-15T07:51:36.192+0000] {processor.py:156} INFO - Started process (PID=98) to work on /opt/airflow/dags/tst_dag.py
[2023-05-15T07:51:36.195+0000] {processor.py:799} INFO - Processing file /opt/airflow/dags/tst_dag.py for tasks to queue
[2023-05-15T07:51:36.197+0000] {logging_mixin.py:149} INFO - [2023-05-15T07:51:36.197+0000] {dagbag.py:541} INFO - Filling up the DagBag from /opt/airflow/dags/tst_dag.py
[2023-05-15T07:51:36.231+0000] {processor.py:809} INFO - DAG(s) dict_keys(['tst_dag']) retrieved from /opt/airflow/dags/tst_dag.py
[2023-05-15T07:51:36.292+0000] {logging_mixin.py:149} INFO - [2023-05-15T07:51:36.292+0000] {dag.py:2726} INFO - Sync 1 DAGs
[2023-05-15T07:51:36.355+0000] {logging_mixin.py:149} INFO - [2023-05-15T07:51:36.355+0000] {dag.py:3490} INFO - Setting next_dagrun for tst_dag to 2023-05-14T00:00:00+00:00, run_after=2023-05-15T00:00:00+00:00
[2023-05-15T07:51:36.413+0000] {processor.py:178} INFO - Processing /opt/airflow/dags/tst_dag.py took 0.228 seconds
[2023-05-15T07:52:07.079+0000] {processor.py:156} INFO - Started process (PID=157) to work on /opt/airflow/dags/tst_dag.py
[2023-05-15T07:52:07.083+0000] {processor.py:799} INFO - Processing file /opt/airflow/dags/tst_dag.py for tasks to queue
[2023-05-15T07:52:07.087+0000] {logging_mixin.py:149} INFO - [2023-05-15T07:52:07.087+0000] {dagbag.py:541} INFO - Filling up the DagBag from /opt/airflow/dags/tst_dag.py
[2023-05-15T07:52:07.120+0000] {processor.py:809} INFO - DAG(s) dict_keys(['tst_dag']) retrieved from /opt/airflow/dags/tst_dag.py
[2023-05-15T07:52:07.189+0000] {logging_mixin.py:149} INFO - [2023-05-15T07:52:07.189+0000] {dag.py:2726} INFO - Sync 1 DAGs
[2023-05-15T07:52:07.433+0000] {logging_mixin.py:149} INFO - [2023-05-15T07:52:07.433+0000] {dag.py:3490} INFO - Setting next_dagrun for tst_dag to 2023-05-14T00:00:00+00:00, run_after=2023-05-15T00:00:00+00:00
[2023-05-15T07:52:07.485+0000] {processor.py:178} INFO - Processing /opt/airflow/dags/tst_dag.py took 0.416 seconds
[2023-05-15T07:52:38.551+0000] {processor.py:156} INFO - Started process (PID=224) to work on /opt/airflow/dags/tst_dag.py
[2023-05-15T07:52:38.555+0000] {processor.py:799} INFO - Processing file /opt/airflow/dags/tst_dag.py for tasks to queue
[2023-05-15T07:52:38.558+0000] {logging_mixin.py:149} INFO - [2023-05-15T07:52:38.558+0000] {dagbag.py:541} INFO - Filling up the DagBag from /opt/airflow/dags/tst_dag.py
[2023-05-15T07:52:38.581+0000] {processor.py:809} INFO - DAG(s) dict_keys(['tst_dag']) retrieved from /opt/airflow/dags/tst_dag.py
[2023-05-15T07:52:38.622+0000] {logging_mixin.py:149} INFO - [2023-05-15T07:52:38.622+0000] {dag.py:2726} INFO - Sync 1 DAGs
[2023-05-15T07:52:38.670+0000] {logging_mixin.py:149} INFO - [2023-05-15T07:52:38.669+0000] {dag.py:3490} INFO - Setting next_dagrun for tst_dag to 2023-05-14T00:00:00+00:00, run_after=2023-05-15T00:00:00+00:00
[2023-05-15T07:52:38.708+0000] {processor.py:178} INFO - Processing /opt/airflow/dags/tst_dag.py took 0.165 seconds
[2023-05-15T07:53:09.254+0000] {processor.py:156} INFO - Started process (PID=291) to work on /opt/airflow/dags/tst_dag.py
[2023-05-15T07:53:09.271+0000] {processor.py:799} INFO - Processing file /opt/airflow/dags/tst_dag.py for tasks to queue
[2023-05-15T07:53:09.273+0000] {logging_mixin.py:149} INFO - [2023-05-15T07:53:09.273+0000] {dagbag.py:541} INFO - Filling up the DagBag from /opt/airflow/dags/tst_dag.py
[2023-05-15T07:53:09.292+0000] {processor.py:809} INFO - DAG(s) dict_keys(['tst_dag']) retrieved from /opt/airflow/dags/tst_dag.py
[2023-05-15T07:53:09.331+0000] {logging_mixin.py:149} INFO - [2023-05-15T07:53:09.331+0000] {dag.py:2726} INFO - Sync 1 DAGs
[2023-05-15T07:53:09.370+0000] {logging_mixin.py:149} INFO - [2023-05-15T07:53:09.370+0000] {dag.py:3490} INFO - Setting next_dagrun for tst_dag to 2023-05-14T00:00:00+00:00, run_after=2023-05-15T00:00:00+00:00
[2023-05-15T07:53:09.400+0000] {processor.py:178} INFO - Processing /opt/airflow/dags/tst_dag.py took 0.153 seconds
[2023-05-15T07:53:39.663+0000] {processor.py:156} INFO - Started process (PID=358) to work on /opt/airflow/dags/tst_dag.py
[2023-05-15T07:53:39.666+0000] {processor.py:799} INFO - Processing file /opt/airflow/dags/tst_dag.py for tasks to queue
[2023-05-15T07:53:39.670+0000] {logging_mixin.py:149} INFO - [2023-05-15T07:53:39.670+0000] {dagbag.py:541} INFO - Filling up the DagBag from /opt/airflow/dags/tst_dag.py
[2023-05-15T07:53:39.695+0000] {processor.py:809} INFO - DAG(s) dict_keys(['tst_dag']) retrieved from /opt/airflow/dags/tst_dag.py
[2023-05-15T07:53:39.740+0000] {logging_mixin.py:149} INFO - [2023-05-15T07:53:39.740+0000] {dag.py:2726} INFO - Sync 1 DAGs
[2023-05-15T07:53:39.780+0000] {logging_mixin.py:149} INFO - [2023-05-15T07:53:39.780+0000] {dag.py:3490} INFO - Setting next_dagrun for tst_dag to 2023-05-14T00:00:00+00:00, run_after=2023-05-15T00:00:00+00:00
[2023-05-15T07:53:39.810+0000] {processor.py:178} INFO - Processing /opt/airflow/dags/tst_dag.py took 0.152 seconds
