[2023-05-15T07:51:03.881+0000] {processor.py:156} INFO - Started process (PID=32) to work on /opt/airflow/dags/tz_dag.py
[2023-05-15T07:51:03.887+0000] {processor.py:799} INFO - Processing file /opt/airflow/dags/tz_dag.py for tasks to queue
[2023-05-15T07:51:03.891+0000] {logging_mixin.py:149} INFO - [2023-05-15T07:51:03.891+0000] {dagbag.py:541} INFO - Filling up the DagBag from /opt/airflow/dags/tz_dag.py
[2023-05-15T07:51:04.192+0000] {processor.py:809} INFO - DAG(s) dict_keys(['tz_dag']) retrieved from /opt/airflow/dags/tz_dag.py
[2023-05-15T07:51:05.033+0000] {logging_mixin.py:149} INFO - [2023-05-15T07:51:05.032+0000] {manager.py:504} INFO - Created Permission View: can edit on DAG:tz_dag
[2023-05-15T07:51:05.056+0000] {logging_mixin.py:149} INFO - [2023-05-15T07:51:05.056+0000] {manager.py:504} INFO - Created Permission View: can read on DAG:tz_dag
[2023-05-15T07:51:05.077+0000] {logging_mixin.py:149} INFO - [2023-05-15T07:51:05.076+0000] {manager.py:504} INFO - Created Permission View: can delete on DAG:tz_dag
[2023-05-15T07:51:05.079+0000] {logging_mixin.py:149} INFO - [2023-05-15T07:51:05.079+0000] {dag.py:2726} INFO - Sync 1 DAGs
[2023-05-15T07:51:05.108+0000] {logging_mixin.py:149} INFO - [2023-05-15T07:51:05.108+0000] {dag.py:2747} INFO - Creating ORM DAG for tz_dag
[2023-05-15T07:51:05.140+0000] {logging_mixin.py:149} INFO - [2023-05-15T07:51:05.140+0000] {dag.py:3490} INFO - Setting next_dagrun for tz_dag to 2023-03-29T01:00:00+00:00, run_after=2023-03-30T01:00:00+00:00
[2023-05-15T07:51:05.185+0000] {processor.py:178} INFO - Processing /opt/airflow/dags/tz_dag.py took 1.311 seconds
[2023-05-15T07:51:36.151+0000] {processor.py:156} INFO - Started process (PID=97) to work on /opt/airflow/dags/tz_dag.py
[2023-05-15T07:51:36.167+0000] {processor.py:799} INFO - Processing file /opt/airflow/dags/tz_dag.py for tasks to queue
[2023-05-15T07:51:36.173+0000] {logging_mixin.py:149} INFO - [2023-05-15T07:51:36.172+0000] {dagbag.py:541} INFO - Filling up the DagBag from /opt/airflow/dags/tz_dag.py
[2023-05-15T07:51:36.305+0000] {processor.py:809} INFO - DAG(s) dict_keys(['tz_dag']) retrieved from /opt/airflow/dags/tz_dag.py
[2023-05-15T07:51:36.357+0000] {logging_mixin.py:149} INFO - [2023-05-15T07:51:36.356+0000] {dag.py:2726} INFO - Sync 1 DAGs
[2023-05-15T07:51:36.431+0000] {logging_mixin.py:149} INFO - [2023-05-15T07:51:36.430+0000] {dag.py:3490} INFO - Setting next_dagrun for tz_dag to 2023-03-29T01:00:00+00:00, run_after=2023-03-30T01:00:00+00:00
[2023-05-15T07:51:36.477+0000] {processor.py:178} INFO - Processing /opt/airflow/dags/tz_dag.py took 0.336 seconds
[2023-05-15T07:52:07.064+0000] {processor.py:156} INFO - Started process (PID=156) to work on /opt/airflow/dags/tz_dag.py
[2023-05-15T07:52:07.069+0000] {processor.py:799} INFO - Processing file /opt/airflow/dags/tz_dag.py for tasks to queue
[2023-05-15T07:52:07.072+0000] {logging_mixin.py:149} INFO - [2023-05-15T07:52:07.072+0000] {dagbag.py:541} INFO - Filling up the DagBag from /opt/airflow/dags/tz_dag.py
[2023-05-15T07:52:07.223+0000] {processor.py:809} INFO - DAG(s) dict_keys(['tz_dag']) retrieved from /opt/airflow/dags/tz_dag.py
[2023-05-15T07:52:07.460+0000] {logging_mixin.py:149} INFO - [2023-05-15T07:52:07.460+0000] {dag.py:2726} INFO - Sync 1 DAGs
[2023-05-15T07:52:07.700+0000] {logging_mixin.py:149} INFO - [2023-05-15T07:52:07.699+0000] {dag.py:3490} INFO - Setting next_dagrun for tz_dag to 2023-03-29T01:00:00+00:00, run_after=2023-03-30T01:00:00+00:00
[2023-05-15T07:52:07.774+0000] {processor.py:178} INFO - Processing /opt/airflow/dags/tz_dag.py took 0.718 seconds
[2023-05-15T07:52:38.535+0000] {processor.py:156} INFO - Started process (PID=223) to work on /opt/airflow/dags/tz_dag.py
[2023-05-15T07:52:38.540+0000] {processor.py:799} INFO - Processing file /opt/airflow/dags/tz_dag.py for tasks to queue
[2023-05-15T07:52:38.543+0000] {logging_mixin.py:149} INFO - [2023-05-15T07:52:38.543+0000] {dagbag.py:541} INFO - Filling up the DagBag from /opt/airflow/dags/tz_dag.py
[2023-05-15T07:52:38.619+0000] {processor.py:809} INFO - DAG(s) dict_keys(['tz_dag']) retrieved from /opt/airflow/dags/tz_dag.py
[2023-05-15T07:52:38.658+0000] {logging_mixin.py:149} INFO - [2023-05-15T07:52:38.658+0000] {dag.py:2726} INFO - Sync 1 DAGs
[2023-05-15T07:52:38.705+0000] {logging_mixin.py:149} INFO - [2023-05-15T07:52:38.704+0000] {dag.py:3490} INFO - Setting next_dagrun for tz_dag to 2023-03-29T01:00:00+00:00, run_after=2023-03-30T01:00:00+00:00
[2023-05-15T07:52:38.756+0000] {processor.py:178} INFO - Processing /opt/airflow/dags/tz_dag.py took 0.229 seconds
[2023-05-15T07:53:09.241+0000] {processor.py:156} INFO - Started process (PID=290) to work on /opt/airflow/dags/tz_dag.py
[2023-05-15T07:53:09.245+0000] {processor.py:799} INFO - Processing file /opt/airflow/dags/tz_dag.py for tasks to queue
[2023-05-15T07:53:09.248+0000] {logging_mixin.py:149} INFO - [2023-05-15T07:53:09.248+0000] {dagbag.py:541} INFO - Filling up the DagBag from /opt/airflow/dags/tz_dag.py
[2023-05-15T07:53:09.321+0000] {processor.py:809} INFO - DAG(s) dict_keys(['tz_dag']) retrieved from /opt/airflow/dags/tz_dag.py
[2023-05-15T07:53:09.357+0000] {logging_mixin.py:149} INFO - [2023-05-15T07:53:09.356+0000] {dag.py:2726} INFO - Sync 1 DAGs
[2023-05-15T07:53:09.393+0000] {logging_mixin.py:149} INFO - [2023-05-15T07:53:09.393+0000] {dag.py:3490} INFO - Setting next_dagrun for tz_dag to 2023-03-29T01:00:00+00:00, run_after=2023-03-30T01:00:00+00:00
[2023-05-15T07:53:09.429+0000] {processor.py:178} INFO - Processing /opt/airflow/dags/tz_dag.py took 0.194 seconds
[2023-05-15T07:53:39.653+0000] {processor.py:156} INFO - Started process (PID=357) to work on /opt/airflow/dags/tz_dag.py
[2023-05-15T07:53:39.655+0000] {processor.py:799} INFO - Processing file /opt/airflow/dags/tz_dag.py for tasks to queue
[2023-05-15T07:53:39.657+0000] {logging_mixin.py:149} INFO - [2023-05-15T07:53:39.657+0000] {dagbag.py:541} INFO - Filling up the DagBag from /opt/airflow/dags/tz_dag.py
[2023-05-15T07:53:39.745+0000] {processor.py:809} INFO - DAG(s) dict_keys(['tz_dag']) retrieved from /opt/airflow/dags/tz_dag.py
[2023-05-15T07:53:39.779+0000] {logging_mixin.py:149} INFO - [2023-05-15T07:53:39.779+0000] {dag.py:2726} INFO - Sync 1 DAGs
[2023-05-15T07:53:39.817+0000] {logging_mixin.py:149} INFO - [2023-05-15T07:53:39.817+0000] {dag.py:3490} INFO - Setting next_dagrun for tz_dag to 2023-03-29T01:00:00+00:00, run_after=2023-03-30T01:00:00+00:00
[2023-05-15T07:53:39.850+0000] {processor.py:178} INFO - Processing /opt/airflow/dags/tz_dag.py took 0.203 seconds
